Using pre-set license
Built from '2022.3/staging' branch; Version is '2022.3.21f1 (bf09ca542b87) revision 12519882'; Using compiler version '192829333'; Build Type 'Release'
OS: 'Windows 11  (10.0.22631) 64bit Core' Language: 'en' Physical Memory: 16190 MB
BatchMode: 1, IsHumanControllingUs: 0, StartBugReporterOnCrash: 0, Is64bit: 1, IsPro: 1

COMMAND LINE ARGUMENTS:
C:\Program Files\Unity\Hub\Editor\2022.3.21f1\Editor\Unity.exe
-adb2
-batchMode
-noUpm
-name
AssetImportWorker9
-projectPath
C:/Users/KALAN/Desktop/GameDev Project/GameDev-Project/GameDevProject4
-logFile
Logs/AssetImportWorker9.log
-srvPort
53828
Successfully changed project path to: C:/Users/KALAN/Desktop/GameDev Project/GameDev-Project/GameDevProject4
C:/Users/KALAN/Desktop/GameDev Project/GameDev-Project/GameDevProject4
[UnityMemory] Configuration Parameters - Can be set up in boot.config
    "memorysetup-bucket-allocator-granularity=16"
    "memorysetup-bucket-allocator-bucket-count=8"
    "memorysetup-bucket-allocator-block-size=33554432"
    "memorysetup-bucket-allocator-block-count=8"
    "memorysetup-main-allocator-block-size=16777216"
    "memorysetup-thread-allocator-block-size=16777216"
    "memorysetup-gfx-main-allocator-block-size=16777216"
    "memorysetup-gfx-thread-allocator-block-size=16777216"
    "memorysetup-cache-allocator-block-size=4194304"
    "memorysetup-typetree-allocator-block-size=2097152"
    "memorysetup-profiler-bucket-allocator-granularity=16"
    "memorysetup-profiler-bucket-allocator-bucket-count=8"
    "memorysetup-profiler-bucket-allocator-block-size=33554432"
    "memorysetup-profiler-bucket-allocator-block-count=8"
    "memorysetup-profiler-allocator-block-size=16777216"
    "memorysetup-profiler-editor-allocator-block-size=1048576"
    "memorysetup-temp-allocator-size-main=16777216"
    "memorysetup-job-temp-allocator-block-size=2097152"
    "memorysetup-job-temp-allocator-block-size-background=1048576"
    "memorysetup-job-temp-allocator-reduction-small-platforms=262144"
    "memorysetup-allocator-temp-initial-block-size-main=262144"
    "memorysetup-allocator-temp-initial-block-size-worker=262144"
    "memorysetup-temp-allocator-size-background-worker=32768"
    "memorysetup-temp-allocator-size-job-worker=262144"
    "memorysetup-temp-allocator-size-preload-manager=33554432"
    "memorysetup-temp-allocator-size-nav-mesh-worker=65536"
    "memorysetup-temp-allocator-size-audio-worker=65536"
    "memorysetup-temp-allocator-size-cloud-worker=32768"
    "memorysetup-temp-allocator-size-gi-baking-worker=262144"
    "memorysetup-temp-allocator-size-gfx=262144"
Player connection [8216] Host "[IP] 100.64.4.203 [Port] 0 [Flags] 2 [Guid] 1999431545 [EditorId] 1999431545 [Version] 1048832 [Id] WindowsEditor(7,DESKTOP-VNOATM0) [Debug] 1 [PackageName] WindowsEditor [ProjectName] Editor" joined multi-casting on [225.0.0.222:54997]...

Player connection [8216] Host "[IP] 100.64.4.203 [Port] 0 [Flags] 2 [Guid] 1999431545 [EditorId] 1999431545 [Version] 1048832 [Id] WindowsEditor(7,DESKTOP-VNOATM0) [Debug] 1 [PackageName] WindowsEditor [ProjectName] Editor" joined alternative multi-casting on [225.0.0.222:34997]...

[Physics::Module] Initialized MultithreadedJobDispatcher with 11 workers.
Refreshing native plugins compatible for Editor in 56.19 ms, found 3 plugins.
Preloading 0 native plugins for Editor in 0.00 ms.
Initialize engine version: 2022.3.21f1 (bf09ca542b87)
[Subsystems] Discovering subsystems at path C:/Program Files/Unity/Hub/Editor/2022.3.21f1/Editor/Data/Resources/UnitySubsystems
[Subsystems] Discovering subsystems at path C:/Users/KALAN/Desktop/GameDev Project/GameDev-Project/GameDevProject4/Assets
GfxDevice: creating device client; threaded=0; jobified=0
Direct3D:
    Version:  Direct3D 11.0 [level 11.1]
    Renderer: NVIDIA GeForce GTX 1050 Ti (ID=0x1c82)
    Vendor:   NVIDIA
    VRAM:     4017 MB
    Driver:   31.0.15.3118
Initialize mono
Mono path[0] = 'C:/Program Files/Unity/Hub/Editor/2022.3.21f1/Editor/Data/Managed'
Mono path[1] = 'C:/Program Files/Unity/Hub/Editor/2022.3.21f1/Editor/Data/MonoBleedingEdge/lib/mono/unityjit-win32'
Mono config path = 'C:/Program Files/Unity/Hub/Editor/2022.3.21f1/Editor/Data/MonoBleedingEdge/etc'
Using monoOptions --debugger-agent=transport=dt_socket,embedding=1,server=y,suspend=n,address=127.0.0.1:56320
Begin MonoManager ReloadAssembly
Registering precompiled unity dll's ...
Register platform support module: C:/Program Files/Unity/Hub/Editor/2022.3.21f1/Editor/Data/PlaybackEngines/WindowsStandaloneSupport/UnityEditor.WindowsStandalone.Extensions.dll
Registered in 0.025483 seconds.
- Loaded All Assemblies, in  0.851 seconds
Native extension for WindowsStandalone target not found
Mono: successfully reloaded assembly
- Finished resetting the current domain, in  0.405 seconds
Domain Reload Profiling: 1249ms
	BeginReloadAssembly (223ms)
		ExecutionOrderSort (0ms)
		DisableScriptedObjects (0ms)
		BackupInstance (0ms)
		ReleaseScriptingObjects (0ms)
		CreateAndSetChildDomain (1ms)
	RebuildCommonClasses (55ms)
	RebuildNativeTypeToScriptingClass (15ms)
	initialDomainReloadingComplete (284ms)
	LoadAllAssembliesAndSetupDomain (266ms)
		LoadAssemblies (218ms)
		RebuildTransferFunctionScriptingTraits (0ms)
		AnalyzeDomain (262ms)
			TypeCache.Refresh (260ms)
				TypeCache.ScanAssembly (235ms)
			ScanForSourceGeneratedMonoScriptInfo (0ms)
			ResolveRequiredComponents (1ms)
	FinalizeReload (406ms)
		ReleaseScriptCaches (0ms)
		RebuildScriptCaches (0ms)
		SetupLoadedEditorAssemblies (306ms)
			LogAssemblyErrors (0ms)
			InitializePlatformSupportModulesInManaged (18ms)
			SetLoadedEditorAssemblies (11ms)
			RefreshPlugins (0ms)
			BeforeProcessingInitializeOnLoad (3ms)
			ProcessInitializeOnLoadAttributes (201ms)
			ProcessInitializeOnLoadMethodAttributes (73ms)
			AfterProcessingInitializeOnLoad (0ms)
			EditorAssembliesLoaded (0ms)
		ExecutionOrderSort2 (0ms)
		AwakeInstancesAfterBackupRestoration (0ms)
========================================================================
Worker process is ready to serve import requests
Begin MonoManager ReloadAssembly
Symbol file LoadedFromMemory is not a mono symbol file
- Loaded All Assemblies, in  1.406 seconds
Refreshing native plugins compatible for Editor in 27.55 ms, found 3 plugins.
Native extension for WindowsStandalone target not found
Package Manager log level set to [2]
[Package Manager] Server::EnsureServerProcessIsRunning -- launch failed, reason: Unity was launched with the -noUpm command-line argument
[Package Manager] UpmClient::Send -- Unable to send message (not connected to UPM process).
[Package Manager] Cannot connect to Unity Package Manager local server
Mono: successfully reloaded assembly
- Finished resetting the current domain, in  1.175 seconds
Domain Reload Profiling: 2579ms
	BeginReloadAssembly (247ms)
		ExecutionOrderSort (0ms)
		DisableScriptedObjects (11ms)
		BackupInstance (0ms)
		ReleaseScriptingObjects (0ms)
		CreateAndSetChildDomain (29ms)
	RebuildCommonClasses (48ms)
	RebuildNativeTypeToScriptingClass (15ms)
	initialDomainReloadingComplete (85ms)
	LoadAllAssembliesAndSetupDomain (994ms)
		LoadAssemblies (786ms)
		RebuildTransferFunctionScriptingTraits (0ms)
		AnalyzeDomain (359ms)
			TypeCache.Refresh (308ms)
				TypeCache.ScanAssembly (280ms)
			ScanForSourceGeneratedMonoScriptInfo (39ms)
			ResolveRequiredComponents (10ms)
	FinalizeReload (1189ms)
		ReleaseScriptCaches (0ms)
		RebuildScriptCaches (0ms)
		SetupLoadedEditorAssemblies (956ms)
			LogAssemblyErrors (0ms)
			InitializePlatformSupportModulesInManaged (13ms)
			SetLoadedEditorAssemblies (5ms)
			RefreshPlugins (0ms)
			BeforeProcessingInitializeOnLoad (137ms)
			ProcessInitializeOnLoadAttributes (538ms)
			ProcessInitializeOnLoadMethodAttributes (240ms)
			AfterProcessingInitializeOnLoad (23ms)
			EditorAssembliesLoaded (0ms)
		ExecutionOrderSort2 (0ms)
		AwakeInstancesAfterBackupRestoration (10ms)
Launched and connected shader compiler UnityShaderCompiler.exe after 0.68 seconds
Refreshing native plugins compatible for Editor in 25.55 ms, found 3 plugins.
Preloading 0 native plugins for Editor in 0.00 ms.
Unloading 4428 Unused Serialized files (Serialized files now loaded: 0)
Unloading 85 unused Assets / (146.9 KB). Loaded Objects now: 4867.
Memory consumption went from 156.3 MB to 156.2 MB.
Total: 9.879900 ms (FindLiveObjects: 0.351900 ms CreateObjectMapping: 0.303700 ms MarkObjects: 9.033200 ms  DeleteObjects: 0.189500 ms)

AssetImportParameters requested are different than current active one (requested -> active):
  custom:container-demuxer-ogg: 62fdf1f143b41e24485cea50d1cbac27 -> 
  custom:video-decoder-ogg-theora: a1e56fd34408186e4bbccfd4996cb3dc -> 
  custom:framework-win-MediaFoundation: 216162199b28c13a410421893ffa2e32 -> 
  custom:CustomObjectIndexerAttribute: 9a22284fe3817be447336de3de66b15e -> 
  custom:container-demuxer-webm: 4f35f7cbe854078d1ac9338744f61a02 -> 
  custom:container-muxer-webm: aa71ff27fc2769a1b78a27578f13a17b -> 
  custom:video-decoder-webm-vp8: 9c59270c3fd7afecdb556c50c9e8de78 -> 
  custom:SearchIndexIgnoredProperties: e643bd26f0fe6173181afceb89e7c659 -> 
  custom:AudioImporter_EditorPlatform: d09bf68614088b80899f8185d706f6e7 -> 
  custom:video-encoder-webm-vp8: eb34c28f22e8b96e1ab97ce403110664 -> 
  custom:audio-decoder-ogg-vorbis: bf7c407c2cedff20999df2af8eb42d56 -> 
  custom:audio-encoder-webm-vorbis: bf7c407c2cedff20999df2af8eb42d56 -> 
========================================================================
Received Import Request.
  Time since last request: 1453119.599610 seconds.
  path: Assets/PolygonSciFiWorlds/Models/SM_Prop_Bed_Double_01.fbx
  artifactKey: Guid(bf0c7d3f1a3ddf74a980d5a2e45f8d24) Importer(815301076,1909f56bfc062723c751e8b465ee728b)
Start importing Assets/PolygonSciFiWorlds/Models/SM_Prop_Bed_Double_01.fbx using Guid(bf0c7d3f1a3ddf74a980d5a2e45f8d24) Importer(815301076,1909f56bfc062723c751e8b465ee728b)  -> (artifact id: 'd1d38d91fb942b03e07f4dccad45c812') in 0.228599 seconds
Number of updated asset objects reloaded before import = 0
Number of asset objects unloaded after import = 12
========================================================================
Received Import Request.
  Time since last request: 1.088064 seconds.
  path: Assets/PolygonSciFiWorlds/Models/SM_Prop_Billboard_02.fbx
  artifactKey: Guid(3319ee27a0ba6fc45b048d707edded44) Importer(815301076,1909f56bfc062723c751e8b465ee728b)
Start importing Assets/PolygonSciFiWorlds/Models/SM_Prop_Billboard_02.fbx using Guid(3319ee27a0ba6fc45b048d707edded44) Importer(815301076,1909f56bfc062723c751e8b465ee728b)  -> (artifact id: '520ecd415f21b661186a423e55a6413a') in 0.034976 seconds
Number of updated asset objects reloaded before import = 0
Number of asset objects unloaded after import = 12
========================================================================
Received Import Request.
  Time since last request: 2.603477 seconds.
  path: Assets/PolygonSciFiWorlds/Models/SM_Prop_Billboard_08.fbx
  artifactKey: Guid(a5ea02651ff061d4889a8876f267eb51) Importer(815301076,1909f56bfc062723c751e8b465ee728b)
Start importing Assets/PolygonSciFiWorlds/Models/SM_Prop_Billboard_08.fbx using Guid(a5ea02651ff061d4889a8876f267eb51) Importer(815301076,1909f56bfc062723c751e8b465ee728b)  -> (artifact id: 'aebca57a242793405a46c1ad144eb8a4') in 0.034137 seconds
Number of updated asset objects reloaded before import = 0
Number of asset objects unloaded after import = 12
========================================================================
Received Import Request.
  Time since last request: 0.033763 seconds.
  path: Assets/PolygonSciFiWorlds/Models/SM_Prop_Billboard_11.fbx
  artifactKey: Guid(46393e3b3d411c74880e5255fb136edf) Importer(815301076,1909f56bfc062723c751e8b465ee728b)
Start importing Assets/PolygonSciFiWorlds/Models/SM_Prop_Billboard_11.fbx using Guid(46393e3b3d411c74880e5255fb136edf) Importer(815301076,1909f56bfc062723c751e8b465ee728b)  -> (artifact id: 'e47272eb6145d6d3935c56f485ab8af3') in 0.032506 seconds
Number of updated asset objects reloaded before import = 0
Number of asset objects unloaded after import = 12
========================================================================
Received Import Request.
  Time since last request: 0.000020 seconds.
  path: Assets/PolygonSciFiWorlds/Models/SM_Prop_Cable_01.fbx
  artifactKey: Guid(990e8349e8b359c47a1b243dffb0dab1) Importer(815301076,1909f56bfc062723c751e8b465ee728b)
Start importing Assets/PolygonSciFiWorlds/Models/SM_Prop_Cable_01.fbx using Guid(990e8349e8b359c47a1b243dffb0dab1) Importer(815301076,1909f56bfc062723c751e8b465ee728b)  -> (artifact id: 'b5bc5a4b52e9733d94f5131fc0266758') in 0.022207 seconds
Number of updated asset objects reloaded before import = 0
Number of asset objects unloaded after import = 7
========================================================================
Received Import Request.
  Time since last request: 0.000023 seconds.
  path: Assets/PolygonSciFiWorlds/Models/SM_Prop_Cable_03.fbx
  artifactKey: Guid(85b1e428885c4b943b0d61b1afc715c5) Importer(815301076,1909f56bfc062723c751e8b465ee728b)
Start importing Assets/PolygonSciFiWorlds/Models/SM_Prop_Cable_03.fbx using Guid(85b1e428885c4b943b0d61b1afc715c5) Importer(815301076,1909f56bfc062723c751e8b465ee728b)  -> (artifact id: 'b2592c5f9a6e8f0e632f347aaf962661') in 0.023573 seconds
Number of updated asset objects reloaded before import = 0
Number of asset objects unloaded after import = 7
========================================================================
Received Import Request.
  Time since last request: 0.000040 seconds.
  path: Assets/PolygonSciFiWorlds/Models/SM_Prop_Cable_06.fbx
  artifactKey: Guid(51054e900c193ca45a52fbeef071889b) Importer(815301076,1909f56bfc062723c751e8b465ee728b)
Start importing Assets/PolygonSciFiWorlds/Models/SM_Prop_Cable_06.fbx using Guid(51054e900c193ca45a52fbeef071889b) Importer(815301076,1909f56bfc062723c751e8b465ee728b)  -> (artifact id: '1e05189ed2e5196c2d4d06630e621c0a') in 0.021865 seconds
Number of updated asset objects reloaded before import = 0
Number of asset objects unloaded after import = 7
========================================================================
Received Import Request.
  Time since last request: 0.115695 seconds.
  path: Assets/PolygonSciFiWorlds/Models/SM_Prop_Monitor_06.fbx
  artifactKey: Guid(614d2f6d7f786a9459228cad08f96050) Importer(815301076,1909f56bfc062723c751e8b465ee728b)
Start importing Assets/PolygonSciFiWorlds/Models/SM_Prop_Monitor_06.fbx using Guid(614d2f6d7f786a9459228cad08f96050) Importer(815301076,1909f56bfc062723c751e8b465ee728b)  -> (artifact id: '1862e0805fa23628000b13c120b26c27') in 0.023054 seconds
Number of updated asset objects reloaded before import = 0
Number of asset objects unloaded after import = 7
========================================================================
Received Import Request.
  Time since last request: 0.000024 seconds.
  path: Assets/PolygonSciFiWorlds/Models/SM_Prop_Monitor_07.fbx
  artifactKey: Guid(0ca518891d3de5647aae9b2edb779b85) Importer(815301076,1909f56bfc062723c751e8b465ee728b)
Start importing Assets/PolygonSciFiWorlds/Models/SM_Prop_Monitor_07.fbx using Guid(0ca518891d3de5647aae9b2edb779b85) Importer(815301076,1909f56bfc062723c751e8b465ee728b)  -> (artifact id: '90ab6f5513640f3c9dfcf04cba17e00b') in 0.021942 seconds
Number of updated asset objects reloaded before import = 0
Number of asset objects unloaded after import = 7
========================================================================
Received Import Request.
  Time since last request: 0.000023 seconds.
  path: Assets/PolygonSciFiWorlds/Models/SM_Prop_Monitor_11.fbx
  artifactKey: Guid(571085ff0c62d834faf1663f4e0c3fc1) Importer(815301076,1909f56bfc062723c751e8b465ee728b)
Start importing Assets/PolygonSciFiWorlds/Models/SM_Prop_Monitor_11.fbx using Guid(571085ff0c62d834faf1663f4e0c3fc1) Importer(815301076,1909f56bfc062723c751e8b465ee728b)  -> (artifact id: '87a7bcb3e1a98ff2c199e80778d8843d') in 0.019311 seconds
Number of updated asset objects reloaded before import = 0
Number of asset objects unloaded after import = 7
========================================================================
Received Import Request.
  Time since last request: 0.000031 seconds.
  path: Assets/PolygonSciFiWorlds/Models/SM_Prop_Monitor_13.fbx
  artifactKey: Guid(2b7cad0fdeaa5b342aa8fa3637ad1c61) Importer(815301076,1909f56bfc062723c751e8b465ee728b)
Start importing Assets/PolygonSciFiWorlds/Models/SM_Prop_Monitor_13.fbx using Guid(2b7cad0fdeaa5b342aa8fa3637ad1c61) Importer(815301076,1909f56bfc062723c751e8b465ee728b)  -> (artifact id: '56640ff2605a18645e8ecd7a577938ec') in 0.020024 seconds
Number of updated asset objects reloaded before import = 0
Number of asset objects unloaded after import = 7
========================================================================
Received Import Request.
  Time since last request: 0.000109 seconds.
  path: Assets/PolygonSciFiWorlds/Models/SM_Prop_Monitor_10.fbx
  artifactKey: Guid(25a59e2b464ee5745b944c0766f9e33f) Importer(815301076,1909f56bfc062723c751e8b465ee728b)
Start importing Assets/PolygonSciFiWorlds/Models/SM_Prop_Monitor_10.fbx using Guid(25a59e2b464ee5745b944c0766f9e33f) Importer(815301076,1909f56bfc062723c751e8b465ee728b)  -> (artifact id: '956ba6e6a2401f771135818720fc08d7') in 0.020887 seconds
Number of updated asset objects reloaded before import = 0
Number of asset objects unloaded after import = 7
========================================================================
Received Import Request.
  Time since last request: 0.268749 seconds.
  path: Assets/PolygonSciFiWorlds/Models/SM_Prop_Poster_04.fbx
  artifactKey: Guid(7c9d004566bc35e4b87a49e852631bea) Importer(815301076,1909f56bfc062723c751e8b465ee728b)
Start importing Assets/PolygonSciFiWorlds/Models/SM_Prop_Poster_04.fbx using Guid(7c9d004566bc35e4b87a49e852631bea) Importer(815301076,1909f56bfc062723c751e8b465ee728b)  -> (artifact id: '588460315ace63eaf554b594e8ed8c29') in 0.030912 seconds
Number of updated asset objects reloaded before import = 0
Number of asset objects unloaded after import = 7
========================================================================
Received Import Request.
  Time since last request: 0.000028 seconds.
  path: Assets/PolygonSciFiWorlds/Models/SM_Prop_Poster_07.fbx
  artifactKey: Guid(4408ef52fe4d88340b41235b195bd375) Importer(815301076,1909f56bfc062723c751e8b465ee728b)
Start importing Assets/PolygonSciFiWorlds/Models/SM_Prop_Poster_07.fbx using Guid(4408ef52fe4d88340b41235b195bd375) Importer(815301076,1909f56bfc062723c751e8b465ee728b)  -> (artifact id: 'ff8aad20b1ca3337bf998f2e5cf78194') in 0.031544 seconds
Number of updated asset objects reloaded before import = 0
Number of asset objects unloaded after import = 7
========================================================================
Received Import Request.
  Time since last request: 0.000363 seconds.
  path: Assets/PolygonSciFiWorlds/Models/SM_Prop_PowerCell_03.fbx
  artifactKey: Guid(2d582a9b38a09df4f99edc2e4ba68498) Importer(815301076,1909f56bfc062723c751e8b465ee728b)
Start importing Assets/PolygonSciFiWorlds/Models/SM_Prop_PowerCell_03.fbx using Guid(2d582a9b38a09df4f99edc2e4ba68498) Importer(815301076,1909f56bfc062723c751e8b465ee728b)  -> (artifact id: '5af3a2b68f1c758f763eb3fe4f30df4c') in 0.029213 seconds
Number of updated asset objects reloaded before import = 0
Number of asset objects unloaded after import = 7
========================================================================
Received Import Request.
  Time since last request: 0.015141 seconds.
  path: Assets/PolygonSciFiWorlds/Models/SM_Prop_PowerCellCharger_01.fbx
  artifactKey: Guid(92bdc60b702b70946a05befc691985a7) Importer(815301076,1909f56bfc062723c751e8b465ee728b)
Start importing Assets/PolygonSciFiWorlds/Models/SM_Prop_PowerCellCharger_01.fbx using Guid(92bdc60b702b70946a05befc691985a7) Importer(815301076,1909f56bfc062723c751e8b465ee728b)  -> (artifact id: '5ab94872447c7c9de570afd290c0853f') in 0.038884 seconds
Number of updated asset objects reloaded before import = 0
Number of asset objects unloaded after import = 7
========================================================================
Received Import Request.
  Time since last request: 0.041356 seconds.
  path: Assets/PolygonSciFiWorlds/Models/SM_Prop_PowerCellCharger_04.fbx
  artifactKey: Guid(ae3e7aebe7b1a1843a3f39a1eb6e0c0b) Importer(815301076,1909f56bfc062723c751e8b465ee728b)
Start importing Assets/PolygonSciFiWorlds/Models/SM_Prop_PowerCellCharger_04.fbx using Guid(ae3e7aebe7b1a1843a3f39a1eb6e0c0b) Importer(815301076,1909f56bfc062723c751e8b465ee728b)  -> (artifact id: '414b5884428da8dfb9a5b2c367bc07e4') in 0.032903 seconds
Number of updated asset objects reloaded before import = 0
Number of asset objects unloaded after import = 7
========================================================================
Received Import Request.
  Time since last request: 0.074153 seconds.
  path: Assets/PolygonSciFiWorlds/Models/SM_Prop_PowerGenerator_03.fbx
  artifactKey: Guid(e239a49a5ba1e0143a2f77754e4d1071) Importer(815301076,1909f56bfc062723c751e8b465ee728b)
Start importing Assets/PolygonSciFiWorlds/Models/SM_Prop_PowerGenerator_03.fbx using Guid(e239a49a5ba1e0143a2f77754e4d1071) Importer(815301076,1909f56bfc062723c751e8b465ee728b)  -> (artifact id: 'f445cf7da84e7fa1c02adab45c4059c4') in 0.037250 seconds
Number of updated asset objects reloaded before import = 0
Number of asset objects unloaded after import = 12
========================================================================
Received Import Request.
  Time since last request: 0.000024 seconds.
  path: Assets/PolygonSciFiWorlds/Models/SM_Prop_Powerline_01.fbx
  artifactKey: Guid(e15721b6ba1a22a48b1796eff0b65b95) Importer(815301076,1909f56bfc062723c751e8b465ee728b)
Start importing Assets/PolygonSciFiWorlds/Models/SM_Prop_Powerline_01.fbx using Guid(e15721b6ba1a22a48b1796eff0b65b95) Importer(815301076,1909f56bfc062723c751e8b465ee728b)  -> (artifact id: '67dad6ba0dbfc1782d9b0bf9c2ae391f') in 0.026642 seconds
Number of updated asset objects reloaded before import = 0
Number of asset objects unloaded after import = 7
========================================================================
Received Import Request.
  Time since last request: 0.000031 seconds.
  path: Assets/PolygonSciFiWorlds/Models/SM_Prop_Satellite_01.fbx
  artifactKey: Guid(6e7ee30d5773a704c95837e86d611c54) Importer(815301076,1909f56bfc062723c751e8b465ee728b)
Start importing Assets/PolygonSciFiWorlds/Models/SM_Prop_Satellite_01.fbx using Guid(6e7ee30d5773a704c95837e86d611c54) Importer(815301076,1909f56bfc062723c751e8b465ee728b)  -> (artifact id: '5843ac5825c1a4e6d55046e7eae6bd70') in 0.051483 seconds
Number of updated asset objects reloaded before import = 0
Number of asset objects unloaded after import = 17
========================================================================
Received Import Request.
  Time since last request: 0.000024 seconds.
  path: Assets/PolygonSciFiWorlds/Models/SM_Prop_Satellite_03.fbx
  artifactKey: Guid(1a712eff9c369ec46a8695474051c28a) Importer(815301076,1909f56bfc062723c751e8b465ee728b)
Start importing Assets/PolygonSciFiWorlds/Models/SM_Prop_Satellite_03.fbx using Guid(1a712eff9c369ec46a8695474051c28a) Importer(815301076,1909f56bfc062723c751e8b465ee728b)  -> (artifact id: 'a4b3b4050fe1b7a7f10d5008eeb02619') in 0.085099 seconds
Number of updated asset objects reloaded before import = 0
Number of asset objects unloaded after import = 17
========================================================================
Received Import Request.
  Time since last request: 0.000054 seconds.
  path: Assets/PolygonSciFiWorlds/Models/SM_Prop_Satellite_06.fbx
  artifactKey: Guid(36fad008055dd314da7c3c5c20f943b9) Importer(815301076,1909f56bfc062723c751e8b465ee728b)
Start importing Assets/PolygonSciFiWorlds/Models/SM_Prop_Satellite_06.fbx using Guid(36fad008055dd314da7c3c5c20f943b9) Importer(815301076,1909f56bfc062723c751e8b465ee728b)  -> (artifact id: 'e026a28636067715c2daaf763b30e26b') in 0.124266 seconds
Number of updated asset objects reloaded before import = 0
Number of asset objects unloaded after import = 22
========================================================================
Received Import Request.
  Time since last request: 0.260045 seconds.
  path: Assets/PolygonSciFiWorlds/Models/SM_Prop_Scav_Scrap_01.fbx
  artifactKey: Guid(3515e4f9bd9c3704383889a4e87d1f83) Importer(815301076,1909f56bfc062723c751e8b465ee728b)
Start importing Assets/PolygonSciFiWorlds/Models/SM_Prop_Scav_Scrap_01.fbx using Guid(3515e4f9bd9c3704383889a4e87d1f83) Importer(815301076,1909f56bfc062723c751e8b465ee728b)  -> (artifact id: '6c803e99953cd6694739718526da6545') in 0.025960 seconds
Number of updated asset objects reloaded before import = 0
Number of asset objects unloaded after import = 7
========================================================================
Received Import Request.
  Time since last request: 0.050252 seconds.
  path: Assets/PolygonSciFiWorlds/Models/SM_Prop_Scav_Scrap_04.fbx
  artifactKey: Guid(b625a7488c77d0c4d92605fe5a30b381) Importer(815301076,1909f56bfc062723c751e8b465ee728b)
Start importing Assets/PolygonSciFiWorlds/Models/SM_Prop_Scav_Scrap_04.fbx using Guid(b625a7488c77d0c4d92605fe5a30b381) Importer(815301076,1909f56bfc062723c751e8b465ee728b)  -> (artifact id: '8c4f9261a051b864e14df2bef59dfb80') in 0.052144 seconds
Number of updated asset objects reloaded before import = 0
Number of asset objects unloaded after import = 7
========================================================================
Received Import Request.
  Time since last request: 0.092292 seconds.
  path: Assets/PolygonSciFiWorlds/Models/SM_Prop_Scav_Scrap_08.fbx
  artifactKey: Guid(0c867ae94a371414bbb53d5adda84881) Importer(815301076,1909f56bfc062723c751e8b465ee728b)
Start importing Assets/PolygonSciFiWorlds/Models/SM_Prop_Scav_Scrap_08.fbx using Guid(0c867ae94a371414bbb53d5adda84881) Importer(815301076,1909f56bfc062723c751e8b465ee728b)  -> (artifact id: '0e385e93a8d71598169f222eaecce3e1') in 0.054094 seconds
Number of updated asset objects reloaded before import = 0
Number of asset objects unloaded after import = 7
========================================================================
Received Import Request.
  Time since last request: 0.225258 seconds.
  path: Assets/PolygonSciFiWorlds/Models/SM_Prop_Scav_Scrap_12.fbx
  artifactKey: Guid(6d6ae803c585d434ea4cf2b2e64b4489) Importer(815301076,1909f56bfc062723c751e8b465ee728b)
Start importing Assets/PolygonSciFiWorlds/Models/SM_Prop_Scav_Scrap_12.fbx using Guid(6d6ae803c585d434ea4cf2b2e64b4489) Importer(815301076,1909f56bfc062723c751e8b465ee728b)  -> (artifact id: '6be9c67fdf87b7374ff9bf1f7e2b14ff') in 0.091954 seconds
Number of updated asset objects reloaded before import = 0
Number of asset objects unloaded after import = 7
========================================================================
Received Import Request.
  Time since last request: 0.000321 seconds.
  path: Assets/PolygonSciFiWorlds/Models/SM_Prop_Scav_Scrap_15.fbx
  artifactKey: Guid(f9136b7126b48e14abf3d94e2f0be1b9) Importer(815301076,1909f56bfc062723c751e8b465ee728b)
Start importing Assets/PolygonSciFiWorlds/Models/SM_Prop_Scav_Scrap_15.fbx using Guid(f9136b7126b48e14abf3d94e2f0be1b9) Importer(815301076,1909f56bfc062723c751e8b465ee728b)  -> (artifact id: '53386300c0d3df967c62e7e9e102e6cd') in 0.062418 seconds
Number of updated asset objects reloaded before import = 0
Number of asset objects unloaded after import = 7
========================================================================
Received Import Request.
  Time since last request: 0.535568 seconds.
  path: Assets/PolygonSciFiWorlds/Models/SM_Prop_Skeleton_Skull_Jaw_01.fbx
  artifactKey: Guid(c2d7baf4a1bbbdb4cafef6c3635df629) Importer(815301076,1909f56bfc062723c751e8b465ee728b)
Start importing Assets/PolygonSciFiWorlds/Models/SM_Prop_Skeleton_Skull_Jaw_01.fbx using Guid(c2d7baf4a1bbbdb4cafef6c3635df629) Importer(815301076,1909f56bfc062723c751e8b465ee728b)  -> (artifact id: 'd411acc2a4f84b705adc4a192cd6015c') in 0.027279 seconds
Number of updated asset objects reloaded before import = 0
Number of asset objects unloaded after import = 7
========================================================================
Received Import Request.
  Time since last request: 1.839149 seconds.
  path: Assets/PolygonSciFiWorlds/Models/SM_Prop_SolarPanel_03.fbx
  artifactKey: Guid(1d94dc831d0a1ef4caf651525fdd67b4) Importer(815301076,1909f56bfc062723c751e8b465ee728b)
Start importing Assets/PolygonSciFiWorlds/Models/SM_Prop_SolarPanel_03.fbx using Guid(1d94dc831d0a1ef4caf651525fdd67b4) Importer(815301076,1909f56bfc062723c751e8b465ee728b)  -> (artifact id: '904bd8ca41bfcaca7a4e0d06eae99fb5') in 0.055043 seconds
Number of updated asset objects reloaded before import = 0
Number of asset objects unloaded after import = 12
========================================================================
Received Import Request.
  Time since last request: 0.077609 seconds.
  path: Assets/PolygonSciFiWorlds/Models/SM_Prop_Suit_Hanging_01.fbx
  artifactKey: Guid(26c89ed6f6b397c45ac1697da7b49f59) Importer(815301076,1909f56bfc062723c751e8b465ee728b)
Start importing Assets/PolygonSciFiWorlds/Models/SM_Prop_Suit_Hanging_01.fbx using Guid(26c89ed6f6b397c45ac1697da7b49f59) Importer(815301076,1909f56bfc062723c751e8b465ee728b)  -> (artifact id: 'b7343fd5fb08c22c564aecf21bd1d224') in 0.029842 seconds
Number of updated asset objects reloaded before import = 0
Number of asset objects unloaded after import = 7
========================================================================
Received Import Request.
  Time since last request: 0.771231 seconds.
  path: Assets/PolygonSciFiWorlds/Models/SM_Prop_Symbol_08.fbx
  artifactKey: Guid(94b2a60a293a6e543b2d25a66db9dc34) Importer(815301076,1909f56bfc062723c751e8b465ee728b)
Start importing Assets/PolygonSciFiWorlds/Models/SM_Prop_Symbol_08.fbx using Guid(94b2a60a293a6e543b2d25a66db9dc34) Importer(815301076,1909f56bfc062723c751e8b465ee728b)  -> (artifact id: '1c7d0ae9d583bb3454a85a9788529489') in 0.021661 seconds
Number of updated asset objects reloaded before import = 0
Number of asset objects unloaded after import = 7
========================================================================
Received Import Request.
  Time since last request: 0.238484 seconds.
  path: Assets/PolygonSciFiWorlds/Models/SM_Prop_Symbol_13.fbx
  artifactKey: Guid(61d757c990732824f936ef7b4d61a701) Importer(815301076,1909f56bfc062723c751e8b465ee728b)
Start importing Assets/PolygonSciFiWorlds/Models/SM_Prop_Symbol_13.fbx using Guid(61d757c990732824f936ef7b4d61a701) Importer(815301076,1909f56bfc062723c751e8b465ee728b)  -> (artifact id: 'f7df565cc9c597d797c133969da75c50') in 0.367312 seconds
Number of updated asset objects reloaded before import = 0
Number of asset objects unloaded after import = 7
========================================================================
Received Import Request.
  Time since last request: 0.000024 seconds.
  path: Assets/PolygonSciFiWorlds/Models/SM_Prop_Symbol_16.fbx
  artifactKey: Guid(40bfd3b118ad92945bf7b6ca7262c127) Importer(815301076,1909f56bfc062723c751e8b465ee728b)
Start importing Assets/PolygonSciFiWorlds/Models/SM_Prop_Symbol_16.fbx using Guid(40bfd3b118ad92945bf7b6ca7262c127) Importer(815301076,1909f56bfc062723c751e8b465ee728b)  -> (artifact id: 'd702ccab7d5f57807665975e4763ff03') in 0.022577 seconds
Number of updated asset objects reloaded before import = 0
Number of asset objects unloaded after import = 7
========================================================================
Received Import Request.
  Time since last request: 0.249584 seconds.
  path: Assets/PolygonSciFiWorlds/Models/SM_Prop_Syncola_Can_02.fbx
  artifactKey: Guid(f1ceb8dbbc04ab448831cae39090c2eb) Importer(815301076,1909f56bfc062723c751e8b465ee728b)
Start importing Assets/PolygonSciFiWorlds/Models/SM_Prop_Syncola_Can_02.fbx using Guid(f1ceb8dbbc04ab448831cae39090c2eb) Importer(815301076,1909f56bfc062723c751e8b465ee728b)  -> (artifact id: 'aaa6f676ba37d04cb4dbd96b2b063664') in 0.023669 seconds
Number of updated asset objects reloaded before import = 0
Number of asset objects unloaded after import = 7
========================================================================
Received Import Request.
  Time since last request: 0.000028 seconds.
  path: Assets/PolygonSciFiWorlds/Models/SM_Prop_Syncola_Can_Stack_02.fbx
  artifactKey: Guid(5d8a8b4728602344dad847c55408eb02) Importer(815301076,1909f56bfc062723c751e8b465ee728b)
Start importing Assets/PolygonSciFiWorlds/Models/SM_Prop_Syncola_Can_Stack_02.fbx using Guid(5d8a8b4728602344dad847c55408eb02) Importer(815301076,1909f56bfc062723c751e8b465ee728b)  -> (artifact id: 'bf92848820e22ff7a01ceafc11836aea') in 0.024840 seconds
Number of updated asset objects reloaded before import = 0
Number of asset objects unloaded after import = 7
========================================================================
Received Import Request.
  Time since last request: 0.000035 seconds.
  path: Assets/PolygonSciFiWorlds/Models/SM_Prop_Syncola_Can_Stack_01.fbx
  artifactKey: Guid(ca468e9027135db4baf18eeb31d8b3c5) Importer(815301076,1909f56bfc062723c751e8b465ee728b)
Start importing Assets/PolygonSciFiWorlds/Models/SM_Prop_Syncola_Can_Stack_01.fbx using Guid(ca468e9027135db4baf18eeb31d8b3c5) Importer(815301076,1909f56bfc062723c751e8b465ee728b)  -> (artifact id: '10e0a1a36f760c73034a5740692b2823') in 0.025190 seconds
Number of updated asset objects reloaded before import = 0
Number of asset objects unloaded after import = 7
========================================================================
Received Import Request.
  Time since last request: 0.000028 seconds.
  path: Assets/PolygonSciFiWorlds/Models/SM_Prop_Table_Large_01.fbx
  artifactKey: Guid(9906020e56d2d4441ad7e3ccbe3f3313) Importer(815301076,1909f56bfc062723c751e8b465ee728b)
Start importing Assets/PolygonSciFiWorlds/Models/SM_Prop_Table_Large_01.fbx using Guid(9906020e56d2d4441ad7e3ccbe3f3313) Importer(815301076,1909f56bfc062723c751e8b465ee728b)  -> (artifact id: 'ca7a433990b893dd2e52da058c8fc4da') in 0.036378 seconds
Number of updated asset objects reloaded before import = 0
Number of asset objects unloaded after import = 7
========================================================================
Received Import Request.
  Time since last request: 0.000029 seconds.
  path: Assets/PolygonSciFiWorlds/Models/SM_Prop_Tether_Pole_Tall_01.fbx
  artifactKey: Guid(7a69ae1c851edc84ebae7d5465563cc5) Importer(815301076,1909f56bfc062723c751e8b465ee728b)
Start importing Assets/PolygonSciFiWorlds/Models/SM_Prop_Tether_Pole_Tall_01.fbx using Guid(7a69ae1c851edc84ebae7d5465563cc5) Importer(815301076,1909f56bfc062723c751e8b465ee728b)  -> (artifact id: 'd09536a7dd1dcb9b47175d73824d4d41') in 0.021941 seconds
Number of updated asset objects reloaded before import = 0
Number of asset objects unloaded after import = 7
========================================================================
Received Import Request.
  Time since last request: 0.271242 seconds.
  path: Assets/PolygonSciFiWorlds/Models/SM_Prop_Tether_Wire_02.fbx
  artifactKey: Guid(465fb7b47b2cfe14e91ed153da96506f) Importer(815301076,1909f56bfc062723c751e8b465ee728b)
Start importing Assets/PolygonSciFiWorlds/Models/SM_Prop_Tether_Wire_02.fbx using Guid(465fb7b47b2cfe14e91ed153da96506f) Importer(815301076,1909f56bfc062723c751e8b465ee728b)  -> (artifact id: 'e9074395f1cbea10cf28fd06456c9951') in 0.021705 seconds
Number of updated asset objects reloaded before import = 0
Number of asset objects unloaded after import = 7
========================================================================
Received Import Request.
  Time since last request: 0.001870 seconds.
  path: Assets/PolygonSciFiWorlds/Models/SM_Prop_Tether_Wire_05.fbx
  artifactKey: Guid(e09958816e563dd4ab595b254719ae0f) Importer(815301076,1909f56bfc062723c751e8b465ee728b)
Start importing Assets/PolygonSciFiWorlds/Models/SM_Prop_Tether_Wire_05.fbx using Guid(e09958816e563dd4ab595b254719ae0f) Importer(815301076,1909f56bfc062723c751e8b465ee728b)  -> (artifact id: 'b89bfc06a96aff5e9d82cc7296f719be') in 0.020804 seconds
Number of updated asset objects reloaded before import = 0
Number of asset objects unloaded after import = 7
========================================================================
Received Import Request.
  Time since last request: 0.021483 seconds.
  path: Assets/PolygonSciFiWorlds/Models/SM_Prop_Tether_Wire_Ship_01.fbx
  artifactKey: Guid(b013eade3526fae4bbdd919d1b1372e2) Importer(815301076,1909f56bfc062723c751e8b465ee728b)
Start importing Assets/PolygonSciFiWorlds/Models/SM_Prop_Tether_Wire_Ship_01.fbx using Guid(b013eade3526fae4bbdd919d1b1372e2) Importer(815301076,1909f56bfc062723c751e8b465ee728b)  -> (artifact id: 'd93837a06345a271ef45d883ac1e3421') in 0.021434 seconds
Number of updated asset objects reloaded before import = 0
Number of asset objects unloaded after import = 7
========================================================================
Received Import Request.
  Time since last request: 0.057414 seconds.
  path: Assets/PolygonSciFiWorlds/Models/SM_Prop_Turbine_01.fbx
  artifactKey: Guid(107aa2b2740990c4cb6d1f30058808c5) Importer(815301076,1909f56bfc062723c751e8b465ee728b)
Start importing Assets/PolygonSciFiWorlds/Models/SM_Prop_Turbine_01.fbx using Guid(107aa2b2740990c4cb6d1f30058808c5) Importer(815301076,1909f56bfc062723c751e8b465ee728b)  -> (artifact id: 'ad24fa719e6bb53d33b99a4ec12e5a17') in 0.026927 seconds
Number of updated asset objects reloaded before import = 0
Number of asset objects unloaded after import = 7
========================================================================
Received Import Request.
  Time since last request: 2.656471 seconds.
  path: Assets/PolygonSciFiWorlds/Models/SM_Prop_Turret_Large_03.fbx
  artifactKey: Guid(2f533e973bc8ff748b7d56e8598f620c) Importer(815301076,1909f56bfc062723c751e8b465ee728b)
Start importing Assets/PolygonSciFiWorlds/Models/SM_Prop_Turret_Large_03.fbx using Guid(2f533e973bc8ff748b7d56e8598f620c) Importer(815301076,1909f56bfc062723c751e8b465ee728b)  -> (artifact id: '36e45419323076cf49754e91486622e4') in 0.106443 seconds
Number of updated asset objects reloaded before import = 0
Number of asset objects unloaded after import = 27
========================================================================
Received Import Request.
  Time since last request: 0.000029 seconds.
  path: Assets/PolygonSciFiWorlds/Models/SM_Prop_Vending_Machine_05.fbx
  artifactKey: Guid(3b62132733285ef4cb92188f8ec72f6a) Importer(815301076,1909f56bfc062723c751e8b465ee728b)
Start importing Assets/PolygonSciFiWorlds/Models/SM_Prop_Vending_Machine_05.fbx using Guid(3b62132733285ef4cb92188f8ec72f6a) Importer(815301076,1909f56bfc062723c751e8b465ee728b)  -> (artifact id: 'f3e4def1969a919b9bf7016d3b935f3e') in 0.037368 seconds
Number of updated asset objects reloaded before import = 0
Number of asset objects unloaded after import = 12
========================================================================
Received Import Request.
  Time since last request: 0.000037 seconds.
  path: Assets/PolygonSciFiWorlds/Models/SM_Prop_Vendor_Bug_01.fbx
  artifactKey: Guid(4c6b193c822835b448d6f660955b810b) Importer(815301076,1909f56bfc062723c751e8b465ee728b)
Start importing Assets/PolygonSciFiWorlds/Models/SM_Prop_Vendor_Bug_01.fbx using Guid(4c6b193c822835b448d6f660955b810b) Importer(815301076,1909f56bfc062723c751e8b465ee728b)  -> (artifact id: '9b00ee7a63d1dd65806b0da82fff95a4') in 0.024098 seconds
Number of updated asset objects reloaded before import = 0
Number of asset objects unloaded after import = 7
========================================================================
Received Import Request.
  Time since last request: 0.000037 seconds.
  path: Assets/PolygonSciFiWorlds/Models/SM_Prop_Vendor_Block_01.fbx
  artifactKey: Guid(c068d45ddf725a84fa1afe7036292610) Importer(815301076,1909f56bfc062723c751e8b465ee728b)
Start importing Assets/PolygonSciFiWorlds/Models/SM_Prop_Vendor_Block_01.fbx using Guid(c068d45ddf725a84fa1afe7036292610) Importer(815301076,1909f56bfc062723c751e8b465ee728b)  -> (artifact id: 'cf5547b1374fe1d2809ce0b88a21ea0e') in 0.025416 seconds
Number of updated asset objects reloaded before import = 0
Number of asset objects unloaded after import = 7
========================================================================
Received Import Request.
  Time since last request: 0.000021 seconds.
  path: Assets/PolygonSciFiWorlds/Models/SM_Prop_Vendor_Cooker_01.fbx
  artifactKey: Guid(055f5c86ff616234bb24867c93e23821) Importer(815301076,1909f56bfc062723c751e8b465ee728b)
Start importing Assets/PolygonSciFiWorlds/Models/SM_Prop_Vendor_Cooker_01.fbx using Guid(055f5c86ff616234bb24867c93e23821) Importer(815301076,1909f56bfc062723c751e8b465ee728b)  -> (artifact id: '9b262e0f75af57232479c340bd42dcd7') in 0.028185 seconds
Number of updated asset objects reloaded before import = 0
Number of asset objects unloaded after import = 7
========================================================================
Received Import Request.
  Time since last request: 0.000026 seconds.
  path: Assets/PolygonSciFiWorlds/Models/SM_Prop_Vendor_Bug_04.fbx
  artifactKey: Guid(2acfd385131cb1b449cb500a4ca94afe) Importer(815301076,1909f56bfc062723c751e8b465ee728b)
Start importing Assets/PolygonSciFiWorlds/Models/SM_Prop_Vendor_Bug_04.fbx using Guid(2acfd385131cb1b449cb500a4ca94afe) Importer(815301076,1909f56bfc062723c751e8b465ee728b)  -> (artifact id: '10e9e2882213a66915d0c74444b10d7c') in 0.034658 seconds
Number of updated asset objects reloaded before import = 0
Number of asset objects unloaded after import = 7
========================================================================
Received Import Request.
  Time since last request: 0.781202 seconds.
  path: Assets/PolygonSciFiWorlds/Models/SM_Prop_Vendor_Ham_01.fbx
  artifactKey: Guid(bd8d105f6cc78cc48bb002269c92c58d) Importer(815301076,1909f56bfc062723c751e8b465ee728b)
Start importing Assets/PolygonSciFiWorlds/Models/SM_Prop_Vendor_Ham_01.fbx using Guid(bd8d105f6cc78cc48bb002269c92c58d) Importer(815301076,1909f56bfc062723c751e8b465ee728b)  -> (artifact id: '561a5726b2323705dac107723c4b612a') in 0.026942 seconds
Number of updated asset objects reloaded before import = 0
Number of asset objects unloaded after import = 7
========================================================================
Received Import Request.
  Time since last request: 0.077283 seconds.
  path: Assets/PolygonSciFiWorlds/Models/SM_Prop_Vendor_Pan_05.fbx
  artifactKey: Guid(c0b7d2d5f73e9204da6ec256d419f15b) Importer(815301076,1909f56bfc062723c751e8b465ee728b)
Start importing Assets/PolygonSciFiWorlds/Models/SM_Prop_Vendor_Pan_05.fbx using Guid(c0b7d2d5f73e9204da6ec256d419f15b) Importer(815301076,1909f56bfc062723c751e8b465ee728b)  -> (artifact id: '85a733475575b07c0e859a7973a3f7e2') in 0.042767 seconds
Number of updated asset objects reloaded before import = 0
Number of asset objects unloaded after import = 7
========================================================================
Received Import Request.
  Time since last request: 0.023891 seconds.
  path: Assets/PolygonSciFiWorlds/Models/SM_Prop_Vendor_Pan_Bowls_01.fbx
  artifactKey: Guid(6eccad04e85a1b8448d3c5d522c8442d) Importer(815301076,1909f56bfc062723c751e8b465ee728b)
Start importing Assets/PolygonSciFiWorlds/Models/SM_Prop_Vendor_Pan_Bowls_01.fbx using Guid(6eccad04e85a1b8448d3c5d522c8442d) Importer(815301076,1909f56bfc062723c751e8b465ee728b)  -> (artifact id: 'ed3d34cb1cd6394e431f7903cccafae0') in 0.027921 seconds
Number of updated asset objects reloaded before import = 0
Number of asset objects unloaded after import = 7
========================================================================
Received Import Request.
  Time since last request: 0.911316 seconds.
  path: Assets/PolygonSciFiWorlds/Models/SM_Prop_Scav_Scrap_51.fbx
  artifactKey: Guid(9b47fbb787faf9f48ad59dea1856eab5) Importer(815301076,1909f56bfc062723c751e8b465ee728b)
Start importing Assets/PolygonSciFiWorlds/Models/SM_Prop_Scav_Scrap_51.fbx using Guid(9b47fbb787faf9f48ad59dea1856eab5) Importer(815301076,1909f56bfc062723c751e8b465ee728b)  -> (artifact id: 'c1b1224a39532c0f683aea8d9c5f62f0') in 0.023367 seconds
Number of updated asset objects reloaded before import = 0
Number of asset objects unloaded after import = 7
========================================================================
Received Import Request.
  Time since last request: 0.000036 seconds.
  path: Assets/PolygonSciFiWorlds/Models/SM_Prop_Scav_Scrap_54.fbx
  artifactKey: Guid(41da4b12633b4e54ab2b9d3c0cccf0a4) Importer(815301076,1909f56bfc062723c751e8b465ee728b)
Start importing Assets/PolygonSciFiWorlds/Models/SM_Prop_Scav_Scrap_54.fbx using Guid(41da4b12633b4e54ab2b9d3c0cccf0a4) Importer(815301076,1909f56bfc062723c751e8b465ee728b)  -> (artifact id: '7086efbe7b0bda206ee152b6cee4195c') in 0.095569 seconds
Number of updated asset objects reloaded before import = 0
Number of asset objects unloaded after import = 7
========================================================================
Received Import Request.
  Time since last request: 1.446541 seconds.
  path: Assets/PolygonSciFiWorlds/Models/SM_Prop_Scav_Scrap_Pile_04.fbx
  artifactKey: Guid(24ce82cd287177f4d9718de8fe66f949) Importer(815301076,1909f56bfc062723c751e8b465ee728b)
Start importing Assets/PolygonSciFiWorlds/Models/SM_Prop_Scav_Scrap_Pile_04.fbx using Guid(24ce82cd287177f4d9718de8fe66f949) Importer(815301076,1909f56bfc062723c751e8b465ee728b)  -> (artifact id: 'f1243e91f9ee32a5666902c26309e517') in 0.095426 seconds
Number of updated asset objects reloaded before import = 0
Number of asset objects unloaded after import = 7
Editor requested this worker to shutdown with reason: Scaling down because of idle timeout
TcpMessagingSession - receive error: operation aborted. errorcode: 995, details: The I/O operation has been aborted because of either a thread exit or an application request.
AssetImportWorker is now disconnected from the server
Process exiting
Exiting without the bug reporter. Application will terminate with return code 0