Unity Editor version:    2022.3.21f1 (bf09ca542b87)
Branch:                  2022.3/staging
Build type:              Release
Batch mode:              YES
macOS version:           Version 14.1 (Build 23B2073)
Darwin version:          23.1.0
Architecture:            arm64
Running under Rosetta:   NO
Available memory:        36864 MB
Using pre-set license
Pro License: YES

COMMAND LINE ARGUMENTS:
/Applications/Unity/Hub/Editor/2022.3.21f1/Unity.app/Contents/MacOS/Unity
-adb2
-batchMode
-noUpm
-name
AssetImportWorker0
-projectPath
/Users/konarknavare/Downloads/GameDev-Project-main 3/GameDevProject4
-logFile
Logs/AssetImportWorker0.log
-srvPort
53268
Successfully changed project path to: /Users/konarknavare/Downloads/GameDev-Project-main 3/GameDevProject4
/Users/konarknavare/Downloads/GameDev-Project-main 3/GameDevProject4
[UnityMemory] Configuration Parameters - Can be set up in boot.config
    "memorysetup-bucket-allocator-granularity=16"
    "memorysetup-bucket-allocator-bucket-count=8"
    "memorysetup-bucket-allocator-block-size=33554432"
    "memorysetup-bucket-allocator-block-count=8"
    "memorysetup-main-allocator-block-size=16777216"
    "memorysetup-thread-allocator-block-size=16777216"
    "memorysetup-gfx-main-allocator-block-size=16777216"
    "memorysetup-gfx-thread-allocator-block-size=16777216"
    "memorysetup-cache-allocator-block-size=4194304"
    "memorysetup-typetree-allocator-block-size=2097152"
    "memorysetup-profiler-bucket-allocator-granularity=16"
    "memorysetup-profiler-bucket-allocator-bucket-count=8"
    "memorysetup-profiler-bucket-allocator-block-size=33554432"
    "memorysetup-profiler-bucket-allocator-block-count=8"
    "memorysetup-profiler-allocator-block-size=16777216"
    "memorysetup-profiler-editor-allocator-block-size=1048576"
    "memorysetup-temp-allocator-size-main=16777216"
    "memorysetup-job-temp-allocator-block-size=2097152"
    "memorysetup-job-temp-allocator-block-size-background=1048576"
    "memorysetup-job-temp-allocator-reduction-small-platforms=262144"
    "memorysetup-allocator-temp-initial-block-size-main=262144"
    "memorysetup-allocator-temp-initial-block-size-worker=262144"
    "memorysetup-temp-allocator-size-background-worker=32768"
    "memorysetup-temp-allocator-size-job-worker=262144"
    "memorysetup-temp-allocator-size-preload-manager=33554432"
    "memorysetup-temp-allocator-size-nav-mesh-worker=65536"
    "memorysetup-temp-allocator-size-audio-worker=65536"
    "memorysetup-temp-allocator-size-cloud-worker=32768"
    "memorysetup-temp-allocator-size-gi-baking-worker=262144"
    "memorysetup-temp-allocator-size-gfx=262144"
Player connection [8023629504] Host "[IP] 172.16.70.58 [Port] 0 [Flags] 2 [Guid] 3472607805 [EditorId] 3472607805 [Version] 1048832 [Id] OSXEditor(0,MacBook-Pro-3.local) [Debug] 1 [PackageName] OSXEditor [ProjectName] Editor" joined multi-casting on [225.0.0.222:54997]...

Player connection [8023629504] Host "[IP] 172.16.70.58 [Port] 0 [Flags] 2 [Guid] 3472607805 [EditorId] 3472607805 [Version] 1048832 [Id] OSXEditor(0,MacBook-Pro-3.local) [Debug] 1 [PackageName] OSXEditor [ProjectName] Editor" joined alternative multi-casting on [225.0.0.222:34997]...

[Physics::Module] Initialized MultithreadedJobDispatcher with 11 workers.
Refreshing native plugins compatible for Editor in 6.76 ms, found 2 plugins.
Preloading 0 native plugins for Editor in 0.00 ms.
Initialize engine version: 2022.3.21f1 (bf09ca542b87)
[Subsystems] Discovering subsystems at path /Applications/Unity/Hub/Editor/2022.3.21f1/Unity.app/Contents/Resources/UnitySubsystems
[Subsystems] Discovering subsystems at path /Users/konarknavare/Downloads/GameDev-Project-main 3/GameDevProject4/Assets
GfxDevice: creating device client; threaded=0; jobified=0
 preferred device: Apple M3 Pro (high power)
Metal devices available: 1
0: Apple M3 Pro (high power)
Using device Apple M3 Pro (high power)
Initializing Metal device caps: Apple M3 Pro
Initialize mono
Mono path[0] = '/Applications/Unity/Hub/Editor/2022.3.21f1/Unity.app/Contents/Managed'
Mono path[1] = '/Applications/Unity/Hub/Editor/2022.3.21f1/Unity.app/Contents/MonoBleedingEdge/lib/mono/unityjit-macos'
Mono config path = '/Applications/Unity/Hub/Editor/2022.3.21f1/Unity.app/Contents/MonoBleedingEdge/etc'
Using monoOptions --debugger-agent=transport=dt_socket,embedding=1,server=y,suspend=n,address=127.0.0.1:56061
Begin MonoManager ReloadAssembly
Registering precompiled unity dll's ...
Register platform support module: /Applications/Unity/Hub/Editor/2022.3.21f1/PlaybackEngines/WebGLSupport/UnityEditor.WebGL.Extensions.dll
Register platform support module: /Applications/Unity/Hub/Editor/2022.3.21f1/Unity.app/Contents/PlaybackEngines/MacStandaloneSupport/UnityEditor.OSXStandalone.Extensions.dll
Register platform support module: /Applications/Unity/Hub/Editor/2022.3.21f1/PlaybackEngines/WindowsStandaloneSupport/UnityEditor.WindowsStandalone.Extensions.dll
Registered in 0.001139 seconds.
- Loaded All Assemblies, in  0.167 seconds
Native extension for WindowsStandalone target not found
Native extension for OSXStandalone target not found
Native extension for WebGL target not found
Mono: successfully reloaded assembly
- Finished resetting the current domain, in  0.132 seconds
Domain Reload Profiling: 299ms
	BeginReloadAssembly (35ms)
		ExecutionOrderSort (0ms)
		DisableScriptedObjects (0ms)
		BackupInstance (0ms)
		ReleaseScriptingObjects (0ms)
		CreateAndSetChildDomain (0ms)
	RebuildCommonClasses (19ms)
	RebuildNativeTypeToScriptingClass (7ms)
	initialDomainReloadingComplete (24ms)
	LoadAllAssembliesAndSetupDomain (81ms)
		LoadAssemblies (35ms)
		RebuildTransferFunctionScriptingTraits (0ms)
		AnalyzeDomain (81ms)
			TypeCache.Refresh (80ms)
				TypeCache.ScanAssembly (72ms)
			ScanForSourceGeneratedMonoScriptInfo (0ms)
			ResolveRequiredComponents (0ms)
	FinalizeReload (132ms)
		ReleaseScriptCaches (0ms)
		RebuildScriptCaches (0ms)
		SetupLoadedEditorAssemblies (100ms)
			LogAssemblyErrors (0ms)
			InitializePlatformSupportModulesInManaged (4ms)
			SetLoadedEditorAssemblies (3ms)
			RefreshPlugins (0ms)
			BeforeProcessingInitializeOnLoad (1ms)
			ProcessInitializeOnLoadAttributes (69ms)
			ProcessInitializeOnLoadMethodAttributes (22ms)
			AfterProcessingInitializeOnLoad (0ms)
			EditorAssembliesLoaded (0ms)
		ExecutionOrderSort2 (0ms)
		AwakeInstancesAfterBackupRestoration (0ms)
========================================================================
Worker process is ready to serve import requests
Begin MonoManager ReloadAssembly
Symbol file LoadedFromMemory is not a mono symbol file
- Loaded All Assemblies, in  0.369 seconds
Refreshing native plugins compatible for Editor in 2.05 ms, found 2 plugins.
Native extension for WindowsStandalone target not found
Native extension for OSXStandalone target not found
Native extension for WebGL target not found
Package Manager log level set to [2]
[Package Manager] Server::EnsureServerProcessIsRunning -- launch failed, reason: Unity was launched with the -noUpm command-line argument
[Package Manager] UpmClient::Send -- Unable to send message (not connected to UPM process).
[Package Manager] Cannot connect to Unity Package Manager local server
Mono: successfully reloaded assembly
- Finished resetting the current domain, in  0.457 seconds
Domain Reload Profiling: 826ms
	BeginReloadAssembly (60ms)
		ExecutionOrderSort (0ms)
		DisableScriptedObjects (3ms)
		BackupInstance (0ms)
		ReleaseScriptingObjects (0ms)
		CreateAndSetChildDomain (14ms)
	RebuildCommonClasses (20ms)
	RebuildNativeTypeToScriptingClass (7ms)
	initialDomainReloadingComplete (18ms)
	LoadAllAssembliesAndSetupDomain (264ms)
		LoadAssemblies (173ms)
		RebuildTransferFunctionScriptingTraits (0ms)
		AnalyzeDomain (116ms)
			TypeCache.Refresh (103ms)
				TypeCache.ScanAssembly (91ms)
			ScanForSourceGeneratedMonoScriptInfo (10ms)
			ResolveRequiredComponents (2ms)
	FinalizeReload (457ms)
		ReleaseScriptCaches (0ms)
		RebuildScriptCaches (0ms)
		SetupLoadedEditorAssemblies (378ms)
			LogAssemblyErrors (0ms)
			InitializePlatformSupportModulesInManaged (3ms)
			SetLoadedEditorAssemblies (2ms)
			RefreshPlugins (0ms)
			BeforeProcessingInitializeOnLoad (33ms)
			ProcessInitializeOnLoadAttributes (255ms)
			ProcessInitializeOnLoadMethodAttributes (84ms)
			AfterProcessingInitializeOnLoad (1ms)
			EditorAssembliesLoaded (0ms)
		ExecutionOrderSort2 (0ms)
		AwakeInstancesAfterBackupRestoration (2ms)
Launching external process: /Applications/Unity/Hub/Editor/2022.3.21f1/Unity.app/Contents/Tools/UnityShaderCompiler
Launched and connected shader compiler UnityShaderCompiler after 0.05 seconds
Refreshing native plugins compatible for Editor in 1.70 ms, found 2 plugins.
Preloading 0 native plugins for Editor in 0.00 ms.
Unloading 4255 Unused Serialized files (Serialized files now loaded: 0)
Unloading 72 unused Assets / (67.5 KB). Loaded Objects now: 4693.
Memory consumption went from 163.1 MB to 163.1 MB.
Total: 5.106666 ms (FindLiveObjects: 0.117791 ms CreateObjectMapping: 0.042917 ms MarkObjects: 4.855500 ms  DeleteObjects: 0.089750 ms)

AssetImportParameters requested are different than current active one (requested -> active):
  custom:container-demuxer-ogg: 62fdf1f143b41e24485cea50d1cbac27 -> 
  custom:video-decoder-ogg-theora: a1e56fd34408186e4bbccfd4996cb3dc -> 
  custom:CustomObjectIndexerAttribute: 9a22284fe3817be447336de3de66b15e -> 
  custom:container-demuxer-webm: 4f35f7cbe854078d1ac9338744f61a02 -> 
  custom:container-muxer-webm: aa71ff27fc2769a1b78a27578f13a17b -> 
  custom:video-decoder-webm-vp8: 9c59270c3fd7afecdb556c50c9e8de78 -> 
  custom:SearchIndexIgnoredProperties: e643bd26f0fe6173181afceb89e7c659 -> 
  custom:AudioImporter_EditorPlatform: 3918e3fc78b5a79bad01e8451be0beb8 -> 
  custom:framework-osx-AVFoundation: e770b220cccbd017edd2c1fefb359320 -> 
  custom:video-encoder-webm-vp8: eb34c28f22e8b96e1ab97ce403110664 -> 
  custom:audio-decoder-ogg-vorbis: bf7c407c2cedff20999df2af8eb42d56 -> 
  custom:audio-encoder-webm-vorbis: bf7c407c2cedff20999df2af8eb42d56 -> 
========================================================================
Received Import Request.
  Time since last request: 108135.453194 seconds.
  path: Assets/PolygonSciFiWorlds/Textures/Misc/Planet_Test_04.png
  artifactKey: Guid(b08b2467c5aee754b9b8d4b60edc6cc7) Importer(815301076,1909f56bfc062723c751e8b465ee728b)
Start importing Assets/PolygonSciFiWorlds/Textures/Misc/Planet_Test_04.png using Guid(b08b2467c5aee754b9b8d4b60edc6cc7) Importer(815301076,1909f56bfc062723c751e8b465ee728b)  -> (artifact id: 'e3dd03fe578463c017388419de574faa') in 0.065416 seconds
Number of updated asset objects reloaded before import = 0
Number of asset objects unloaded after import = 2
========================================================================
Received Import Request.
  Time since last request: 0.000055 seconds.
  path: Assets/PolygonSciFiWorlds/Textures/Misc/Rust.png
  artifactKey: Guid(2f22c812f190cd14aa804294b9775cce) Importer(815301076,1909f56bfc062723c751e8b465ee728b)
Start importing Assets/PolygonSciFiWorlds/Textures/Misc/Rust.png using Guid(2f22c812f190cd14aa804294b9775cce) Importer(815301076,1909f56bfc062723c751e8b465ee728b)  -> (artifact id: '9c60f97a3d97e2da881e55dba002ff98') in 0.005745 seconds
Number of updated asset objects reloaded before import = 0
Number of asset objects unloaded after import = 2
========================================================================
Received Import Request.
  Time since last request: 0.000109 seconds.
  path: Assets/PolygonSciFiWorlds/Textures/Misc/SciFiGraffiti.png
  artifactKey: Guid(46a8b02edc9e02840a54f089636b4686) Importer(815301076,1909f56bfc062723c751e8b465ee728b)
Start importing Assets/PolygonSciFiWorlds/Textures/Misc/SciFiGraffiti.png using Guid(46a8b02edc9e02840a54f089636b4686) Importer(815301076,1909f56bfc062723c751e8b465ee728b)  -> (artifact id: 'c3eef8bc706435a682ae30e060767bae') in 0.006575 seconds
Number of updated asset objects reloaded before import = 0
Number of asset objects unloaded after import = 2
========================================================================
Received Import Request.
  Time since last request: 0.000037 seconds.
  path: Assets/PolygonSciFiWorlds/Textures/Misc/Planet_Test_03.png
  artifactKey: Guid(ba3a6aa43b889004997b5af67aec7700) Importer(815301076,1909f56bfc062723c751e8b465ee728b)
Start importing Assets/PolygonSciFiWorlds/Textures/Misc/Planet_Test_03.png using Guid(ba3a6aa43b889004997b5af67aec7700) Importer(815301076,1909f56bfc062723c751e8b465ee728b)  -> (artifact id: 'fcbbe7410586e3029dfca9f27615ac19') in 0.010841 seconds
Number of updated asset objects reloaded before import = 0
Number of asset objects unloaded after import = 2
========================================================================
Received Import Request.
  Time since last request: 0.000086 seconds.
  path: Assets/PolygonSciFiWorlds/Textures/Misc/Planet_Test_03_Rim.png
  artifactKey: Guid(78204ff12f1124f478bf66b4e04eb8a6) Importer(815301076,1909f56bfc062723c751e8b465ee728b)
Start importing Assets/PolygonSciFiWorlds/Textures/Misc/Planet_Test_03_Rim.png using Guid(78204ff12f1124f478bf66b4e04eb8a6) Importer(815301076,1909f56bfc062723c751e8b465ee728b)  -> (artifact id: '30e2f7ac4fb65bd9bb25205656fe4234') in 0.004365 seconds
Number of updated asset objects reloaded before import = 0
Number of asset objects unloaded after import = 2
========================================================================
Received Import Request.
  Time since last request: 0.000102 seconds.
  path: Assets/PolygonSciFiWorlds/Textures/Misc/Scrap_Transparent.png
  artifactKey: Guid(f1d6be1a15a6652499b376a9720e688e) Importer(815301076,1909f56bfc062723c751e8b465ee728b)
Start importing Assets/PolygonSciFiWorlds/Textures/Misc/Scrap_Transparent.png using Guid(f1d6be1a15a6652499b376a9720e688e) Importer(815301076,1909f56bfc062723c751e8b465ee728b)  -> (artifact id: '79a361873b418df44c4911357e40514a') in 0.004363 seconds
Number of updated asset objects reloaded before import = 0
Number of asset objects unloaded after import = 2
========================================================================
Received Import Request.
  Time since last request: 0.000185 seconds.
  path: Assets/PolygonSciFiWorlds/Textures/Misc/Planet_Test_01.png
  artifactKey: Guid(0cff01051e6502246b75931fe5e9451d) Importer(815301076,1909f56bfc062723c751e8b465ee728b)
Start importing Assets/PolygonSciFiWorlds/Textures/Misc/Planet_Test_01.png using Guid(0cff01051e6502246b75931fe5e9451d) Importer(815301076,1909f56bfc062723c751e8b465ee728b)  -> (artifact id: 'ee55634b13059f1baaf2ccedd1c8d1fe') in 0.006649 seconds
Number of updated asset objects reloaded before import = 0
Number of asset objects unloaded after import = 2
========================================================================
Received Import Request.
  Time since last request: 0.000166 seconds.
  path: Assets/PolygonSciFiWorlds/Textures/Misc/Pebbles_Sand.png
  artifactKey: Guid(c56b32f862348464cbfc431afb6ed787) Importer(815301076,1909f56bfc062723c751e8b465ee728b)
Start importing Assets/PolygonSciFiWorlds/Textures/Misc/Pebbles_Sand.png using Guid(c56b32f862348464cbfc431afb6ed787) Importer(815301076,1909f56bfc062723c751e8b465ee728b)  -> (artifact id: '129aa8376825efff04e6ca96276c003a') in 0.004454 seconds
Number of updated asset objects reloaded before import = 0
Number of asset objects unloaded after import = 2
========================================================================
Received Import Request.
  Time since last request: 0.000128 seconds.
  path: Assets/PolygonSciFiWorlds/Textures/Misc/Planet_Test_01_Emissive_Rim.png
  artifactKey: Guid(00d0df43882e89644bb0e0901843d05c) Importer(815301076,1909f56bfc062723c751e8b465ee728b)
Start importing Assets/PolygonSciFiWorlds/Textures/Misc/Planet_Test_01_Emissive_Rim.png using Guid(00d0df43882e89644bb0e0901843d05c) Importer(815301076,1909f56bfc062723c751e8b465ee728b)  -> (artifact id: 'e612717049cfc44e5be00809f0eba59f') in 0.005120 seconds
Number of updated asset objects reloaded before import = 0
Number of asset objects unloaded after import = 2
========================================================================
Received Import Request.
  Time since last request: 0.000100 seconds.
  path: Assets/PolygonSciFiWorlds/Textures/Misc/PolygonScifiWorlds_Texture_A_01_Normal.png
  artifactKey: Guid(2ee8591f903c8aa4382ef533fa1a51af) Importer(815301076,1909f56bfc062723c751e8b465ee728b)
Start importing Assets/PolygonSciFiWorlds/Textures/Misc/PolygonScifiWorlds_Texture_A_01_Normal.png using Guid(2ee8591f903c8aa4382ef533fa1a51af) Importer(815301076,1909f56bfc062723c751e8b465ee728b)  -> (artifact id: '81a71976986b78a55e3d8ded66340c58') in 0.059523 seconds
Number of updated asset objects reloaded before import = 0
Number of asset objects unloaded after import = 2
========================================================================
Received Import Request.
  Time since last request: 0.000113 seconds.
  path: Assets/PolygonSciFiWorlds/Textures/Misc/Planet_Test_01_Emissive.png
  artifactKey: Guid(5337fcdcdfb4ee84da7302c25621db92) Importer(815301076,1909f56bfc062723c751e8b465ee728b)
Start importing Assets/PolygonSciFiWorlds/Textures/Misc/Planet_Test_01_Emissive.png using Guid(5337fcdcdfb4ee84da7302c25621db92) Importer(815301076,1909f56bfc062723c751e8b465ee728b)  -> (artifact id: '6579d4b3f0a16b151300047c6bdf3ed9') in 0.004705 seconds
Number of updated asset objects reloaded before import = 0
Number of asset objects unloaded after import = 2
========================================================================
Received Import Request.
  Time since last request: 0.000107 seconds.
  path: Assets/PolygonSciFiWorlds/Textures/Misc/Snow.png
  artifactKey: Guid(fabc8f3e7abb5294597bed9e5408eee7) Importer(815301076,1909f56bfc062723c751e8b465ee728b)
Start importing Assets/PolygonSciFiWorlds/Textures/Misc/Snow.png using Guid(fabc8f3e7abb5294597bed9e5408eee7) Importer(815301076,1909f56bfc062723c751e8b465ee728b)  -> (artifact id: '1cf81a3e08ace148ad3ccdb911435bca') in 0.003392 seconds
Number of updated asset objects reloaded before import = 0
Number of asset objects unloaded after import = 2
========================================================================
Received Import Request.
  Time since last request: 0.000182 seconds.
  path: Assets/PolygonSciFiWorlds/Textures/Misc/Planet_Test_04_Glow.png
  artifactKey: Guid(d1616dfdc208f5845a01b666a7c59ca4) Importer(815301076,1909f56bfc062723c751e8b465ee728b)
Start importing Assets/PolygonSciFiWorlds/Textures/Misc/Planet_Test_04_Glow.png using Guid(d1616dfdc208f5845a01b666a7c59ca4) Importer(815301076,1909f56bfc062723c751e8b465ee728b)  -> (artifact id: '1373eb7f6e77b04c395ebf838fcca1d7') in 0.005299 seconds
Number of updated asset objects reloaded before import = 0
Number of asset objects unloaded after import = 2
========================================================================
Received Import Request.
  Time since last request: 27.589208 seconds.
  path: Assets/PolygonSciFiWorlds/Textures/Misc/Dirt_Tex.png
  artifactKey: Guid(aeb9c6adc7c3b15489f7986476f74434) Importer(815301076,1909f56bfc062723c751e8b465ee728b)
Start importing Assets/PolygonSciFiWorlds/Textures/Misc/Dirt_Tex.png using Guid(aeb9c6adc7c3b15489f7986476f74434) Importer(815301076,1909f56bfc062723c751e8b465ee728b)  -> (artifact id: '86aced4a6543073718228446b98311d0') in 0.009634 seconds
Number of updated asset objects reloaded before import = 0
Number of asset objects unloaded after import = 2
========================================================================
Received Import Request.
  Time since last request: 0.000048 seconds.
  path: Assets/PolygonSciFiWorlds/Textures/Misc/Metal_Rust.png
  artifactKey: Guid(140daba61454ce74392be6b1d9606171) Importer(815301076,1909f56bfc062723c751e8b465ee728b)
Start importing Assets/PolygonSciFiWorlds/Textures/Misc/Metal_Rust.png using Guid(140daba61454ce74392be6b1d9606171) Importer(815301076,1909f56bfc062723c751e8b465ee728b)  -> (artifact id: '7a5a5d0e66d2ceeb39ab6d42ce0ced07') in 0.005078 seconds
Number of updated asset objects reloaded before import = 0
Number of asset objects unloaded after import = 2
========================================================================
Received Import Request.
  Time since last request: 0.000098 seconds.
  path: Assets/PolygonSciFiWorlds/Textures/Misc/Metal_Greeble_01.png
  artifactKey: Guid(0ef30d816ab73d7499891015ae4f4b0a) Importer(815301076,1909f56bfc062723c751e8b465ee728b)
Start importing Assets/PolygonSciFiWorlds/Textures/Misc/Metal_Greeble_01.png using Guid(0ef30d816ab73d7499891015ae4f4b0a) Importer(815301076,1909f56bfc062723c751e8b465ee728b)  -> (artifact id: 'dc4e4452a49bc0c864fd86326ac0a484') in 0.002999 seconds
Number of updated asset objects reloaded before import = 0
Number of asset objects unloaded after import = 2
========================================================================
Received Import Request.
  Time since last request: 0.000107 seconds.
  path: Assets/PolygonSciFiWorlds/Textures/Misc/Junk_Texture_01.png
  artifactKey: Guid(d80f6572bd6113748998fe17e97bf2b7) Importer(815301076,1909f56bfc062723c751e8b465ee728b)
Start importing Assets/PolygonSciFiWorlds/Textures/Misc/Junk_Texture_01.png using Guid(d80f6572bd6113748998fe17e97bf2b7) Importer(815301076,1909f56bfc062723c751e8b465ee728b)  -> (artifact id: 'c52b71cbd648e467e1e8a272931dd6df') in 0.006743 seconds
Number of updated asset objects reloaded before import = 0
Number of asset objects unloaded after import = 2
Editor requested this worker to shutdown with reason: Scaling down because of idle timeout
TcpMessagingSession - receive error: operation aborted. errorcode: 89, details: Operation aborted.
AssetImportWorker is now disconnected from the server
Process exiting
