Unity Editor version:    2022.3.21f1 (bf09ca542b87)
Branch:                  2022.3/staging
Build type:              Release
Batch mode:              YES
macOS version:           Version 14.1 (Build 23B2073)
Darwin version:          23.1.0
Architecture:            arm64
Running under Rosetta:   NO
Available memory:        36864 MB
Using pre-set license
Pro License: YES

COMMAND LINE ARGUMENTS:
/Applications/Unity/Hub/Editor/2022.3.21f1/Unity.app/Contents/MacOS/Unity
-adb2
-batchMode
-noUpm
-name
AssetImportWorker1
-projectPath
/Users/konarknavare/Documents/GitHub/GameDev-Project/GameDevProject4
-logFile
Logs/AssetImportWorker1.log
-srvPort
55265
Successfully changed project path to: /Users/konarknavare/Documents/GitHub/GameDev-Project/GameDevProject4
/Users/konarknavare/Documents/GitHub/GameDev-Project/GameDevProject4
[UnityMemory] Configuration Parameters - Can be set up in boot.config
    "memorysetup-bucket-allocator-granularity=16"
    "memorysetup-bucket-allocator-bucket-count=8"
    "memorysetup-bucket-allocator-block-size=33554432"
    "memorysetup-bucket-allocator-block-count=8"
    "memorysetup-main-allocator-block-size=16777216"
    "memorysetup-thread-allocator-block-size=16777216"
    "memorysetup-gfx-main-allocator-block-size=16777216"
    "memorysetup-gfx-thread-allocator-block-size=16777216"
    "memorysetup-cache-allocator-block-size=4194304"
    "memorysetup-typetree-allocator-block-size=2097152"
    "memorysetup-profiler-bucket-allocator-granularity=16"
    "memorysetup-profiler-bucket-allocator-bucket-count=8"
    "memorysetup-profiler-bucket-allocator-block-size=33554432"
    "memorysetup-profiler-bucket-allocator-block-count=8"
    "memorysetup-profiler-allocator-block-size=16777216"
    "memorysetup-profiler-editor-allocator-block-size=1048576"
    "memorysetup-temp-allocator-size-main=16777216"
    "memorysetup-job-temp-allocator-block-size=2097152"
    "memorysetup-job-temp-allocator-block-size-background=1048576"
    "memorysetup-job-temp-allocator-reduction-small-platforms=262144"
    "memorysetup-allocator-temp-initial-block-size-main=262144"
    "memorysetup-allocator-temp-initial-block-size-worker=262144"
    "memorysetup-temp-allocator-size-background-worker=32768"
    "memorysetup-temp-allocator-size-job-worker=262144"
    "memorysetup-temp-allocator-size-preload-manager=33554432"
    "memorysetup-temp-allocator-size-nav-mesh-worker=65536"
    "memorysetup-temp-allocator-size-audio-worker=65536"
    "memorysetup-temp-allocator-size-cloud-worker=32768"
    "memorysetup-temp-allocator-size-gi-baking-worker=262144"
    "memorysetup-temp-allocator-size-gfx=262144"
Player connection [8023629504] Host "[IP] 172.16.70.58 [Port] 0 [Flags] 2 [Guid] 328707270 [EditorId] 328707270 [Version] 1048832 [Id] OSXEditor(0,MacBook-Pro-3.local) [Debug] 1 [PackageName] OSXEditor [ProjectName] Editor" joined multi-casting on [225.0.0.222:54997]...

Player connection [8023629504] Host "[IP] 172.16.70.58 [Port] 0 [Flags] 2 [Guid] 328707270 [EditorId] 328707270 [Version] 1048832 [Id] OSXEditor(0,MacBook-Pro-3.local) [Debug] 1 [PackageName] OSXEditor [ProjectName] Editor" joined alternative multi-casting on [225.0.0.222:34997]...

[Physics::Module] Initialized MultithreadedJobDispatcher with 11 workers.
Refreshing native plugins compatible for Editor in 3.25 ms, found 2 plugins.
Preloading 0 native plugins for Editor in 0.00 ms.
Initialize engine version: 2022.3.21f1 (bf09ca542b87)
[Subsystems] Discovering subsystems at path /Applications/Unity/Hub/Editor/2022.3.21f1/Unity.app/Contents/Resources/UnitySubsystems
[Subsystems] Discovering subsystems at path /Users/konarknavare/Documents/GitHub/GameDev-Project/GameDevProject4/Assets
GfxDevice: creating device client; threaded=0; jobified=0
 preferred device: Apple M3 Pro (high power)
Metal devices available: 1
0: Apple M3 Pro (high power)
Using device Apple M3 Pro (high power)
Initializing Metal device caps: Apple M3 Pro
Initialize mono
Mono path[0] = '/Applications/Unity/Hub/Editor/2022.3.21f1/Unity.app/Contents/Managed'
Mono path[1] = '/Applications/Unity/Hub/Editor/2022.3.21f1/Unity.app/Contents/MonoBleedingEdge/lib/mono/unityjit-macos'
Mono config path = '/Applications/Unity/Hub/Editor/2022.3.21f1/Unity.app/Contents/MonoBleedingEdge/etc'
Using monoOptions --debugger-agent=transport=dt_socket,embedding=1,server=y,suspend=n,address=127.0.0.1:56740
Begin MonoManager ReloadAssembly
Registering precompiled unity dll's ...
Register platform support module: /Applications/Unity/Hub/Editor/2022.3.21f1/PlaybackEngines/WebGLSupport/UnityEditor.WebGL.Extensions.dll
Register platform support module: /Applications/Unity/Hub/Editor/2022.3.21f1/Unity.app/Contents/PlaybackEngines/MacStandaloneSupport/UnityEditor.OSXStandalone.Extensions.dll
Register platform support module: /Applications/Unity/Hub/Editor/2022.3.21f1/PlaybackEngines/WindowsStandaloneSupport/UnityEditor.WindowsStandalone.Extensions.dll
Registered in 0.001934 seconds.
- Loaded All Assemblies, in  0.176 seconds
Native extension for WindowsStandalone target not found
Native extension for OSXStandalone target not found
Native extension for WebGL target not found
Mono: successfully reloaded assembly
- Finished resetting the current domain, in  0.138 seconds
Domain Reload Profiling: 314ms
	BeginReloadAssembly (38ms)
		ExecutionOrderSort (0ms)
		DisableScriptedObjects (0ms)
		BackupInstance (0ms)
		ReleaseScriptingObjects (0ms)
		CreateAndSetChildDomain (0ms)
	RebuildCommonClasses (20ms)
	RebuildNativeTypeToScriptingClass (7ms)
	initialDomainReloadingComplete (27ms)
	LoadAllAssembliesAndSetupDomain (84ms)
		LoadAssemblies (38ms)
		RebuildTransferFunctionScriptingTraits (0ms)
		AnalyzeDomain (83ms)
			TypeCache.Refresh (82ms)
				TypeCache.ScanAssembly (74ms)
			ScanForSourceGeneratedMonoScriptInfo (0ms)
			ResolveRequiredComponents (0ms)
	FinalizeReload (138ms)
		ReleaseScriptCaches (0ms)
		RebuildScriptCaches (0ms)
		SetupLoadedEditorAssemblies (105ms)
			LogAssemblyErrors (0ms)
			InitializePlatformSupportModulesInManaged (5ms)
			SetLoadedEditorAssemblies (3ms)
			RefreshPlugins (0ms)
			BeforeProcessingInitializeOnLoad (1ms)
			ProcessInitializeOnLoadAttributes (73ms)
			ProcessInitializeOnLoadMethodAttributes (23ms)
			AfterProcessingInitializeOnLoad (0ms)
			EditorAssembliesLoaded (0ms)
		ExecutionOrderSort2 (0ms)
		AwakeInstancesAfterBackupRestoration (0ms)
========================================================================
Worker process is ready to serve import requests
Begin MonoManager ReloadAssembly
Symbol file LoadedFromMemory is not a mono symbol file
- Loaded All Assemblies, in  0.394 seconds
Refreshing native plugins compatible for Editor in 1.96 ms, found 2 plugins.
Native extension for WindowsStandalone target not found
Native extension for OSXStandalone target not found
Native extension for WebGL target not found
Package Manager log level set to [2]
[Package Manager] Server::EnsureServerProcessIsRunning -- launch failed, reason: Unity was launched with the -noUpm command-line argument
[Package Manager] UpmClient::Send -- Unable to send message (not connected to UPM process).
[Package Manager] Cannot connect to Unity Package Manager local server
Mono: successfully reloaded assembly
- Finished resetting the current domain, in  0.487 seconds
Domain Reload Profiling: 882ms
	BeginReloadAssembly (63ms)
		ExecutionOrderSort (0ms)
		DisableScriptedObjects (3ms)
		BackupInstance (0ms)
		ReleaseScriptingObjects (0ms)
		CreateAndSetChildDomain (14ms)
	RebuildCommonClasses (20ms)
	RebuildNativeTypeToScriptingClass (7ms)
	initialDomainReloadingComplete (20ms)
	LoadAllAssembliesAndSetupDomain (284ms)
		LoadAssemblies (186ms)
		RebuildTransferFunctionScriptingTraits (0ms)
		AnalyzeDomain (125ms)
			TypeCache.Refresh (110ms)
				TypeCache.ScanAssembly (97ms)
			ScanForSourceGeneratedMonoScriptInfo (11ms)
			ResolveRequiredComponents (3ms)
	FinalizeReload (488ms)
		ReleaseScriptCaches (0ms)
		RebuildScriptCaches (0ms)
		SetupLoadedEditorAssemblies (402ms)
			LogAssemblyErrors (0ms)
			InitializePlatformSupportModulesInManaged (3ms)
			SetLoadedEditorAssemblies (2ms)
			RefreshPlugins (0ms)
			BeforeProcessingInitializeOnLoad (34ms)
			ProcessInitializeOnLoadAttributes (271ms)
			ProcessInitializeOnLoadMethodAttributes (91ms)
			AfterProcessingInitializeOnLoad (1ms)
			EditorAssembliesLoaded (0ms)
		ExecutionOrderSort2 (0ms)
		AwakeInstancesAfterBackupRestoration (2ms)
Launching external process: /Applications/Unity/Hub/Editor/2022.3.21f1/Unity.app/Contents/Tools/UnityShaderCompiler
Launched and connected shader compiler UnityShaderCompiler after 0.04 seconds
Refreshing native plugins compatible for Editor in 1.98 ms, found 2 plugins.
Preloading 0 native plugins for Editor in 0.00 ms.
Unloading 4448 Unused Serialized files (Serialized files now loaded: 0)
Unloading 85 unused Assets / (141.1 KB). Loaded Objects now: 4887.
Memory consumption went from 171.7 MB to 171.5 MB.
Total: 6.632042 ms (FindLiveObjects: 0.149084 ms CreateObjectMapping: 0.047250 ms MarkObjects: 6.242625 ms  DeleteObjects: 0.192542 ms)

AssetImportParameters requested are different than current active one (requested -> active):
  custom:container-demuxer-ogg: 62fdf1f143b41e24485cea50d1cbac27 -> 
  custom:video-decoder-ogg-theora: a1e56fd34408186e4bbccfd4996cb3dc -> 
  custom:CustomObjectIndexerAttribute: 9a22284fe3817be447336de3de66b15e -> 
  custom:container-demuxer-webm: 4f35f7cbe854078d1ac9338744f61a02 -> 
  custom:container-muxer-webm: aa71ff27fc2769a1b78a27578f13a17b -> 
  custom:video-decoder-webm-vp8: 9c59270c3fd7afecdb556c50c9e8de78 -> 
  custom:SearchIndexIgnoredProperties: e643bd26f0fe6173181afceb89e7c659 -> 
  custom:AudioImporter_EditorPlatform: 3918e3fc78b5a79bad01e8451be0beb8 -> 
  custom:framework-osx-AVFoundation: e770b220cccbd017edd2c1fefb359320 -> 
  custom:video-encoder-webm-vp8: eb34c28f22e8b96e1ab97ce403110664 -> 
  custom:audio-decoder-ogg-vorbis: bf7c407c2cedff20999df2af8eb42d56 -> 
  custom:audio-encoder-webm-vorbis: bf7c407c2cedff20999df2af8eb42d56 -> 
========================================================================
Received Import Request.
  Time since last request: 808425.553811 seconds.
  path: Assets/PolygonSciFiWorlds/Prefabs/FX/Models/FX_Bubble_Half_01.fbx
  artifactKey: Guid(7cdc104a6298fda488e4bfe407670212) Importer(815301076,1909f56bfc062723c751e8b465ee728b)
Start importing Assets/PolygonSciFiWorlds/Prefabs/FX/Models/FX_Bubble_Half_01.fbx using Guid(7cdc104a6298fda488e4bfe407670212) Importer(815301076,1909f56bfc062723c751e8b465ee728b)  -> (artifact id: '2aa209ad29d5963afa17c436b0317229') in 0.148035 seconds
Number of updated asset objects reloaded before import = 0
Number of asset objects unloaded after import = 10
========================================================================
Received Import Request.
  Time since last request: 0.000031 seconds.
  path: Assets/PolygonSciFiWorlds/Models/SM_Bld_Bridge_Mining_Laser_01.fbx
  artifactKey: Guid(5b8504ed70e0bc244832094e10454168) Importer(815301076,1909f56bfc062723c751e8b465ee728b)
Start importing Assets/PolygonSciFiWorlds/Models/SM_Bld_Bridge_Mining_Laser_01.fbx using Guid(5b8504ed70e0bc244832094e10454168) Importer(815301076,1909f56bfc062723c751e8b465ee728b)  -> (artifact id: 'c0c38e43e9350e801ff30006c6f952bc') in 0.008200 seconds
Number of updated asset objects reloaded before import = 0
Number of asset objects unloaded after import = 7
========================================================================
Received Import Request.
  Time since last request: 0.000088 seconds.
  path: Assets/PolygonSciFiWorlds/Models/SM_Bld_Bridge_End_01.fbx
  artifactKey: Guid(c656e9f0a6f3e314b8ded02cdd0544a6) Importer(815301076,1909f56bfc062723c751e8b465ee728b)
Start importing Assets/PolygonSciFiWorlds/Models/SM_Bld_Bridge_End_01.fbx using Guid(c656e9f0a6f3e314b8ded02cdd0544a6) Importer(815301076,1909f56bfc062723c751e8b465ee728b)  -> (artifact id: 'c36f8c754e2b668d51ecc312628a5b17') in 0.005772 seconds
Number of updated asset objects reloaded before import = 0
Number of asset objects unloaded after import = 7
========================================================================
Received Import Request.
  Time since last request: 0.000153 seconds.
  path: Assets/PolygonSciFiWorlds/Models/FX_Cylinder_01.fbx
  artifactKey: Guid(4a8561c9ab5ff524b95e1624b126490e) Importer(815301076,1909f56bfc062723c751e8b465ee728b)
Start importing Assets/PolygonSciFiWorlds/Models/FX_Cylinder_01.fbx using Guid(4a8561c9ab5ff524b95e1624b126490e) Importer(815301076,1909f56bfc062723c751e8b465ee728b)  -> (artifact id: '15bfa04e377cde536a273d433162198d') in 0.006661 seconds
Number of updated asset objects reloaded before import = 0
Number of asset objects unloaded after import = 7
========================================================================
Received Import Request.
  Time since last request: 0.000033 seconds.
  path: Assets/PolygonSciFiWorlds/Models/SM_Bld_Bridge_01.fbx
  artifactKey: Guid(5c6484b362ef714498d5e9f807b467a9) Importer(815301076,1909f56bfc062723c751e8b465ee728b)
Start importing Assets/PolygonSciFiWorlds/Models/SM_Bld_Bridge_01.fbx using Guid(5c6484b362ef714498d5e9f807b467a9) Importer(815301076,1909f56bfc062723c751e8b465ee728b)  -> (artifact id: '5af16e2f63c703dc6d98f278f7a5fd22') in 0.006143 seconds
Number of updated asset objects reloaded before import = 0
Number of asset objects unloaded after import = 7
========================================================================
Received Import Request.
  Time since last request: 0.000032 seconds.
  path: Assets/PolygonSciFiWorlds/Models/SM_Bld_Bridge_Rail_End_01.fbx
  artifactKey: Guid(722a12f145f7b9945a4ac20055d93513) Importer(815301076,1909f56bfc062723c751e8b465ee728b)
Start importing Assets/PolygonSciFiWorlds/Models/SM_Bld_Bridge_Rail_End_01.fbx using Guid(722a12f145f7b9945a4ac20055d93513) Importer(815301076,1909f56bfc062723c751e8b465ee728b)  -> (artifact id: 'daf3f3d229f3cf911de15d408f97235f') in 0.005631 seconds
Number of updated asset objects reloaded before import = 0
Number of asset objects unloaded after import = 7
========================================================================
Received Import Request.
  Time since last request: 0.329103 seconds.
  path: Assets/PolygonSciFiWorlds/Models/SM_Bld_Core_Antenna_Greeble_01.fbx
  artifactKey: Guid(5532b82bc89a63d4a8a864f123716096) Importer(815301076,1909f56bfc062723c751e8b465ee728b)
Start importing Assets/PolygonSciFiWorlds/Models/SM_Bld_Core_Antenna_Greeble_01.fbx using Guid(5532b82bc89a63d4a8a864f123716096) Importer(815301076,1909f56bfc062723c751e8b465ee728b)  -> (artifact id: '844c5d7a01ff2eccfdca0500fd10ab83') in 0.006616 seconds
Number of updated asset objects reloaded before import = 0
Number of asset objects unloaded after import = 7
========================================================================
Received Import Request.
  Time since last request: 0.000083 seconds.
  path: Assets/PolygonSciFiWorlds/Models/SM_Bld_Core_Vent_Tunnel_01.fbx
  artifactKey: Guid(9efc8292a01f9fc449751df8e2d0edc7) Importer(815301076,1909f56bfc062723c751e8b465ee728b)
Start importing Assets/PolygonSciFiWorlds/Models/SM_Bld_Core_Vent_Tunnel_01.fbx using Guid(9efc8292a01f9fc449751df8e2d0edc7) Importer(815301076,1909f56bfc062723c751e8b465ee728b)  -> (artifact id: '685d438ff9715086e41eccab8f8727ba') in 0.012032 seconds
Number of updated asset objects reloaded before import = 0
Number of asset objects unloaded after import = 7
========================================================================
Received Import Request.
  Time since last request: 0.000037 seconds.
  path: Assets/PolygonSciFiWorlds/Models/SM_Bld_Core_Vent_01.fbx
  artifactKey: Guid(e0b399d34ef4d56449c5e44fd0fe8aa0) Importer(815301076,1909f56bfc062723c751e8b465ee728b)
Start importing Assets/PolygonSciFiWorlds/Models/SM_Bld_Core_Vent_01.fbx using Guid(e0b399d34ef4d56449c5e44fd0fe8aa0) Importer(815301076,1909f56bfc062723c751e8b465ee728b)  -> (artifact id: '394900447f4f4f4a6c15967422815cd6') in 0.006124 seconds
Number of updated asset objects reloaded before import = 0
Number of asset objects unloaded after import = 7
========================================================================
Received Import Request.
  Time since last request: 0.000107 seconds.
  path: Assets/PolygonSciFiWorlds/Models/SM_Bld_Core_Observation_Greeble_Pipe_Base_01.fbx
  artifactKey: Guid(db82c0561a7591a4e8aa67c7f33b4929) Importer(815301076,1909f56bfc062723c751e8b465ee728b)
Start importing Assets/PolygonSciFiWorlds/Models/SM_Bld_Core_Observation_Greeble_Pipe_Base_01.fbx using Guid(db82c0561a7591a4e8aa67c7f33b4929) Importer(815301076,1909f56bfc062723c751e8b465ee728b)  -> (artifact id: '606b0b52a148767160ad06580201c924') in 0.005561 seconds
Number of updated asset objects reloaded before import = 0
Number of asset objects unloaded after import = 7
========================================================================
Received Import Request.
  Time since last request: 0.433363 seconds.
  path: Assets/PolygonSciFiWorlds/Models/Collision/Custom/SM_Bld_Corp_Comms_01_Collision.fbx
  artifactKey: Guid(50e45177310e07846b3f11fe88aa2993) Importer(815301076,1909f56bfc062723c751e8b465ee728b)
Start importing Assets/PolygonSciFiWorlds/Models/Collision/Custom/SM_Bld_Corp_Comms_01_Collision.fbx using Guid(50e45177310e07846b3f11fe88aa2993) Importer(815301076,1909f56bfc062723c751e8b465ee728b)  -> (artifact id: '3f3c6a5ac7fa0bc97f70b8d7ccf9a0b7') in 0.012295 seconds
Number of updated asset objects reloaded before import = 0
Number of asset objects unloaded after import = 7
========================================================================
Received Import Request.
  Time since last request: 0.000042 seconds.
  path: Assets/PolygonSciFiWorlds/Models/SM_Bld_Corp_Control_Tower_01.fbx
  artifactKey: Guid(50e82a10df86f394fbf3884e53ab79ca) Importer(815301076,1909f56bfc062723c751e8b465ee728b)
Start importing Assets/PolygonSciFiWorlds/Models/SM_Bld_Corp_Control_Tower_01.fbx using Guid(50e82a10df86f394fbf3884e53ab79ca) Importer(815301076,1909f56bfc062723c751e8b465ee728b)  -> (artifact id: '5a8f7905cdb378dd79396133943da9f8') in 0.015208 seconds
Number of updated asset objects reloaded before import = 0
Number of asset objects unloaded after import = 12
========================================================================
Received Import Request.
  Time since last request: 0.000061 seconds.
  path: Assets/PolygonSciFiWorlds/Models/SM_Bld_Corp_Containment_01.fbx
  artifactKey: Guid(4ef9a907820b8ff43a34c369d32dd11c) Importer(815301076,1909f56bfc062723c751e8b465ee728b)
Start importing Assets/PolygonSciFiWorlds/Models/SM_Bld_Corp_Containment_01.fbx using Guid(4ef9a907820b8ff43a34c369d32dd11c) Importer(815301076,1909f56bfc062723c751e8b465ee728b)  -> (artifact id: '0f760f65cd25798b5c3446613539126c') in 0.020223 seconds
Number of updated asset objects reloaded before import = 0
Number of asset objects unloaded after import = 17
========================================================================
Received Import Request.
  Time since last request: 0.000068 seconds.
  path: Assets/PolygonSciFiWorlds/Models/SM_Bld_Corp_LandingPad_02.fbx
  artifactKey: Guid(3910fda9fc155c04e92e0f7e4652b192) Importer(815301076,1909f56bfc062723c751e8b465ee728b)
Start importing Assets/PolygonSciFiWorlds/Models/SM_Bld_Corp_LandingPad_02.fbx using Guid(3910fda9fc155c04e92e0f7e4652b192) Importer(815301076,1909f56bfc062723c751e8b465ee728b)  -> (artifact id: 'f265e2ec8cec1cc248d23b130a28e618') in 0.011596 seconds
Number of updated asset objects reloaded before import = 0
Number of asset objects unloaded after import = 7
========================================================================
Received Import Request.
  Time since last request: 0.000034 seconds.
  path: Assets/PolygonSciFiWorlds/Models/Collision/Custom/SM_Bld_Corp_Loading_Bay_01_Collision.fbx
  artifactKey: Guid(c23cb464b47615946989afabc365974a) Importer(815301076,1909f56bfc062723c751e8b465ee728b)
Start importing Assets/PolygonSciFiWorlds/Models/Collision/Custom/SM_Bld_Corp_Loading_Bay_01_Collision.fbx using Guid(c23cb464b47615946989afabc365974a) Importer(815301076,1909f56bfc062723c751e8b465ee728b)  -> (artifact id: 'eaa3fd6bd92621e1a396b4a2e59354ea') in 0.008292 seconds
Number of updated asset objects reloaded before import = 0
Number of asset objects unloaded after import = 7
========================================================================
Received Import Request.
  Time since last request: 0.000028 seconds.
  path: Assets/PolygonSciFiWorlds/Models/SM_Bld_Corp_LandingPad_01.fbx
  artifactKey: Guid(f9fa8d8ff6aaacd4b8821f25aad8ac50) Importer(815301076,1909f56bfc062723c751e8b465ee728b)
Start importing Assets/PolygonSciFiWorlds/Models/SM_Bld_Corp_LandingPad_01.fbx using Guid(f9fa8d8ff6aaacd4b8821f25aad8ac50) Importer(815301076,1909f56bfc062723c751e8b465ee728b)  -> (artifact id: '852c4f7199ea4aa47d37d37869e0b529') in 0.017203 seconds
Number of updated asset objects reloaded before import = 0
Number of asset objects unloaded after import = 12
========================================================================
Received Import Request.
  Time since last request: 0.000088 seconds.
  path: Assets/PolygonSciFiWorlds/Models/Collision/Custom/SM_Bld_Corp_LandingPad_02_Collision.fbx
  artifactKey: Guid(3cc4b107b1520d540843a8d1d9b8491f) Importer(815301076,1909f56bfc062723c751e8b465ee728b)
Start importing Assets/PolygonSciFiWorlds/Models/Collision/Custom/SM_Bld_Corp_LandingPad_02_Collision.fbx using Guid(3cc4b107b1520d540843a8d1d9b8491f) Importer(815301076,1909f56bfc062723c751e8b465ee728b)  -> (artifact id: 'df8f25845bc8a4334fed4985b9e7f9a5') in 0.007345 seconds
Number of updated asset objects reloaded before import = 0
Number of asset objects unloaded after import = 7
========================================================================
Received Import Request.
  Time since last request: 0.000030 seconds.
  path: Assets/PolygonSciFiWorlds/Models/Collision/Custom/SM_Bld_Corp_Control_Tower_01_Collision.fbx
  artifactKey: Guid(d9bffb85d47e1a94298801accdd5d327) Importer(815301076,1909f56bfc062723c751e8b465ee728b)
Start importing Assets/PolygonSciFiWorlds/Models/Collision/Custom/SM_Bld_Corp_Control_Tower_01_Collision.fbx using Guid(d9bffb85d47e1a94298801accdd5d327) Importer(815301076,1909f56bfc062723c751e8b465ee728b)  -> (artifact id: '073b61de53056164aecef28e13c412e6') in 0.008662 seconds
Number of updated asset objects reloaded before import = 0
Number of asset objects unloaded after import = 7
========================================================================
Received Import Request.
  Time since last request: 0.000062 seconds.
  path: Assets/PolygonSciFiWorlds/Models/SM_Bld_Corp_Platform_01.fbx
  artifactKey: Guid(3ea79825a1c74ed4584dca43d02c5ad0) Importer(815301076,1909f56bfc062723c751e8b465ee728b)
Start importing Assets/PolygonSciFiWorlds/Models/SM_Bld_Corp_Platform_01.fbx using Guid(3ea79825a1c74ed4584dca43d02c5ad0) Importer(815301076,1909f56bfc062723c751e8b465ee728b)  -> (artifact id: 'b4b63afe24ac702fb7c3066eb67dd3ab') in 0.044996 seconds
Number of updated asset objects reloaded before import = 0
Number of asset objects unloaded after import = 47
========================================================================
Received Import Request.
  Time since last request: 3.112460 seconds.
  path: Packages/com.unity.ads/Editor/DevX/UXML/AdsServiceGettingStarted.uxml
  artifactKey: Guid(36a0d3e3b68a24f33bc94a0305851df5) Importer(815301076,1909f56bfc062723c751e8b465ee728b)
Start importing Packages/com.unity.ads/Editor/DevX/UXML/AdsServiceGettingStarted.uxml using Guid(36a0d3e3b68a24f33bc94a0305851df5) Importer(815301076,1909f56bfc062723c751e8b465ee728b)  -> (artifact id: '2dee4a2440147e92484128ad6b520983') in 0.003729 seconds
Number of updated asset objects reloaded before import = 0
Number of asset objects unloaded after import = 2
========================================================================
Received Import Request.
  Time since last request: 0.466457 seconds.
  path: Assets/PolygonSciFiWorlds/Models/SM_Chr_Attach_Helmet_Space_02.fbx
  artifactKey: Guid(d9eb05bcd26acf44682c99d7a94807f0) Importer(815301076,1909f56bfc062723c751e8b465ee728b)
Start importing Assets/PolygonSciFiWorlds/Models/SM_Chr_Attach_Helmet_Space_02.fbx using Guid(d9eb05bcd26acf44682c99d7a94807f0) Importer(815301076,1909f56bfc062723c751e8b465ee728b)  -> (artifact id: 'c59f2d5d31e934246c84bf389e0c980d') in 0.031667 seconds
Number of updated asset objects reloaded before import = 0
Number of asset objects unloaded after import = 12
========================================================================
Received Import Request.
  Time since last request: 0.000038 seconds.
  path: Assets/PolygonSciFiWorlds/Models/SM_Chr_Attach_Helmet_Space_04.fbx
  artifactKey: Guid(cd1d9f232413c6a4b903fd5ed375cd62) Importer(815301076,1909f56bfc062723c751e8b465ee728b)
Start importing Assets/PolygonSciFiWorlds/Models/SM_Chr_Attach_Helmet_Space_04.fbx using Guid(cd1d9f232413c6a4b903fd5ed375cd62) Importer(815301076,1909f56bfc062723c751e8b465ee728b)  -> (artifact id: '15447a7cb68d6d461e7cd1324289ca69') in 0.018358 seconds
Number of updated asset objects reloaded before import = 0
Number of asset objects unloaded after import = 12
========================================================================
Received Import Request.
  Time since last request: 0.000036 seconds.
  path: Assets/PolygonSciFiWorlds/Models/SM_Chr_Attach_Helmet_Space_03.fbx
  artifactKey: Guid(f644a34e616870d4c93d65912852e50b) Importer(815301076,1909f56bfc062723c751e8b465ee728b)
Start importing Assets/PolygonSciFiWorlds/Models/SM_Chr_Attach_Helmet_Space_03.fbx using Guid(f644a34e616870d4c93d65912852e50b) Importer(815301076,1909f56bfc062723c751e8b465ee728b)  -> (artifact id: 'a54e9e150a1690e780d8378e11dafdc4') in 0.018901 seconds
Number of updated asset objects reloaded before import = 0
Number of asset objects unloaded after import = 12
========================================================================
Received Import Request.
  Time since last request: 0.000074 seconds.
  path: Assets/PolygonSciFiWorlds/Prefabs/Characters/Attachments/SM_Chr_Attach_Helmet_Space_06.prefab
  artifactKey: Guid(0d24c6df67739894aad0899950615c33) Importer(815301076,1909f56bfc062723c751e8b465ee728b)
Start importing Assets/PolygonSciFiWorlds/Prefabs/Characters/Attachments/SM_Chr_Attach_Helmet_Space_06.prefab using Guid(0d24c6df67739894aad0899950615c33) Importer(815301076,1909f56bfc062723c751e8b465ee728b)  -> (artifact id: 'f6ccfaecea06c342fc18c43b40aeaa8c') in 0.527241 seconds
Number of updated asset objects reloaded before import = 0
Number of asset objects unloaded after import = 19
========================================================================
Received Import Request.
  Time since last request: 0.000067 seconds.
  path: Assets/PolygonSciFiWorlds/Prefabs/Characters/Attachments/SM_Chr_Attach_Helmet_Space_02.prefab
  artifactKey: Guid(dcfff6c609888b84cb4ea0dbf5442821) Importer(815301076,1909f56bfc062723c751e8b465ee728b)
Start importing Assets/PolygonSciFiWorlds/Prefabs/Characters/Attachments/SM_Chr_Attach_Helmet_Space_02.prefab using Guid(dcfff6c609888b84cb4ea0dbf5442821) Importer(815301076,1909f56bfc062723c751e8b465ee728b)  -> (artifact id: 'b7b96dd4a66ea8a3871cc62005b57f4d') in 0.063889 seconds
Number of updated asset objects reloaded before import = 0
Number of asset objects unloaded after import = 19
========================================================================
Received Import Request.
  Time since last request: 1.339425 seconds.
  path: Assets/PolygonSciFiWorlds/Models/Collision/Convex/SM_Env_Plant_Balloon_01_Convex.asset
  artifactKey: Guid(e6824357878a4bd4ba3a04c978f9b127) Importer(815301076,1909f56bfc062723c751e8b465ee728b)
Start importing Assets/PolygonSciFiWorlds/Models/Collision/Convex/SM_Env_Plant_Balloon_01_Convex.asset using Guid(e6824357878a4bd4ba3a04c978f9b127) Importer(815301076,1909f56bfc062723c751e8b465ee728b)  -> (artifact id: 'a48f1b9f90ee4375bd6c6788df0cf770') in 0.041493 seconds
Number of updated asset objects reloaded before import = 0
Number of asset objects unloaded after import = 2
========================================================================
Received Import Request.
  Time since last request: 0.000077 seconds.
  path: Assets/PolygonSciFiWorlds/Prefabs/Environments/SM_Env_Plant_Balloon_02.prefab
  artifactKey: Guid(ca24683c49fc29d4fb26b9a1d2dc0157) Importer(815301076,1909f56bfc062723c751e8b465ee728b)
Start importing Assets/PolygonSciFiWorlds/Prefabs/Environments/SM_Env_Plant_Balloon_02.prefab using Guid(ca24683c49fc29d4fb26b9a1d2dc0157) Importer(815301076,1909f56bfc062723c751e8b465ee728b)  -> (artifact id: '9eebb9f9e8e3050c0828548fb409df04') in 0.073774 seconds
Number of updated asset objects reloaded before import = 0
Number of asset objects unloaded after import = 13
========================================================================
Received Import Request.
  Time since last request: 0.000038 seconds.
  path: Assets/PolygonSciFiWorlds/Models/SM_Env_Plant_Balloon_02.fbx
  artifactKey: Guid(331fb06c690639c468caa923addc03f2) Importer(815301076,1909f56bfc062723c751e8b465ee728b)
Start importing Assets/PolygonSciFiWorlds/Models/SM_Env_Plant_Balloon_02.fbx using Guid(331fb06c690639c468caa923addc03f2) Importer(815301076,1909f56bfc062723c751e8b465ee728b)  -> (artifact id: '3dc056fe3ecdcd4fd11f73892dd971f4') in 0.028268 seconds
Number of updated asset objects reloaded before import = 0
Number of asset objects unloaded after import = 7
========================================================================
Received Import Request.
  Time since last request: 0.000057 seconds.
  path: Assets/PolygonSciFiWorlds/Prefabs/Environments/SM_Env_Plant_Balloon_Group_01.prefab
  artifactKey: Guid(9a5f7f4b06ed92e4499991ab4cc62026) Importer(815301076,1909f56bfc062723c751e8b465ee728b)
Start importing Assets/PolygonSciFiWorlds/Prefabs/Environments/SM_Env_Plant_Balloon_Group_01.prefab using Guid(9a5f7f4b06ed92e4499991ab4cc62026) Importer(815301076,1909f56bfc062723c751e8b465ee728b)  -> (artifact id: '674ca11ca0ca72787107cf5204631249') in 0.069571 seconds
Number of updated asset objects reloaded before import = 0
Number of asset objects unloaded after import = 13
========================================================================
Received Import Request.
  Time since last request: 0.000042 seconds.
  path: Assets/PolygonSciFiWorlds/Models/SM_Env_Plant_Balloon_04.fbx
  artifactKey: Guid(876f1a0e6822c704db6d0013ed2e3dd0) Importer(815301076,1909f56bfc062723c751e8b465ee728b)
Start importing Assets/PolygonSciFiWorlds/Models/SM_Env_Plant_Balloon_04.fbx using Guid(876f1a0e6822c704db6d0013ed2e3dd0) Importer(815301076,1909f56bfc062723c751e8b465ee728b)  -> (artifact id: 'f1a4ba153bbd6650010f68efb9b98ac3') in 0.011016 seconds
Number of updated asset objects reloaded before import = 0
Number of asset objects unloaded after import = 7
========================================================================
Received Import Request.
  Time since last request: 1.762028 seconds.
  path: Assets/PolygonSciFiWorlds/Models/Collision/Convex/SM_Env_Plant_Balloon_Group_03_Convex.asset
  artifactKey: Guid(4fd5ccc1b3d5eaf438c9ce24f1b057f6) Importer(815301076,1909f56bfc062723c751e8b465ee728b)
Start importing Assets/PolygonSciFiWorlds/Models/Collision/Convex/SM_Env_Plant_Balloon_Group_03_Convex.asset using Guid(4fd5ccc1b3d5eaf438c9ce24f1b057f6) Importer(815301076,1909f56bfc062723c751e8b465ee728b)  -> (artifact id: '14a03173682b2e20a5a741d0485d7f4b') in 0.015124 seconds
Number of updated asset objects reloaded before import = 0
Number of asset objects unloaded after import = 2
========================================================================
Received Import Request.
  Time since last request: 0.000079 seconds.
  path: Assets/PolygonSciFiWorlds/Models/SM_Env_Plant_Balloon_Tall_02.fbx
  artifactKey: Guid(bec85599abf777f40928f99c16fb6880) Importer(815301076,1909f56bfc062723c751e8b465ee728b)
Start importing Assets/PolygonSciFiWorlds/Models/SM_Env_Plant_Balloon_Tall_02.fbx using Guid(bec85599abf777f40928f99c16fb6880) Importer(815301076,1909f56bfc062723c751e8b465ee728b)  -> (artifact id: 'e0a8ceb19892ea063ca4ddf8dfdd8641') in 0.008041 seconds
Number of updated asset objects reloaded before import = 0
Number of asset objects unloaded after import = 7
========================================================================
Received Import Request.
  Time since last request: 0.000149 seconds.
  path: Assets/PolygonSciFiWorlds/Prefabs/Environments/SM_Env_Plant_Balloon_Tall_02.prefab
  artifactKey: Guid(23f4c7b05a0027945a769c2e9b0ec5cf) Importer(815301076,1909f56bfc062723c751e8b465ee728b)
Start importing Assets/PolygonSciFiWorlds/Prefabs/Environments/SM_Env_Plant_Balloon_Tall_02.prefab using Guid(23f4c7b05a0027945a769c2e9b0ec5cf) Importer(815301076,1909f56bfc062723c751e8b465ee728b)  -> (artifact id: '772cea521ad7197ac401828642fcbaa0') in 0.066250 seconds
Number of updated asset objects reloaded before import = 0
Number of asset objects unloaded after import = 13
Editor requested this worker to shutdown with reason: Scaling down because of idle timeout
TcpMessagingSession - receive error: operation aborted. errorcode: 89, details: Operation aborted.
AssetImportWorker is now disconnected from the server
Process exiting
