Using pre-set license
Built from '2022.3/staging' branch; Version is '2022.3.21f1 (bf09ca542b87) revision 12519882'; Using compiler version '192829333'; Build Type 'Release'
OS: 'Windows 11  (10.0.22631) 64bit Core' Language: 'en' Physical Memory: 16190 MB
BatchMode: 1, IsHumanControllingUs: 0, StartBugReporterOnCrash: 0, Is64bit: 1, IsPro: 1

COMMAND LINE ARGUMENTS:
C:\Program Files\Unity\Hub\Editor\2022.3.21f1\Editor\Unity.exe
-adb2
-batchMode
-noUpm
-name
AssetImportWorker6
-projectPath
C:/Users/KALAN/Desktop/GameDev Project/GameDev-Project/GameDevProject4
-logFile
Logs/AssetImportWorker6.log
-srvPort
53828
Successfully changed project path to: C:/Users/KALAN/Desktop/GameDev Project/GameDev-Project/GameDevProject4
C:/Users/KALAN/Desktop/GameDev Project/GameDev-Project/GameDevProject4
[UnityMemory] Configuration Parameters - Can be set up in boot.config
    "memorysetup-bucket-allocator-granularity=16"
    "memorysetup-bucket-allocator-bucket-count=8"
    "memorysetup-bucket-allocator-block-size=33554432"
    "memorysetup-bucket-allocator-block-count=8"
    "memorysetup-main-allocator-block-size=16777216"
    "memorysetup-thread-allocator-block-size=16777216"
    "memorysetup-gfx-main-allocator-block-size=16777216"
    "memorysetup-gfx-thread-allocator-block-size=16777216"
    "memorysetup-cache-allocator-block-size=4194304"
    "memorysetup-typetree-allocator-block-size=2097152"
    "memorysetup-profiler-bucket-allocator-granularity=16"
    "memorysetup-profiler-bucket-allocator-bucket-count=8"
    "memorysetup-profiler-bucket-allocator-block-size=33554432"
    "memorysetup-profiler-bucket-allocator-block-count=8"
    "memorysetup-profiler-allocator-block-size=16777216"
    "memorysetup-profiler-editor-allocator-block-size=1048576"
    "memorysetup-temp-allocator-size-main=16777216"
    "memorysetup-job-temp-allocator-block-size=2097152"
    "memorysetup-job-temp-allocator-block-size-background=1048576"
    "memorysetup-job-temp-allocator-reduction-small-platforms=262144"
    "memorysetup-allocator-temp-initial-block-size-main=262144"
    "memorysetup-allocator-temp-initial-block-size-worker=262144"
    "memorysetup-temp-allocator-size-background-worker=32768"
    "memorysetup-temp-allocator-size-job-worker=262144"
    "memorysetup-temp-allocator-size-preload-manager=33554432"
    "memorysetup-temp-allocator-size-nav-mesh-worker=65536"
    "memorysetup-temp-allocator-size-audio-worker=65536"
    "memorysetup-temp-allocator-size-cloud-worker=32768"
    "memorysetup-temp-allocator-size-gi-baking-worker=262144"
    "memorysetup-temp-allocator-size-gfx=262144"
Player connection [30536] Host "[IP] 100.64.4.203 [Port] 0 [Flags] 2 [Guid] 3091798454 [EditorId] 3091798454 [Version] 1048832 [Id] WindowsEditor(7,DESKTOP-VNOATM0) [Debug] 1 [PackageName] WindowsEditor [ProjectName] Editor" joined multi-casting on [225.0.0.222:54997]...

Player connection [30536] Host "[IP] 100.64.4.203 [Port] 0 [Flags] 2 [Guid] 3091798454 [EditorId] 3091798454 [Version] 1048832 [Id] WindowsEditor(7,DESKTOP-VNOATM0) [Debug] 1 [PackageName] WindowsEditor [ProjectName] Editor" joined alternative multi-casting on [225.0.0.222:34997]...

[Physics::Module] Initialized MultithreadedJobDispatcher with 11 workers.
Refreshing native plugins compatible for Editor in 59.91 ms, found 3 plugins.
Preloading 0 native plugins for Editor in 0.00 ms.
Initialize engine version: 2022.3.21f1 (bf09ca542b87)
[Subsystems] Discovering subsystems at path C:/Program Files/Unity/Hub/Editor/2022.3.21f1/Editor/Data/Resources/UnitySubsystems
[Subsystems] Discovering subsystems at path C:/Users/KALAN/Desktop/GameDev Project/GameDev-Project/GameDevProject4/Assets
GfxDevice: creating device client; threaded=0; jobified=0
Direct3D:
    Version:  Direct3D 11.0 [level 11.1]
    Renderer: NVIDIA GeForce GTX 1050 Ti (ID=0x1c82)
    Vendor:   NVIDIA
    VRAM:     4017 MB
    Driver:   31.0.15.3118
Initialize mono
Mono path[0] = 'C:/Program Files/Unity/Hub/Editor/2022.3.21f1/Editor/Data/Managed'
Mono path[1] = 'C:/Program Files/Unity/Hub/Editor/2022.3.21f1/Editor/Data/MonoBleedingEdge/lib/mono/unityjit-win32'
Mono config path = 'C:/Program Files/Unity/Hub/Editor/2022.3.21f1/Editor/Data/MonoBleedingEdge/etc'
Using monoOptions --debugger-agent=transport=dt_socket,embedding=1,server=y,suspend=n,address=127.0.0.1:56924
Begin MonoManager ReloadAssembly
Registering precompiled unity dll's ...
Register platform support module: C:/Program Files/Unity/Hub/Editor/2022.3.21f1/Editor/Data/PlaybackEngines/WindowsStandaloneSupport/UnityEditor.WindowsStandalone.Extensions.dll
Registered in 0.021454 seconds.
- Loaded All Assemblies, in  0.556 seconds
Native extension for WindowsStandalone target not found
Mono: successfully reloaded assembly
- Finished resetting the current domain, in  0.405 seconds
Domain Reload Profiling: 953ms
	BeginReloadAssembly (154ms)
		ExecutionOrderSort (0ms)
		DisableScriptedObjects (0ms)
		BackupInstance (0ms)
		ReleaseScriptingObjects (0ms)
		CreateAndSetChildDomain (1ms)
	RebuildCommonClasses (49ms)
	RebuildNativeTypeToScriptingClass (13ms)
	initialDomainReloadingComplete (101ms)
	LoadAllAssembliesAndSetupDomain (230ms)
		LoadAssemblies (150ms)
		RebuildTransferFunctionScriptingTraits (0ms)
		AnalyzeDomain (226ms)
			TypeCache.Refresh (224ms)
				TypeCache.ScanAssembly (202ms)
			ScanForSourceGeneratedMonoScriptInfo (1ms)
			ResolveRequiredComponents (1ms)
	FinalizeReload (406ms)
		ReleaseScriptCaches (0ms)
		RebuildScriptCaches (0ms)
		SetupLoadedEditorAssemblies (318ms)
			LogAssemblyErrors (0ms)
			InitializePlatformSupportModulesInManaged (17ms)
			SetLoadedEditorAssemblies (11ms)
			RefreshPlugins (0ms)
			BeforeProcessingInitializeOnLoad (3ms)
			ProcessInitializeOnLoadAttributes (221ms)
			ProcessInitializeOnLoadMethodAttributes (66ms)
			AfterProcessingInitializeOnLoad (0ms)
			EditorAssembliesLoaded (0ms)
		ExecutionOrderSort2 (0ms)
		AwakeInstancesAfterBackupRestoration (0ms)
========================================================================
Worker process is ready to serve import requests
Begin MonoManager ReloadAssembly
Symbol file LoadedFromMemory is not a mono symbol file
- Loaded All Assemblies, in  1.266 seconds
Refreshing native plugins compatible for Editor in 25.49 ms, found 3 plugins.
Native extension for WindowsStandalone target not found
Package Manager log level set to [2]
[Package Manager] Server::EnsureServerProcessIsRunning -- launch failed, reason: Unity was launched with the -noUpm command-line argument
[Package Manager] UpmClient::Send -- Unable to send message (not connected to UPM process).
[Package Manager] Cannot connect to Unity Package Manager local server
Mono: successfully reloaded assembly
- Finished resetting the current domain, in  1.079 seconds
Domain Reload Profiling: 2330ms
	BeginReloadAssembly (258ms)
		ExecutionOrderSort (0ms)
		DisableScriptedObjects (12ms)
		BackupInstance (0ms)
		ReleaseScriptingObjects (0ms)
		CreateAndSetChildDomain (29ms)
	RebuildCommonClasses (50ms)
	RebuildNativeTypeToScriptingClass (16ms)
	initialDomainReloadingComplete (82ms)
	LoadAllAssembliesAndSetupDomain (845ms)
		LoadAssemblies (681ms)
		RebuildTransferFunctionScriptingTraits (0ms)
		AnalyzeDomain (318ms)
			TypeCache.Refresh (264ms)
				TypeCache.ScanAssembly (236ms)
			ScanForSourceGeneratedMonoScriptInfo (44ms)
			ResolveRequiredComponents (8ms)
	FinalizeReload (1079ms)
		ReleaseScriptCaches (0ms)
		RebuildScriptCaches (0ms)
		SetupLoadedEditorAssemblies (870ms)
			LogAssemblyErrors (0ms)
			InitializePlatformSupportModulesInManaged (12ms)
			SetLoadedEditorAssemblies (5ms)
			RefreshPlugins (0ms)
			BeforeProcessingInitializeOnLoad (137ms)
			ProcessInitializeOnLoadAttributes (471ms)
			ProcessInitializeOnLoadMethodAttributes (222ms)
			AfterProcessingInitializeOnLoad (23ms)
			EditorAssembliesLoaded (0ms)
		ExecutionOrderSort2 (0ms)
		AwakeInstancesAfterBackupRestoration (10ms)
Launched and connected shader compiler UnityShaderCompiler.exe after 0.07 seconds
Refreshing native plugins compatible for Editor in 48.43 ms, found 3 plugins.
Preloading 0 native plugins for Editor in 0.00 ms.
Unloading 4428 Unused Serialized files (Serialized files now loaded: 0)
Unloading 85 unused Assets / (146.9 KB). Loaded Objects now: 4867.
Memory consumption went from 156.3 MB to 156.2 MB.
Total: 16.778700 ms (FindLiveObjects: 0.597000 ms CreateObjectMapping: 0.615900 ms MarkObjects: 15.216700 ms  DeleteObjects: 0.347100 ms)

AssetImportParameters requested are different than current active one (requested -> active):
  custom:container-demuxer-ogg: 62fdf1f143b41e24485cea50d1cbac27 -> 
  custom:video-decoder-ogg-theora: a1e56fd34408186e4bbccfd4996cb3dc -> 
  custom:framework-win-MediaFoundation: 216162199b28c13a410421893ffa2e32 -> 
  custom:CustomObjectIndexerAttribute: 9a22284fe3817be447336de3de66b15e -> 
  custom:container-demuxer-webm: 4f35f7cbe854078d1ac9338744f61a02 -> 
  custom:container-muxer-webm: aa71ff27fc2769a1b78a27578f13a17b -> 
  custom:video-decoder-webm-vp8: 9c59270c3fd7afecdb556c50c9e8de78 -> 
  custom:SearchIndexIgnoredProperties: e643bd26f0fe6173181afceb89e7c659 -> 
  custom:AudioImporter_EditorPlatform: d09bf68614088b80899f8185d706f6e7 -> 
  custom:video-encoder-webm-vp8: eb34c28f22e8b96e1ab97ce403110664 -> 
  custom:audio-decoder-ogg-vorbis: bf7c407c2cedff20999df2af8eb42d56 -> 
  custom:audio-encoder-webm-vorbis: bf7c407c2cedff20999df2af8eb42d56 -> 
========================================================================
Received Import Request.
  Time since last request: 1452045.461301 seconds.
  path: Assets/PolygonSciFiWorlds/Models/SM_Chr_Attach_Shoulder_Small_L_01.fbx
  artifactKey: Guid(ce9811cf768d2f74dae8ae9b6e796977) Importer(815301076,1909f56bfc062723c751e8b465ee728b)
Start importing Assets/PolygonSciFiWorlds/Models/SM_Chr_Attach_Shoulder_Small_L_01.fbx using Guid(ce9811cf768d2f74dae8ae9b6e796977) Importer(815301076,1909f56bfc062723c751e8b465ee728b)  -> (artifact id: 'f2674fffa08fb950cb2f110d04656ab7') in 0.159706 seconds
Number of updated asset objects reloaded before import = 0
Number of asset objects unloaded after import = 7
========================================================================
Received Import Request.
  Time since last request: 2.103609 seconds.
  path: Assets/PolygonSciFiWorlds/Models/SM_Chr_Attach_VR_02_Hair_01.fbx
  artifactKey: Guid(200d39372ee5db245a5ff4a041c60138) Importer(815301076,1909f56bfc062723c751e8b465ee728b)
Start importing Assets/PolygonSciFiWorlds/Models/SM_Chr_Attach_VR_02_Hair_01.fbx using Guid(200d39372ee5db245a5ff4a041c60138) Importer(815301076,1909f56bfc062723c751e8b465ee728b)  -> (artifact id: '7c37c75740b265392e50522022c9a7d8') in 0.036159 seconds
Number of updated asset objects reloaded before import = 0
Number of asset objects unloaded after import = 7
========================================================================
Received Import Request.
  Time since last request: 0.095768 seconds.
  path: Assets/PolygonSciFiWorlds/Models/SM_Chr_Attach_VR_03_Hair_02.fbx
  artifactKey: Guid(8d4da12ee7f25f1468fe0972b9cdaed4) Importer(815301076,1909f56bfc062723c751e8b465ee728b)
Start importing Assets/PolygonSciFiWorlds/Models/SM_Chr_Attach_VR_03_Hair_02.fbx using Guid(8d4da12ee7f25f1468fe0972b9cdaed4) Importer(815301076,1909f56bfc062723c751e8b465ee728b)  -> (artifact id: 'c123ea31da4e3d13b336d22878693aa5') in 0.022488 seconds
Number of updated asset objects reloaded before import = 0
Number of asset objects unloaded after import = 7
========================================================================
Received Import Request.
  Time since last request: 0.041879 seconds.
  path: Assets/PolygonSciFiWorlds/Models/SM_Decal_Graffiti_01.fbx
  artifactKey: Guid(6ba4504c2731eb648966ce6d7d9f3a3f) Importer(815301076,1909f56bfc062723c751e8b465ee728b)
Start importing Assets/PolygonSciFiWorlds/Models/SM_Decal_Graffiti_01.fbx using Guid(6ba4504c2731eb648966ce6d7d9f3a3f) Importer(815301076,1909f56bfc062723c751e8b465ee728b)  -> (artifact id: '56edb96066e8dd5aaba3731a8f6e695b') in 0.023070 seconds
Number of updated asset objects reloaded before import = 0
Number of asset objects unloaded after import = 7
========================================================================
Received Import Request.
  Time since last request: 0.017373 seconds.
  path: Assets/PolygonSciFiWorlds/Models/SM_Decal_Graffiti_04.fbx
  artifactKey: Guid(5c787fe8a66595846a72d9c7ee47610e) Importer(815301076,1909f56bfc062723c751e8b465ee728b)
Start importing Assets/PolygonSciFiWorlds/Models/SM_Decal_Graffiti_04.fbx using Guid(5c787fe8a66595846a72d9c7ee47610e) Importer(815301076,1909f56bfc062723c751e8b465ee728b)  -> (artifact id: 'aa3aec6ea01232a63dc7a2c32b29b7d5') in 0.019954 seconds
Number of updated asset objects reloaded before import = 0
Number of asset objects unloaded after import = 7
========================================================================
Received Import Request.
  Time since last request: 0.006645 seconds.
  path: Assets/PolygonSciFiWorlds/Models/SM_Decal_Graffiti_06.fbx
  artifactKey: Guid(cd6500dbaf4eecd40bae799ad92dbfed) Importer(815301076,1909f56bfc062723c751e8b465ee728b)
Start importing Assets/PolygonSciFiWorlds/Models/SM_Decal_Graffiti_06.fbx using Guid(cd6500dbaf4eecd40bae799ad92dbfed) Importer(815301076,1909f56bfc062723c751e8b465ee728b)  -> (artifact id: '72467e225299d4717f05d3ed65c8afee') in 0.023549 seconds
Number of updated asset objects reloaded before import = 0
Number of asset objects unloaded after import = 7
========================================================================
Received Import Request.
  Time since last request: 8.889324 seconds.
  path: Assets/PolygonSciFiWorlds/Models/SM_Env_Artifact_AlienRuin_02.fbx
  artifactKey: Guid(842c08994be28804aa6105b7d4d4702b) Importer(815301076,1909f56bfc062723c751e8b465ee728b)
Start importing Assets/PolygonSciFiWorlds/Models/SM_Env_Artifact_AlienRuin_02.fbx using Guid(842c08994be28804aa6105b7d4d4702b) Importer(815301076,1909f56bfc062723c751e8b465ee728b)  -> (artifact id: '250d177f79422773e043a2b1c4a7a998') in 0.025282 seconds
Number of updated asset objects reloaded before import = 0
Number of asset objects unloaded after import = 7
========================================================================
Received Import Request.
  Time since last request: 0.026045 seconds.
  path: Assets/PolygonSciFiWorlds/Models/SM_Env_Artifact_AlienRuin_04.fbx
  artifactKey: Guid(da8ea54ca45410e48970bb761d2a9da5) Importer(815301076,1909f56bfc062723c751e8b465ee728b)
Start importing Assets/PolygonSciFiWorlds/Models/SM_Env_Artifact_AlienRuin_04.fbx using Guid(da8ea54ca45410e48970bb761d2a9da5) Importer(815301076,1909f56bfc062723c751e8b465ee728b)  -> (artifact id: '2adf931c3df5d10eb123dc676d9028e9') in 0.026638 seconds
Number of updated asset objects reloaded before import = 0
Number of asset objects unloaded after import = 7
========================================================================
Received Import Request.
  Time since last request: 0.085637 seconds.
  path: Assets/PolygonSciFiWorlds/Models/SM_Env_Artifact_AlienRuin_07.fbx
  artifactKey: Guid(5b759073ae59894478065738a172d88f) Importer(815301076,1909f56bfc062723c751e8b465ee728b)
Start importing Assets/PolygonSciFiWorlds/Models/SM_Env_Artifact_AlienRuin_07.fbx using Guid(5b759073ae59894478065738a172d88f) Importer(815301076,1909f56bfc062723c751e8b465ee728b)  -> (artifact id: '9a5a0fec80e58bb53be71f953c3a7dbc') in 0.050820 seconds
Number of updated asset objects reloaded before import = 0
Number of asset objects unloaded after import = 17
========================================================================
Received Import Request.
  Time since last request: 0.201632 seconds.
  path: Assets/PolygonSciFiWorlds/Models/SM_Env_Artifact_AlienRuin_11.fbx
  artifactKey: Guid(cceb5295fee4c1543a45a9fa49024262) Importer(815301076,1909f56bfc062723c751e8b465ee728b)
Start importing Assets/PolygonSciFiWorlds/Models/SM_Env_Artifact_AlienRuin_11.fbx using Guid(cceb5295fee4c1543a45a9fa49024262) Importer(815301076,1909f56bfc062723c751e8b465ee728b)  -> (artifact id: 'd53d80446c7c4f2850978cd0a2b7d83f') in 0.027573 seconds
Number of updated asset objects reloaded before import = 0
Number of asset objects unloaded after import = 7
========================================================================
Received Import Request.
  Time since last request: 0.008452 seconds.
  path: Assets/PolygonSciFiWorlds/Models/SM_Env_Artifact_Arm_01.fbx
  artifactKey: Guid(cf821d40ea16dc24880ce520c33d450e) Importer(815301076,1909f56bfc062723c751e8b465ee728b)
Start importing Assets/PolygonSciFiWorlds/Models/SM_Env_Artifact_Arm_01.fbx using Guid(cf821d40ea16dc24880ce520c33d450e) Importer(815301076,1909f56bfc062723c751e8b465ee728b)  -> (artifact id: '7d79587a999a3ef8f812281ea1be3a68') in 0.024138 seconds
Number of updated asset objects reloaded before import = 0
Number of asset objects unloaded after import = 7
========================================================================
Received Import Request.
  Time since last request: 0.342018 seconds.
  path: Assets/PolygonSciFiWorlds/Models/SM_Env_Artifact_Head_02.fbx
  artifactKey: Guid(61e4cbaeff258d54a953abc23d03d42a) Importer(815301076,1909f56bfc062723c751e8b465ee728b)
Start importing Assets/PolygonSciFiWorlds/Models/SM_Env_Artifact_Head_02.fbx using Guid(61e4cbaeff258d54a953abc23d03d42a) Importer(815301076,1909f56bfc062723c751e8b465ee728b)  -> (artifact id: '2c30de2833783e5450a86a9c09bc86c9') in 0.084731 seconds
Number of updated asset objects reloaded before import = 0
Number of asset objects unloaded after import = 7
========================================================================
Received Import Request.
  Time since last request: 0.011894 seconds.
  path: Assets/PolygonSciFiWorlds/Models/SM_Env_Asteroid_01.fbx
  artifactKey: Guid(91edc97976597814ea5fbca5f7d98992) Importer(815301076,1909f56bfc062723c751e8b465ee728b)
Start importing Assets/PolygonSciFiWorlds/Models/SM_Env_Asteroid_01.fbx using Guid(91edc97976597814ea5fbca5f7d98992) Importer(815301076,1909f56bfc062723c751e8b465ee728b)  -> (artifact id: 'c96c0799e374b275793f8a98fc607a6d') in 0.023779 seconds
Number of updated asset objects reloaded before import = 0
Number of asset objects unloaded after import = 7
========================================================================
Received Import Request.
  Time since last request: 0.218417 seconds.
  path: Assets/PolygonSciFiWorlds/Models/SM_Env_Blob_04.fbx
  artifactKey: Guid(b5b7d686f7d38e94a83cadabb52f375b) Importer(815301076,1909f56bfc062723c751e8b465ee728b)
Start importing Assets/PolygonSciFiWorlds/Models/SM_Env_Blob_04.fbx using Guid(b5b7d686f7d38e94a83cadabb52f375b) Importer(815301076,1909f56bfc062723c751e8b465ee728b)  -> (artifact id: '51dca1f3e772ba72602f4266dc18cec0') in 0.011852 seconds
Number of updated asset objects reloaded before import = 0
Number of asset objects unloaded after import = 7
========================================================================
Received Import Request.
  Time since last request: 0.229861 seconds.
  path: Assets/PolygonSciFiWorlds/Models/SM_Env_Cliff_Curved_01.fbx
  artifactKey: Guid(31def493e2777c04eac6bb4a9effb95a) Importer(815301076,1909f56bfc062723c751e8b465ee728b)
Start importing Assets/PolygonSciFiWorlds/Models/SM_Env_Cliff_Curved_01.fbx using Guid(31def493e2777c04eac6bb4a9effb95a) Importer(815301076,1909f56bfc062723c751e8b465ee728b)  -> (artifact id: '9bb2c96caad38c8d24736f2294b03cfa') in 0.024720 seconds
Number of updated asset objects reloaded before import = 0
Number of asset objects unloaded after import = 7
========================================================================
Received Import Request.
  Time since last request: 0.321545 seconds.
  path: Assets/PolygonSciFiWorlds/Models/SM_Env_Cliff_Flat_02.fbx
  artifactKey: Guid(72854dd5f77e2a94d8a8da0fc1bd173d) Importer(815301076,1909f56bfc062723c751e8b465ee728b)
Start importing Assets/PolygonSciFiWorlds/Models/SM_Env_Cliff_Flat_02.fbx using Guid(72854dd5f77e2a94d8a8da0fc1bd173d) Importer(815301076,1909f56bfc062723c751e8b465ee728b)  -> (artifact id: 'a4f151674554e15e2139c17a0bae9716') in 0.536164 seconds
Number of updated asset objects reloaded before import = 0
Number of asset objects unloaded after import = 7
========================================================================
Received Import Request.
  Time since last request: 0.024778 seconds.
  path: Assets/PolygonSciFiWorlds/Models/SM_Env_Cliff_Flat_04.fbx
  artifactKey: Guid(0a09588c8a1a1714588aec10dc3ed868) Importer(815301076,1909f56bfc062723c751e8b465ee728b)
Start importing Assets/PolygonSciFiWorlds/Models/SM_Env_Cliff_Flat_04.fbx using Guid(0a09588c8a1a1714588aec10dc3ed868) Importer(815301076,1909f56bfc062723c751e8b465ee728b)  -> (artifact id: 'fdd6bd00e6e08b39ad1d366dfb670525') in 0.262080 seconds
Number of updated asset objects reloaded before import = 0
Number of asset objects unloaded after import = 7
========================================================================
Received Import Request.
  Time since last request: 0.095683 seconds.
  path: Assets/PolygonSciFiWorlds/Models/SM_Env_Cliff_Rough_02.fbx
  artifactKey: Guid(a143d28df7ae2d94590fceb78de328c0) Importer(815301076,1909f56bfc062723c751e8b465ee728b)
Start importing Assets/PolygonSciFiWorlds/Models/SM_Env_Cliff_Rough_02.fbx using Guid(a143d28df7ae2d94590fceb78de328c0) Importer(815301076,1909f56bfc062723c751e8b465ee728b)  -> (artifact id: 'bab52cad752f81ec12b4f7a0d0fe8dd9') in 0.064527 seconds
Number of updated asset objects reloaded before import = 0
Number of asset objects unloaded after import = 7
========================================================================
Received Import Request.
  Time since last request: 0.475190 seconds.
  path: Assets/PolygonSciFiWorlds/Models/SM_Env_Core_01.fbx
  artifactKey: Guid(06a33e4e721012241a8372bcddc35145) Importer(815301076,1909f56bfc062723c751e8b465ee728b)
Start importing Assets/PolygonSciFiWorlds/Models/SM_Env_Core_01.fbx using Guid(06a33e4e721012241a8372bcddc35145) Importer(815301076,1909f56bfc062723c751e8b465ee728b)  -> (artifact id: '8a7c9b9668715be02d27e209b06dfc1e') in 0.075636 seconds
Number of updated asset objects reloaded before import = 0
Number of asset objects unloaded after import = 17
========================================================================
Received Import Request.
  Time since last request: 0.420841 seconds.
  path: Assets/PolygonSciFiWorlds/Models/SM_Env_Core_Strut_01.fbx
  artifactKey: Guid(460240681938fa447a7aec7ce25190dd) Importer(815301076,1909f56bfc062723c751e8b465ee728b)
Start importing Assets/PolygonSciFiWorlds/Models/SM_Env_Core_Strut_01.fbx using Guid(460240681938fa447a7aec7ce25190dd) Importer(815301076,1909f56bfc062723c751e8b465ee728b)  -> (artifact id: 'b1ad67938af06461e0b7d9be46d046a2') in 0.083248 seconds
Number of updated asset objects reloaded before import = 0
Number of asset objects unloaded after import = 42
========================================================================
Received Import Request.
  Time since last request: 0.014782 seconds.
  path: Assets/PolygonSciFiWorlds/Models/SM_Env_Cracked_Edge_02.fbx
  artifactKey: Guid(6924096fa2659e74480dfeb7d29ceece) Importer(815301076,1909f56bfc062723c751e8b465ee728b)
Start importing Assets/PolygonSciFiWorlds/Models/SM_Env_Cracked_Edge_02.fbx using Guid(6924096fa2659e74480dfeb7d29ceece) Importer(815301076,1909f56bfc062723c751e8b465ee728b)  -> (artifact id: 'c8fc2a0eb75e00ece2b8f4a0b823e597') in 0.018995 seconds
Number of updated asset objects reloaded before import = 0
Number of asset objects unloaded after import = 7
========================================================================
Received Import Request.
  Time since last request: 0.969150 seconds.
  path: Assets/PolygonSciFiWorlds/Models/SM_Env_Detail_Crater_03.fbx
  artifactKey: Guid(ae9402321af804f4bb071d8ccdc0e48f) Importer(815301076,1909f56bfc062723c751e8b465ee728b)
Start importing Assets/PolygonSciFiWorlds/Models/SM_Env_Detail_Crater_03.fbx using Guid(ae9402321af804f4bb071d8ccdc0e48f) Importer(815301076,1909f56bfc062723c751e8b465ee728b)  -> (artifact id: '01756f5117c086c3c91ff1c8cfaa981f') in 0.016899 seconds
Number of updated asset objects reloaded before import = 0
Number of asset objects unloaded after import = 7
========================================================================
Received Import Request.
  Time since last request: 0.154288 seconds.
  path: Assets/PolygonSciFiWorlds/Models/SM_Env_Detail_Crater_Fill_01.fbx
  artifactKey: Guid(9971691f236b5f14283f1bb495267bb9) Importer(815301076,1909f56bfc062723c751e8b465ee728b)
Start importing Assets/PolygonSciFiWorlds/Models/SM_Env_Detail_Crater_Fill_01.fbx using Guid(9971691f236b5f14283f1bb495267bb9) Importer(815301076,1909f56bfc062723c751e8b465ee728b)  -> (artifact id: '97a4f030805bbba2f3906c7d105db590') in 0.074642 seconds
Number of updated asset objects reloaded before import = 0
Number of asset objects unloaded after import = 7
========================================================================
Received Import Request.
  Time since last request: 0.616022 seconds.
  path: Assets/PolygonSciFiWorlds/Models/SM_Env_Detail_Crater_Spike_03.fbx
  artifactKey: Guid(acfdb8fd4b9894847a2f516994fa318d) Importer(815301076,1909f56bfc062723c751e8b465ee728b)
Start importing Assets/PolygonSciFiWorlds/Models/SM_Env_Detail_Crater_Spike_03.fbx using Guid(acfdb8fd4b9894847a2f516994fa318d) Importer(815301076,1909f56bfc062723c751e8b465ee728b)  -> (artifact id: 'c3f4e84082abf6b9b767130346f5302e') in 0.019723 seconds
Number of updated asset objects reloaded before import = 0
Number of asset objects unloaded after import = 7
========================================================================
Received Import Request.
  Time since last request: 1.129779 seconds.
  path: Assets/PolygonSciFiWorlds/Models/SM_Env_Detail_Round_02.fbx
  artifactKey: Guid(bcca9ce943deb0f4d90c96c79ac593d0) Importer(815301076,1909f56bfc062723c751e8b465ee728b)
Start importing Assets/PolygonSciFiWorlds/Models/SM_Env_Detail_Round_02.fbx using Guid(bcca9ce943deb0f4d90c96c79ac593d0) Importer(815301076,1909f56bfc062723c751e8b465ee728b)  -> (artifact id: '982ca6a32db6652f99ed8a40c2b81e4e') in 0.059713 seconds
Number of updated asset objects reloaded before import = 0
Number of asset objects unloaded after import = 7
========================================================================
Received Import Request.
  Time since last request: 0.168366 seconds.
  path: Assets/PolygonSciFiWorlds/Models/SM_Env_Detail_Spikey_01.fbx
  artifactKey: Guid(e4b6491725218d14e8bf01fb9dabe03e) Importer(815301076,1909f56bfc062723c751e8b465ee728b)
Start importing Assets/PolygonSciFiWorlds/Models/SM_Env_Detail_Spikey_01.fbx using Guid(e4b6491725218d14e8bf01fb9dabe03e) Importer(815301076,1909f56bfc062723c751e8b465ee728b)  -> (artifact id: 'e902a311440a5a7e45f2c13b7913b9b0') in 0.022332 seconds
Number of updated asset objects reloaded before import = 0
Number of asset objects unloaded after import = 7
========================================================================
Received Import Request.
  Time since last request: 1.419697 seconds.
  path: Assets/PolygonSciFiWorlds/Models/SM_Env_Floating_Crystal_02.fbx
  artifactKey: Guid(adcd025ea71250946900341525d4314f) Importer(815301076,1909f56bfc062723c751e8b465ee728b)
Start importing Assets/PolygonSciFiWorlds/Models/SM_Env_Floating_Crystal_02.fbx using Guid(adcd025ea71250946900341525d4314f) Importer(815301076,1909f56bfc062723c751e8b465ee728b)  -> (artifact id: '0ed7a232ec022f37e5a06e685c33961a') in 0.022065 seconds
Number of updated asset objects reloaded before import = 0
Number of asset objects unloaded after import = 7
========================================================================
Received Import Request.
  Time since last request: 0.584212 seconds.
  path: Assets/PolygonSciFiWorlds/Models/SM_Env_Floating_Rocks_Single_03.fbx
  artifactKey: Guid(0b55f6cb00dbe8f48b9117299b6c9682) Importer(815301076,1909f56bfc062723c751e8b465ee728b)
Start importing Assets/PolygonSciFiWorlds/Models/SM_Env_Floating_Rocks_Single_03.fbx using Guid(0b55f6cb00dbe8f48b9117299b6c9682) Importer(815301076,1909f56bfc062723c751e8b465ee728b)  -> (artifact id: '6e5eb849be5ba9d6b77bd102cac6ef52') in 0.027819 seconds
Number of updated asset objects reloaded before import = 0
Number of asset objects unloaded after import = 7
========================================================================
Received Import Request.
  Time since last request: 0.053392 seconds.
  path: Assets/PolygonSciFiWorlds/Models/SM_Env_Floating_Rocks_Single_04.fbx
  artifactKey: Guid(637f42273ff61d54cb71f7e0dc27ed98) Importer(815301076,1909f56bfc062723c751e8b465ee728b)
Start importing Assets/PolygonSciFiWorlds/Models/SM_Env_Floating_Rocks_Single_04.fbx using Guid(637f42273ff61d54cb71f7e0dc27ed98) Importer(815301076,1909f56bfc062723c751e8b465ee728b)  -> (artifact id: 'b93dc847f1be31817d1d570b3e53b68f') in 0.027822 seconds
Number of updated asset objects reloaded before import = 0
Number of asset objects unloaded after import = 7
========================================================================
Received Import Request.
  Time since last request: 0.001020 seconds.
  path: Assets/PolygonSciFiWorlds/Models/SM_Env_Floating_Rocks_Single_05.fbx
  artifactKey: Guid(5cedbb6c1578aa246bd2cd0ee1759fb8) Importer(815301076,1909f56bfc062723c751e8b465ee728b)
Start importing Assets/PolygonSciFiWorlds/Models/SM_Env_Floating_Rocks_Single_05.fbx using Guid(5cedbb6c1578aa246bd2cd0ee1759fb8) Importer(815301076,1909f56bfc062723c751e8b465ee728b)  -> (artifact id: '35240541013e500643f9f119b2edcbbc') in 0.026842 seconds
Number of updated asset objects reloaded before import = 0
Number of asset objects unloaded after import = 7
========================================================================
Received Import Request.
  Time since last request: 0.085578 seconds.
  path: Assets/PolygonSciFiWorlds/Models/SM_Env_Floating_Rocks_Spiral_01.fbx
  artifactKey: Guid(6156240d745ba634db005daf3eaf05e1) Importer(815301076,1909f56bfc062723c751e8b465ee728b)
Start importing Assets/PolygonSciFiWorlds/Models/SM_Env_Floating_Rocks_Spiral_01.fbx using Guid(6156240d745ba634db005daf3eaf05e1) Importer(815301076,1909f56bfc062723c751e8b465ee728b)  -> (artifact id: '5fb93f568be57654754b74bb15fde524') in 0.022489 seconds
Number of updated asset objects reloaded before import = 0
Number of asset objects unloaded after import = 7
========================================================================
Received Import Request.
  Time since last request: 0.227039 seconds.
  path: Assets/PolygonSciFiWorlds/Models/SM_Env_Grass_02.fbx
  artifactKey: Guid(e79a8fd877f77834ca9f8d69a87f4228) Importer(815301076,1909f56bfc062723c751e8b465ee728b)
Start importing Assets/PolygonSciFiWorlds/Models/SM_Env_Grass_02.fbx using Guid(e79a8fd877f77834ca9f8d69a87f4228) Importer(815301076,1909f56bfc062723c751e8b465ee728b)  -> (artifact id: '39fec350527043c679986d8a775baa3d') in 0.021400 seconds
Number of updated asset objects reloaded before import = 0
Number of asset objects unloaded after import = 7
========================================================================
Received Import Request.
  Time since last request: 0.664248 seconds.
  path: Assets/PolygonSciFiWorlds/Models/SM_Env_Grass_05.fbx
  artifactKey: Guid(0e2a74f554e97004cb9de47faa56408c) Importer(815301076,1909f56bfc062723c751e8b465ee728b)
Start importing Assets/PolygonSciFiWorlds/Models/SM_Env_Grass_05.fbx using Guid(0e2a74f554e97004cb9de47faa56408c) Importer(815301076,1909f56bfc062723c751e8b465ee728b)  -> (artifact id: '03b35c4d30090127fa32c51ba02e8173') in 0.029411 seconds
Number of updated asset objects reloaded before import = 0
Number of asset objects unloaded after import = 7
========================================================================
Received Import Request.
  Time since last request: 0.010774 seconds.
  path: Assets/PolygonSciFiWorlds/Models/SM_Env_Ground_02.fbx
  artifactKey: Guid(e69e3a1115b0dd341b34cb79b5744864) Importer(815301076,1909f56bfc062723c751e8b465ee728b)
Start importing Assets/PolygonSciFiWorlds/Models/SM_Env_Ground_02.fbx using Guid(e69e3a1115b0dd341b34cb79b5744864) Importer(815301076,1909f56bfc062723c751e8b465ee728b)  -> (artifact id: 'bd1f9331f94a742c706e2fedc0ff4fb0') in 0.090082 seconds
Number of updated asset objects reloaded before import = 0
Number of asset objects unloaded after import = 7
========================================================================
Received Import Request.
  Time since last request: 1.190665 seconds.
  path: Assets/PolygonSciFiWorlds/Models/SM_Env_Ground_Greeble_01.fbx
  artifactKey: Guid(bd3f944bbbe1baa48ba5d18c0980e02d) Importer(815301076,1909f56bfc062723c751e8b465ee728b)
Start importing Assets/PolygonSciFiWorlds/Models/SM_Env_Ground_Greeble_01.fbx using Guid(bd3f944bbbe1baa48ba5d18c0980e02d) Importer(815301076,1909f56bfc062723c751e8b465ee728b)  -> (artifact id: '7a2a12c1b0494b01389ee18e0b0724f2') in 0.034857 seconds
Number of updated asset objects reloaded before import = 0
Number of asset objects unloaded after import = 12
========================================================================
Received Import Request.
  Time since last request: 0.000018 seconds.
  path: Assets/PolygonSciFiWorlds/Models/SM_Env_Ground_Junk_01.fbx
  artifactKey: Guid(8d76ebcf7c56b744ebca1a0f8d1e6cc3) Importer(815301076,1909f56bfc062723c751e8b465ee728b)
Start importing Assets/PolygonSciFiWorlds/Models/SM_Env_Ground_Junk_01.fbx using Guid(8d76ebcf7c56b744ebca1a0f8d1e6cc3) Importer(815301076,1909f56bfc062723c751e8b465ee728b)  -> (artifact id: 'c85af88371c42ea9cb4c00414a58f5df') in 0.018907 seconds
Number of updated asset objects reloaded before import = 0
Number of asset objects unloaded after import = 7
========================================================================
Received Import Request.
  Time since last request: 0.000019 seconds.
  path: Assets/PolygonSciFiWorlds/Models/SM_Env_Ground_Greeble_03.fbx
  artifactKey: Guid(495585aff8b89424ba894f05b741de7b) Importer(815301076,1909f56bfc062723c751e8b465ee728b)
Start importing Assets/PolygonSciFiWorlds/Models/SM_Env_Ground_Greeble_03.fbx using Guid(495585aff8b89424ba894f05b741de7b) Importer(815301076,1909f56bfc062723c751e8b465ee728b)  -> (artifact id: '651d5af7703a9c78654ebe9323dedefc') in 0.054296 seconds
Number of updated asset objects reloaded before import = 0
Number of asset objects unloaded after import = 12
========================================================================
Received Import Request.
  Time since last request: 0.015793 seconds.
  path: Assets/PolygonSciFiWorlds/Models/SM_Env_Ground_Junk_03.fbx
  artifactKey: Guid(2fc740549133bb64fbf179710473b5be) Importer(815301076,1909f56bfc062723c751e8b465ee728b)
Start importing Assets/PolygonSciFiWorlds/Models/SM_Env_Ground_Junk_03.fbx using Guid(2fc740549133bb64fbf179710473b5be) Importer(815301076,1909f56bfc062723c751e8b465ee728b)  -> (artifact id: 'e64c3ba8cd8b37b157594bb32549055b') in 0.020360 seconds
Number of updated asset objects reloaded before import = 0
Number of asset objects unloaded after import = 7
========================================================================
Received Import Request.
  Time since last request: 0.161873 seconds.
  path: Assets/PolygonSciFiWorlds/Models/SM_Env_Ground_Slope_01.fbx
  artifactKey: Guid(b7daa146dfab7454f9b3320937f7b7e9) Importer(815301076,1909f56bfc062723c751e8b465ee728b)
Start importing Assets/PolygonSciFiWorlds/Models/SM_Env_Ground_Slope_01.fbx using Guid(b7daa146dfab7454f9b3320937f7b7e9) Importer(815301076,1909f56bfc062723c751e8b465ee728b)  -> (artifact id: '181edbb8a6edebc777b071ddea51f9a2') in 0.040822 seconds
Number of updated asset objects reloaded before import = 0
Number of asset objects unloaded after import = 7
Editor requested this worker to shutdown with reason: Scaling down because of idle timeout
TcpMessagingSession - receive error: operation aborted. errorcode: 995, details: The I/O operation has been aborted because of either a thread exit or an application request.
AssetImportWorker is now disconnected from the server
Process exiting
Exiting without the bug reporter. Application will terminate with return code 0