Using pre-set license
Built from '2022.3/staging' branch; Version is '2022.3.21f1 (bf09ca542b87) revision 12519882'; Using compiler version '192829333'; Build Type 'Release'
OS: 'Windows 11  (10.0.22631) 64bit Core' Language: 'en' Physical Memory: 16190 MB
BatchMode: 1, IsHumanControllingUs: 0, StartBugReporterOnCrash: 0, Is64bit: 1, IsPro: 1

COMMAND LINE ARGUMENTS:
C:\Program Files\Unity\Hub\Editor\2022.3.21f1\Editor\Unity.exe
-adb2
-batchMode
-noUpm
-name
AssetImportWorker2
-projectPath
C:/Users/KALAN/Desktop/GameDev Project/GameDev-Project/GameDevProject
-logFile
Logs/AssetImportWorker2.log
-srvPort
49941
Successfully changed project path to: C:/Users/KALAN/Desktop/GameDev Project/GameDev-Project/GameDevProject
C:/Users/KALAN/Desktop/GameDev Project/GameDev-Project/GameDevProject
[UnityMemory] Configuration Parameters - Can be set up in boot.config
    "memorysetup-bucket-allocator-granularity=16"
    "memorysetup-bucket-allocator-bucket-count=8"
    "memorysetup-bucket-allocator-block-size=33554432"
    "memorysetup-bucket-allocator-block-count=8"
    "memorysetup-main-allocator-block-size=16777216"
    "memorysetup-thread-allocator-block-size=16777216"
    "memorysetup-gfx-main-allocator-block-size=16777216"
    "memorysetup-gfx-thread-allocator-block-size=16777216"
    "memorysetup-cache-allocator-block-size=4194304"
    "memorysetup-typetree-allocator-block-size=2097152"
    "memorysetup-profiler-bucket-allocator-granularity=16"
    "memorysetup-profiler-bucket-allocator-bucket-count=8"
    "memorysetup-profiler-bucket-allocator-block-size=33554432"
    "memorysetup-profiler-bucket-allocator-block-count=8"
    "memorysetup-profiler-allocator-block-size=16777216"
    "memorysetup-profiler-editor-allocator-block-size=1048576"
    "memorysetup-temp-allocator-size-main=16777216"
    "memorysetup-job-temp-allocator-block-size=2097152"
    "memorysetup-job-temp-allocator-block-size-background=1048576"
    "memorysetup-job-temp-allocator-reduction-small-platforms=262144"
    "memorysetup-allocator-temp-initial-block-size-main=262144"
    "memorysetup-allocator-temp-initial-block-size-worker=262144"
    "memorysetup-temp-allocator-size-background-worker=32768"
    "memorysetup-temp-allocator-size-job-worker=262144"
    "memorysetup-temp-allocator-size-preload-manager=33554432"
    "memorysetup-temp-allocator-size-nav-mesh-worker=65536"
    "memorysetup-temp-allocator-size-audio-worker=65536"
    "memorysetup-temp-allocator-size-cloud-worker=32768"
    "memorysetup-temp-allocator-size-gi-baking-worker=262144"
    "memorysetup-temp-allocator-size-gfx=262144"
Player connection [19100] Host "[IP] 100.64.4.203 [Port] 0 [Flags] 2 [Guid] 247420799 [EditorId] 247420799 [Version] 1048832 [Id] WindowsEditor(7,DESKTOP-VNOATM0) [Debug] 1 [PackageName] WindowsEditor [ProjectName] Editor" joined multi-casting on [225.0.0.222:54997]...

Player connection [19100] Host "[IP] 100.64.4.203 [Port] 0 [Flags] 2 [Guid] 247420799 [EditorId] 247420799 [Version] 1048832 [Id] WindowsEditor(7,DESKTOP-VNOATM0) [Debug] 1 [PackageName] WindowsEditor [ProjectName] Editor" joined alternative multi-casting on [225.0.0.222:34997]...

[Physics::Module] Initialized MultithreadedJobDispatcher with 11 workers.
Refreshing native plugins compatible for Editor in 56.58 ms, found 3 plugins.
Preloading 0 native plugins for Editor in 0.00 ms.
Initialize engine version: 2022.3.21f1 (bf09ca542b87)
[Subsystems] Discovering subsystems at path C:/Program Files/Unity/Hub/Editor/2022.3.21f1/Editor/Data/Resources/UnitySubsystems
[Subsystems] Discovering subsystems at path C:/Users/KALAN/Desktop/GameDev Project/GameDev-Project/GameDevProject/Assets
GfxDevice: creating device client; threaded=0; jobified=0
Direct3D:
    Version:  Direct3D 11.0 [level 11.1]
    Renderer: NVIDIA GeForce GTX 1050 Ti (ID=0x1c82)
    Vendor:   NVIDIA
    VRAM:     4017 MB
    Driver:   31.0.15.3118
Initialize mono
Mono path[0] = 'C:/Program Files/Unity/Hub/Editor/2022.3.21f1/Editor/Data/Managed'
Mono path[1] = 'C:/Program Files/Unity/Hub/Editor/2022.3.21f1/Editor/Data/MonoBleedingEdge/lib/mono/unityjit-win32'
Mono config path = 'C:/Program Files/Unity/Hub/Editor/2022.3.21f1/Editor/Data/MonoBleedingEdge/etc'
Using monoOptions --debugger-agent=transport=dt_socket,embedding=1,server=y,suspend=n,address=127.0.0.1:56084
Begin MonoManager ReloadAssembly
Registering precompiled unity dll's ...
Register platform support module: C:/Program Files/Unity/Hub/Editor/2022.3.21f1/Editor/Data/PlaybackEngines/WindowsStandaloneSupport/UnityEditor.WindowsStandalone.Extensions.dll
Registered in 0.025139 seconds.
- Loaded All Assemblies, in  0.659 seconds
Native extension for WindowsStandalone target not found
Mono: successfully reloaded assembly
- Finished resetting the current domain, in  0.406 seconds
Domain Reload Profiling: 1057ms
	BeginReloadAssembly (253ms)
		ExecutionOrderSort (0ms)
		DisableScriptedObjects (0ms)
		BackupInstance (0ms)
		ReleaseScriptingObjects (0ms)
		CreateAndSetChildDomain (1ms)
	RebuildCommonClasses (49ms)
	RebuildNativeTypeToScriptingClass (16ms)
	initialDomainReloadingComplete (123ms)
	LoadAllAssembliesAndSetupDomain (210ms)
		LoadAssemblies (245ms)
		RebuildTransferFunctionScriptingTraits (0ms)
		AnalyzeDomain (206ms)
			TypeCache.Refresh (204ms)
				TypeCache.ScanAssembly (183ms)
			ScanForSourceGeneratedMonoScriptInfo (0ms)
			ResolveRequiredComponents (1ms)
	FinalizeReload (406ms)
		ReleaseScriptCaches (0ms)
		RebuildScriptCaches (0ms)
		SetupLoadedEditorAssemblies (324ms)
			LogAssemblyErrors (0ms)
			InitializePlatformSupportModulesInManaged (20ms)
			SetLoadedEditorAssemblies (12ms)
			RefreshPlugins (0ms)
			BeforeProcessingInitializeOnLoad (4ms)
			ProcessInitializeOnLoadAttributes (218ms)
			ProcessInitializeOnLoadMethodAttributes (70ms)
			AfterProcessingInitializeOnLoad (0ms)
			EditorAssembliesLoaded (0ms)
		ExecutionOrderSort2 (0ms)
		AwakeInstancesAfterBackupRestoration (0ms)
========================================================================
Worker process is ready to serve import requests
Begin MonoManager ReloadAssembly
Symbol file LoadedFromMemory is not a mono symbol file
- Loaded All Assemblies, in  1.142 seconds
Refreshing native plugins compatible for Editor in 24.75 ms, found 3 plugins.
Native extension for WindowsStandalone target not found
Package Manager log level set to [2]
[Package Manager] Server::EnsureServerProcessIsRunning -- launch failed, reason: Unity was launched with the -noUpm command-line argument
[Package Manager] UpmClient::Send -- Unable to send message (not connected to UPM process).
[Package Manager] Cannot connect to Unity Package Manager local server
Mono: successfully reloaded assembly
- Finished resetting the current domain, in  0.934 seconds
Domain Reload Profiling: 2063ms
	BeginReloadAssembly (208ms)
		ExecutionOrderSort (0ms)
		DisableScriptedObjects (7ms)
		BackupInstance (0ms)
		ReleaseScriptingObjects (0ms)
		CreateAndSetChildDomain (23ms)
	RebuildCommonClasses (43ms)
	RebuildNativeTypeToScriptingClass (14ms)
	initialDomainReloadingComplete (65ms)
	LoadAllAssembliesAndSetupDomain (799ms)
		LoadAssemblies (610ms)
		RebuildTransferFunctionScriptingTraits (0ms)
		AnalyzeDomain (323ms)
			TypeCache.Refresh (278ms)
				TypeCache.ScanAssembly (249ms)
			ScanForSourceGeneratedMonoScriptInfo (36ms)
			ResolveRequiredComponents (7ms)
	FinalizeReload (935ms)
		ReleaseScriptCaches (0ms)
		RebuildScriptCaches (0ms)
		SetupLoadedEditorAssemblies (739ms)
			LogAssemblyErrors (0ms)
			InitializePlatformSupportModulesInManaged (14ms)
			SetLoadedEditorAssemblies (6ms)
			RefreshPlugins (0ms)
			BeforeProcessingInitializeOnLoad (111ms)
			ProcessInitializeOnLoadAttributes (368ms)
			ProcessInitializeOnLoadMethodAttributes (221ms)
			AfterProcessingInitializeOnLoad (18ms)
			EditorAssembliesLoaded (0ms)
		ExecutionOrderSort2 (0ms)
		AwakeInstancesAfterBackupRestoration (8ms)
Launched and connected shader compiler UnityShaderCompiler.exe after 0.61 seconds
Refreshing native plugins compatible for Editor in 23.40 ms, found 3 plugins.
Preloading 0 native plugins for Editor in 0.00 ms.
Unloading 4255 Unused Serialized files (Serialized files now loaded: 0)
Unloading 72 unused Assets / (73.4 KB). Loaded Objects now: 4693.
Memory consumption went from 151.9 MB to 151.8 MB.
Total: 7.848300 ms (FindLiveObjects: 0.326300 ms CreateObjectMapping: 0.224900 ms MarkObjects: 7.160100 ms  DeleteObjects: 0.136100 ms)

AssetImportParameters requested are different than current active one (requested -> active):
  custom:container-demuxer-ogg: 62fdf1f143b41e24485cea50d1cbac27 -> 
  custom:video-decoder-ogg-theora: a1e56fd34408186e4bbccfd4996cb3dc -> 
  custom:framework-win-MediaFoundation: 216162199b28c13a410421893ffa2e32 -> 
  custom:CustomObjectIndexerAttribute: 9a22284fe3817be447336de3de66b15e -> 
  custom:container-demuxer-webm: 4f35f7cbe854078d1ac9338744f61a02 -> 
  custom:container-muxer-webm: aa71ff27fc2769a1b78a27578f13a17b -> 
  custom:video-decoder-webm-vp8: 9c59270c3fd7afecdb556c50c9e8de78 -> 
  custom:SearchIndexIgnoredProperties: e643bd26f0fe6173181afceb89e7c659 -> 
  custom:AudioImporter_EditorPlatform: d09bf68614088b80899f8185d706f6e7 -> 
  custom:video-encoder-webm-vp8: eb34c28f22e8b96e1ab97ce403110664 -> 
  custom:audio-decoder-ogg-vorbis: bf7c407c2cedff20999df2af8eb42d56 -> 
  custom:audio-encoder-webm-vorbis: bf7c407c2cedff20999df2af8eb42d56 -> 
========================================================================
Received Import Request.
  Time since last request: 630087.283401 seconds.
  path: Assets/PolygonSciFiWorlds/Models/SM_Bld_Greeble_28.fbx
  artifactKey: Guid(2551ffb44d8b40345a13633c8913448d) Importer(815301076,1909f56bfc062723c751e8b465ee728b)
Start importing Assets/PolygonSciFiWorlds/Models/SM_Bld_Greeble_28.fbx using Guid(2551ffb44d8b40345a13633c8913448d) Importer(815301076,1909f56bfc062723c751e8b465ee728b)  -> (artifact id: '55f0e874e668a9f945f478b8e73b631f') in 0.266053 seconds
Number of updated asset objects reloaded before import = 0
Number of asset objects unloaded after import = 12
========================================================================
Received Import Request.
  Time since last request: 0.081926 seconds.
  path: Assets/PolygonSciFiWorlds/Models/SM_Bld_Light_01.fbx
  artifactKey: Guid(d329f93d63796ff4a9a1c50882b5afa7) Importer(815301076,1909f56bfc062723c751e8b465ee728b)
Start importing Assets/PolygonSciFiWorlds/Models/SM_Bld_Light_01.fbx using Guid(d329f93d63796ff4a9a1c50882b5afa7) Importer(815301076,1909f56bfc062723c751e8b465ee728b)  -> (artifact id: '425cefce6f020257a45dd5c67a845985') in 0.016913 seconds
Number of updated asset objects reloaded before import = 0
Number of asset objects unloaded after import = 7
========================================================================
Received Import Request.
  Time since last request: 0.129445 seconds.
  path: Assets/PolygonSciFiWorlds/Models/SM_Bld_Light_02.fbx
  artifactKey: Guid(eb85ed6cf9d232d45945422b0316adcd) Importer(815301076,1909f56bfc062723c751e8b465ee728b)
Start importing Assets/PolygonSciFiWorlds/Models/SM_Bld_Light_02.fbx using Guid(eb85ed6cf9d232d45945422b0316adcd) Importer(815301076,1909f56bfc062723c751e8b465ee728b)  -> (artifact id: '8fc1dd56a4a2cd040f86bcda96dac049') in 0.054631 seconds
Number of updated asset objects reloaded before import = 0
Number of asset objects unloaded after import = 7
========================================================================
Received Import Request.
  Time since last request: 0.032487 seconds.
  path: Assets/PolygonSciFiWorlds/Models/SM_Bld_Light_03.fbx
  artifactKey: Guid(bc2e0b1e180b6014095436cee48c79b4) Importer(815301076,1909f56bfc062723c751e8b465ee728b)
Start importing Assets/PolygonSciFiWorlds/Models/SM_Bld_Light_03.fbx using Guid(bc2e0b1e180b6014095436cee48c79b4) Importer(815301076,1909f56bfc062723c751e8b465ee728b)  -> (artifact id: '3c872d295ad738fcec4d73fc01ddaffb') in 0.032059 seconds
Number of updated asset objects reloaded before import = 0
Number of asset objects unloaded after import = 7
========================================================================
Received Import Request.
  Time since last request: 0.003060 seconds.
  path: Assets/PolygonSciFiWorlds/Models/SM_Bld_Light_04.fbx
  artifactKey: Guid(6cc584b957d5a1641962eeeff7856353) Importer(815301076,1909f56bfc062723c751e8b465ee728b)
Start importing Assets/PolygonSciFiWorlds/Models/SM_Bld_Light_04.fbx using Guid(6cc584b957d5a1641962eeeff7856353) Importer(815301076,1909f56bfc062723c751e8b465ee728b)  -> (artifact id: 'd83d890001765fd42498d1241780dfbe') in 0.027665 seconds
Number of updated asset objects reloaded before import = 0
Number of asset objects unloaded after import = 7
========================================================================
Received Import Request.
  Time since last request: 0.006029 seconds.
  path: Assets/PolygonSciFiWorlds/Models/SM_Bld_Light_06.fbx
  artifactKey: Guid(07b36e2eee04f31468c7b6262469043a) Importer(815301076,1909f56bfc062723c751e8b465ee728b)
Start importing Assets/PolygonSciFiWorlds/Models/SM_Bld_Light_06.fbx using Guid(07b36e2eee04f31468c7b6262469043a) Importer(815301076,1909f56bfc062723c751e8b465ee728b)  -> (artifact id: '4849b4f8a12a4cf800cf09355bf9ff29') in 0.033155 seconds
Number of updated asset objects reloaded before import = 0
Number of asset objects unloaded after import = 7
========================================================================
Received Import Request.
  Time since last request: 0.019574 seconds.
  path: Assets/PolygonSciFiWorlds/Models/SM_Bld_Light_10.fbx
  artifactKey: Guid(42e8013a854ce9c499f7e59390902bd2) Importer(815301076,1909f56bfc062723c751e8b465ee728b)
Start importing Assets/PolygonSciFiWorlds/Models/SM_Bld_Light_10.fbx using Guid(42e8013a854ce9c499f7e59390902bd2) Importer(815301076,1909f56bfc062723c751e8b465ee728b)  -> (artifact id: 'dacf722f501b3893e353dfec2e0fda7d') in 0.018719 seconds
Number of updated asset objects reloaded before import = 0
Number of asset objects unloaded after import = 7
========================================================================
Received Import Request.
  Time since last request: 0.000344 seconds.
  path: Assets/PolygonSciFiWorlds/Models/SM_Bld_Light_11.fbx
  artifactKey: Guid(6475e714cfd94a449953a345c18a8b18) Importer(815301076,1909f56bfc062723c751e8b465ee728b)
Start importing Assets/PolygonSciFiWorlds/Models/SM_Bld_Light_11.fbx using Guid(6475e714cfd94a449953a345c18a8b18) Importer(815301076,1909f56bfc062723c751e8b465ee728b)  -> (artifact id: '255f6b2b9fafc1ac68de54cdc09d8e62') in 0.017142 seconds
Number of updated asset objects reloaded before import = 0
Number of asset objects unloaded after import = 7
========================================================================
Received Import Request.
  Time since last request: 0.005865 seconds.
  path: Assets/PolygonSciFiWorlds/Models/SM_Bld_Light_12.fbx
  artifactKey: Guid(0b8b3e9fbedffc24881dc1efffcd001f) Importer(815301076,1909f56bfc062723c751e8b465ee728b)
Start importing Assets/PolygonSciFiWorlds/Models/SM_Bld_Light_12.fbx using Guid(0b8b3e9fbedffc24881dc1efffcd001f) Importer(815301076,1909f56bfc062723c751e8b465ee728b)  -> (artifact id: 'feab39166daf77fe449d5ed658ec6d03') in 0.018701 seconds
Number of updated asset objects reloaded before import = 0
Number of asset objects unloaded after import = 7
========================================================================
Received Import Request.
  Time since last request: 0.000921 seconds.
  path: Assets/PolygonSciFiWorlds/Models/SM_Bld_Overhang_01.fbx
  artifactKey: Guid(ab89832771925ab4fb2cd1fa044d7c72) Importer(815301076,1909f56bfc062723c751e8b465ee728b)
Start importing Assets/PolygonSciFiWorlds/Models/SM_Bld_Overhang_01.fbx using Guid(ab89832771925ab4fb2cd1fa044d7c72) Importer(815301076,1909f56bfc062723c751e8b465ee728b)  -> (artifact id: '59a3a268ea7093eef49bdce2c4f095d6') in 0.024753 seconds
Number of updated asset objects reloaded before import = 0
Number of asset objects unloaded after import = 7
========================================================================
Received Import Request.
  Time since last request: 0.000017 seconds.
  path: Assets/PolygonSciFiWorlds/Models/SM_Bld_Pillar_02.fbx
  artifactKey: Guid(525ffd5e97886ea4a9c0eb13cc8ca460) Importer(815301076,1909f56bfc062723c751e8b465ee728b)
Start importing Assets/PolygonSciFiWorlds/Models/SM_Bld_Pillar_02.fbx using Guid(525ffd5e97886ea4a9c0eb13cc8ca460) Importer(815301076,1909f56bfc062723c751e8b465ee728b)  -> (artifact id: '73fa3ce5dfab8d07ce922187c6aaf5db') in 0.365947 seconds
Number of updated asset objects reloaded before import = 0
Number of asset objects unloaded after import = 7
========================================================================
Received Import Request.
  Time since last request: 0.039842 seconds.
  path: Assets/PolygonSciFiWorlds/Models/SM_Bld_Planetary_Cannon_01.fbx
  artifactKey: Guid(45c3791d97b756846a51c0f470cc722a) Importer(815301076,1909f56bfc062723c751e8b465ee728b)
Start importing Assets/PolygonSciFiWorlds/Models/SM_Bld_Planetary_Cannon_01.fbx using Guid(45c3791d97b756846a51c0f470cc722a) Importer(815301076,1909f56bfc062723c751e8b465ee728b)  -> (artifact id: 'e607242268788177a353b6930aa63364') in 0.334514 seconds
Number of updated asset objects reloaded before import = 0
Number of asset objects unloaded after import = 22
========================================================================
Received Import Request.
  Time since last request: 0.103995 seconds.
  path: Assets/PolygonSciFiWorlds/Models/SM_Bld_Platform_Barrier_Pillar_InnerCorner_01.fbx
  artifactKey: Guid(b619b192d9ce1e441b13fb5831473f77) Importer(815301076,1909f56bfc062723c751e8b465ee728b)
Start importing Assets/PolygonSciFiWorlds/Models/SM_Bld_Platform_Barrier_Pillar_InnerCorner_01.fbx using Guid(b619b192d9ce1e441b13fb5831473f77) Importer(815301076,1909f56bfc062723c751e8b465ee728b)  -> (artifact id: 'cbea36dca9c4bc4f1b7d7b93de9bfaca') in 0.018839 seconds
Number of updated asset objects reloaded before import = 0
Number of asset objects unloaded after import = 7
========================================================================
Received Import Request.
  Time since last request: 0.014643 seconds.
  path: Assets/PolygonSciFiWorlds/Models/SM_Bld_Platform_Barrier_Short_01.fbx
  artifactKey: Guid(41d123b13c9f7e34085202b5d43f062b) Importer(815301076,1909f56bfc062723c751e8b465ee728b)
Start importing Assets/PolygonSciFiWorlds/Models/SM_Bld_Platform_Barrier_Short_01.fbx using Guid(41d123b13c9f7e34085202b5d43f062b) Importer(815301076,1909f56bfc062723c751e8b465ee728b)  -> (artifact id: '82ccd539be1692dbd137a713255c9f92') in 0.019399 seconds
Number of updated asset objects reloaded before import = 0
Number of asset objects unloaded after import = 7
========================================================================
Received Import Request.
  Time since last request: 0.081269 seconds.
  path: Assets/PolygonSciFiWorlds/Models/SM_Bld_Platform_Base_Large_02.fbx
  artifactKey: Guid(99f38f45049789f46bb087133289caf5) Importer(815301076,1909f56bfc062723c751e8b465ee728b)
Start importing Assets/PolygonSciFiWorlds/Models/SM_Bld_Platform_Base_Large_02.fbx using Guid(99f38f45049789f46bb087133289caf5) Importer(815301076,1909f56bfc062723c751e8b465ee728b)  -> (artifact id: 'dd8bbada00e878428e41b3a4d20d6c3a') in 0.052270 seconds
Number of updated asset objects reloaded before import = 0
Number of asset objects unloaded after import = 7
========================================================================
Received Import Request.
  Time since last request: 0.256739 seconds.
  path: Assets/PolygonSciFiWorlds/Models/SM_Bld_Platform_Base_Large_Corner_01.fbx
  artifactKey: Guid(f235b88d6b39ce0439c22cf3b3f8cb22) Importer(815301076,1909f56bfc062723c751e8b465ee728b)
Start importing Assets/PolygonSciFiWorlds/Models/SM_Bld_Platform_Base_Large_Corner_01.fbx using Guid(f235b88d6b39ce0439c22cf3b3f8cb22) Importer(815301076,1909f56bfc062723c751e8b465ee728b)  -> (artifact id: '7287c3d896463f4a46cba08d7565c36f') in 0.055969 seconds
Number of updated asset objects reloaded before import = 0
Number of asset objects unloaded after import = 7
========================================================================
Received Import Request.
  Time since last request: 0.008652 seconds.
  path: Assets/PolygonSciFiWorlds/Models/SM_Bld_Platform_Base_Small_02.fbx
  artifactKey: Guid(fbda952c52d93914ba62affefa6ea405) Importer(815301076,1909f56bfc062723c751e8b465ee728b)
Start importing Assets/PolygonSciFiWorlds/Models/SM_Bld_Platform_Base_Small_02.fbx using Guid(fbda952c52d93914ba62affefa6ea405) Importer(815301076,1909f56bfc062723c751e8b465ee728b)  -> (artifact id: '9dfacbedc1b7ff2611d345bf2c0f891a') in 0.317265 seconds
Number of updated asset objects reloaded before import = 0
Number of asset objects unloaded after import = 7
========================================================================
Received Import Request.
  Time since last request: 0.000053 seconds.
  path: Assets/PolygonSciFiWorlds/Models/SM_Bld_Platform_Large_02.fbx
  artifactKey: Guid(2f1f463fc95a7e24eb37eaa7c6a0c384) Importer(815301076,1909f56bfc062723c751e8b465ee728b)
Start importing Assets/PolygonSciFiWorlds/Models/SM_Bld_Platform_Large_02.fbx using Guid(2f1f463fc95a7e24eb37eaa7c6a0c384) Importer(815301076,1909f56bfc062723c751e8b465ee728b)  -> (artifact id: '416162dbd6f4359587595331e388ebf3') in 0.042459 seconds
Number of updated asset objects reloaded before import = 0
Number of asset objects unloaded after import = 7
========================================================================
Received Import Request.
  Time since last request: 0.000035 seconds.
  path: Assets/PolygonSciFiWorlds/Models/SM_Bld_Platform_Large_07.fbx
  artifactKey: Guid(eeb8c5a5d21f07746acfc104ff835b2d) Importer(815301076,1909f56bfc062723c751e8b465ee728b)
Start importing Assets/PolygonSciFiWorlds/Models/SM_Bld_Platform_Large_07.fbx using Guid(eeb8c5a5d21f07746acfc104ff835b2d) Importer(815301076,1909f56bfc062723c751e8b465ee728b)  -> (artifact id: '8d3e35e1a6c3f8f6559b7e2eac205cc2') in 0.016210 seconds
Number of updated asset objects reloaded before import = 0
Number of asset objects unloaded after import = 7
========================================================================
Received Import Request.
  Time since last request: 0.000016 seconds.
  path: Assets/PolygonSciFiWorlds/Models/SM_Bld_Platform_Large_Corner_02.fbx
  artifactKey: Guid(19ee3cac6fe12b84e8d19de431aee7bc) Importer(815301076,1909f56bfc062723c751e8b465ee728b)
Start importing Assets/PolygonSciFiWorlds/Models/SM_Bld_Platform_Large_Corner_02.fbx using Guid(19ee3cac6fe12b84e8d19de431aee7bc) Importer(815301076,1909f56bfc062723c751e8b465ee728b)  -> (artifact id: '44469207c1e71f3314484f5794c83bfb') in 0.101057 seconds
Number of updated asset objects reloaded before import = 0
Number of asset objects unloaded after import = 7
========================================================================
Received Import Request.
  Time since last request: 0.000034 seconds.
  path: Assets/PolygonSciFiWorlds/Models/SM_Bld_Platform_Small_05.fbx
  artifactKey: Guid(458d1f4c5a416644fa165354b7b9cd8a) Importer(815301076,1909f56bfc062723c751e8b465ee728b)
Start importing Assets/PolygonSciFiWorlds/Models/SM_Bld_Platform_Small_05.fbx using Guid(458d1f4c5a416644fa165354b7b9cd8a) Importer(815301076,1909f56bfc062723c751e8b465ee728b)  -> (artifact id: '379a803d26ddbd00108e23125846ce39') in 0.098473 seconds
Number of updated asset objects reloaded before import = 0
Number of asset objects unloaded after import = 7
========================================================================
Received Import Request.
  Time since last request: 0.000069 seconds.
  path: Assets/PolygonSciFiWorlds/Models/SM_Bld_Platform_Stairs_01.fbx
  artifactKey: Guid(014b40267d5b55f48b86560aaca97e20) Importer(815301076,1909f56bfc062723c751e8b465ee728b)
Start importing Assets/PolygonSciFiWorlds/Models/SM_Bld_Platform_Stairs_01.fbx using Guid(014b40267d5b55f48b86560aaca97e20) Importer(815301076,1909f56bfc062723c751e8b465ee728b)  -> (artifact id: '1b409bb059b7c3aae47d5a432d39cdad') in 0.057684 seconds
Number of updated asset objects reloaded before import = 0
Number of asset objects unloaded after import = 7
========================================================================
Received Import Request.
  Time since last request: 0.000071 seconds.
  path: Assets/PolygonSciFiWorlds/Models/SM_Bld_Pod_Base_01.fbx
  artifactKey: Guid(f6e21a9df68df314c84e055d07eb594a) Importer(815301076,1909f56bfc062723c751e8b465ee728b)
Start importing Assets/PolygonSciFiWorlds/Models/SM_Bld_Pod_Base_01.fbx using Guid(f6e21a9df68df314c84e055d07eb594a) Importer(815301076,1909f56bfc062723c751e8b465ee728b)  -> (artifact id: '54df066ee39c428110660a7ae3997544') in 0.066482 seconds
Number of updated asset objects reloaded before import = 0
Number of asset objects unloaded after import = 7
========================================================================
Received Import Request.
  Time since last request: 0.000046 seconds.
  path: Assets/PolygonSciFiWorlds/Models/SM_Bld_Platform_Large_06.fbx
  artifactKey: Guid(43549dcf896354c4f8fc68ed8b4a9357) Importer(815301076,1909f56bfc062723c751e8b465ee728b)
Start importing Assets/PolygonSciFiWorlds/Models/SM_Bld_Platform_Large_06.fbx using Guid(43549dcf896354c4f8fc68ed8b4a9357) Importer(815301076,1909f56bfc062723c751e8b465ee728b)  -> (artifact id: 'b900701db0b330b242bd9b36c99ff01b') in 0.381305 seconds
Number of updated asset objects reloaded before import = 0
Number of asset objects unloaded after import = 7
========================================================================
Received Import Request.
  Time since last request: 0.000056 seconds.
  path: Assets/PolygonSciFiWorlds/Models/SM_Bld_Pod_Base_04.fbx
  artifactKey: Guid(2709555fc14202f41a7c8797d1b4cb6b) Importer(815301076,1909f56bfc062723c751e8b465ee728b)
Start importing Assets/PolygonSciFiWorlds/Models/SM_Bld_Pod_Base_04.fbx using Guid(2709555fc14202f41a7c8797d1b4cb6b) Importer(815301076,1909f56bfc062723c751e8b465ee728b)  -> (artifact id: '47d61a59f66f6acfb9eea63ab92e14b4') in 0.115766 seconds
Number of updated asset objects reloaded before import = 0
Number of asset objects unloaded after import = 7
========================================================================
Received Import Request.
  Time since last request: 0.000213 seconds.
  path: Assets/PolygonSciFiWorlds/Models/SM_Bld_Pod_Corridor_Round_03.fbx
  artifactKey: Guid(c13ae18a0e6ff3f4fa764cf40912946a) Importer(815301076,1909f56bfc062723c751e8b465ee728b)
Start importing Assets/PolygonSciFiWorlds/Models/SM_Bld_Pod_Corridor_Round_03.fbx using Guid(c13ae18a0e6ff3f4fa764cf40912946a) Importer(815301076,1909f56bfc062723c751e8b465ee728b)  -> (artifact id: '6ffd5175da73af9a73073a792d85ba2d') in 0.094276 seconds
Number of updated asset objects reloaded before import = 0
Number of asset objects unloaded after import = 12
========================================================================
Received Import Request.
  Time since last request: 0.000026 seconds.
  path: Assets/PolygonSciFiWorlds/Models/SM_Bld_Pod_Corridor_Round_End_01.fbx
  artifactKey: Guid(c3527c6fa632e0b4ba46a6fadead09ab) Importer(815301076,1909f56bfc062723c751e8b465ee728b)
Start importing Assets/PolygonSciFiWorlds/Models/SM_Bld_Pod_Corridor_Round_End_01.fbx using Guid(c3527c6fa632e0b4ba46a6fadead09ab) Importer(815301076,1909f56bfc062723c751e8b465ee728b)  -> (artifact id: '38f27f66ea5c24eafcc6400dcc8932b9') in 0.052245 seconds
Number of updated asset objects reloaded before import = 0
Number of asset objects unloaded after import = 12
========================================================================
Received Import Request.
  Time since last request: 0.000019 seconds.
  path: Assets/PolygonSciFiWorlds/Models/SM_Bld_Pod_Corridor_Square_01.fbx
  artifactKey: Guid(8f21e4b909feeb146b9b94c266d80ed1) Importer(815301076,1909f56bfc062723c751e8b465ee728b)
Start importing Assets/PolygonSciFiWorlds/Models/SM_Bld_Pod_Corridor_Square_01.fbx using Guid(8f21e4b909feeb146b9b94c266d80ed1) Importer(815301076,1909f56bfc062723c751e8b465ee728b)  -> (artifact id: '1acb21d5f312a1357c28514e64255df6') in 0.023498 seconds
Number of updated asset objects reloaded before import = 0
Number of asset objects unloaded after import = 7
========================================================================
Received Import Request.
  Time since last request: 0.000017 seconds.
  path: Assets/PolygonSciFiWorlds/Models/SM_Bld_Pod_Corridor_Round_Support_01.fbx
  artifactKey: Guid(1de882d388ab8034bb767a746e48e5d2) Importer(815301076,1909f56bfc062723c751e8b465ee728b)
Start importing Assets/PolygonSciFiWorlds/Models/SM_Bld_Pod_Corridor_Round_Support_01.fbx using Guid(1de882d388ab8034bb767a746e48e5d2) Importer(815301076,1909f56bfc062723c751e8b465ee728b)  -> (artifact id: '76f2e393344083d00a1ff2a2c88b75de') in 0.174504 seconds
Number of updated asset objects reloaded before import = 0
Number of asset objects unloaded after import = 17
========================================================================
Received Import Request.
  Time since last request: 0.000021 seconds.
  path: Assets/PolygonSciFiWorlds/Models/SM_Bld_Platform_Large_10.fbx
  artifactKey: Guid(c83ffa0086221604aa36db950d096711) Importer(815301076,1909f56bfc062723c751e8b465ee728b)
Start importing Assets/PolygonSciFiWorlds/Models/SM_Bld_Platform_Large_10.fbx using Guid(c83ffa0086221604aa36db950d096711) Importer(815301076,1909f56bfc062723c751e8b465ee728b)  -> (artifact id: 'fa548535c662956b098817381a77cdfc') in 0.119625 seconds
Number of updated asset objects reloaded before import = 0
Number of asset objects unloaded after import = 7
========================================================================
Received Import Request.
  Time since last request: 0.000028 seconds.
  path: Assets/PolygonSciFiWorlds/Models/SM_Bld_Pod_Air_Lock_02.fbx
  artifactKey: Guid(b27d079a782a4374787a2e60c8b92d28) Importer(815301076,1909f56bfc062723c751e8b465ee728b)
Start importing Assets/PolygonSciFiWorlds/Models/SM_Bld_Pod_Air_Lock_02.fbx using Guid(b27d079a782a4374787a2e60c8b92d28) Importer(815301076,1909f56bfc062723c751e8b465ee728b)  -> (artifact id: '099c4c739df5e1e6078009ed9dea1f53') in 0.239365 seconds
Number of updated asset objects reloaded before import = 0
Number of asset objects unloaded after import = 7
========================================================================
Received Import Request.
  Time since last request: 0.000076 seconds.
  path: Assets/PolygonSciFiWorlds/Models/SM_Bld_Pod_Corridor_Round_04.fbx
  artifactKey: Guid(3e4cadf6bbc87f4468de589f5dfab4ae) Importer(815301076,1909f56bfc062723c751e8b465ee728b)
Start importing Assets/PolygonSciFiWorlds/Models/SM_Bld_Pod_Corridor_Round_04.fbx using Guid(3e4cadf6bbc87f4468de589f5dfab4ae) Importer(815301076,1909f56bfc062723c751e8b465ee728b)  -> (artifact id: '9038d7afb2da5520384e0735d82e931c') in 0.037196 seconds
Number of updated asset objects reloaded before import = 0
Number of asset objects unloaded after import = 12
========================================================================
Received Import Request.
  Time since last request: 1.794748 seconds.
  path: Assets/PolygonSciFiWorlds/Models/SM_Bld_Pod_Corridor_Square_04.fbx
  artifactKey: Guid(b6c377b2b202e994a9498a77b9da29fc) Importer(815301076,1909f56bfc062723c751e8b465ee728b)
Start importing Assets/PolygonSciFiWorlds/Models/SM_Bld_Pod_Corridor_Square_04.fbx using Guid(b6c377b2b202e994a9498a77b9da29fc) Importer(815301076,1909f56bfc062723c751e8b465ee728b)  -> (artifact id: 'c2eeab3de0d3beab68c1ae1033338a5e') in 0.146094 seconds
Number of updated asset objects reloaded before import = 0
Number of asset objects unloaded after import = 17
========================================================================
Received Import Request.
  Time since last request: 0.000025 seconds.
  path: Assets/PolygonSciFiWorlds/Models/SM_Bld_Pod_Corridor_Square_End_02.fbx
  artifactKey: Guid(03c76530281bc4047b9f972a2705c55f) Importer(815301076,1909f56bfc062723c751e8b465ee728b)
Start importing Assets/PolygonSciFiWorlds/Models/SM_Bld_Pod_Corridor_Square_End_02.fbx using Guid(03c76530281bc4047b9f972a2705c55f) Importer(815301076,1909f56bfc062723c751e8b465ee728b)  -> (artifact id: 'c848e94f30c636b2450a9ee81f582532') in 0.021741 seconds
Number of updated asset objects reloaded before import = 0
Number of asset objects unloaded after import = 7
========================================================================
Received Import Request.
  Time since last request: 0.000034 seconds.
  path: Assets/PolygonSciFiWorlds/Models/SM_Bld_Pod_Corridor_Square_Ramp_01.fbx
  artifactKey: Guid(939a9dfd8aec5854ebe55cf58d73064c) Importer(815301076,1909f56bfc062723c751e8b465ee728b)
Start importing Assets/PolygonSciFiWorlds/Models/SM_Bld_Pod_Corridor_Square_Ramp_01.fbx using Guid(939a9dfd8aec5854ebe55cf58d73064c) Importer(815301076,1909f56bfc062723c751e8b465ee728b)  -> (artifact id: '5636e3be4938bc2ae9e401dcbbd22bac') in 0.019584 seconds
Number of updated asset objects reloaded before import = 0
Number of asset objects unloaded after import = 7
========================================================================
Received Import Request.
  Time since last request: 0.003827 seconds.
  path: Assets/PolygonSciFiWorlds/Models/SM_Bld_Pod_Hab_Large_02.fbx
  artifactKey: Guid(08fef0690b83b464c904d087b97b5681) Importer(815301076,1909f56bfc062723c751e8b465ee728b)
Start importing Assets/PolygonSciFiWorlds/Models/SM_Bld_Pod_Hab_Large_02.fbx using Guid(08fef0690b83b464c904d087b97b5681) Importer(815301076,1909f56bfc062723c751e8b465ee728b)  -> (artifact id: '3640fba045767b07eaad36b33af56e7f') in 0.067475 seconds
Number of updated asset objects reloaded before import = 0
Number of asset objects unloaded after import = 32
========================================================================
Received Import Request.
  Time since last request: 0.036791 seconds.
  path: Assets/PolygonSciFiWorlds/Models/SM_Bld_Pod_Hab_Small_03.fbx
  artifactKey: Guid(a756700417b90bc4abf114bd4a560805) Importer(815301076,1909f56bfc062723c751e8b465ee728b)
Start importing Assets/PolygonSciFiWorlds/Models/SM_Bld_Pod_Hab_Small_03.fbx using Guid(a756700417b90bc4abf114bd4a560805) Importer(815301076,1909f56bfc062723c751e8b465ee728b)  -> (artifact id: '028c1a86daa6df935a1a34987aeac4eb') in 0.484618 seconds
Number of updated asset objects reloaded before import = 0
Number of asset objects unloaded after import = 22
========================================================================
Received Import Request.
  Time since last request: 3.822365 seconds.
  path: Assets/PolygonSciFiWorlds/Models/SM_Bld_Pod_Hub_01.fbx
  artifactKey: Guid(5c102c15cc931984cbbe3e8ae71723ae) Importer(815301076,1909f56bfc062723c751e8b465ee728b)
Start importing Assets/PolygonSciFiWorlds/Models/SM_Bld_Pod_Hub_01.fbx using Guid(5c102c15cc931984cbbe3e8ae71723ae) Importer(815301076,1909f56bfc062723c751e8b465ee728b)  -> (artifact id: '4d8c5ef80474afab16446fbcbe092cee') in 0.076245 seconds
Number of updated asset objects reloaded before import = 0
Number of asset objects unloaded after import = 12
========================================================================
Received Import Request.
  Time since last request: 0.002391 seconds.
  path: Assets/PolygonSciFiWorlds/Models/SM_Bld_Pod_Research_01.fbx
  artifactKey: Guid(a88bc43799542924d9d73b66bb5f5004) Importer(815301076,1909f56bfc062723c751e8b465ee728b)
Start importing Assets/PolygonSciFiWorlds/Models/SM_Bld_Pod_Research_01.fbx using Guid(a88bc43799542924d9d73b66bb5f5004) Importer(815301076,1909f56bfc062723c751e8b465ee728b)  -> (artifact id: 'c63a8f77af7baffb9bc9da85f1e2be07') in 0.024784 seconds
Number of updated asset objects reloaded before import = 0
Number of asset objects unloaded after import = 7
========================================================================
Received Import Request.
  Time since last request: 0.000022 seconds.
  path: Assets/PolygonSciFiWorlds/Models/SM_Bld_Pod_Research_04.fbx
  artifactKey: Guid(8fa4a25c1bcade6479e11f5dfbcf2e19) Importer(815301076,1909f56bfc062723c751e8b465ee728b)
Start importing Assets/PolygonSciFiWorlds/Models/SM_Bld_Pod_Research_04.fbx using Guid(8fa4a25c1bcade6479e11f5dfbcf2e19) Importer(815301076,1909f56bfc062723c751e8b465ee728b)  -> (artifact id: '6376f9631933e9107a8540fd77727e9d') in 0.037004 seconds
Number of updated asset objects reloaded before import = 0
Number of asset objects unloaded after import = 12
========================================================================
Received Import Request.
  Time since last request: 0.000026 seconds.
  path: Assets/PolygonSciFiWorlds/Models/SM_Bld_Pod_Research_07.fbx
  artifactKey: Guid(41cc66e8de4fc364ba25b29c95a56c51) Importer(815301076,1909f56bfc062723c751e8b465ee728b)
Start importing Assets/PolygonSciFiWorlds/Models/SM_Bld_Pod_Research_07.fbx using Guid(41cc66e8de4fc364ba25b29c95a56c51) Importer(815301076,1909f56bfc062723c751e8b465ee728b)  -> (artifact id: 'b22a782cc7f7b29e73d485be41aa56fe') in 0.097503 seconds
Number of updated asset objects reloaded before import = 0
Number of asset objects unloaded after import = 17
========================================================================
Received Import Request.
  Time since last request: 0.000019 seconds.
  path: Assets/PolygonSciFiWorlds/Models/SM_Bld_Pod_Silo_01.fbx
  artifactKey: Guid(2caff798253c0cc449eccb6351225ebf) Importer(815301076,1909f56bfc062723c751e8b465ee728b)
Start importing Assets/PolygonSciFiWorlds/Models/SM_Bld_Pod_Silo_01.fbx using Guid(2caff798253c0cc449eccb6351225ebf) Importer(815301076,1909f56bfc062723c751e8b465ee728b)  -> (artifact id: '4024aaa910c668c122a744f4abdce3f9') in 0.053477 seconds
Number of updated asset objects reloaded before import = 0
Number of asset objects unloaded after import = 7
========================================================================
Received Import Request.
  Time since last request: 0.684268 seconds.
  path: Assets/PolygonSciFiWorlds/Models/SM_Bld_Pod_Silo_03.fbx
  artifactKey: Guid(1b893a0f860796a4aa6bc4dd2dfca220) Importer(815301076,1909f56bfc062723c751e8b465ee728b)
Start importing Assets/PolygonSciFiWorlds/Models/SM_Bld_Pod_Silo_03.fbx using Guid(1b893a0f860796a4aa6bc4dd2dfca220) Importer(815301076,1909f56bfc062723c751e8b465ee728b)  -> (artifact id: '79660f0eac3d93a97759361e05629a1a') in 0.054953 seconds
Number of updated asset objects reloaded before import = 0
Number of asset objects unloaded after import = 7
========================================================================
Received Import Request.
  Time since last request: 0.009712 seconds.
  path: Assets/PolygonSciFiWorlds/Models/SM_Bld_Pod_Silo_05.fbx
  artifactKey: Guid(64b925e10ed82a343ba425531457bb56) Importer(815301076,1909f56bfc062723c751e8b465ee728b)
Start importing Assets/PolygonSciFiWorlds/Models/SM_Bld_Pod_Silo_05.fbx using Guid(64b925e10ed82a343ba425531457bb56) Importer(815301076,1909f56bfc062723c751e8b465ee728b)  -> (artifact id: '7add4ee7d593c1e23e6744f158121b1e') in 0.198020 seconds
Number of updated asset objects reloaded before import = 0
Number of asset objects unloaded after import = 7
========================================================================
Received Import Request.
  Time since last request: 0.000018 seconds.
  path: Assets/PolygonSciFiWorlds/Models/SM_Bld_Portal_01.fbx
  artifactKey: Guid(7e65c8fc1ee0172409a2f0b2b7af095b) Importer(815301076,1909f56bfc062723c751e8b465ee728b)
Start importing Assets/PolygonSciFiWorlds/Models/SM_Bld_Portal_01.fbx using Guid(7e65c8fc1ee0172409a2f0b2b7af095b) Importer(815301076,1909f56bfc062723c751e8b465ee728b)  -> (artifact id: '8d8298f04588d92e0b8326ea5309b90a') in 0.128314 seconds
Number of updated asset objects reloaded before import = 0
Number of asset objects unloaded after import = 12
========================================================================
Received Import Request.
  Time since last request: 0.000069 seconds.
  path: Assets/PolygonSciFiWorlds/Models/SM_Bld_Pod_Silo_07.fbx
  artifactKey: Guid(6340ccb2e0c33d742accf42fc2c944e5) Importer(815301076,1909f56bfc062723c751e8b465ee728b)
Start importing Assets/PolygonSciFiWorlds/Models/SM_Bld_Pod_Silo_07.fbx using Guid(6340ccb2e0c33d742accf42fc2c944e5) Importer(815301076,1909f56bfc062723c751e8b465ee728b)  -> (artifact id: '60f22fe859dc906cf48faab435928fa0') in 0.061512 seconds
Number of updated asset objects reloaded before import = 0
Number of asset objects unloaded after import = 7
========================================================================
Received Import Request.
  Time since last request: 0.083398 seconds.
  path: Assets/PolygonSciFiWorlds/Models/SM_Bld_Railing_Pillar_01.fbx
  artifactKey: Guid(42b0d384cd1faaf40b5fef02ddebf704) Importer(815301076,1909f56bfc062723c751e8b465ee728b)
Start importing Assets/PolygonSciFiWorlds/Models/SM_Bld_Railing_Pillar_01.fbx using Guid(42b0d384cd1faaf40b5fef02ddebf704) Importer(815301076,1909f56bfc062723c751e8b465ee728b)  -> (artifact id: 'dbaa2fead254019ea596101c6845da9a') in 0.057894 seconds
Number of updated asset objects reloaded before import = 0
Number of asset objects unloaded after import = 7
========================================================================
Received Import Request.
  Time since last request: 0.203463 seconds.
  path: Assets/PolygonSciFiWorlds/Models/SM_Bld_Scav_Dish_01.fbx
  artifactKey: Guid(2795ec2ae69e8454b8deef9697a852b4) Importer(815301076,1909f56bfc062723c751e8b465ee728b)
Start importing Assets/PolygonSciFiWorlds/Models/SM_Bld_Scav_Dish_01.fbx using Guid(2795ec2ae69e8454b8deef9697a852b4) Importer(815301076,1909f56bfc062723c751e8b465ee728b)  -> (artifact id: '31c556d6dde4f71608877381c232750e') in 0.168903 seconds
Number of updated asset objects reloaded before import = 0
Number of asset objects unloaded after import = 7
========================================================================
Received Import Request.
  Time since last request: 0.255552 seconds.
  path: Assets/PolygonSciFiWorlds/Models/SM_Bld_Scav_Dish_Base_01.fbx
  artifactKey: Guid(1360071e92be02f429f12ce65de98ad2) Importer(815301076,1909f56bfc062723c751e8b465ee728b)
Start importing Assets/PolygonSciFiWorlds/Models/SM_Bld_Scav_Dish_Base_01.fbx using Guid(1360071e92be02f429f12ce65de98ad2) Importer(815301076,1909f56bfc062723c751e8b465ee728b)  -> (artifact id: '098fd99818cb9d3e1e86c103cf530196') in 0.184492 seconds
Number of updated asset objects reloaded before import = 0
Number of asset objects unloaded after import = 12
========================================================================
Received Import Request.
  Time since last request: 0.085692 seconds.
  path: Assets/PolygonSciFiWorlds/Models/SM_Bld_Scav_Garage_02.fbx
  artifactKey: Guid(834521e39788a9a499b6b81e337c58ef) Importer(815301076,1909f56bfc062723c751e8b465ee728b)
Start importing Assets/PolygonSciFiWorlds/Models/SM_Bld_Scav_Garage_02.fbx using Guid(834521e39788a9a499b6b81e337c58ef) Importer(815301076,1909f56bfc062723c751e8b465ee728b)  -> (artifact id: 'f0f96fe6c5ab7f7c21e463b05c345768') in 0.359938 seconds
Number of updated asset objects reloaded before import = 0
Number of asset objects unloaded after import = 7
========================================================================
Received Import Request.
  Time since last request: 0.000053 seconds.
  path: Assets/PolygonSciFiWorlds/Models/SM_Bld_Scav_Refinery_03.fbx
  artifactKey: Guid(652c05efd0e816642af1aa7ca93ddd91) Importer(815301076,1909f56bfc062723c751e8b465ee728b)
Start importing Assets/PolygonSciFiWorlds/Models/SM_Bld_Scav_Refinery_03.fbx using Guid(652c05efd0e816642af1aa7ca93ddd91) Importer(815301076,1909f56bfc062723c751e8b465ee728b)  -> (artifact id: '24b55937b65c4cd401a151d8106546da') in 0.302001 seconds
Number of updated asset objects reloaded before import = 0
Number of asset objects unloaded after import = 7
========================================================================
Received Import Request.
  Time since last request: 0.004252 seconds.
  path: Assets/PolygonSciFiWorlds/Models/SM_Bld_Scav_Refinery_Pipe_01.fbx
  artifactKey: Guid(67ebe6e314454d64ab4b1ea3fb24d8fe) Importer(815301076,1909f56bfc062723c751e8b465ee728b)
Start importing Assets/PolygonSciFiWorlds/Models/SM_Bld_Scav_Refinery_Pipe_01.fbx using Guid(67ebe6e314454d64ab4b1ea3fb24d8fe) Importer(815301076,1909f56bfc062723c751e8b465ee728b)  -> (artifact id: '423de02cf958ee649889ad35ef4daa5c') in 0.058802 seconds
Number of updated asset objects reloaded before import = 0
Number of asset objects unloaded after import = 7
========================================================================
Received Import Request.
  Time since last request: 0.000046 seconds.
  path: Assets/PolygonSciFiWorlds/Models/SM_Bld_Scav_Refinery_Pipe_01_Bend_01.fbx
  artifactKey: Guid(a9efc6d2be0328a4a8d854659c358e76) Importer(815301076,1909f56bfc062723c751e8b465ee728b)
Start importing Assets/PolygonSciFiWorlds/Models/SM_Bld_Scav_Refinery_Pipe_01_Bend_01.fbx using Guid(a9efc6d2be0328a4a8d854659c358e76) Importer(815301076,1909f56bfc062723c751e8b465ee728b)  -> (artifact id: 'd100576b2eb3473ebb8657546b36fe07') in 0.018694 seconds
Number of updated asset objects reloaded before import = 0
Number of asset objects unloaded after import = 7
========================================================================
Received Import Request.
  Time since last request: 0.000026 seconds.
  path: Assets/PolygonSciFiWorlds/Models/SM_Bld_Scav_Refinery_Pipe_01_Bend_02.fbx
  artifactKey: Guid(2df7683269cb87245a06b00e7887212c) Importer(815301076,1909f56bfc062723c751e8b465ee728b)
Start importing Assets/PolygonSciFiWorlds/Models/SM_Bld_Scav_Refinery_Pipe_01_Bend_02.fbx using Guid(2df7683269cb87245a06b00e7887212c) Importer(815301076,1909f56bfc062723c751e8b465ee728b)  -> (artifact id: '243451a635eac9b2d797e273b0f93686') in 0.114344 seconds
Number of updated asset objects reloaded before import = 0
Number of asset objects unloaded after import = 7
========================================================================
Received Import Request.
  Time since last request: 0.084466 seconds.
  path: Assets/PolygonSciFiWorlds/Models/SM_Bld_Scav_Refinery_Pipe_01_Bend_03.fbx
  artifactKey: Guid(90a4827f21cf6514dbf40f7270559a37) Importer(815301076,1909f56bfc062723c751e8b465ee728b)
Start importing Assets/PolygonSciFiWorlds/Models/SM_Bld_Scav_Refinery_Pipe_01_Bend_03.fbx using Guid(90a4827f21cf6514dbf40f7270559a37) Importer(815301076,1909f56bfc062723c751e8b465ee728b)  -> (artifact id: '0e4a3696a4f15154f4aec0b30561394e') in 0.074265 seconds
Number of updated asset objects reloaded before import = 0
Number of asset objects unloaded after import = 7
========================================================================
Received Import Request.
  Time since last request: 0.021493 seconds.
  path: Assets/PolygonSciFiWorlds/Models/SM_Bld_Scav_Refinery_Pipe_01_Connector_02.fbx
  artifactKey: Guid(9ec352c57844026448b59fc5fe6d4467) Importer(815301076,1909f56bfc062723c751e8b465ee728b)
Start importing Assets/PolygonSciFiWorlds/Models/SM_Bld_Scav_Refinery_Pipe_01_Connector_02.fbx using Guid(9ec352c57844026448b59fc5fe6d4467) Importer(815301076,1909f56bfc062723c751e8b465ee728b)  -> (artifact id: 'ab21b362d76a42b57d6278187bc01af3') in 0.162499 seconds
Number of updated asset objects reloaded before import = 0
Number of asset objects unloaded after import = 7
========================================================================
Received Import Request.
  Time since last request: 0.300057 seconds.
  path: Assets/PolygonSciFiWorlds/Models/SM_Bld_Scav_Refinery_Pipe_01_Half_03.fbx
  artifactKey: Guid(14a82942999792b40bb020d41a81a2e7) Importer(815301076,1909f56bfc062723c751e8b465ee728b)
Start importing Assets/PolygonSciFiWorlds/Models/SM_Bld_Scav_Refinery_Pipe_01_Half_03.fbx using Guid(14a82942999792b40bb020d41a81a2e7) Importer(815301076,1909f56bfc062723c751e8b465ee728b)  -> (artifact id: '6d6633b45685337446cccc57dd733e8f') in 0.248092 seconds
Number of updated asset objects reloaded before import = 0
Number of asset objects unloaded after import = 7
========================================================================
Received Import Request.
  Time since last request: 0.048682 seconds.
  path: Assets/PolygonSciFiWorlds/Models/SM_Bld_Scav_Refinery_Pipe_01_Pillar_02.fbx
  artifactKey: Guid(a87629ce56b21434c9b3ae3bf87d1a92) Importer(815301076,1909f56bfc062723c751e8b465ee728b)
Start importing Assets/PolygonSciFiWorlds/Models/SM_Bld_Scav_Refinery_Pipe_01_Pillar_02.fbx using Guid(a87629ce56b21434c9b3ae3bf87d1a92) Importer(815301076,1909f56bfc062723c751e8b465ee728b)  -> (artifact id: 'b7e7113f5d9353bc944fd8a892fb377d') in 0.039607 seconds
Number of updated asset objects reloaded before import = 0
Number of asset objects unloaded after import = 7
========================================================================
Received Import Request.
  Time since last request: 0.003741 seconds.
  path: Assets/PolygonSciFiWorlds/Models/SM_Bld_Scav_Refinery_Pipe_01_Window_01.fbx
  artifactKey: Guid(57cc5d0620b7a00479edbe2a99dca5fc) Importer(815301076,1909f56bfc062723c751e8b465ee728b)
Start importing Assets/PolygonSciFiWorlds/Models/SM_Bld_Scav_Refinery_Pipe_01_Window_01.fbx using Guid(57cc5d0620b7a00479edbe2a99dca5fc) Importer(815301076,1909f56bfc062723c751e8b465ee728b)  -> (artifact id: 'b22aa00b43a54fbecb52c25d60368f11') in 0.038300 seconds
Number of updated asset objects reloaded before import = 0
Number of asset objects unloaded after import = 7
========================================================================
Received Import Request.
  Time since last request: 0.033439 seconds.
  path: Assets/PolygonSciFiWorlds/Models/SM_Bld_Scav_Refinery_Pipe_02.fbx
  artifactKey: Guid(7d87142d86b36f744ac33ec6ca9287fb) Importer(815301076,1909f56bfc062723c751e8b465ee728b)
Start importing Assets/PolygonSciFiWorlds/Models/SM_Bld_Scav_Refinery_Pipe_02.fbx using Guid(7d87142d86b36f744ac33ec6ca9287fb) Importer(815301076,1909f56bfc062723c751e8b465ee728b)  -> (artifact id: '1535f050c52b3d63d70c62a3ea3046a5') in 0.041802 seconds
Number of updated asset objects reloaded before import = 0
Number of asset objects unloaded after import = 7
========================================================================
Received Import Request.
  Time since last request: 0.000054 seconds.
  path: Assets/PolygonSciFiWorlds/Models/SM_Bld_Scav_Refinery_Pipe_02_Connector_01.fbx
  artifactKey: Guid(289a3bedc00e69c4b91a8b2ab46bad7b) Importer(815301076,1909f56bfc062723c751e8b465ee728b)
Start importing Assets/PolygonSciFiWorlds/Models/SM_Bld_Scav_Refinery_Pipe_02_Connector_01.fbx using Guid(289a3bedc00e69c4b91a8b2ab46bad7b) Importer(815301076,1909f56bfc062723c751e8b465ee728b)  -> (artifact id: '56c7baef3b3fcd5f206520b45a4fc6da') in 0.037961 seconds
Number of updated asset objects reloaded before import = 0
Number of asset objects unloaded after import = 7
========================================================================
Received Import Request.
  Time since last request: 0.002960 seconds.
  path: Assets/PolygonSciFiWorlds/Models/SM_Bld_Scav_Refinery_Pipe_02_Half_02.fbx
  artifactKey: Guid(a030f94d2dedbff40a5e94ba062d198e) Importer(815301076,1909f56bfc062723c751e8b465ee728b)
Start importing Assets/PolygonSciFiWorlds/Models/SM_Bld_Scav_Refinery_Pipe_02_Half_02.fbx using Guid(a030f94d2dedbff40a5e94ba062d198e) Importer(815301076,1909f56bfc062723c751e8b465ee728b)  -> (artifact id: '8bd3adee9fa80c9f0da501e635c28a4a') in 0.024779 seconds
Number of updated asset objects reloaded before import = 0
Number of asset objects unloaded after import = 7
========================================================================
Received Import Request.
  Time since last request: 0.000047 seconds.
  path: Assets/PolygonSciFiWorlds/Models/SM_Bld_Scav_Refinery_Pipe_02_Pillar_01.fbx
  artifactKey: Guid(40d90e010c1bcc34f93516e909fa22c2) Importer(815301076,1909f56bfc062723c751e8b465ee728b)
Start importing Assets/PolygonSciFiWorlds/Models/SM_Bld_Scav_Refinery_Pipe_02_Pillar_01.fbx using Guid(40d90e010c1bcc34f93516e909fa22c2) Importer(815301076,1909f56bfc062723c751e8b465ee728b)  -> (artifact id: '9aa3518ad0d5d5e14b664a60a9f48ce2') in 0.023565 seconds
Number of updated asset objects reloaded before import = 0
Number of asset objects unloaded after import = 7
========================================================================
Received Import Request.
  Time since last request: 0.004284 seconds.
  path: Assets/PolygonSciFiWorlds/Models/SM_Bld_Scav_Refinery_Pipe_Coupling_01.fbx
  artifactKey: Guid(9090e23d42a410048823e3f264f526c4) Importer(815301076,1909f56bfc062723c751e8b465ee728b)
Start importing Assets/PolygonSciFiWorlds/Models/SM_Bld_Scav_Refinery_Pipe_Coupling_01.fbx using Guid(9090e23d42a410048823e3f264f526c4) Importer(815301076,1909f56bfc062723c751e8b465ee728b)  -> (artifact id: 'e815cf24f252adebcc97537dbe21a288') in 0.031131 seconds
Number of updated asset objects reloaded before import = 0
Number of asset objects unloaded after import = 7
========================================================================
Received Import Request.
  Time since last request: 0.010187 seconds.
  path: Assets/PolygonSciFiWorlds/Models/SM_Bld_Scav_Refinery_Pump_01.fbx
  artifactKey: Guid(f20dc388d145ee34aba8805f7522adc3) Importer(815301076,1909f56bfc062723c751e8b465ee728b)
Start importing Assets/PolygonSciFiWorlds/Models/SM_Bld_Scav_Refinery_Pump_01.fbx using Guid(f20dc388d145ee34aba8805f7522adc3) Importer(815301076,1909f56bfc062723c751e8b465ee728b)  -> (artifact id: '308f08e5e96c39a7f118b661f4feab63') in 0.031179 seconds
Number of updated asset objects reloaded before import = 0
Number of asset objects unloaded after import = 12
========================================================================
Received Import Request.
  Time since last request: 0.019722 seconds.
  path: Assets/PolygonSciFiWorlds/Models/SM_Bld_Scav_Refinery_Silo_02.fbx
  artifactKey: Guid(79ccfbab7b0730f40a3b4b012c9de504) Importer(815301076,1909f56bfc062723c751e8b465ee728b)
Start importing Assets/PolygonSciFiWorlds/Models/SM_Bld_Scav_Refinery_Silo_02.fbx using Guid(79ccfbab7b0730f40a3b4b012c9de504) Importer(815301076,1909f56bfc062723c751e8b465ee728b)  -> (artifact id: 'e1e36eeba38aea9e9942289f101b2f22') in 0.543524 seconds
Number of updated asset objects reloaded before import = 0
Number of asset objects unloaded after import = 7
========================================================================
Received Import Request.
  Time since last request: 0.000069 seconds.
  path: Assets/PolygonSciFiWorlds/Models/SM_Bld_Scav_Refinery_Smoke_Stack_01.fbx
  artifactKey: Guid(4e399581b8934fb4ba3a4890b9b9db16) Importer(815301076,1909f56bfc062723c751e8b465ee728b)
Start importing Assets/PolygonSciFiWorlds/Models/SM_Bld_Scav_Refinery_Smoke_Stack_01.fbx using Guid(4e399581b8934fb4ba3a4890b9b9db16) Importer(815301076,1909f56bfc062723c751e8b465ee728b)  -> (artifact id: '6eda5e8a0aa5a099262a10b5310b1237') in 0.045348 seconds
Number of updated asset objects reloaded before import = 0
Number of asset objects unloaded after import = 7
========================================================================
Received Import Request.
  Time since last request: 0.004314 seconds.
  path: Assets/PolygonSciFiWorlds/Models/SM_Bld_Scav_Refinery_Tower_01.fbx
  artifactKey: Guid(be0a534e717ff374ea7456aac46ad432) Importer(815301076,1909f56bfc062723c751e8b465ee728b)
Start importing Assets/PolygonSciFiWorlds/Models/SM_Bld_Scav_Refinery_Tower_01.fbx using Guid(be0a534e717ff374ea7456aac46ad432) Importer(815301076,1909f56bfc062723c751e8b465ee728b)  -> (artifact id: '987ef2afa63f7586334a75066298b45b') in 0.397590 seconds
Number of updated asset objects reloaded before import = 0
Number of asset objects unloaded after import = 7
Editor requested this worker to shutdown with reason: Scaling down because of idle timeout
TcpMessagingSession - receive error: operation aborted. errorcode: 995, details: The I/O operation has been aborted because of either a thread exit or an application request.
AssetImportWorker is now disconnected from the server
Process exiting
Exiting without the bug reporter. Application will terminate with return code 0