Using pre-set license
Built from '2022.3/staging' branch; Version is '2022.3.21f1 (bf09ca542b87) revision 12519882'; Using compiler version '192829333'; Build Type 'Release'
OS: 'Windows 11  (10.0.22631) 64bit Core' Language: 'en' Physical Memory: 16190 MB
BatchMode: 1, IsHumanControllingUs: 0, StartBugReporterOnCrash: 0, Is64bit: 1, IsPro: 1

COMMAND LINE ARGUMENTS:
C:\Program Files\Unity\Hub\Editor\2022.3.21f1\Editor\Unity.exe
-adb2
-batchMode
-noUpm
-name
AssetImportWorker6
-projectPath
C:/Users/KALAN/Desktop/GameDev Project/GameDev-Project/GameDevProject
-logFile
Logs/AssetImportWorker6.log
-srvPort
55200
Successfully changed project path to: C:/Users/KALAN/Desktop/GameDev Project/GameDev-Project/GameDevProject
C:/Users/KALAN/Desktop/GameDev Project/GameDev-Project/GameDevProject
[UnityMemory] Configuration Parameters - Can be set up in boot.config
    "memorysetup-bucket-allocator-granularity=16"
    "memorysetup-bucket-allocator-bucket-count=8"
    "memorysetup-bucket-allocator-block-size=33554432"
    "memorysetup-bucket-allocator-block-count=8"
    "memorysetup-main-allocator-block-size=16777216"
    "memorysetup-thread-allocator-block-size=16777216"
    "memorysetup-gfx-main-allocator-block-size=16777216"
    "memorysetup-gfx-thread-allocator-block-size=16777216"
    "memorysetup-cache-allocator-block-size=4194304"
    "memorysetup-typetree-allocator-block-size=2097152"
    "memorysetup-profiler-bucket-allocator-granularity=16"
    "memorysetup-profiler-bucket-allocator-bucket-count=8"
    "memorysetup-profiler-bucket-allocator-block-size=33554432"
    "memorysetup-profiler-bucket-allocator-block-count=8"
    "memorysetup-profiler-allocator-block-size=16777216"
    "memorysetup-profiler-editor-allocator-block-size=1048576"
    "memorysetup-temp-allocator-size-main=16777216"
    "memorysetup-job-temp-allocator-block-size=2097152"
    "memorysetup-job-temp-allocator-block-size-background=1048576"
    "memorysetup-job-temp-allocator-reduction-small-platforms=262144"
    "memorysetup-allocator-temp-initial-block-size-main=262144"
    "memorysetup-allocator-temp-initial-block-size-worker=262144"
    "memorysetup-temp-allocator-size-background-worker=32768"
    "memorysetup-temp-allocator-size-job-worker=262144"
    "memorysetup-temp-allocator-size-preload-manager=33554432"
    "memorysetup-temp-allocator-size-nav-mesh-worker=65536"
    "memorysetup-temp-allocator-size-audio-worker=65536"
    "memorysetup-temp-allocator-size-cloud-worker=32768"
    "memorysetup-temp-allocator-size-gi-baking-worker=262144"
    "memorysetup-temp-allocator-size-gfx=262144"
Player connection [25272] Host "[IP] 100.64.4.203 [Port] 0 [Flags] 2 [Guid] 97705757 [EditorId] 97705757 [Version] 1048832 [Id] WindowsEditor(7,DESKTOP-VNOATM0) [Debug] 1 [PackageName] WindowsEditor [ProjectName] Editor" joined multi-casting on [225.0.0.222:54997]...

Player connection [25272] Host "[IP] 100.64.4.203 [Port] 0 [Flags] 2 [Guid] 97705757 [EditorId] 97705757 [Version] 1048832 [Id] WindowsEditor(7,DESKTOP-VNOATM0) [Debug] 1 [PackageName] WindowsEditor [ProjectName] Editor" joined alternative multi-casting on [225.0.0.222:34997]...

[Physics::Module] Initialized MultithreadedJobDispatcher with 11 workers.
Refreshing native plugins compatible for Editor in 46.02 ms, found 3 plugins.
Preloading 0 native plugins for Editor in 0.00 ms.
Initialize engine version: 2022.3.21f1 (bf09ca542b87)
[Subsystems] Discovering subsystems at path C:/Program Files/Unity/Hub/Editor/2022.3.21f1/Editor/Data/Resources/UnitySubsystems
[Subsystems] Discovering subsystems at path C:/Users/KALAN/Desktop/GameDev Project/GameDev-Project/GameDevProject/Assets
GfxDevice: creating device client; threaded=0; jobified=0
Direct3D:
    Version:  Direct3D 11.0 [level 11.1]
    Renderer: NVIDIA GeForce GTX 1050 Ti (ID=0x1c82)
    Vendor:   NVIDIA
    VRAM:     4017 MB
    Driver:   31.0.15.3118
Initialize mono
Mono path[0] = 'C:/Program Files/Unity/Hub/Editor/2022.3.21f1/Editor/Data/Managed'
Mono path[1] = 'C:/Program Files/Unity/Hub/Editor/2022.3.21f1/Editor/Data/MonoBleedingEdge/lib/mono/unityjit-win32'
Mono config path = 'C:/Program Files/Unity/Hub/Editor/2022.3.21f1/Editor/Data/MonoBleedingEdge/etc'
Using monoOptions --debugger-agent=transport=dt_socket,embedding=1,server=y,suspend=n,address=127.0.0.1:56968
Begin MonoManager ReloadAssembly
Registering precompiled unity dll's ...
Register platform support module: C:/Program Files/Unity/Hub/Editor/2022.3.21f1/Editor/Data/PlaybackEngines/WindowsStandaloneSupport/UnityEditor.WindowsStandalone.Extensions.dll
Registered in 0.019136 seconds.
- Loaded All Assemblies, in  0.478 seconds
Native extension for WindowsStandalone target not found
Mono: successfully reloaded assembly
- Finished resetting the current domain, in  0.357 seconds
Domain Reload Profiling: 829ms
	BeginReloadAssembly (160ms)
		ExecutionOrderSort (0ms)
		DisableScriptedObjects (0ms)
		BackupInstance (0ms)
		ReleaseScriptingObjects (0ms)
		CreateAndSetChildDomain (1ms)
	RebuildCommonClasses (44ms)
	RebuildNativeTypeToScriptingClass (15ms)
	initialDomainReloadingComplete (87ms)
	LoadAllAssembliesAndSetupDomain (165ms)
		LoadAssemblies (155ms)
		RebuildTransferFunctionScriptingTraits (0ms)
		AnalyzeDomain (163ms)
			TypeCache.Refresh (161ms)
				TypeCache.ScanAssembly (145ms)
			ScanForSourceGeneratedMonoScriptInfo (0ms)
			ResolveRequiredComponents (1ms)
	FinalizeReload (357ms)
		ReleaseScriptCaches (0ms)
		RebuildScriptCaches (0ms)
		SetupLoadedEditorAssemblies (286ms)
			LogAssemblyErrors (0ms)
			InitializePlatformSupportModulesInManaged (15ms)
			SetLoadedEditorAssemblies (11ms)
			RefreshPlugins (0ms)
			BeforeProcessingInitializeOnLoad (4ms)
			ProcessInitializeOnLoadAttributes (197ms)
			ProcessInitializeOnLoadMethodAttributes (60ms)
			AfterProcessingInitializeOnLoad (0ms)
			EditorAssembliesLoaded (0ms)
		ExecutionOrderSort2 (0ms)
		AwakeInstancesAfterBackupRestoration (0ms)
========================================================================
Worker process is ready to serve import requests
Begin MonoManager ReloadAssembly
Symbol file LoadedFromMemory is not a mono symbol file
- Loaded All Assemblies, in  1.046 seconds
Refreshing native plugins compatible for Editor in 21.45 ms, found 3 plugins.
Native extension for WindowsStandalone target not found
Package Manager log level set to [2]
[Package Manager] Server::EnsureServerProcessIsRunning -- launch failed, reason: Unity was launched with the -noUpm command-line argument
[Package Manager] UpmClient::Send -- Unable to send message (not connected to UPM process).
[Package Manager] Cannot connect to Unity Package Manager local server
Mono: successfully reloaded assembly
- Finished resetting the current domain, in  1.008 seconds
Domain Reload Profiling: 2042ms
	BeginReloadAssembly (204ms)
		ExecutionOrderSort (0ms)
		DisableScriptedObjects (6ms)
		BackupInstance (0ms)
		ReleaseScriptingObjects (0ms)
		CreateAndSetChildDomain (24ms)
	RebuildCommonClasses (39ms)
	RebuildNativeTypeToScriptingClass (12ms)
	initialDomainReloadingComplete (59ms)
	LoadAllAssembliesAndSetupDomain (719ms)
		LoadAssemblies (574ms)
		RebuildTransferFunctionScriptingTraits (0ms)
		AnalyzeDomain (274ms)
			TypeCache.Refresh (236ms)
				TypeCache.ScanAssembly (212ms)
			ScanForSourceGeneratedMonoScriptInfo (31ms)
			ResolveRequiredComponents (6ms)
	FinalizeReload (1009ms)
		ReleaseScriptCaches (0ms)
		RebuildScriptCaches (0ms)
		SetupLoadedEditorAssemblies (819ms)
			LogAssemblyErrors (0ms)
			InitializePlatformSupportModulesInManaged (11ms)
			SetLoadedEditorAssemblies (4ms)
			RefreshPlugins (0ms)
			BeforeProcessingInitializeOnLoad (114ms)
			ProcessInitializeOnLoadAttributes (443ms)
			ProcessInitializeOnLoadMethodAttributes (226ms)
			AfterProcessingInitializeOnLoad (21ms)
			EditorAssembliesLoaded (0ms)
		ExecutionOrderSort2 (0ms)
		AwakeInstancesAfterBackupRestoration (10ms)
Launched and connected shader compiler UnityShaderCompiler.exe after 0.05 seconds
Refreshing native plugins compatible for Editor in 21.43 ms, found 3 plugins.
Preloading 0 native plugins for Editor in 0.00 ms.
Unloading 4253 Unused Serialized files (Serialized files now loaded: 0)
Unloading 72 unused Assets / (73.5 KB). Loaded Objects now: 4690.
Memory consumption went from 151.7 MB to 151.7 MB.
Total: 8.498600 ms (FindLiveObjects: 0.347500 ms CreateObjectMapping: 0.316500 ms MarkObjects: 7.685200 ms  DeleteObjects: 0.148300 ms)

AssetImportParameters requested are different than current active one (requested -> active):
  custom:container-demuxer-ogg: 62fdf1f143b41e24485cea50d1cbac27 -> 
  custom:video-decoder-ogg-theora: a1e56fd34408186e4bbccfd4996cb3dc -> 
  custom:framework-win-MediaFoundation: 216162199b28c13a410421893ffa2e32 -> 
  custom:CustomObjectIndexerAttribute: 9a22284fe3817be447336de3de66b15e -> 
  custom:container-demuxer-webm: 4f35f7cbe854078d1ac9338744f61a02 -> 
  custom:container-muxer-webm: aa71ff27fc2769a1b78a27578f13a17b -> 
  custom:video-decoder-webm-vp8: 9c59270c3fd7afecdb556c50c9e8de78 -> 
  custom:SearchIndexIgnoredProperties: e643bd26f0fe6173181afceb89e7c659 -> 
  custom:AudioImporter_EditorPlatform: d09bf68614088b80899f8185d706f6e7 -> 
  custom:video-encoder-webm-vp8: eb34c28f22e8b96e1ab97ce403110664 -> 
  custom:audio-decoder-ogg-vorbis: bf7c407c2cedff20999df2af8eb42d56 -> 
  custom:audio-encoder-webm-vorbis: bf7c407c2cedff20999df2af8eb42d56 -> 
========================================================================
Received Import Request.
  Time since last request: 514977.832513 seconds.
  path: Assets/PolygonSciFiWorlds/Models/Materials/PolygonConstruction_Texture_01_Atemp.mat
  artifactKey: Guid(ce8b99489b4ce5445b2e716c933fdc0f) Importer(815301076,1909f56bfc062723c751e8b465ee728b)
Start importing Assets/PolygonSciFiWorlds/Models/Materials/PolygonConstruction_Texture_01_Atemp.mat using Guid(ce8b99489b4ce5445b2e716c933fdc0f) Importer(815301076,1909f56bfc062723c751e8b465ee728b)  -> (artifact id: 'b813560fa58cea3000073e3d824cf89e') in 0.144326 seconds
Number of updated asset objects reloaded before import = 0
Number of asset objects unloaded after import = 1
========================================================================
Received Import Request.
  Time since last request: 3.458569 seconds.
  path: Assets/PolygonSciFiWorlds/Models/Collision/Convex/SM_Bld_Bridge_Rail_01_Convex.asset
  artifactKey: Guid(50c17650b85b17948aaf23c2b3b27871) Importer(815301076,1909f56bfc062723c751e8b465ee728b)
Start importing Assets/PolygonSciFiWorlds/Models/Collision/Convex/SM_Bld_Bridge_Rail_01_Convex.asset using Guid(50c17650b85b17948aaf23c2b3b27871) Importer(815301076,1909f56bfc062723c751e8b465ee728b)  -> (artifact id: 'be81d7f611a33614a5a19eafb2781a7e') in 0.044960 seconds
Number of updated asset objects reloaded before import = 0
Number of asset objects unloaded after import = 2
========================================================================
Received Import Request.
  Time since last request: 0.000034 seconds.
  path: Assets/PolygonSciFiWorlds/Models/Collision/Convex/SM_Bld_Corp_Generator_01_Convex 1.asset
  artifactKey: Guid(61bd317e2c4bc5946bd3b825e6492058) Importer(815301076,1909f56bfc062723c751e8b465ee728b)
Start importing Assets/PolygonSciFiWorlds/Models/Collision/Convex/SM_Bld_Corp_Generator_01_Convex 1.asset using Guid(61bd317e2c4bc5946bd3b825e6492058) Importer(815301076,1909f56bfc062723c751e8b465ee728b)  -> (artifact id: 'a47a2c29d73a81ce3c67a6590a91d8b3') in 0.017995 seconds
Number of updated asset objects reloaded before import = 0
Number of asset objects unloaded after import = 2
========================================================================
Received Import Request.
  Time since last request: 0.000030 seconds.
  path: Assets/PolygonSciFiWorlds/Models/Collision/Convex/SM_Bld_Core_Antenna_Greeble_02_Convex 1.asset
  artifactKey: Guid(db93b5699ecdfaa4fa8a08944149000c) Importer(815301076,1909f56bfc062723c751e8b465ee728b)
Start importing Assets/PolygonSciFiWorlds/Models/Collision/Convex/SM_Bld_Core_Antenna_Greeble_02_Convex 1.asset using Guid(db93b5699ecdfaa4fa8a08944149000c) Importer(815301076,1909f56bfc062723c751e8b465ee728b)  -> (artifact id: '87e64c5bd17d5fbb6ec3445cb29984cc') in 0.020888 seconds
Number of updated asset objects reloaded before import = 0
Number of asset objects unloaded after import = 3
========================================================================
Received Import Request.
  Time since last request: 0.000024 seconds.
  path: Assets/PolygonSciFiWorlds/Models/Collision/Convex/SM_Bld_Door_Double_04_Convex.asset
  artifactKey: Guid(8998bccb58d68704bb94cd21f6f30d13) Importer(815301076,1909f56bfc062723c751e8b465ee728b)
Start importing Assets/PolygonSciFiWorlds/Models/Collision/Convex/SM_Bld_Door_Double_04_Convex.asset using Guid(8998bccb58d68704bb94cd21f6f30d13) Importer(815301076,1909f56bfc062723c751e8b465ee728b)  -> (artifact id: 'd7b7080287d8ab027c94bc2a1d294785') in 0.017693 seconds
Number of updated asset objects reloaded before import = 0
Number of asset objects unloaded after import = 2
========================================================================
Received Import Request.
  Time since last request: 0.000023 seconds.
  path: Assets/PolygonSciFiWorlds/Models/Collision/Convex/SM_Bld_Door_Single_04_Convex.asset
  artifactKey: Guid(5be73a14d7961f84d8551d1aa81ac83a) Importer(815301076,1909f56bfc062723c751e8b465ee728b)
Start importing Assets/PolygonSciFiWorlds/Models/Collision/Convex/SM_Bld_Door_Single_04_Convex.asset using Guid(5be73a14d7961f84d8551d1aa81ac83a) Importer(815301076,1909f56bfc062723c751e8b465ee728b)  -> (artifact id: 'fd663500952015700d22b88b4bc189ab') in 0.017003 seconds
Number of updated asset objects reloaded before import = 0
Number of asset objects unloaded after import = 2
========================================================================
Received Import Request.
  Time since last request: 0.000022 seconds.
  path: Assets/PolygonSciFiWorlds/Models/Collision/Convex/SM_Bld_Crate_Building_Ladder_01_Convex.asset
  artifactKey: Guid(289dc426b1a73cf48a4e8262b336b0ef) Importer(815301076,1909f56bfc062723c751e8b465ee728b)
Start importing Assets/PolygonSciFiWorlds/Models/Collision/Convex/SM_Bld_Crate_Building_Ladder_01_Convex.asset using Guid(289dc426b1a73cf48a4e8262b336b0ef) Importer(815301076,1909f56bfc062723c751e8b465ee728b)  -> (artifact id: 'a4b1122be2a881fe7e42c55914ecac1d') in 0.027446 seconds
Number of updated asset objects reloaded before import = 0
Number of asset objects unloaded after import = 2
========================================================================
Received Import Request.
  Time since last request: 0.000019 seconds.
  path: Assets/PolygonSciFiWorlds/Models/Collision/Convex/SM_Bld_Door_Double_02_Convex 3.asset
  artifactKey: Guid(fb6a1bba4a9b9304893e42309286b802) Importer(815301076,1909f56bfc062723c751e8b465ee728b)
Start importing Assets/PolygonSciFiWorlds/Models/Collision/Convex/SM_Bld_Door_Double_02_Convex 3.asset using Guid(fb6a1bba4a9b9304893e42309286b802) Importer(815301076,1909f56bfc062723c751e8b465ee728b)  -> (artifact id: '05c0113d87af0f21e91420bded9ce866') in 0.015561 seconds
Number of updated asset objects reloaded before import = 0
Number of asset objects unloaded after import = 2
========================================================================
Received Import Request.
  Time since last request: 0.000018 seconds.
  path: Assets/PolygonSciFiWorlds/Models/Collision/Convex/SM_Bld_Corp_Generator_01_Convex.asset
  artifactKey: Guid(52fa387e04400a64a8f123d4a5572ceb) Importer(815301076,1909f56bfc062723c751e8b465ee728b)
Start importing Assets/PolygonSciFiWorlds/Models/Collision/Convex/SM_Bld_Corp_Generator_01_Convex.asset using Guid(52fa387e04400a64a8f123d4a5572ceb) Importer(815301076,1909f56bfc062723c751e8b465ee728b)  -> (artifact id: 'b7d41557329798cbd8aa5792acaad2c0') in 0.014625 seconds
Number of updated asset objects reloaded before import = 0
Number of asset objects unloaded after import = 2
========================================================================
Received Import Request.
  Time since last request: 0.000018 seconds.
  path: Assets/PolygonSciFiWorlds/Models/Collision/Convex/SM_Bld_Corp_MobileSite_01_Convex 4.asset
  artifactKey: Guid(2e2697ff3a67a8d418e05c227bd38b9c) Importer(815301076,1909f56bfc062723c751e8b465ee728b)
Start importing Assets/PolygonSciFiWorlds/Models/Collision/Convex/SM_Bld_Corp_MobileSite_01_Convex 4.asset using Guid(2e2697ff3a67a8d418e05c227bd38b9c) Importer(815301076,1909f56bfc062723c751e8b465ee728b)  -> (artifact id: 'a3aef590d18ef58184a54fa6582504f4') in 0.019807 seconds
Number of updated asset objects reloaded before import = 0
Number of asset objects unloaded after import = 2
========================================================================
Received Import Request.
  Time since last request: 0.000019 seconds.
  path: Assets/PolygonSciFiWorlds/Models/Collision/Convex/SM_Bld_Core_Antenna_Greeble_01_Convex 1.asset
  artifactKey: Guid(0f63736c255b09f47896ad357f099f8f) Importer(815301076,1909f56bfc062723c751e8b465ee728b)
Start importing Assets/PolygonSciFiWorlds/Models/Collision/Convex/SM_Bld_Core_Antenna_Greeble_01_Convex 1.asset using Guid(0f63736c255b09f47896ad357f099f8f) Importer(815301076,1909f56bfc062723c751e8b465ee728b)  -> (artifact id: '246bdea88d12a2a7e3b94f3361b65eaf') in 0.019138 seconds
Number of updated asset objects reloaded before import = 0
Number of asset objects unloaded after import = 3
========================================================================
Received Import Request.
  Time since last request: 0.000018 seconds.
  path: Assets/PolygonSciFiWorlds/Models/Collision/Convex/SM_Bld_Greeble_07_Convex.asset
  artifactKey: Guid(b61456a952f89004789ac226dace36fe) Importer(815301076,1909f56bfc062723c751e8b465ee728b)
Start importing Assets/PolygonSciFiWorlds/Models/Collision/Convex/SM_Bld_Greeble_07_Convex.asset using Guid(b61456a952f89004789ac226dace36fe) Importer(815301076,1909f56bfc062723c751e8b465ee728b)  -> (artifact id: '20f07e742e85dc25720130b273db5bc3') in 0.014599 seconds
Number of updated asset objects reloaded before import = 0
Number of asset objects unloaded after import = 2
========================================================================
Received Import Request.
  Time since last request: 0.000017 seconds.
  path: Assets/PolygonSciFiWorlds/Models/Collision/Convex/SM_Bld_Corp_Containment_01_Convex.asset
  artifactKey: Guid(23a0015f931000140bc2dba8bcb79229) Importer(815301076,1909f56bfc062723c751e8b465ee728b)
Start importing Assets/PolygonSciFiWorlds/Models/Collision/Convex/SM_Bld_Corp_Containment_01_Convex.asset using Guid(23a0015f931000140bc2dba8bcb79229) Importer(815301076,1909f56bfc062723c751e8b465ee728b)  -> (artifact id: 'acc8eb986878e6a18e196f5ad9e5eb90') in 0.015426 seconds
Number of updated asset objects reloaded before import = 0
Number of asset objects unloaded after import = 2
========================================================================
Received Import Request.
  Time since last request: 0.000030 seconds.
  path: Assets/PolygonSciFiWorlds/Models/Collision/Convex/SM_Bld_Corp_LandingPad_03_Convex 3.asset
  artifactKey: Guid(b3e236464291e36449541aa84c5d941c) Importer(815301076,1909f56bfc062723c751e8b465ee728b)
Start importing Assets/PolygonSciFiWorlds/Models/Collision/Convex/SM_Bld_Corp_LandingPad_03_Convex 3.asset using Guid(b3e236464291e36449541aa84c5d941c) Importer(815301076,1909f56bfc062723c751e8b465ee728b)  -> (artifact id: '0b9c3bfff8152df1d034f834f324376f') in 0.017983 seconds
Number of updated asset objects reloaded before import = 0
Number of asset objects unloaded after import = 2
========================================================================
Received Import Request.
  Time since last request: 0.000025 seconds.
  path: Assets/PolygonSciFiWorlds/Models/Collision/Convex/SM_Bld_Crate_Building_Pillar_01_Convex.asset
  artifactKey: Guid(cc5bf5db8493cc9459472a5dbd64d121) Importer(815301076,1909f56bfc062723c751e8b465ee728b)
Start importing Assets/PolygonSciFiWorlds/Models/Collision/Convex/SM_Bld_Crate_Building_Pillar_01_Convex.asset using Guid(cc5bf5db8493cc9459472a5dbd64d121) Importer(815301076,1909f56bfc062723c751e8b465ee728b)  -> (artifact id: 'ba8c2fe660f0d89a79566d6af536e67d') in 0.016620 seconds
Number of updated asset objects reloaded before import = 0
Number of asset objects unloaded after import = 2
========================================================================
Received Import Request.
  Time since last request: 0.000032 seconds.
  path: Assets/PolygonSciFiWorlds/Models/Collision/Convex/SM_Bld_Bridge_Rail_Pillar_01_Convex.asset
  artifactKey: Guid(afce210cc6b256d45b15205b10279cef) Importer(815301076,1909f56bfc062723c751e8b465ee728b)
Start importing Assets/PolygonSciFiWorlds/Models/Collision/Convex/SM_Bld_Bridge_Rail_Pillar_01_Convex.asset using Guid(afce210cc6b256d45b15205b10279cef) Importer(815301076,1909f56bfc062723c751e8b465ee728b)  -> (artifact id: '58908caa5eaa46bb754b5fd9809fd500') in 0.020862 seconds
Number of updated asset objects reloaded before import = 0
Number of asset objects unloaded after import = 2
========================================================================
Received Import Request.
  Time since last request: 0.000024 seconds.
  path: Assets/PolygonSciFiWorlds/Models/Collision/Convex/SM_Bld_Column_02_Convex.asset
  artifactKey: Guid(62017a62b5e5c1b4fb219205c0a20422) Importer(815301076,1909f56bfc062723c751e8b465ee728b)
Start importing Assets/PolygonSciFiWorlds/Models/Collision/Convex/SM_Bld_Column_02_Convex.asset using Guid(62017a62b5e5c1b4fb219205c0a20422) Importer(815301076,1909f56bfc062723c751e8b465ee728b)  -> (artifact id: '2369ca6304b4a2eed0a519de3ee0bf9d') in 0.018768 seconds
Number of updated asset objects reloaded before import = 0
Number of asset objects unloaded after import = 2
========================================================================
Received Import Request.
  Time since last request: 0.000017 seconds.
  path: Assets/PolygonSciFiWorlds/Models/Collision/Convex/SM_Bld_Greeble_09_Convex.asset
  artifactKey: Guid(17bac9bddc2b7864db61de88725d340a) Importer(815301076,1909f56bfc062723c751e8b465ee728b)
Start importing Assets/PolygonSciFiWorlds/Models/Collision/Convex/SM_Bld_Greeble_09_Convex.asset using Guid(17bac9bddc2b7864db61de88725d340a) Importer(815301076,1909f56bfc062723c751e8b465ee728b)  -> (artifact id: '157ea5398562f411215471b2fd6a3a3f') in 0.015308 seconds
Number of updated asset objects reloaded before import = 0
Number of asset objects unloaded after import = 2
========================================================================
Received Import Request.
  Time since last request: 0.000019 seconds.
  path: Assets/PolygonSciFiWorlds/Models/Collision/Convex/SM_Bld_Greeble_10_Convex.asset
  artifactKey: Guid(b448151a265b0d44ca943236791020a9) Importer(815301076,1909f56bfc062723c751e8b465ee728b)
Start importing Assets/PolygonSciFiWorlds/Models/Collision/Convex/SM_Bld_Greeble_10_Convex.asset using Guid(b448151a265b0d44ca943236791020a9) Importer(815301076,1909f56bfc062723c751e8b465ee728b)  -> (artifact id: 'd3c63cfa435879cd01e8a3ec2ec5dd18') in 0.016116 seconds
Number of updated asset objects reloaded before import = 0
Number of asset objects unloaded after import = 2
========================================================================
Received Import Request.
  Time since last request: 0.000022 seconds.
  path: Assets/PolygonSciFiWorlds/Models/Collision/Convex/SM_Bld_Corp_Containment_01_Convex 1.asset
  artifactKey: Guid(167f1d2482c34c948bb85a95383fbfb3) Importer(815301076,1909f56bfc062723c751e8b465ee728b)
Start importing Assets/PolygonSciFiWorlds/Models/Collision/Convex/SM_Bld_Corp_Containment_01_Convex 1.asset using Guid(167f1d2482c34c948bb85a95383fbfb3) Importer(815301076,1909f56bfc062723c751e8b465ee728b)  -> (artifact id: '663a4c6d51c4f744c7f3bbf39c0a8552') in 0.036432 seconds
Number of updated asset objects reloaded before import = 0
Number of asset objects unloaded after import = 4
========================================================================
Received Import Request.
  Time since last request: 0.000083 seconds.
  path: Assets/PolygonSciFiWorlds/Models/Collision/Convex/SM_Bld_Corp_Generator_01_Convex 2.asset
  artifactKey: Guid(813d646eb46e428458f47ceade66c6a9) Importer(815301076,1909f56bfc062723c751e8b465ee728b)
Start importing Assets/PolygonSciFiWorlds/Models/Collision/Convex/SM_Bld_Corp_Generator_01_Convex 2.asset using Guid(813d646eb46e428458f47ceade66c6a9) Importer(815301076,1909f56bfc062723c751e8b465ee728b)  -> (artifact id: 'e82ca615785a333059b5783a359443b3') in 0.058639 seconds
Number of updated asset objects reloaded before import = 0
Number of asset objects unloaded after import = 2
========================================================================
Received Import Request.
  Time since last request: 0.000021 seconds.
  path: Assets/PolygonSciFiWorlds/Models/Collision/Convex/SM_Bld_Core_Antenna_Greeble_01_Convex.asset
  artifactKey: Guid(562b405ce3eca1f419d0a9b2151b3ff6) Importer(815301076,1909f56bfc062723c751e8b465ee728b)
Start importing Assets/PolygonSciFiWorlds/Models/Collision/Convex/SM_Bld_Core_Antenna_Greeble_01_Convex.asset using Guid(562b405ce3eca1f419d0a9b2151b3ff6) Importer(815301076,1909f56bfc062723c751e8b465ee728b)  -> (artifact id: 'b0d5b923a973289aad804c058e87350b') in 0.014431 seconds
Number of updated asset objects reloaded before import = 0
Number of asset objects unloaded after import = 2
========================================================================
Received Import Request.
  Time since last request: 0.000021 seconds.
  path: Assets/PolygonSciFiWorlds/Models/Collision/Convex/SM_Bld_Core_Observation_Greeble_01_Convex.asset
  artifactKey: Guid(9968c941b813d6d4ebd2be1447030441) Importer(815301076,1909f56bfc062723c751e8b465ee728b)
Start importing Assets/PolygonSciFiWorlds/Models/Collision/Convex/SM_Bld_Core_Observation_Greeble_01_Convex.asset using Guid(9968c941b813d6d4ebd2be1447030441) Importer(815301076,1909f56bfc062723c751e8b465ee728b)  -> (artifact id: '4adbcef1ef34cf81fb479610775b993d') in 0.015006 seconds
Number of updated asset objects reloaded before import = 0
Number of asset objects unloaded after import = 2
========================================================================
Received Import Request.
  Time since last request: 0.000028 seconds.
  path: Assets/PolygonSciFiWorlds/Models/Collision/Convex/SM_Bld_Bridge_Strut_01_Convex.asset
  artifactKey: Guid(c88846a0a6128b6469422b786ad40e9e) Importer(815301076,1909f56bfc062723c751e8b465ee728b)
Start importing Assets/PolygonSciFiWorlds/Models/Collision/Convex/SM_Bld_Bridge_Strut_01_Convex.asset using Guid(c88846a0a6128b6469422b786ad40e9e) Importer(815301076,1909f56bfc062723c751e8b465ee728b)  -> (artifact id: '6d1c3d9d0fb5004bb8dc28421cd2b5c2') in 0.016352 seconds
Number of updated asset objects reloaded before import = 0
Number of asset objects unloaded after import = 2
========================================================================
Received Import Request.
  Time since last request: 0.000016 seconds.
  path: Assets/PolygonSciFiWorlds/Models/Collision/Convex/SM_Bld_Core_Observation_Greeble_Pipe_01_Convex.asset
  artifactKey: Guid(eadf65aad45e5864aab96017103f98f9) Importer(815301076,1909f56bfc062723c751e8b465ee728b)
Start importing Assets/PolygonSciFiWorlds/Models/Collision/Convex/SM_Bld_Core_Observation_Greeble_Pipe_01_Convex.asset using Guid(eadf65aad45e5864aab96017103f98f9) Importer(815301076,1909f56bfc062723c751e8b465ee728b)  -> (artifact id: '6f52a9802425f82638a68a94b3610a88') in 0.013766 seconds
Number of updated asset objects reloaded before import = 0
Number of asset objects unloaded after import = 2
========================================================================
Received Import Request.
  Time since last request: 0.000017 seconds.
  path: Assets/PolygonSciFiWorlds/Models/Collision/Convex/SM_Bld_Door_Double_02_Convex 1.asset
  artifactKey: Guid(9116dde6a630c5142938898f2eb3d3eb) Importer(815301076,1909f56bfc062723c751e8b465ee728b)
Start importing Assets/PolygonSciFiWorlds/Models/Collision/Convex/SM_Bld_Door_Double_02_Convex 1.asset using Guid(9116dde6a630c5142938898f2eb3d3eb) Importer(815301076,1909f56bfc062723c751e8b465ee728b)  -> (artifact id: 'c638184ebff73d89a84afab34912eacd') in 0.014808 seconds
Number of updated asset objects reloaded before import = 0
Number of asset objects unloaded after import = 2
========================================================================
Received Import Request.
  Time since last request: 0.000017 seconds.
  path: Assets/PolygonSciFiWorlds/Models/Collision/Convex/SM_Bld_Greeble_11_Convex.asset
  artifactKey: Guid(854174daa21aff149a436cfe65e91ac0) Importer(815301076,1909f56bfc062723c751e8b465ee728b)
Start importing Assets/PolygonSciFiWorlds/Models/Collision/Convex/SM_Bld_Greeble_11_Convex.asset using Guid(854174daa21aff149a436cfe65e91ac0) Importer(815301076,1909f56bfc062723c751e8b465ee728b)  -> (artifact id: '9b56e9f5b7de52c10245e070d8d214bd') in 0.027133 seconds
Number of updated asset objects reloaded before import = 0
Number of asset objects unloaded after import = 2
========================================================================
Received Import Request.
  Time since last request: 0.000017 seconds.
  path: Assets/PolygonSciFiWorlds/Models/Collision/Convex/SM_Bld_Door_Single_05_Convex.asset
  artifactKey: Guid(6e1b5af7cb988024fab175505f8a3a8f) Importer(815301076,1909f56bfc062723c751e8b465ee728b)
Start importing Assets/PolygonSciFiWorlds/Models/Collision/Convex/SM_Bld_Door_Single_05_Convex.asset using Guid(6e1b5af7cb988024fab175505f8a3a8f) Importer(815301076,1909f56bfc062723c751e8b465ee728b)  -> (artifact id: '29dc1e8353c5458e1c9326d22ba5b8cc') in 0.016669 seconds
Number of updated asset objects reloaded before import = 0
Number of asset objects unloaded after import = 2
========================================================================
Received Import Request.
  Time since last request: 0.000019 seconds.
  path: Assets/PolygonSciFiWorlds/Models/Collision/Convex/SM_Bld_Corp_MobileSite_01_Convex 1.asset
  artifactKey: Guid(192dc98d689c7374fa6ecb9270614dc8) Importer(815301076,1909f56bfc062723c751e8b465ee728b)
Start importing Assets/PolygonSciFiWorlds/Models/Collision/Convex/SM_Bld_Corp_MobileSite_01_Convex 1.asset using Guid(192dc98d689c7374fa6ecb9270614dc8) Importer(815301076,1909f56bfc062723c751e8b465ee728b)  -> (artifact id: '597d0b44c7cea0b83d8be1973a238e46') in 0.025679 seconds
Number of updated asset objects reloaded before import = 0
Number of asset objects unloaded after import = 2
========================================================================
Received Import Request.
  Time since last request: 0.000016 seconds.
  path: Assets/PolygonSciFiWorlds/Models/Collision/Convex/SM_Bld_Corp_Wall_02_Convex 1.asset
  artifactKey: Guid(8a121e77757c98a4b8518fc30b266f14) Importer(815301076,1909f56bfc062723c751e8b465ee728b)
Start importing Assets/PolygonSciFiWorlds/Models/Collision/Convex/SM_Bld_Corp_Wall_02_Convex 1.asset using Guid(8a121e77757c98a4b8518fc30b266f14) Importer(815301076,1909f56bfc062723c751e8b465ee728b)  -> (artifact id: 'af8f9495cedff33fa8cbe87d65c8f911') in 0.015551 seconds
Number of updated asset objects reloaded before import = 0
Number of asset objects unloaded after import = 2
========================================================================
Received Import Request.
  Time since last request: 0.000022 seconds.
  path: Assets/PolygonSciFiWorlds/Models/Collision/Convex/SM_Bld_Crate_Building_Frame_01_Convex.asset
  artifactKey: Guid(90fdac0e97ed3b544ab9d4c7078fd746) Importer(815301076,1909f56bfc062723c751e8b465ee728b)
Start importing Assets/PolygonSciFiWorlds/Models/Collision/Convex/SM_Bld_Crate_Building_Frame_01_Convex.asset using Guid(90fdac0e97ed3b544ab9d4c7078fd746) Importer(815301076,1909f56bfc062723c751e8b465ee728b)  -> (artifact id: '68a9186fc16731194e0ed7955bff2436') in 0.031568 seconds
Number of updated asset objects reloaded before import = 0
Number of asset objects unloaded after import = 2
========================================================================
Received Import Request.
  Time since last request: 0.000027 seconds.
  path: Assets/PolygonSciFiWorlds/Models/Collision/Convex/SM_Bld_Door_Single_02_Convex 1.asset
  artifactKey: Guid(0c7545d44c5bb414fbeb039bf9421ada) Importer(815301076,1909f56bfc062723c751e8b465ee728b)
Start importing Assets/PolygonSciFiWorlds/Models/Collision/Convex/SM_Bld_Door_Single_02_Convex 1.asset using Guid(0c7545d44c5bb414fbeb039bf9421ada) Importer(815301076,1909f56bfc062723c751e8b465ee728b)  -> (artifact id: '92c4cd001ca1c37c4efa7b17f9945be0') in 0.017820 seconds
Number of updated asset objects reloaded before import = 0
Number of asset objects unloaded after import = 2
========================================================================
Received Import Request.
  Time since last request: 0.000042 seconds.
  path: Assets/PolygonSciFiWorlds/Models/Collision/Convex/SM_Bld_Greeble_08_Convex.asset
  artifactKey: Guid(debc726f12f596c45bcaa9bcb61fdb8a) Importer(815301076,1909f56bfc062723c751e8b465ee728b)
Start importing Assets/PolygonSciFiWorlds/Models/Collision/Convex/SM_Bld_Greeble_08_Convex.asset using Guid(debc726f12f596c45bcaa9bcb61fdb8a) Importer(815301076,1909f56bfc062723c751e8b465ee728b)  -> (artifact id: 'ef0bfc33bd8d5b6b599e2d300a0d2252') in 0.019013 seconds
Number of updated asset objects reloaded before import = 0
Number of asset objects unloaded after import = 2
========================================================================
Received Import Request.
  Time since last request: 0.000017 seconds.
  path: Assets/PolygonSciFiWorlds/Models/Collision/Convex/SM_Bld_Corp_MobileSite_01_Convex 5.asset
  artifactKey: Guid(90a39b58f9d3e3b418888cf562e6384a) Importer(815301076,1909f56bfc062723c751e8b465ee728b)
Start importing Assets/PolygonSciFiWorlds/Models/Collision/Convex/SM_Bld_Corp_MobileSite_01_Convex 5.asset using Guid(90a39b58f9d3e3b418888cf562e6384a) Importer(815301076,1909f56bfc062723c751e8b465ee728b)  -> (artifact id: '68f4e495ef123d4718635f2f930fb26f') in 0.016346 seconds
Number of updated asset objects reloaded before import = 0
Number of asset objects unloaded after import = 2
========================================================================
Received Import Request.
  Time since last request: 0.000022 seconds.
  path: Assets/PolygonSciFiWorlds/Models/Collision/Convex/SM_Bld_Corp_MobileSite_01_Convex.asset
  artifactKey: Guid(279a5ea4636b90a419758fd850593f18) Importer(815301076,1909f56bfc062723c751e8b465ee728b)
Start importing Assets/PolygonSciFiWorlds/Models/Collision/Convex/SM_Bld_Corp_MobileSite_01_Convex.asset using Guid(279a5ea4636b90a419758fd850593f18) Importer(815301076,1909f56bfc062723c751e8b465ee728b)  -> (artifact id: '4a311d8cb6b0e9fc52f3a0743c0828ac') in 0.017039 seconds
Number of updated asset objects reloaded before import = 0
Number of asset objects unloaded after import = 2
========================================================================
Received Import Request.
  Time since last request: 0.000018 seconds.
  path: Assets/PolygonSciFiWorlds/Models/Collision/Convex/SM_Bld_Corp_Wall_02_Convex.asset
  artifactKey: Guid(0de2e8891808db842a6f61b740eda7a2) Importer(815301076,1909f56bfc062723c751e8b465ee728b)
Start importing Assets/PolygonSciFiWorlds/Models/Collision/Convex/SM_Bld_Corp_Wall_02_Convex.asset using Guid(0de2e8891808db842a6f61b740eda7a2) Importer(815301076,1909f56bfc062723c751e8b465ee728b)  -> (artifact id: '3ca1ca1ef816c88e2c541a8c182fc835') in 0.020406 seconds
Number of updated asset objects reloaded before import = 0
Number of asset objects unloaded after import = 2
========================================================================
Received Import Request.
  Time since last request: 0.000018 seconds.
  path: Assets/PolygonSciFiWorlds/Models/Collision/Convex/SM_Bld_Corp_Wall_03_Convex.asset
  artifactKey: Guid(6fe51e9c77268864eb387ed710a04c0d) Importer(815301076,1909f56bfc062723c751e8b465ee728b)
Start importing Assets/PolygonSciFiWorlds/Models/Collision/Convex/SM_Bld_Corp_Wall_03_Convex.asset using Guid(6fe51e9c77268864eb387ed710a04c0d) Importer(815301076,1909f56bfc062723c751e8b465ee728b)  -> (artifact id: '67f5cc841d57cb27d54a1b9b761bf62c') in 0.015845 seconds
Number of updated asset objects reloaded before import = 0
Number of asset objects unloaded after import = 2
========================================================================
Received Import Request.
  Time since last request: 0.000021 seconds.
  path: Assets/PolygonSciFiWorlds/Models/Collision/Convex/SM_Bld_Crate_Building_Pillar_02_Convex.asset
  artifactKey: Guid(9350105c81e3b024e9259fef9369811b) Importer(815301076,1909f56bfc062723c751e8b465ee728b)
Start importing Assets/PolygonSciFiWorlds/Models/Collision/Convex/SM_Bld_Crate_Building_Pillar_02_Convex.asset using Guid(9350105c81e3b024e9259fef9369811b) Importer(815301076,1909f56bfc062723c751e8b465ee728b)  -> (artifact id: '5ebe499d4a734981902291d3358d2bd2') in 0.026656 seconds
Number of updated asset objects reloaded before import = 0
Number of asset objects unloaded after import = 2
========================================================================
Received Import Request.
  Time since last request: 0.000017 seconds.
  path: Assets/PolygonSciFiWorlds/Models/Collision/Convex/SM_Bld_Door_Double_03_Convex 1.asset
  artifactKey: Guid(bcead04474407c349a7f349c809b40e9) Importer(815301076,1909f56bfc062723c751e8b465ee728b)
Start importing Assets/PolygonSciFiWorlds/Models/Collision/Convex/SM_Bld_Door_Double_03_Convex 1.asset using Guid(bcead04474407c349a7f349c809b40e9) Importer(815301076,1909f56bfc062723c751e8b465ee728b)  -> (artifact id: '1321bc86e8761303eb4dbe726a85ca3f') in 0.015052 seconds
Number of updated asset objects reloaded before import = 0
Number of asset objects unloaded after import = 2
========================================================================
Received Import Request.
  Time since last request: 0.000019 seconds.
  path: Assets/PolygonSciFiWorlds/Models/Collision/Convex/SM_Bld_Door_Single_03_Convex 1.asset
  artifactKey: Guid(1fd74750e8a9c1e4582bf41281baf3f4) Importer(815301076,1909f56bfc062723c751e8b465ee728b)
Start importing Assets/PolygonSciFiWorlds/Models/Collision/Convex/SM_Bld_Door_Single_03_Convex 1.asset using Guid(1fd74750e8a9c1e4582bf41281baf3f4) Importer(815301076,1909f56bfc062723c751e8b465ee728b)  -> (artifact id: 'c3d310fc02a8869c8dd6fc88f9933470') in 0.018869 seconds
Number of updated asset objects reloaded before import = 0
Number of asset objects unloaded after import = 2
========================================================================
Received Import Request.
  Time since last request: 0.000018 seconds.
  path: Assets/PolygonSciFiWorlds/Models/Collision/Convex/SM_Bld_Door_Double_05_Convex 1.asset
  artifactKey: Guid(3b9602f101142a1419017826ae2cae26) Importer(815301076,1909f56bfc062723c751e8b465ee728b)
Start importing Assets/PolygonSciFiWorlds/Models/Collision/Convex/SM_Bld_Door_Double_05_Convex 1.asset using Guid(3b9602f101142a1419017826ae2cae26) Importer(815301076,1909f56bfc062723c751e8b465ee728b)  -> (artifact id: '9f3bfef6e4ed39ced940e9896c816795') in 0.016938 seconds
Number of updated asset objects reloaded before import = 0
Number of asset objects unloaded after import = 2
========================================================================
Received Import Request.
  Time since last request: 0.000019 seconds.
  path: Assets/PolygonSciFiWorlds/Models/Collision/Convex/SM_Bld_Door_Single_04_Convex 2.asset
  artifactKey: Guid(78e452cd235262f4698c3ad49ec508a0) Importer(815301076,1909f56bfc062723c751e8b465ee728b)
Start importing Assets/PolygonSciFiWorlds/Models/Collision/Convex/SM_Bld_Door_Single_04_Convex 2.asset using Guid(78e452cd235262f4698c3ad49ec508a0) Importer(815301076,1909f56bfc062723c751e8b465ee728b)  -> (artifact id: '4b5cfb81ea074e717187db3320477d70') in 0.015544 seconds
Number of updated asset objects reloaded before import = 0
Number of asset objects unloaded after import = 2
========================================================================
Received Import Request.
  Time since last request: 0.664043 seconds.
  path: Assets/PolygonSciFiWorlds/Models/Collision/Custom/SM_Bld_Bridge_Platform_01_Collision.fbx
  artifactKey: Guid(2f7df7f50a7399d42a1b4fb21aacf478) Importer(815301076,1909f56bfc062723c751e8b465ee728b)
Start importing Assets/PolygonSciFiWorlds/Models/Collision/Custom/SM_Bld_Bridge_Platform_01_Collision.fbx using Guid(2f7df7f50a7399d42a1b4fb21aacf478) Importer(815301076,1909f56bfc062723c751e8b465ee728b)  -> (artifact id: 'fcf0d914fe8facc1e34e117113811153') in 0.069642 seconds
Number of updated asset objects reloaded before import = 0
Number of asset objects unloaded after import = 7
========================================================================
Received Import Request.
  Time since last request: 0.047135 seconds.
  path: Assets/PolygonSciFiWorlds/Models/Collision/Custom/SM_Bld_Corp_Loading_Bay_01_Collision.fbx
  artifactKey: Guid(c23cb464b47615946989afabc365974a) Importer(815301076,1909f56bfc062723c751e8b465ee728b)
Start importing Assets/PolygonSciFiWorlds/Models/Collision/Custom/SM_Bld_Corp_Loading_Bay_01_Collision.fbx using Guid(c23cb464b47615946989afabc365974a) Importer(815301076,1909f56bfc062723c751e8b465ee728b)  -> (artifact id: 'a2dd0b828e9cf0b2ae72b2f81be26f49') in 0.020263 seconds
Number of updated asset objects reloaded before import = 0
Number of asset objects unloaded after import = 7
========================================================================
Received Import Request.
  Time since last request: 0.000018 seconds.
  path: Assets/PolygonSciFiWorlds/Models/Collision/Custom/SM_Bld_Pod_Base_03_Collision.fbx
  artifactKey: Guid(b95f44b02364d4f4cacb28c0777e0fd0) Importer(815301076,1909f56bfc062723c751e8b465ee728b)
Start importing Assets/PolygonSciFiWorlds/Models/Collision/Custom/SM_Bld_Pod_Base_03_Collision.fbx using Guid(b95f44b02364d4f4cacb28c0777e0fd0) Importer(815301076,1909f56bfc062723c751e8b465ee728b)  -> (artifact id: 'c2738d0632e5f98361cacd2c2f5e1ebc') in 0.021302 seconds
Number of updated asset objects reloaded before import = 0
Number of asset objects unloaded after import = 7
========================================================================
Received Import Request.
  Time since last request: 0.000019 seconds.
  path: Assets/PolygonSciFiWorlds/Models/Collision/Custom/SM_Bld_Pod_Corridor_Square_02_Collision.fbx
  artifactKey: Guid(d0200fc5d21470248b9da964745525a2) Importer(815301076,1909f56bfc062723c751e8b465ee728b)
Start importing Assets/PolygonSciFiWorlds/Models/Collision/Custom/SM_Bld_Pod_Corridor_Square_02_Collision.fbx using Guid(d0200fc5d21470248b9da964745525a2) Importer(815301076,1909f56bfc062723c751e8b465ee728b)  -> (artifact id: '03d005f6a64ecbf2d6f105e286d6ee84') in 0.020830 seconds
Number of updated asset objects reloaded before import = 0
Number of asset objects unloaded after import = 7
========================================================================
Received Import Request.
  Time since last request: 0.000023 seconds.
  path: Assets/PolygonSciFiWorlds/Models/Collision/Custom/SM_Bld_Pod_Corridor_Square_04_Collision.fbx
  artifactKey: Guid(006233ba526ad59488d1c5d8b81ddf14) Importer(815301076,1909f56bfc062723c751e8b465ee728b)
Start importing Assets/PolygonSciFiWorlds/Models/Collision/Custom/SM_Bld_Pod_Corridor_Square_04_Collision.fbx using Guid(006233ba526ad59488d1c5d8b81ddf14) Importer(815301076,1909f56bfc062723c751e8b465ee728b)  -> (artifact id: '5d1df68f72c0359e524a64354b26f4fd') in 0.022415 seconds
Number of updated asset objects reloaded before import = 0
Number of asset objects unloaded after import = 7
========================================================================
Received Import Request.
  Time since last request: 0.000028 seconds.
  path: Assets/PolygonSciFiWorlds/Models/Collision/Custom/SM_Bld_Pod_Corridor_Square_01_Collision.fbx
  artifactKey: Guid(d436e5601eee13b4c99f3eb551d5e3b9) Importer(815301076,1909f56bfc062723c751e8b465ee728b)
Start importing Assets/PolygonSciFiWorlds/Models/Collision/Custom/SM_Bld_Pod_Corridor_Square_01_Collision.fbx using Guid(d436e5601eee13b4c99f3eb551d5e3b9) Importer(815301076,1909f56bfc062723c751e8b465ee728b)  -> (artifact id: '989e4d1ce18b9f003572949e24920cee') in 0.021500 seconds
Number of updated asset objects reloaded before import = 0
Number of asset objects unloaded after import = 7
========================================================================
Received Import Request.
  Time since last request: 0.000024 seconds.
  path: Assets/PolygonSciFiWorlds/Models/Collision/Custom/SM_Bld_Pod_Corridor_Round_05_Collision.fbx
  artifactKey: Guid(0dde23404d609f8438e8526ffe82b5fb) Importer(815301076,1909f56bfc062723c751e8b465ee728b)
Start importing Assets/PolygonSciFiWorlds/Models/Collision/Custom/SM_Bld_Pod_Corridor_Round_05_Collision.fbx using Guid(0dde23404d609f8438e8526ffe82b5fb) Importer(815301076,1909f56bfc062723c751e8b465ee728b)  -> (artifact id: '6388fc90e3f088c6cb75a719e497d334') in 0.020790 seconds
Number of updated asset objects reloaded before import = 0
Number of asset objects unloaded after import = 7
========================================================================
Received Import Request.
  Time since last request: 0.000017 seconds.
  path: Assets/PolygonSciFiWorlds/Models/Collision/Custom/SM_Bld_Corp_Landing_Pad_01_Collision.fbx
  artifactKey: Guid(a83bad660a4ba164ea6c3aae47f9595f) Importer(815301076,1909f56bfc062723c751e8b465ee728b)
Start importing Assets/PolygonSciFiWorlds/Models/Collision/Custom/SM_Bld_Corp_Landing_Pad_01_Collision.fbx using Guid(a83bad660a4ba164ea6c3aae47f9595f) Importer(815301076,1909f56bfc062723c751e8b465ee728b)  -> (artifact id: 'a632a06612735c9e50ea7aed5a94dfdc') in 0.021710 seconds
Number of updated asset objects reloaded before import = 0
Number of asset objects unloaded after import = 7
========================================================================
Received Import Request.
  Time since last request: 0.000021 seconds.
  path: Assets/PolygonSciFiWorlds/Models/Collision/Custom/SM_Bld_Door_Single_02_Collision.fbx
  artifactKey: Guid(118e5205c3b80de4a9b4196fb77b3cd2) Importer(815301076,1909f56bfc062723c751e8b465ee728b)
Start importing Assets/PolygonSciFiWorlds/Models/Collision/Custom/SM_Bld_Door_Single_02_Collision.fbx using Guid(118e5205c3b80de4a9b4196fb77b3cd2) Importer(815301076,1909f56bfc062723c751e8b465ee728b)  -> (artifact id: '1764d0df2adbc514e9e0f81bc073ed1a') in 0.020537 seconds
Number of updated asset objects reloaded before import = 0
Number of asset objects unloaded after import = 7
========================================================================
Received Import Request.
  Time since last request: 0.000030 seconds.
  path: Assets/PolygonSciFiWorlds/Models/Collision/Custom/SM_Bld_Corp_Wall_Tower_Corner_01_Top_01_Collision.fbx
  artifactKey: Guid(b9ce0b664a9635647af8e8ad52561a3a) Importer(815301076,1909f56bfc062723c751e8b465ee728b)
Start importing Assets/PolygonSciFiWorlds/Models/Collision/Custom/SM_Bld_Corp_Wall_Tower_Corner_01_Top_01_Collision.fbx using Guid(b9ce0b664a9635647af8e8ad52561a3a) Importer(815301076,1909f56bfc062723c751e8b465ee728b)  -> (artifact id: '8771ff1ec0fa607cb19bc0ab275d6857') in 0.021714 seconds
Number of updated asset objects reloaded before import = 0
Number of asset objects unloaded after import = 7
========================================================================
Received Import Request.
  Time since last request: 0.000019 seconds.
  path: Assets/PolygonSciFiWorlds/Models/Collision/Custom/SM_Bld_Corp_Wall_Tower_01_Collision.fbx
  artifactKey: Guid(f58c57ad3534cdb44baf46fa57cfd65e) Importer(815301076,1909f56bfc062723c751e8b465ee728b)
Start importing Assets/PolygonSciFiWorlds/Models/Collision/Custom/SM_Bld_Corp_Wall_Tower_01_Collision.fbx using Guid(f58c57ad3534cdb44baf46fa57cfd65e) Importer(815301076,1909f56bfc062723c751e8b465ee728b)  -> (artifact id: 'e79c07c7a03cd9d7dc50e08cc088d9e1') in 0.021973 seconds
Number of updated asset objects reloaded before import = 0
Number of asset objects unloaded after import = 7
========================================================================
Received Import Request.
  Time since last request: 0.000025 seconds.
  path: Assets/PolygonSciFiWorlds/Models/Collision/Custom/SM_Bld_Corp_Wall_04_Collision.fbx
  artifactKey: Guid(86133dd0031d27e43b44ff4d77a6eebb) Importer(815301076,1909f56bfc062723c751e8b465ee728b)
Start importing Assets/PolygonSciFiWorlds/Models/Collision/Custom/SM_Bld_Corp_Wall_04_Collision.fbx using Guid(86133dd0031d27e43b44ff4d77a6eebb) Importer(815301076,1909f56bfc062723c751e8b465ee728b)  -> (artifact id: 'f910fa72773e78172922d93c22ce1d27') in 0.019503 seconds
Number of updated asset objects reloaded before import = 0
Number of asset objects unloaded after import = 7
========================================================================
Received Import Request.
  Time since last request: 0.000018 seconds.
  path: Assets/PolygonSciFiWorlds/Models/Collision/Custom/SM_Bld_Elevator_Single_01_Collision.fbx
  artifactKey: Guid(c4d89bd06b3a19844b22681b91620ec8) Importer(815301076,1909f56bfc062723c751e8b465ee728b)
Start importing Assets/PolygonSciFiWorlds/Models/Collision/Custom/SM_Bld_Elevator_Single_01_Collision.fbx using Guid(c4d89bd06b3a19844b22681b91620ec8) Importer(815301076,1909f56bfc062723c751e8b465ee728b)  -> (artifact id: 'c24a020a8533fbc8b0414cbe5da601a3') in 0.023184 seconds
Number of updated asset objects reloaded before import = 0
Number of asset objects unloaded after import = 7
========================================================================
Received Import Request.
  Time since last request: 0.000019 seconds.
  path: Assets/PolygonSciFiWorlds/Models/Collision/Custom/SM_Bld_Corp_Loading_Bay_01_Arm_01_Collision.fbx
  artifactKey: Guid(31c622f3787f84143bf325bee9110f10) Importer(815301076,1909f56bfc062723c751e8b465ee728b)
Start importing Assets/PolygonSciFiWorlds/Models/Collision/Custom/SM_Bld_Corp_Loading_Bay_01_Arm_01_Collision.fbx using Guid(31c622f3787f84143bf325bee9110f10) Importer(815301076,1909f56bfc062723c751e8b465ee728b)  -> (artifact id: 'd55d2a55c266eb4602e020bcd7b35d01') in 0.024273 seconds
Number of updated asset objects reloaded before import = 0
Number of asset objects unloaded after import = 7
========================================================================
Received Import Request.
  Time since last request: 0.000025 seconds.
  path: Assets/PolygonSciFiWorlds/Models/Collision/Custom/SM_Bld_Door_Garage_02_Collision.fbx
  artifactKey: Guid(1b9a11254b3ccb940a9af3bc91debc48) Importer(815301076,1909f56bfc062723c751e8b465ee728b)
Start importing Assets/PolygonSciFiWorlds/Models/Collision/Custom/SM_Bld_Door_Garage_02_Collision.fbx using Guid(1b9a11254b3ccb940a9af3bc91debc48) Importer(815301076,1909f56bfc062723c751e8b465ee728b)  -> (artifact id: 'd3f40520b96b07984019dcd3f9c023ec') in 0.026405 seconds
Number of updated asset objects reloaded before import = 0
Number of asset objects unloaded after import = 7
========================================================================
Received Import Request.
  Time since last request: 0.000031 seconds.
  path: Assets/PolygonSciFiWorlds/Models/Collision/Custom/SM_Bld_Corp_Radar_01_Collision.fbx
  artifactKey: Guid(e981a643f8f638d458b0119a06d68089) Importer(815301076,1909f56bfc062723c751e8b465ee728b)
Start importing Assets/PolygonSciFiWorlds/Models/Collision/Custom/SM_Bld_Corp_Radar_01_Collision.fbx using Guid(e981a643f8f638d458b0119a06d68089) Importer(815301076,1909f56bfc062723c751e8b465ee728b)  -> (artifact id: 'c19c917334027a1b347f45c6e7fe67c9') in 0.025691 seconds
Number of updated asset objects reloaded before import = 0
Number of asset objects unloaded after import = 7
========================================================================
Received Import Request.
  Time since last request: 0.000038 seconds.
  path: Assets/PolygonSciFiWorlds/Models/Collision/Custom/SM_Bld_Door_Double_To_Single_01_Collision.fbx
  artifactKey: Guid(2e7fd46ba09b8644bba8fbb80dea8c70) Importer(815301076,1909f56bfc062723c751e8b465ee728b)
Start importing Assets/PolygonSciFiWorlds/Models/Collision/Custom/SM_Bld_Door_Double_To_Single_01_Collision.fbx using Guid(2e7fd46ba09b8644bba8fbb80dea8c70) Importer(815301076,1909f56bfc062723c751e8b465ee728b)  -> (artifact id: '5ead5bcdee0ee3859da6450c813db634') in 0.023547 seconds
Number of updated asset objects reloaded before import = 0
Number of asset objects unloaded after import = 7
========================================================================
Received Import Request.
  Time since last request: 0.000020 seconds.
  path: Assets/PolygonSciFiWorlds/Models/Collision/Custom/SM_Bld_Crate_Building_03_Collision.fbx
  artifactKey: Guid(a12c5062f0207064ab7543ad354668d5) Importer(815301076,1909f56bfc062723c751e8b465ee728b)
Start importing Assets/PolygonSciFiWorlds/Models/Collision/Custom/SM_Bld_Crate_Building_03_Collision.fbx using Guid(a12c5062f0207064ab7543ad354668d5) Importer(815301076,1909f56bfc062723c751e8b465ee728b)  -> (artifact id: '08995579af56a782c9b37444719aa633') in 0.025541 seconds
Number of updated asset objects reloaded before import = 0
Number of asset objects unloaded after import = 7
========================================================================
Received Import Request.
  Time since last request: 0.000025 seconds.
  path: Assets/PolygonSciFiWorlds/Models/Collision/Custom/SM_Bld_Pod_Corridor_Round_End_01_Collision_01.fbx
  artifactKey: Guid(3fb15566425add447b81af3d8dbc295b) Importer(815301076,1909f56bfc062723c751e8b465ee728b)
Start importing Assets/PolygonSciFiWorlds/Models/Collision/Custom/SM_Bld_Pod_Corridor_Round_End_01_Collision_01.fbx using Guid(3fb15566425add447b81af3d8dbc295b) Importer(815301076,1909f56bfc062723c751e8b465ee728b)  -> (artifact id: '4b15d33b4b25961a78659495090a38e9') in 0.023303 seconds
Number of updated asset objects reloaded before import = 0
Number of asset objects unloaded after import = 7
========================================================================
Received Import Request.
  Time since last request: 0.000024 seconds.
  path: Assets/PolygonSciFiWorlds/Models/Collision/Custom/SM_Bld_Corp_Comms_Tower_01_Collision.fbx
  artifactKey: Guid(fe323ed799206934e9d18911b09de279) Importer(815301076,1909f56bfc062723c751e8b465ee728b)
Start importing Assets/PolygonSciFiWorlds/Models/Collision/Custom/SM_Bld_Corp_Comms_Tower_01_Collision.fbx using Guid(fe323ed799206934e9d18911b09de279) Importer(815301076,1909f56bfc062723c751e8b465ee728b)  -> (artifact id: '1cbea00f768f874fbc323c0fda097479') in 0.023170 seconds
Number of updated asset objects reloaded before import = 0
Number of asset objects unloaded after import = 7
========================================================================
Received Import Request.
  Time since last request: 0.000018 seconds.
  path: Assets/PolygonSciFiWorlds/Models/Collision/Custom/SM_Bld_Corp_LandingPad_03_Collision.fbx
  artifactKey: Guid(681707c4c7e409f45839455fca18e978) Importer(815301076,1909f56bfc062723c751e8b465ee728b)
Start importing Assets/PolygonSciFiWorlds/Models/Collision/Custom/SM_Bld_Corp_LandingPad_03_Collision.fbx using Guid(681707c4c7e409f45839455fca18e978) Importer(815301076,1909f56bfc062723c751e8b465ee728b)  -> (artifact id: '1dde71eeffd6f8929b9c17078fe530d5') in 0.057829 seconds
Number of updated asset objects reloaded before import = 0
Number of asset objects unloaded after import = 7
========================================================================
Received Import Request.
  Time since last request: 0.000019 seconds.
  path: Assets/PolygonSciFiWorlds/Models/Collision/Custom/SM_Bld_Pod_Corridor_Square_Door_Single_01_Collision.fbx
  artifactKey: Guid(499e3a06881ff06429612dba8528764c) Importer(815301076,1909f56bfc062723c751e8b465ee728b)
Start importing Assets/PolygonSciFiWorlds/Models/Collision/Custom/SM_Bld_Pod_Corridor_Square_Door_Single_01_Collision.fbx using Guid(499e3a06881ff06429612dba8528764c) Importer(815301076,1909f56bfc062723c751e8b465ee728b)  -> (artifact id: '0b8eb8c8b48f53e81bef886cee83ad23') in 0.020338 seconds
Number of updated asset objects reloaded before import = 0
Number of asset objects unloaded after import = 7
========================================================================
Received Import Request.
  Time since last request: 0.000019 seconds.
  path: Assets/PolygonSciFiWorlds/Models/Collision/Custom/SM_Bld_Overhang_01_Collision.fbx
  artifactKey: Guid(7231952776cf2534bb8df847f6fe8ec9) Importer(815301076,1909f56bfc062723c751e8b465ee728b)
Start importing Assets/PolygonSciFiWorlds/Models/Collision/Custom/SM_Bld_Overhang_01_Collision.fbx using Guid(7231952776cf2534bb8df847f6fe8ec9) Importer(815301076,1909f56bfc062723c751e8b465ee728b)  -> (artifact id: 'c5a5cde523a97070fe48ea1da37cb0f4') in 0.019061 seconds
Number of updated asset objects reloaded before import = 0
Number of asset objects unloaded after import = 7
========================================================================
Received Import Request.
  Time since last request: 0.000019 seconds.
  path: Assets/PolygonSciFiWorlds/Models/Collision/Custom/SM_Bld_Pod_Corridor_Round_01_Collision.fbx
  artifactKey: Guid(d23fecbd85a6c4746884a8a6ec71bb51) Importer(815301076,1909f56bfc062723c751e8b465ee728b)
Start importing Assets/PolygonSciFiWorlds/Models/Collision/Custom/SM_Bld_Pod_Corridor_Round_01_Collision.fbx using Guid(d23fecbd85a6c4746884a8a6ec71bb51) Importer(815301076,1909f56bfc062723c751e8b465ee728b)  -> (artifact id: '2ab0366e5edb155b41819d4c54742c24') in 0.021014 seconds
Number of updated asset objects reloaded before import = 0
Number of asset objects unloaded after import = 7
========================================================================
Received Import Request.
  Time since last request: 0.000032 seconds.
  path: Assets/PolygonSciFiWorlds/Models/Collision/Custom/SM_Bld_Pod_Corridor_Square_Door_Double_01_Collision.fbx
  artifactKey: Guid(3b914b4885ba7d3448c444d67237edd0) Importer(815301076,1909f56bfc062723c751e8b465ee728b)
Start importing Assets/PolygonSciFiWorlds/Models/Collision/Custom/SM_Bld_Pod_Corridor_Square_Door_Double_01_Collision.fbx using Guid(3b914b4885ba7d3448c444d67237edd0) Importer(815301076,1909f56bfc062723c751e8b465ee728b)  -> (artifact id: '0a4804c26636c40c4c04c33853118ac9') in 0.019623 seconds
Number of updated asset objects reloaded before import = 0
Number of asset objects unloaded after import = 7
========================================================================
Received Import Request.
  Time since last request: 0.000028 seconds.
  path: Assets/PolygonSciFiWorlds/Models/Collision/Custom/SM_Bld_Corp_Wall_Gate_01_Collision.fbx
  artifactKey: Guid(c2daaa0070e5c6541a8dda0619bf910b) Importer(815301076,1909f56bfc062723c751e8b465ee728b)
Start importing Assets/PolygonSciFiWorlds/Models/Collision/Custom/SM_Bld_Corp_Wall_Gate_01_Collision.fbx using Guid(c2daaa0070e5c6541a8dda0619bf910b) Importer(815301076,1909f56bfc062723c751e8b465ee728b)  -> (artifact id: '7bb56accee1e59088083cbc749044243') in 0.022309 seconds
Number of updated asset objects reloaded before import = 0
Number of asset objects unloaded after import = 7
========================================================================
Received Import Request.
  Time since last request: 0.000022 seconds.
  path: Assets/PolygonSciFiWorlds/Models/Collision/Custom/SM_Bld_Corp_Radar_01_Arm_01_Collision.fbx
  artifactKey: Guid(3892fc414330ba14baa6afe6a1ca0bff) Importer(815301076,1909f56bfc062723c751e8b465ee728b)
Start importing Assets/PolygonSciFiWorlds/Models/Collision/Custom/SM_Bld_Corp_Radar_01_Arm_01_Collision.fbx using Guid(3892fc414330ba14baa6afe6a1ca0bff) Importer(815301076,1909f56bfc062723c751e8b465ee728b)  -> (artifact id: 'd35184a1b8032ddc4519396d8a9ccf28') in 0.036869 seconds
Number of updated asset objects reloaded before import = 0
Number of asset objects unloaded after import = 7
========================================================================
Received Import Request.
  Time since last request: 0.000023 seconds.
  path: Assets/PolygonSciFiWorlds/Models/Collision/Custom/SM_Bld_Pod_Corridor_Round_Door_Single_01_Collision.fbx
  artifactKey: Guid(39f16f23526298f409bca0619ce893d2) Importer(815301076,1909f56bfc062723c751e8b465ee728b)
Start importing Assets/PolygonSciFiWorlds/Models/Collision/Custom/SM_Bld_Pod_Corridor_Round_Door_Single_01_Collision.fbx using Guid(39f16f23526298f409bca0619ce893d2) Importer(815301076,1909f56bfc062723c751e8b465ee728b)  -> (artifact id: '1f1abc3886b820f09abab11df2563be9') in 0.025499 seconds
Number of updated asset objects reloaded before import = 0
Number of asset objects unloaded after import = 7
========================================================================
Received Import Request.
  Time since last request: 0.000029 seconds.
  path: Assets/PolygonSciFiWorlds/Models/Collision/Custom/SM_Bld_Pod_Corridor_Square_04_Base_01_Collision.fbx
  artifactKey: Guid(d5334da50aeb9fb4cbdc38acda3a4428) Importer(815301076,1909f56bfc062723c751e8b465ee728b)
Start importing Assets/PolygonSciFiWorlds/Models/Collision/Custom/SM_Bld_Pod_Corridor_Square_04_Base_01_Collision.fbx using Guid(d5334da50aeb9fb4cbdc38acda3a4428) Importer(815301076,1909f56bfc062723c751e8b465ee728b)  -> (artifact id: 'fa5db99c34469ad846f864613d9812ec') in 0.023256 seconds
Number of updated asset objects reloaded before import = 0
Number of asset objects unloaded after import = 7
========================================================================
Received Import Request.
  Time since last request: 0.000020 seconds.
  path: Assets/PolygonSciFiWorlds/Models/Collision/Custom/SM_Bld_Corp_Control_Tower_01_Collision.fbx
  artifactKey: Guid(d9bffb85d47e1a94298801accdd5d327) Importer(815301076,1909f56bfc062723c751e8b465ee728b)
Start importing Assets/PolygonSciFiWorlds/Models/Collision/Custom/SM_Bld_Corp_Control_Tower_01_Collision.fbx using Guid(d9bffb85d47e1a94298801accdd5d327) Importer(815301076,1909f56bfc062723c751e8b465ee728b)  -> (artifact id: '4b402739e054343f0ac775011552e6af') in 0.068057 seconds
Number of updated asset objects reloaded before import = 0
Number of asset objects unloaded after import = 7
========================================================================
Received Import Request.
  Time since last request: 0.000024 seconds.
  path: Assets/PolygonSciFiWorlds/Models/Collision/Custom/SM_Bld_Corp_Wall_01_Collision.fbx
  artifactKey: Guid(1e91c5a97fdd4844aa3dc86cfa22ae60) Importer(815301076,1909f56bfc062723c751e8b465ee728b)
Start importing Assets/PolygonSciFiWorlds/Models/Collision/Custom/SM_Bld_Corp_Wall_01_Collision.fbx using Guid(1e91c5a97fdd4844aa3dc86cfa22ae60) Importer(815301076,1909f56bfc062723c751e8b465ee728b)  -> (artifact id: '37c475fab4c3752a2722416742eb013a') in 0.025656 seconds
Number of updated asset objects reloaded before import = 0
Number of asset objects unloaded after import = 7
========================================================================
Received Import Request.
  Time since last request: 0.000019 seconds.
  path: Assets/PolygonSciFiWorlds/Models/Collision/Custom/SM_Bld_Pod_Base_01_Collision.fbx
  artifactKey: Guid(ef53d8071221dc14b93b5029aa703ffa) Importer(815301076,1909f56bfc062723c751e8b465ee728b)
Start importing Assets/PolygonSciFiWorlds/Models/Collision/Custom/SM_Bld_Pod_Base_01_Collision.fbx using Guid(ef53d8071221dc14b93b5029aa703ffa) Importer(815301076,1909f56bfc062723c751e8b465ee728b)  -> (artifact id: '63c337c4632c9466c33646e45a2cc36a') in 0.021589 seconds
Number of updated asset objects reloaded before import = 0
Number of asset objects unloaded after import = 7
========================================================================
Received Import Request.
  Time since last request: 0.000041 seconds.
  path: Assets/PolygonSciFiWorlds/Models/Collision/Custom/SM_Bld_Crate_Building_Balcony_02_Collision.fbx
  artifactKey: Guid(435216ae7e6558f4281a594ee4b30f15) Importer(815301076,1909f56bfc062723c751e8b465ee728b)
Start importing Assets/PolygonSciFiWorlds/Models/Collision/Custom/SM_Bld_Crate_Building_Balcony_02_Collision.fbx using Guid(435216ae7e6558f4281a594ee4b30f15) Importer(815301076,1909f56bfc062723c751e8b465ee728b)  -> (artifact id: 'dc62eb80a2af3f8ef836a807b3bd58bd') in 0.023878 seconds
Number of updated asset objects reloaded before import = 0
Number of asset objects unloaded after import = 7
========================================================================
Received Import Request.
  Time since last request: 0.000035 seconds.
  path: Assets/PolygonSciFiWorlds/Models/Collision/Custom/SM_Bld_Corp_Radar_01_Top_01_Collision.fbx
  artifactKey: Guid(15e93307f85666b4284f68aaed282c53) Importer(815301076,1909f56bfc062723c751e8b465ee728b)
Start importing Assets/PolygonSciFiWorlds/Models/Collision/Custom/SM_Bld_Corp_Radar_01_Top_01_Collision.fbx using Guid(15e93307f85666b4284f68aaed282c53) Importer(815301076,1909f56bfc062723c751e8b465ee728b)  -> (artifact id: '6d2f7c636c206473f05c644a39b6240d') in 0.023373 seconds
Number of updated asset objects reloaded before import = 0
Number of asset objects unloaded after import = 7
========================================================================
Received Import Request.
  Time since last request: 0.000020 seconds.
  path: Assets/PolygonSciFiWorlds/Models/Collision/Custom/SM_Bld_Door_Single_04_Collision.fbx
  artifactKey: Guid(a087bf4b1ca7780489fc0740eb04d0a1) Importer(815301076,1909f56bfc062723c751e8b465ee728b)
Start importing Assets/PolygonSciFiWorlds/Models/Collision/Custom/SM_Bld_Door_Single_04_Collision.fbx using Guid(a087bf4b1ca7780489fc0740eb04d0a1) Importer(815301076,1909f56bfc062723c751e8b465ee728b)  -> (artifact id: 'b820596576408d869cc15d822d3a62ba') in 0.213049 seconds
Number of updated asset objects reloaded before import = 0
Number of asset objects unloaded after import = 7
========================================================================
Received Import Request.
  Time since last request: 0.000027 seconds.
  path: Assets/PolygonSciFiWorlds/Models/Collision/Custom/SM_Bld_Pod_Base_04_Collision.fbx
  artifactKey: Guid(08c77055cab2ba04ca9ce116b4305de7) Importer(815301076,1909f56bfc062723c751e8b465ee728b)
Start importing Assets/PolygonSciFiWorlds/Models/Collision/Custom/SM_Bld_Pod_Base_04_Collision.fbx using Guid(08c77055cab2ba04ca9ce116b4305de7) Importer(815301076,1909f56bfc062723c751e8b465ee728b)  -> (artifact id: 'ad267627415d0963015b36745d8e3b2a') in 0.022063 seconds
Number of updated asset objects reloaded before import = 0
Number of asset objects unloaded after import = 7
