Using pre-set license
Built from '2022.3/staging' branch; Version is '2022.3.21f1 (bf09ca542b87) revision 12519882'; Using compiler version '192829333'; Build Type 'Release'
OS: 'Windows 11  (10.0.22631) 64bit Core' Language: 'en' Physical Memory: 16190 MB
BatchMode: 1, IsHumanControllingUs: 0, StartBugReporterOnCrash: 0, Is64bit: 1, IsPro: 1

COMMAND LINE ARGUMENTS:
C:\Program Files\Unity\Hub\Editor\2022.3.21f1\Editor\Unity.exe
-adb2
-batchMode
-noUpm
-name
AssetImportWorker7
-projectPath
C:/Users/KALAN/Desktop/GameDev Project/GameDev-Project/GameDevProject
-logFile
Logs/AssetImportWorker7.log
-srvPort
49941
Successfully changed project path to: C:/Users/KALAN/Desktop/GameDev Project/GameDev-Project/GameDevProject
C:/Users/KALAN/Desktop/GameDev Project/GameDev-Project/GameDevProject
[UnityMemory] Configuration Parameters - Can be set up in boot.config
    "memorysetup-bucket-allocator-granularity=16"
    "memorysetup-bucket-allocator-bucket-count=8"
    "memorysetup-bucket-allocator-block-size=33554432"
    "memorysetup-bucket-allocator-block-count=8"
    "memorysetup-main-allocator-block-size=16777216"
    "memorysetup-thread-allocator-block-size=16777216"
    "memorysetup-gfx-main-allocator-block-size=16777216"
    "memorysetup-gfx-thread-allocator-block-size=16777216"
    "memorysetup-cache-allocator-block-size=4194304"
    "memorysetup-typetree-allocator-block-size=2097152"
    "memorysetup-profiler-bucket-allocator-granularity=16"
    "memorysetup-profiler-bucket-allocator-bucket-count=8"
    "memorysetup-profiler-bucket-allocator-block-size=33554432"
    "memorysetup-profiler-bucket-allocator-block-count=8"
    "memorysetup-profiler-allocator-block-size=16777216"
    "memorysetup-profiler-editor-allocator-block-size=1048576"
    "memorysetup-temp-allocator-size-main=16777216"
    "memorysetup-job-temp-allocator-block-size=2097152"
    "memorysetup-job-temp-allocator-block-size-background=1048576"
    "memorysetup-job-temp-allocator-reduction-small-platforms=262144"
    "memorysetup-allocator-temp-initial-block-size-main=262144"
    "memorysetup-allocator-temp-initial-block-size-worker=262144"
    "memorysetup-temp-allocator-size-background-worker=32768"
    "memorysetup-temp-allocator-size-job-worker=262144"
    "memorysetup-temp-allocator-size-preload-manager=33554432"
    "memorysetup-temp-allocator-size-nav-mesh-worker=65536"
    "memorysetup-temp-allocator-size-audio-worker=65536"
    "memorysetup-temp-allocator-size-cloud-worker=32768"
    "memorysetup-temp-allocator-size-gi-baking-worker=262144"
    "memorysetup-temp-allocator-size-gfx=262144"
Player connection [20356] Host "[IP] 100.64.4.203 [Port] 0 [Flags] 2 [Guid] 2451191554 [EditorId] 2451191554 [Version] 1048832 [Id] WindowsEditor(7,DESKTOP-VNOATM0) [Debug] 1 [PackageName] WindowsEditor [ProjectName] Editor" joined multi-casting on [225.0.0.222:54997]...

Player connection [20356] Host "[IP] 100.64.4.203 [Port] 0 [Flags] 2 [Guid] 2451191554 [EditorId] 2451191554 [Version] 1048832 [Id] WindowsEditor(7,DESKTOP-VNOATM0) [Debug] 1 [PackageName] WindowsEditor [ProjectName] Editor" joined alternative multi-casting on [225.0.0.222:34997]...

[Physics::Module] Initialized MultithreadedJobDispatcher with 11 workers.
Refreshing native plugins compatible for Editor in 54.40 ms, found 3 plugins.
Preloading 0 native plugins for Editor in 0.00 ms.
Initialize engine version: 2022.3.21f1 (bf09ca542b87)
[Subsystems] Discovering subsystems at path C:/Program Files/Unity/Hub/Editor/2022.3.21f1/Editor/Data/Resources/UnitySubsystems
[Subsystems] Discovering subsystems at path C:/Users/KALAN/Desktop/GameDev Project/GameDev-Project/GameDevProject/Assets
GfxDevice: creating device client; threaded=0; jobified=0
Direct3D:
    Version:  Direct3D 11.0 [level 11.1]
    Renderer: NVIDIA GeForce GTX 1050 Ti (ID=0x1c82)
    Vendor:   NVIDIA
    VRAM:     4017 MB
    Driver:   31.0.15.3118
Initialize mono
Mono path[0] = 'C:/Program Files/Unity/Hub/Editor/2022.3.21f1/Editor/Data/Managed'
Mono path[1] = 'C:/Program Files/Unity/Hub/Editor/2022.3.21f1/Editor/Data/MonoBleedingEdge/lib/mono/unityjit-win32'
Mono config path = 'C:/Program Files/Unity/Hub/Editor/2022.3.21f1/Editor/Data/MonoBleedingEdge/etc'
Using monoOptions --debugger-agent=transport=dt_socket,embedding=1,server=y,suspend=n,address=127.0.0.1:56220
Begin MonoManager ReloadAssembly
Registering precompiled unity dll's ...
Register platform support module: C:/Program Files/Unity/Hub/Editor/2022.3.21f1/Editor/Data/PlaybackEngines/WindowsStandaloneSupport/UnityEditor.WindowsStandalone.Extensions.dll
Registered in 0.019696 seconds.
- Loaded All Assemblies, in  0.688 seconds
Native extension for WindowsStandalone target not found
Mono: successfully reloaded assembly
- Finished resetting the current domain, in  0.364 seconds
Domain Reload Profiling: 1048ms
	BeginReloadAssembly (379ms)
		ExecutionOrderSort (0ms)
		DisableScriptedObjects (0ms)
		BackupInstance (0ms)
		ReleaseScriptingObjects (0ms)
		CreateAndSetChildDomain (1ms)
	RebuildCommonClasses (42ms)
	RebuildNativeTypeToScriptingClass (12ms)
	initialDomainReloadingComplete (88ms)
	LoadAllAssembliesAndSetupDomain (162ms)
		LoadAssemblies (167ms)
		RebuildTransferFunctionScriptingTraits (0ms)
		AnalyzeDomain (159ms)
			TypeCache.Refresh (158ms)
				TypeCache.ScanAssembly (142ms)
			ScanForSourceGeneratedMonoScriptInfo (0ms)
			ResolveRequiredComponents (0ms)
	FinalizeReload (364ms)
		ReleaseScriptCaches (0ms)
		RebuildScriptCaches (0ms)
		SetupLoadedEditorAssemblies (291ms)
			LogAssemblyErrors (0ms)
			InitializePlatformSupportModulesInManaged (15ms)
			SetLoadedEditorAssemblies (9ms)
			RefreshPlugins (0ms)
			BeforeProcessingInitializeOnLoad (2ms)
			ProcessInitializeOnLoadAttributes (183ms)
			ProcessInitializeOnLoadMethodAttributes (81ms)
			AfterProcessingInitializeOnLoad (0ms)
			EditorAssembliesLoaded (0ms)
		ExecutionOrderSort2 (0ms)
		AwakeInstancesAfterBackupRestoration (0ms)
========================================================================
Worker process is ready to serve import requests
Begin MonoManager ReloadAssembly
Symbol file LoadedFromMemory is not a mono symbol file
- Loaded All Assemblies, in  1.037 seconds
Refreshing native plugins compatible for Editor in 20.48 ms, found 3 plugins.
Native extension for WindowsStandalone target not found
Package Manager log level set to [2]
[Package Manager] Server::EnsureServerProcessIsRunning -- launch failed, reason: Unity was launched with the -noUpm command-line argument
[Package Manager] UpmClient::Send -- Unable to send message (not connected to UPM process).
[Package Manager] Cannot connect to Unity Package Manager local server
Mono: successfully reloaded assembly
- Finished resetting the current domain, in  1.086 seconds
Domain Reload Profiling: 2112ms
	BeginReloadAssembly (213ms)
		ExecutionOrderSort (0ms)
		DisableScriptedObjects (7ms)
		BackupInstance (0ms)
		ReleaseScriptingObjects (0ms)
		CreateAndSetChildDomain (25ms)
	RebuildCommonClasses (43ms)
	RebuildNativeTypeToScriptingClass (14ms)
	initialDomainReloadingComplete (64ms)
	LoadAllAssembliesAndSetupDomain (693ms)
		LoadAssemblies (567ms)
		RebuildTransferFunctionScriptingTraits (0ms)
		AnalyzeDomain (256ms)
			TypeCache.Refresh (221ms)
				TypeCache.ScanAssembly (200ms)
			ScanForSourceGeneratedMonoScriptInfo (28ms)
			ResolveRequiredComponents (5ms)
	FinalizeReload (1086ms)
		ReleaseScriptCaches (0ms)
		RebuildScriptCaches (0ms)
		SetupLoadedEditorAssemblies (913ms)
			LogAssemblyErrors (0ms)
			InitializePlatformSupportModulesInManaged (11ms)
			SetLoadedEditorAssemblies (4ms)
			RefreshPlugins (0ms)
			BeforeProcessingInitializeOnLoad (159ms)
			ProcessInitializeOnLoadAttributes (502ms)
			ProcessInitializeOnLoadMethodAttributes (215ms)
			AfterProcessingInitializeOnLoad (22ms)
			EditorAssembliesLoaded (0ms)
		ExecutionOrderSort2 (0ms)
		AwakeInstancesAfterBackupRestoration (9ms)
Launched and connected shader compiler UnityShaderCompiler.exe after 0.06 seconds
Refreshing native plugins compatible for Editor in 23.17 ms, found 3 plugins.
Preloading 0 native plugins for Editor in 0.00 ms.
Unloading 4255 Unused Serialized files (Serialized files now loaded: 0)
Unloading 72 unused Assets / (73.8 KB). Loaded Objects now: 4693.
Memory consumption went from 151.9 MB to 151.8 MB.
Total: 8.226600 ms (FindLiveObjects: 0.332500 ms CreateObjectMapping: 0.293000 ms MarkObjects: 7.446200 ms  DeleteObjects: 0.153400 ms)

AssetImportParameters requested are different than current active one (requested -> active):
  custom:container-demuxer-ogg: 62fdf1f143b41e24485cea50d1cbac27 -> 
  custom:video-decoder-ogg-theora: a1e56fd34408186e4bbccfd4996cb3dc -> 
  custom:framework-win-MediaFoundation: 216162199b28c13a410421893ffa2e32 -> 
  custom:CustomObjectIndexerAttribute: 9a22284fe3817be447336de3de66b15e -> 
  custom:container-demuxer-webm: 4f35f7cbe854078d1ac9338744f61a02 -> 
  custom:container-muxer-webm: aa71ff27fc2769a1b78a27578f13a17b -> 
  custom:video-decoder-webm-vp8: 9c59270c3fd7afecdb556c50c9e8de78 -> 
  custom:SearchIndexIgnoredProperties: e643bd26f0fe6173181afceb89e7c659 -> 
  custom:AudioImporter_EditorPlatform: d09bf68614088b80899f8185d706f6e7 -> 
  custom:video-encoder-webm-vp8: eb34c28f22e8b96e1ab97ce403110664 -> 
  custom:audio-decoder-ogg-vorbis: bf7c407c2cedff20999df2af8eb42d56 -> 
  custom:audio-encoder-webm-vorbis: bf7c407c2cedff20999df2af8eb42d56 -> 
========================================================================
Received Import Request.
  Time since last request: 630758.400042 seconds.
  path: Assets/PolygonSciFiWorlds/Models/SM_Prop_Hydroponic_Planter_01.fbx
  artifactKey: Guid(e326629bd7cc6a345b7b1d5560883f75) Importer(815301076,1909f56bfc062723c751e8b465ee728b)
Start importing Assets/PolygonSciFiWorlds/Models/SM_Prop_Hydroponic_Planter_01.fbx using Guid(e326629bd7cc6a345b7b1d5560883f75) Importer(815301076,1909f56bfc062723c751e8b465ee728b)  -> (artifact id: 'cef706e8488232c7cadcfc906a98da16') in 0.259615 seconds
Number of updated asset objects reloaded before import = 0
Number of asset objects unloaded after import = 7
========================================================================
Received Import Request.
  Time since last request: 0.000029 seconds.
  path: Assets/PolygonSciFiWorlds/Models/SM_Prop_Junk_Paper_04.fbx
  artifactKey: Guid(26acce4361b1fce48835fb582c6f1e5b) Importer(815301076,1909f56bfc062723c751e8b465ee728b)
Start importing Assets/PolygonSciFiWorlds/Models/SM_Prop_Junk_Paper_04.fbx using Guid(26acce4361b1fce48835fb582c6f1e5b) Importer(815301076,1909f56bfc062723c751e8b465ee728b)  -> (artifact id: 'eae7b3e11b7104efb3d1813905a06a5a') in 0.020765 seconds
Number of updated asset objects reloaded before import = 0
Number of asset objects unloaded after import = 7
========================================================================
Received Import Request.
  Time since last request: 0.000031 seconds.
  path: Assets/PolygonSciFiWorlds/Models/SM_Prop_Junky_Female_03.fbx
  artifactKey: Guid(4d27299e2b777db45b55a71642660a91) Importer(815301076,1909f56bfc062723c751e8b465ee728b)
Start importing Assets/PolygonSciFiWorlds/Models/SM_Prop_Junky_Female_03.fbx using Guid(4d27299e2b777db45b55a71642660a91) Importer(815301076,1909f56bfc062723c751e8b465ee728b)  -> (artifact id: '74033673617d646825acd91f4f57c293') in 0.141973 seconds
Number of updated asset objects reloaded before import = 0
Number of asset objects unloaded after import = 7
========================================================================
Received Import Request.
  Time since last request: 0.000026 seconds.
  path: Assets/PolygonSciFiWorlds/Models/SM_Prop_Junky_Male_02.fbx
  artifactKey: Guid(97fdc110e2f4fe44c855770448007795) Importer(815301076,1909f56bfc062723c751e8b465ee728b)
Start importing Assets/PolygonSciFiWorlds/Models/SM_Prop_Junky_Male_02.fbx using Guid(97fdc110e2f4fe44c855770448007795) Importer(815301076,1909f56bfc062723c751e8b465ee728b)  -> (artifact id: '56471e229b4bba2158bba5dc015b73eb') in 0.040539 seconds
Number of updated asset objects reloaded before import = 0
Number of asset objects unloaded after import = 7
========================================================================
Received Import Request.
  Time since last request: 0.000024 seconds.
  path: Assets/PolygonSciFiWorlds/Models/SM_Prop_Junky_Male_05.fbx
  artifactKey: Guid(a3a35b3a9543b5d42b1aaf6c0bd2c9a2) Importer(815301076,1909f56bfc062723c751e8b465ee728b)
Start importing Assets/PolygonSciFiWorlds/Models/SM_Prop_Junky_Male_05.fbx using Guid(a3a35b3a9543b5d42b1aaf6c0bd2c9a2) Importer(815301076,1909f56bfc062723c751e8b465ee728b)  -> (artifact id: 'a1dab1fb9823b36d41990c0176186d0b') in 0.160307 seconds
Number of updated asset objects reloaded before import = 0
Number of asset objects unloaded after import = 7
========================================================================
Received Import Request.
  Time since last request: 0.000054 seconds.
  path: Assets/PolygonSciFiWorlds/Models/SM_Prop_Monitor_02.fbx
  artifactKey: Guid(b8c23a7e55b13684981cab1097f96bc2) Importer(815301076,1909f56bfc062723c751e8b465ee728b)
Start importing Assets/PolygonSciFiWorlds/Models/SM_Prop_Monitor_02.fbx using Guid(b8c23a7e55b13684981cab1097f96bc2) Importer(815301076,1909f56bfc062723c751e8b465ee728b)  -> (artifact id: 'daeb04f27eeb0f552713ffebe62dfd1d') in 0.172005 seconds
Number of updated asset objects reloaded before import = 0
Number of asset objects unloaded after import = 32
========================================================================
Received Import Request.
  Time since last request: 0.000073 seconds.
  path: Assets/PolygonSciFiWorlds/Models/SM_Prop_Monitor_05.fbx
  artifactKey: Guid(fb87bc48a80627c4daa3b87f7d50a11a) Importer(815301076,1909f56bfc062723c751e8b465ee728b)
Start importing Assets/PolygonSciFiWorlds/Models/SM_Prop_Monitor_05.fbx using Guid(fb87bc48a80627c4daa3b87f7d50a11a) Importer(815301076,1909f56bfc062723c751e8b465ee728b)  -> (artifact id: 'a560f62af6b6bba4ff7961bc486b0502') in 0.079405 seconds
Number of updated asset objects reloaded before import = 0
Number of asset objects unloaded after import = 12
========================================================================
Received Import Request.
  Time since last request: 0.000045 seconds.
  path: Assets/PolygonSciFiWorlds/Models/SM_Prop_Monitor_06.fbx
  artifactKey: Guid(614d2f6d7f786a9459228cad08f96050) Importer(815301076,1909f56bfc062723c751e8b465ee728b)
Start importing Assets/PolygonSciFiWorlds/Models/SM_Prop_Monitor_06.fbx using Guid(614d2f6d7f786a9459228cad08f96050) Importer(815301076,1909f56bfc062723c751e8b465ee728b)  -> (artifact id: '92eb0d47f0576448a16d7ed0b5f0d978') in 0.110364 seconds
Number of updated asset objects reloaded before import = 0
Number of asset objects unloaded after import = 7
========================================================================
Received Import Request.
  Time since last request: 0.000047 seconds.
  path: Assets/PolygonSciFiWorlds/Models/SM_Prop_Monitor_09.fbx
  artifactKey: Guid(0de047586d10a7747a9562436cf90c4f) Importer(815301076,1909f56bfc062723c751e8b465ee728b)
Start importing Assets/PolygonSciFiWorlds/Models/SM_Prop_Monitor_09.fbx using Guid(0de047586d10a7747a9562436cf90c4f) Importer(815301076,1909f56bfc062723c751e8b465ee728b)  -> (artifact id: 'f8c8177b41d7e4039305b5dc687b2e75') in 0.095821 seconds
Number of updated asset objects reloaded before import = 0
Number of asset objects unloaded after import = 12
========================================================================
Received Import Request.
  Time since last request: 0.000033 seconds.
  path: Assets/PolygonSciFiWorlds/Models/SM_Prop_Monitor_10.fbx
  artifactKey: Guid(25a59e2b464ee5745b944c0766f9e33f) Importer(815301076,1909f56bfc062723c751e8b465ee728b)
Start importing Assets/PolygonSciFiWorlds/Models/SM_Prop_Monitor_10.fbx using Guid(25a59e2b464ee5745b944c0766f9e33f) Importer(815301076,1909f56bfc062723c751e8b465ee728b)  -> (artifact id: '8e7d5e6d57d8204c22627e1cd2facd12') in 0.365354 seconds
Number of updated asset objects reloaded before import = 0
Number of asset objects unloaded after import = 7
========================================================================
Received Import Request.
  Time since last request: 0.000072 seconds.
  path: Assets/PolygonSciFiWorlds/Models/SM_Prop_Monitor_14.fbx
  artifactKey: Guid(d95a96eaed40d6f4c827c69673a02a0c) Importer(815301076,1909f56bfc062723c751e8b465ee728b)
Start importing Assets/PolygonSciFiWorlds/Models/SM_Prop_Monitor_14.fbx using Guid(d95a96eaed40d6f4c827c69673a02a0c) Importer(815301076,1909f56bfc062723c751e8b465ee728b)  -> (artifact id: 'd1a87304d9f3a7b092755276c512f2df') in 0.058020 seconds
Number of updated asset objects reloaded before import = 0
Number of asset objects unloaded after import = 7
========================================================================
Received Import Request.
  Time since last request: 0.000046 seconds.
  path: Assets/PolygonSciFiWorlds/Models/SM_Prop_Monitor_12.fbx
  artifactKey: Guid(bb6c378ea16a7514385b20cfe1dcbc2e) Importer(815301076,1909f56bfc062723c751e8b465ee728b)
Start importing Assets/PolygonSciFiWorlds/Models/SM_Prop_Monitor_12.fbx using Guid(bb6c378ea16a7514385b20cfe1dcbc2e) Importer(815301076,1909f56bfc062723c751e8b465ee728b)  -> (artifact id: 'e961a0c7aef9092ac2b49bc32ed08725') in 0.060166 seconds
Number of updated asset objects reloaded before import = 0
Number of asset objects unloaded after import = 7
========================================================================
Received Import Request.
  Time since last request: 0.000044 seconds.
  path: Assets/PolygonSciFiWorlds/Models/SM_Prop_Monitor_04.fbx
  artifactKey: Guid(b0809b66646defe4f8dd058c3efe6662) Importer(815301076,1909f56bfc062723c751e8b465ee728b)
Start importing Assets/PolygonSciFiWorlds/Models/SM_Prop_Monitor_04.fbx using Guid(b0809b66646defe4f8dd058c3efe6662) Importer(815301076,1909f56bfc062723c751e8b465ee728b)  -> (artifact id: '87cb54860bb3ad321583bc1f40e66a1a') in 0.091567 seconds
Number of updated asset objects reloaded before import = 0
Number of asset objects unloaded after import = 27
========================================================================
Received Import Request.
  Time since last request: 0.221034 seconds.
  path: Assets/PolygonSciFiWorlds/Models/SM_Prop_Poster_01.fbx
  artifactKey: Guid(bf7e1d5133b525b46ac4af5303b912a6) Importer(815301076,1909f56bfc062723c751e8b465ee728b)
Start importing Assets/PolygonSciFiWorlds/Models/SM_Prop_Poster_01.fbx using Guid(bf7e1d5133b525b46ac4af5303b912a6) Importer(815301076,1909f56bfc062723c751e8b465ee728b)  -> (artifact id: '73f10b7a74f9f1069688b79a285a73d0') in 0.125092 seconds
Number of updated asset objects reloaded before import = 0
Number of asset objects unloaded after import = 7
========================================================================
Received Import Request.
  Time since last request: 0.151577 seconds.
  path: Assets/PolygonSciFiWorlds/Models/SM_Prop_Poster_07.fbx
  artifactKey: Guid(4408ef52fe4d88340b41235b195bd375) Importer(815301076,1909f56bfc062723c751e8b465ee728b)
Start importing Assets/PolygonSciFiWorlds/Models/SM_Prop_Poster_07.fbx using Guid(4408ef52fe4d88340b41235b195bd375) Importer(815301076,1909f56bfc062723c751e8b465ee728b)  -> (artifact id: '778b50d18e3b5e037a2f97385b437a15') in 0.017446 seconds
Number of updated asset objects reloaded before import = 0
Number of asset objects unloaded after import = 7
========================================================================
Received Import Request.
  Time since last request: 0.430891 seconds.
  path: Assets/PolygonSciFiWorlds/Models/SM_Prop_PowerCellCharger_01.fbx
  artifactKey: Guid(92bdc60b702b70946a05befc691985a7) Importer(815301076,1909f56bfc062723c751e8b465ee728b)
Start importing Assets/PolygonSciFiWorlds/Models/SM_Prop_PowerCellCharger_01.fbx using Guid(92bdc60b702b70946a05befc691985a7) Importer(815301076,1909f56bfc062723c751e8b465ee728b)  -> (artifact id: 'd2f5466d2630ef8ddd7dfa988219a435') in 0.056789 seconds
Number of updated asset objects reloaded before import = 0
Number of asset objects unloaded after import = 7
========================================================================
Received Import Request.
  Time since last request: 0.015721 seconds.
  path: Assets/PolygonSciFiWorlds/Models/SM_Prop_PowerCellCharger_04.fbx
  artifactKey: Guid(ae3e7aebe7b1a1843a3f39a1eb6e0c0b) Importer(815301076,1909f56bfc062723c751e8b465ee728b)
Start importing Assets/PolygonSciFiWorlds/Models/SM_Prop_PowerCellCharger_04.fbx using Guid(ae3e7aebe7b1a1843a3f39a1eb6e0c0b) Importer(815301076,1909f56bfc062723c751e8b465ee728b)  -> (artifact id: '18df8cae6f5d48de8d2c094a022ffa37') in 0.028377 seconds
Number of updated asset objects reloaded before import = 0
Number of asset objects unloaded after import = 7
========================================================================
Received Import Request.
  Time since last request: 0.179911 seconds.
  path: Assets/PolygonSciFiWorlds/Models/SM_Prop_PowerGenerator_03.fbx
  artifactKey: Guid(e239a49a5ba1e0143a2f77754e4d1071) Importer(815301076,1909f56bfc062723c751e8b465ee728b)
Start importing Assets/PolygonSciFiWorlds/Models/SM_Prop_PowerGenerator_03.fbx using Guid(e239a49a5ba1e0143a2f77754e4d1071) Importer(815301076,1909f56bfc062723c751e8b465ee728b)  -> (artifact id: 'b453bae7fe6c7a2bbe1ed8efe3598ed1') in 0.261853 seconds
Number of updated asset objects reloaded before import = 0
Number of asset objects unloaded after import = 12
========================================================================
Received Import Request.
  Time since last request: 0.000054 seconds.
  path: Assets/PolygonSciFiWorlds/Models/SM_Prop_Satellite_04.fbx
  artifactKey: Guid(2024c07f625de5a44b525ba9f6d8ebc9) Importer(815301076,1909f56bfc062723c751e8b465ee728b)
Start importing Assets/PolygonSciFiWorlds/Models/SM_Prop_Satellite_04.fbx using Guid(2024c07f625de5a44b525ba9f6d8ebc9) Importer(815301076,1909f56bfc062723c751e8b465ee728b)  -> (artifact id: 'c5a6ca5c66fe519955afa6f061855164') in 0.098579 seconds
Number of updated asset objects reloaded before import = 0
Number of asset objects unloaded after import = 22
========================================================================
Received Import Request.
  Time since last request: 0.000037 seconds.
  path: Assets/PolygonSciFiWorlds/Models/SM_Prop_Satellite_03.fbx
  artifactKey: Guid(1a712eff9c369ec46a8695474051c28a) Importer(815301076,1909f56bfc062723c751e8b465ee728b)
Start importing Assets/PolygonSciFiWorlds/Models/SM_Prop_Satellite_03.fbx using Guid(1a712eff9c369ec46a8695474051c28a) Importer(815301076,1909f56bfc062723c751e8b465ee728b)  -> (artifact id: 'fe3190a86bd203042b4f4df622d92c43') in 0.469880 seconds
Number of updated asset objects reloaded before import = 0
Number of asset objects unloaded after import = 17
========================================================================
Received Import Request.
  Time since last request: 0.000058 seconds.
  path: Assets/PolygonSciFiWorlds/Models/SM_Prop_Scanner_01.fbx
  artifactKey: Guid(6231d16f1442cd64597f7f0eaf5e31f8) Importer(815301076,1909f56bfc062723c751e8b465ee728b)
Start importing Assets/PolygonSciFiWorlds/Models/SM_Prop_Scanner_01.fbx using Guid(6231d16f1442cd64597f7f0eaf5e31f8) Importer(815301076,1909f56bfc062723c751e8b465ee728b)  -> (artifact id: '9460776cd5080ed84fd11ef171c40f6d') in 0.049131 seconds
Number of updated asset objects reloaded before import = 0
Number of asset objects unloaded after import = 7
========================================================================
Received Import Request.
  Time since last request: 0.000043 seconds.
  path: Assets/PolygonSciFiWorlds/Models/SM_Prop_Scav_Barrel_01.fbx
  artifactKey: Guid(8d64d3cc136bde342beb469751a22aad) Importer(815301076,1909f56bfc062723c751e8b465ee728b)
Start importing Assets/PolygonSciFiWorlds/Models/SM_Prop_Scav_Barrel_01.fbx using Guid(8d64d3cc136bde342beb469751a22aad) Importer(815301076,1909f56bfc062723c751e8b465ee728b)  -> (artifact id: 'c8294b2bb46ab8aaaed1da2178dc8d12') in 0.027015 seconds
Number of updated asset objects reloaded before import = 0
Number of asset objects unloaded after import = 7
========================================================================
Received Import Request.
  Time since last request: 0.344021 seconds.
  path: Assets/PolygonSciFiWorlds/Models/SM_Prop_Scav_Scrap_03.fbx
  artifactKey: Guid(e66cb3735a8e47944b562b157cec448d) Importer(815301076,1909f56bfc062723c751e8b465ee728b)
Start importing Assets/PolygonSciFiWorlds/Models/SM_Prop_Scav_Scrap_03.fbx using Guid(e66cb3735a8e47944b562b157cec448d) Importer(815301076,1909f56bfc062723c751e8b465ee728b)  -> (artifact id: '3d85a04ec0a09657c47b4f9e90e1488c') in 0.085976 seconds
Number of updated asset objects reloaded before import = 0
Number of asset objects unloaded after import = 7
========================================================================
Received Import Request.
  Time since last request: 0.493876 seconds.
  path: Assets/PolygonSciFiWorlds/Models/SM_Prop_Scav_Scrap_07.fbx
  artifactKey: Guid(9965345f37789c64da65ff99e2f4241b) Importer(815301076,1909f56bfc062723c751e8b465ee728b)
Start importing Assets/PolygonSciFiWorlds/Models/SM_Prop_Scav_Scrap_07.fbx using Guid(9965345f37789c64da65ff99e2f4241b) Importer(815301076,1909f56bfc062723c751e8b465ee728b)  -> (artifact id: 'a182ae376f326894b8cb156f7aa46448') in 0.300757 seconds
Number of updated asset objects reloaded before import = 0
Number of asset objects unloaded after import = 7
========================================================================
Received Import Request.
  Time since last request: 0.159122 seconds.
  path: Assets/PolygonSciFiWorlds/Models/SM_Prop_Scav_Scrap_12.fbx
  artifactKey: Guid(6d6ae803c585d434ea4cf2b2e64b4489) Importer(815301076,1909f56bfc062723c751e8b465ee728b)
Start importing Assets/PolygonSciFiWorlds/Models/SM_Prop_Scav_Scrap_12.fbx using Guid(6d6ae803c585d434ea4cf2b2e64b4489) Importer(815301076,1909f56bfc062723c751e8b465ee728b)  -> (artifact id: '2dc51a118758dbc9fea5786b2e5aac75') in 0.020019 seconds
Number of updated asset objects reloaded before import = 0
Number of asset objects unloaded after import = 7
Editor requested this worker to shutdown with reason: Scaling down because of idle timeout
TcpMessagingSession - receive error: operation aborted. errorcode: 995, details: The I/O operation has been aborted because of either a thread exit or an application request.
AssetImportWorker is now disconnected from the server
Process exiting
Exiting without the bug reporter. Application will terminate with return code 0