Using pre-set license
Built from '2022.3/staging' branch; Version is '2022.3.21f1 (bf09ca542b87) revision 12519882'; Using compiler version '192829333'; Build Type 'Release'
OS: 'Windows 11  (10.0.22631) 64bit Core' Language: 'en' Physical Memory: 16190 MB
BatchMode: 1, IsHumanControllingUs: 0, StartBugReporterOnCrash: 0, Is64bit: 1, IsPro: 1

COMMAND LINE ARGUMENTS:
C:\Program Files\Unity\Hub\Editor\2022.3.21f1\Editor\Unity.exe
-adb2
-batchMode
-noUpm
-name
AssetImportWorker4
-projectPath
C:/Users/KALAN/Desktop/GameDev Project/GameDev-Project/GameDevProject
-logFile
Logs/AssetImportWorker4.log
-srvPort
55200
Successfully changed project path to: C:/Users/KALAN/Desktop/GameDev Project/GameDev-Project/GameDevProject
C:/Users/KALAN/Desktop/GameDev Project/GameDev-Project/GameDevProject
[UnityMemory] Configuration Parameters - Can be set up in boot.config
    "memorysetup-bucket-allocator-granularity=16"
    "memorysetup-bucket-allocator-bucket-count=8"
    "memorysetup-bucket-allocator-block-size=33554432"
    "memorysetup-bucket-allocator-block-count=8"
    "memorysetup-main-allocator-block-size=16777216"
    "memorysetup-thread-allocator-block-size=16777216"
    "memorysetup-gfx-main-allocator-block-size=16777216"
    "memorysetup-gfx-thread-allocator-block-size=16777216"
    "memorysetup-cache-allocator-block-size=4194304"
    "memorysetup-typetree-allocator-block-size=2097152"
    "memorysetup-profiler-bucket-allocator-granularity=16"
    "memorysetup-profiler-bucket-allocator-bucket-count=8"
    "memorysetup-profiler-bucket-allocator-block-size=33554432"
    "memorysetup-profiler-bucket-allocator-block-count=8"
    "memorysetup-profiler-allocator-block-size=16777216"
    "memorysetup-profiler-editor-allocator-block-size=1048576"
    "memorysetup-temp-allocator-size-main=16777216"
    "memorysetup-job-temp-allocator-block-size=2097152"
    "memorysetup-job-temp-allocator-block-size-background=1048576"
    "memorysetup-job-temp-allocator-reduction-small-platforms=262144"
    "memorysetup-allocator-temp-initial-block-size-main=262144"
    "memorysetup-allocator-temp-initial-block-size-worker=262144"
    "memorysetup-temp-allocator-size-background-worker=32768"
    "memorysetup-temp-allocator-size-job-worker=262144"
    "memorysetup-temp-allocator-size-preload-manager=33554432"
    "memorysetup-temp-allocator-size-nav-mesh-worker=65536"
    "memorysetup-temp-allocator-size-audio-worker=65536"
    "memorysetup-temp-allocator-size-cloud-worker=32768"
    "memorysetup-temp-allocator-size-gi-baking-worker=262144"
    "memorysetup-temp-allocator-size-gfx=262144"
Player connection [16464] Host "[IP] 100.64.4.203 [Port] 0 [Flags] 2 [Guid] 1577770228 [EditorId] 1577770228 [Version] 1048832 [Id] WindowsEditor(7,DESKTOP-VNOATM0) [Debug] 1 [PackageName] WindowsEditor [ProjectName] Editor" joined multi-casting on [225.0.0.222:54997]...

Player connection [16464] Host "[IP] 100.64.4.203 [Port] 0 [Flags] 2 [Guid] 1577770228 [EditorId] 1577770228 [Version] 1048832 [Id] WindowsEditor(7,DESKTOP-VNOATM0) [Debug] 1 [PackageName] WindowsEditor [ProjectName] Editor" joined alternative multi-casting on [225.0.0.222:34997]...

[Physics::Module] Initialized MultithreadedJobDispatcher with 11 workers.
Refreshing native plugins compatible for Editor in 41.28 ms, found 3 plugins.
Preloading 0 native plugins for Editor in 0.00 ms.
Initialize engine version: 2022.3.21f1 (bf09ca542b87)
[Subsystems] Discovering subsystems at path C:/Program Files/Unity/Hub/Editor/2022.3.21f1/Editor/Data/Resources/UnitySubsystems
[Subsystems] Discovering subsystems at path C:/Users/KALAN/Desktop/GameDev Project/GameDev-Project/GameDevProject/Assets
GfxDevice: creating device client; threaded=0; jobified=0
Direct3D:
    Version:  Direct3D 11.0 [level 11.1]
    Renderer: NVIDIA GeForce GTX 1050 Ti (ID=0x1c82)
    Vendor:   NVIDIA
    VRAM:     4017 MB
    Driver:   31.0.15.3118
Initialize mono
Mono path[0] = 'C:/Program Files/Unity/Hub/Editor/2022.3.21f1/Editor/Data/Managed'
Mono path[1] = 'C:/Program Files/Unity/Hub/Editor/2022.3.21f1/Editor/Data/MonoBleedingEdge/lib/mono/unityjit-win32'
Mono config path = 'C:/Program Files/Unity/Hub/Editor/2022.3.21f1/Editor/Data/MonoBleedingEdge/etc'
Using monoOptions --debugger-agent=transport=dt_socket,embedding=1,server=y,suspend=n,address=127.0.0.1:56592
Begin MonoManager ReloadAssembly
Registering precompiled unity dll's ...
Register platform support module: C:/Program Files/Unity/Hub/Editor/2022.3.21f1/Editor/Data/PlaybackEngines/WindowsStandaloneSupport/UnityEditor.WindowsStandalone.Extensions.dll
Registered in 0.019468 seconds.
- Loaded All Assemblies, in  0.517 seconds
Native extension for WindowsStandalone target not found
Mono: successfully reloaded assembly
- Finished resetting the current domain, in  0.397 seconds
Domain Reload Profiling: 908ms
	BeginReloadAssembly (151ms)
		ExecutionOrderSort (0ms)
		DisableScriptedObjects (0ms)
		BackupInstance (0ms)
		ReleaseScriptingObjects (0ms)
		CreateAndSetChildDomain (1ms)
	RebuildCommonClasses (44ms)
	RebuildNativeTypeToScriptingClass (13ms)
	initialDomainReloadingComplete (101ms)
	LoadAllAssembliesAndSetupDomain (201ms)
		LoadAssemblies (146ms)
		RebuildTransferFunctionScriptingTraits (0ms)
		AnalyzeDomain (199ms)
			TypeCache.Refresh (197ms)
				TypeCache.ScanAssembly (177ms)
			ScanForSourceGeneratedMonoScriptInfo (0ms)
			ResolveRequiredComponents (1ms)
	FinalizeReload (397ms)
		ReleaseScriptCaches (0ms)
		RebuildScriptCaches (0ms)
		SetupLoadedEditorAssemblies (312ms)
			LogAssemblyErrors (0ms)
			InitializePlatformSupportModulesInManaged (20ms)
			SetLoadedEditorAssemblies (12ms)
			RefreshPlugins (0ms)
			BeforeProcessingInitializeOnLoad (3ms)
			ProcessInitializeOnLoadAttributes (213ms)
			ProcessInitializeOnLoadMethodAttributes (64ms)
			AfterProcessingInitializeOnLoad (0ms)
			EditorAssembliesLoaded (0ms)
		ExecutionOrderSort2 (0ms)
		AwakeInstancesAfterBackupRestoration (0ms)
========================================================================
Worker process is ready to serve import requests
Begin MonoManager ReloadAssembly
Symbol file LoadedFromMemory is not a mono symbol file
- Loaded All Assemblies, in  1.381 seconds
Refreshing native plugins compatible for Editor in 26.05 ms, found 3 plugins.
Native extension for WindowsStandalone target not found
Package Manager log level set to [2]
[Package Manager] Server::EnsureServerProcessIsRunning -- launch failed, reason: Unity was launched with the -noUpm command-line argument
[Package Manager] UpmClient::Send -- Unable to send message (not connected to UPM process).
[Package Manager] Cannot connect to Unity Package Manager local server
Mono: successfully reloaded assembly
- Finished resetting the current domain, in  1.150 seconds
Domain Reload Profiling: 2514ms
	BeginReloadAssembly (268ms)
		ExecutionOrderSort (0ms)
		DisableScriptedObjects (8ms)
		BackupInstance (0ms)
		ReleaseScriptingObjects (0ms)
		CreateAndSetChildDomain (30ms)
	RebuildCommonClasses (62ms)
	RebuildNativeTypeToScriptingClass (20ms)
	initialDomainReloadingComplete (91ms)
	LoadAllAssembliesAndSetupDomain (923ms)
		LoadAssemblies (746ms)
		RebuildTransferFunctionScriptingTraits (0ms)
		AnalyzeDomain (347ms)
			TypeCache.Refresh (302ms)
				TypeCache.ScanAssembly (273ms)
			ScanForSourceGeneratedMonoScriptInfo (37ms)
			ResolveRequiredComponents (7ms)
	FinalizeReload (1150ms)
		ReleaseScriptCaches (0ms)
		RebuildScriptCaches (0ms)
		SetupLoadedEditorAssemblies (902ms)
			LogAssemblyErrors (0ms)
			InitializePlatformSupportModulesInManaged (13ms)
			SetLoadedEditorAssemblies (5ms)
			RefreshPlugins (0ms)
			BeforeProcessingInitializeOnLoad (138ms)
			ProcessInitializeOnLoadAttributes (485ms)
			ProcessInitializeOnLoadMethodAttributes (237ms)
			AfterProcessingInitializeOnLoad (24ms)
			EditorAssembliesLoaded (0ms)
		ExecutionOrderSort2 (0ms)
		AwakeInstancesAfterBackupRestoration (10ms)
Launched and connected shader compiler UnityShaderCompiler.exe after 0.06 seconds
Refreshing native plugins compatible for Editor in 24.29 ms, found 3 plugins.
Preloading 0 native plugins for Editor in 0.00 ms.
Unloading 4253 Unused Serialized files (Serialized files now loaded: 0)
Unloading 72 unused Assets / (73.9 KB). Loaded Objects now: 4690.
Memory consumption went from 151.8 MB to 151.7 MB.
Total: 9.419500 ms (FindLiveObjects: 0.363800 ms CreateObjectMapping: 0.370600 ms MarkObjects: 8.514800 ms  DeleteObjects: 0.169100 ms)

AssetImportParameters requested are different than current active one (requested -> active):
  custom:container-demuxer-ogg: 62fdf1f143b41e24485cea50d1cbac27 -> 
  custom:video-decoder-ogg-theora: a1e56fd34408186e4bbccfd4996cb3dc -> 
  custom:framework-win-MediaFoundation: 216162199b28c13a410421893ffa2e32 -> 
  custom:CustomObjectIndexerAttribute: 9a22284fe3817be447336de3de66b15e -> 
  custom:container-demuxer-webm: 4f35f7cbe854078d1ac9338744f61a02 -> 
  custom:container-muxer-webm: aa71ff27fc2769a1b78a27578f13a17b -> 
  custom:video-decoder-webm-vp8: 9c59270c3fd7afecdb556c50c9e8de78 -> 
  custom:SearchIndexIgnoredProperties: e643bd26f0fe6173181afceb89e7c659 -> 
  custom:AudioImporter_EditorPlatform: d09bf68614088b80899f8185d706f6e7 -> 
  custom:video-encoder-webm-vp8: eb34c28f22e8b96e1ab97ce403110664 -> 
  custom:audio-decoder-ogg-vorbis: bf7c407c2cedff20999df2af8eb42d56 -> 
  custom:audio-encoder-webm-vorbis: bf7c407c2cedff20999df2af8eb42d56 -> 
========================================================================
Received Import Request.
  Time since last request: 512419.873989 seconds.
  path: Assets/PolygonSciFiWorlds/Materials/Environment
  artifactKey: Guid(b625382e0b392724ba1886f7946a703f) Importer(815301076,1909f56bfc062723c751e8b465ee728b)
Start importing Assets/PolygonSciFiWorlds/Materials/Environment using Guid(b625382e0b392724ba1886f7946a703f) Importer(815301076,1909f56bfc062723c751e8b465ee728b)  -> (artifact id: '635dda59a08d5c8129fb96203add05c4') in 0.013143 seconds
Number of updated asset objects reloaded before import = 0
Number of asset objects unloaded after import = 0
========================================================================
Received Import Request.
  Time since last request: 0.254374 seconds.
  path: Assets/PolygonSciFiWorlds/Materials/Environment/PolygonSciFiWorlds_Env_Triplanar_Core.mat
  artifactKey: Guid(4a2fd566f76ec424f913b3a2f26c4574) Importer(815301076,1909f56bfc062723c751e8b465ee728b)
Start importing Assets/PolygonSciFiWorlds/Materials/Environment/PolygonSciFiWorlds_Env_Triplanar_Core.mat using Guid(4a2fd566f76ec424f913b3a2f26c4574) Importer(815301076,1909f56bfc062723c751e8b465ee728b)  -> (artifact id: '65caa955d5707ba5071c6b5def6d07ad') in 0.802161 seconds
Number of updated asset objects reloaded before import = 0
Number of asset objects unloaded after import = 14
========================================================================
Received Import Request.
  Time since last request: 0.000049 seconds.
  path: Assets/PolygonSciFiWorlds/Materials/Environment/PolygonScifiWorlds_Mat_01_A_Triplanar.mat
  artifactKey: Guid(d845ae4240a986844a1852788fcbe36d) Importer(815301076,1909f56bfc062723c751e8b465ee728b)
Start importing Assets/PolygonSciFiWorlds/Materials/Environment/PolygonScifiWorlds_Mat_01_A_Triplanar.mat using Guid(d845ae4240a986844a1852788fcbe36d) Importer(815301076,1909f56bfc062723c751e8b465ee728b)  -> (artifact id: 'f4d99083db44be9ca6ac452a8ddafbe1') in 0.450091 seconds
Number of updated asset objects reloaded before import = 0
Number of asset objects unloaded after import = 5
========================================================================
Received Import Request.
  Time since last request: 1.280340 seconds.
  path: Assets/PolygonSciFiWorlds/Materials/Alts/Colour_Customizer.mat
  artifactKey: Guid(54eaa7625c37ea34896335aa4de81ac1) Importer(815301076,1909f56bfc062723c751e8b465ee728b)
Start importing Assets/PolygonSciFiWorlds/Materials/Alts/Colour_Customizer.mat using Guid(54eaa7625c37ea34896335aa4de81ac1) Importer(815301076,1909f56bfc062723c751e8b465ee728b)  -> (artifact id: 'fc7cae8b12266f1075e84971afb9b979') in 0.360010 seconds
Number of updated asset objects reloaded before import = 0
Number of asset objects unloaded after import = 9
========================================================================
Received Import Request.
  Time since last request: 0.000027 seconds.
  path: Assets/PolygonSciFiWorlds/Materials/Alts/PolygonScifiWorlds_Mat_02_B.mat
  artifactKey: Guid(b311b8b638d593e4d92b855c0ef22cd8) Importer(815301076,1909f56bfc062723c751e8b465ee728b)
Start importing Assets/PolygonSciFiWorlds/Materials/Alts/PolygonScifiWorlds_Mat_02_B.mat using Guid(b311b8b638d593e4d92b855c0ef22cd8) Importer(815301076,1909f56bfc062723c751e8b465ee728b)  -> (artifact id: 'b1dbacf508523477e6338d4183017cf2') in 0.371406 seconds
Number of updated asset objects reloaded before import = 0
Number of asset objects unloaded after import = 4
========================================================================
Received Import Request.
  Time since last request: 0.000036 seconds.
  path: Assets/PolygonSciFiWorlds/Materials/Alts/PolygonScifiWorlds_Mat_02_C.mat
  artifactKey: Guid(ae8c0f18401bbe84daf2809546dd2157) Importer(815301076,1909f56bfc062723c751e8b465ee728b)
Start importing Assets/PolygonSciFiWorlds/Materials/Alts/PolygonScifiWorlds_Mat_02_C.mat using Guid(ae8c0f18401bbe84daf2809546dd2157) Importer(815301076,1909f56bfc062723c751e8b465ee728b)  -> (artifact id: 'ebcd01c5ea14ae30e0c41b28d9991756') in 0.065132 seconds
Number of updated asset objects reloaded before import = 0
Number of asset objects unloaded after import = 4
========================================================================
Received Import Request.
  Time since last request: 0.000026 seconds.
  path: Assets/PolygonSciFiWorlds/Materials/Alts/PolygonScifiWorlds_Mat_04_B.mat
  artifactKey: Guid(790eff77ed84cfd49bc3ba124a1e6b6d) Importer(815301076,1909f56bfc062723c751e8b465ee728b)
Start importing Assets/PolygonSciFiWorlds/Materials/Alts/PolygonScifiWorlds_Mat_04_B.mat using Guid(790eff77ed84cfd49bc3ba124a1e6b6d) Importer(815301076,1909f56bfc062723c751e8b465ee728b)  -> (artifact id: 'b1e8bc6bf87f53363808d616a6453cf0') in 0.067248 seconds
Number of updated asset objects reloaded before import = 0
Number of asset objects unloaded after import = 4
========================================================================
Received Import Request.
  Time since last request: 0.000037 seconds.
  path: Assets/PolygonSciFiWorlds/Materials/Alts/PolygonScifiWorlds_Mat_01_B.mat
  artifactKey: Guid(862830cfc4d703c48a1b76279f7d7cb5) Importer(815301076,1909f56bfc062723c751e8b465ee728b)
Start importing Assets/PolygonSciFiWorlds/Materials/Alts/PolygonScifiWorlds_Mat_01_B.mat using Guid(862830cfc4d703c48a1b76279f7d7cb5) Importer(815301076,1909f56bfc062723c751e8b465ee728b)  -> (artifact id: '256b995d961accc02346c82bd30fc9ec') in 0.064885 seconds
Number of updated asset objects reloaded before import = 0
Number of asset objects unloaded after import = 4
========================================================================
Received Import Request.
  Time since last request: 0.099719 seconds.
  path: Assets/PolygonSciFiWorlds/Materials/FX/Beam.mat
  artifactKey: Guid(639ba09dbd54ea44c9155c110ff85e70) Importer(815301076,1909f56bfc062723c751e8b465ee728b)
Start importing Assets/PolygonSciFiWorlds/Materials/FX/Beam.mat using Guid(639ba09dbd54ea44c9155c110ff85e70) Importer(815301076,1909f56bfc062723c751e8b465ee728b)  -> (artifact id: '924542dc2daf82b31735e9aee36ff4b2') in 0.017212 seconds
Number of updated asset objects reloaded before import = 0
Number of asset objects unloaded after import = 1
========================================================================
Received Import Request.
  Time since last request: 0.000022 seconds.
  path: Assets/PolygonSciFiWorlds/Materials/FX/FX_Additive_Bright.mat
  artifactKey: Guid(a087149ebbb2cdd459821aa3cc458a64) Importer(815301076,1909f56bfc062723c751e8b465ee728b)
Start importing Assets/PolygonSciFiWorlds/Materials/FX/FX_Additive_Bright.mat using Guid(a087149ebbb2cdd459821aa3cc458a64) Importer(815301076,1909f56bfc062723c751e8b465ee728b)  -> (artifact id: 'ff5efc5b007c452b2e0eae37ddce0393') in 0.059558 seconds
Number of updated asset objects reloaded before import = 0
Number of asset objects unloaded after import = 1
========================================================================
Received Import Request.
  Time since last request: 0.000025 seconds.
  path: Assets/PolygonSciFiWorlds/Materials/FX/FX_Dark.mat
  artifactKey: Guid(e7840cf13af848444978f16795ce1eb0) Importer(815301076,1909f56bfc062723c751e8b465ee728b)
Start importing Assets/PolygonSciFiWorlds/Materials/FX/FX_Dark.mat using Guid(e7840cf13af848444978f16795ce1eb0) Importer(815301076,1909f56bfc062723c751e8b465ee728b)  -> (artifact id: '7134c6071c9c10c9b546d4c8a8ce5a0e') in 0.059410 seconds
Number of updated asset objects reloaded before import = 0
Number of asset objects unloaded after import = 1
========================================================================
Received Import Request.
  Time since last request: 0.000032 seconds.
  path: Assets/PolygonSciFiWorlds/Materials/FX/FX_Addivitve.mat
  artifactKey: Guid(49fa84335db088c4dafac40a4d0743db) Importer(815301076,1909f56bfc062723c751e8b465ee728b)
Start importing Assets/PolygonSciFiWorlds/Materials/FX/FX_Addivitve.mat using Guid(49fa84335db088c4dafac40a4d0743db) Importer(815301076,1909f56bfc062723c751e8b465ee728b)  -> (artifact id: '896963c03f08ca86d24bd0b1fdb04822') in 0.043780 seconds
Number of updated asset objects reloaded before import = 0
Number of asset objects unloaded after import = 1
========================================================================
Received Import Request.
  Time since last request: 0.000049 seconds.
  path: Assets/PolygonSciFiWorlds/Materials/FX/FX_Empty.mat
  artifactKey: Guid(4a510922e9567b74dab4331253bde1e4) Importer(815301076,1909f56bfc062723c751e8b465ee728b)
Start importing Assets/PolygonSciFiWorlds/Materials/FX/FX_Empty.mat using Guid(4a510922e9567b74dab4331253bde1e4) Importer(815301076,1909f56bfc062723c751e8b465ee728b)  -> (artifact id: '220fa86cd00489d9378ddce33316068a') in 0.017300 seconds
Number of updated asset objects reloaded before import = 0
Number of asset objects unloaded after import = 1
========================================================================
Received Import Request.
  Time since last request: 0.000023 seconds.
  path: Assets/PolygonSciFiWorlds/Materials/FX/FX_Circle.mat
  artifactKey: Guid(d2b99b1f66c175e49957d6cb494d9898) Importer(815301076,1909f56bfc062723c751e8b465ee728b)
Start importing Assets/PolygonSciFiWorlds/Materials/FX/FX_Circle.mat using Guid(d2b99b1f66c175e49957d6cb494d9898) Importer(815301076,1909f56bfc062723c751e8b465ee728b)  -> (artifact id: '21570f04de8249df2e58254bc123174b') in 0.023580 seconds
Number of updated asset objects reloaded before import = 0
Number of asset objects unloaded after import = 2
========================================================================
Received Import Request.
  Time since last request: 0.000025 seconds.
  path: Assets/PolygonSciFiWorlds/Materials/FX/Scrap_Transparent_Mat.mat
  artifactKey: Guid(e427e5a8a82bbe44f991b3ff2276a143) Importer(815301076,1909f56bfc062723c751e8b465ee728b)
Start importing Assets/PolygonSciFiWorlds/Materials/FX/Scrap_Transparent_Mat.mat using Guid(e427e5a8a82bbe44f991b3ff2276a143) Importer(815301076,1909f56bfc062723c751e8b465ee728b)  -> (artifact id: '055b47663332e634de107e9756d2f6f9') in 0.371772 seconds
Number of updated asset objects reloaded before import = 0
Number of asset objects unloaded after import = 2
========================================================================
Received Import Request.
  Time since last request: 0.000033 seconds.
  path: Assets/PolygonSciFiWorlds/Materials/FX/Portal_Reflective.mat
  artifactKey: Guid(10faaae72df430640b002d33357cc73d) Importer(815301076,1909f56bfc062723c751e8b465ee728b)
Start importing Assets/PolygonSciFiWorlds/Materials/FX/Portal_Reflective.mat using Guid(10faaae72df430640b002d33357cc73d) Importer(815301076,1909f56bfc062723c751e8b465ee728b)  -> (artifact id: 'ac2c11fb62724c1bd5d855a48702d246') in 0.021235 seconds
Number of updated asset objects reloaded before import = 0
Number of asset objects unloaded after import = 1
========================================================================
Received Import Request.
  Time since last request: 0.000052 seconds.
  path: Assets/PolygonSciFiWorlds/Materials/FX/FX_Green_Glow.mat
  artifactKey: Guid(aa560d30595c0374d8d827a65e258898) Importer(815301076,1909f56bfc062723c751e8b465ee728b)
Start importing Assets/PolygonSciFiWorlds/Materials/FX/FX_Green_Glow.mat using Guid(aa560d30595c0374d8d827a65e258898) Importer(815301076,1909f56bfc062723c751e8b465ee728b)  -> (artifact id: 'e7cd4d5a597ce8645365401d18405518') in 0.017783 seconds
Number of updated asset objects reloaded before import = 0
Number of asset objects unloaded after import = 1
========================================================================
Received Import Request.
  Time since last request: 25.610438 seconds.
  path: Assets/PolygonSciFiWorlds/Textures/Emissive
  artifactKey: Guid(d2be98b27fdffa74c8ca2a0761641926) Importer(815301076,1909f56bfc062723c751e8b465ee728b)
Start importing Assets/PolygonSciFiWorlds/Textures/Emissive using Guid(d2be98b27fdffa74c8ca2a0761641926) Importer(815301076,1909f56bfc062723c751e8b465ee728b)  -> (artifact id: '89a64aee302cded908ad96d7d7435837') in 0.001851 seconds
Number of updated asset objects reloaded before import = 0
Number of asset objects unloaded after import = 0
========================================================================
Received Import Request.
  Time since last request: 0.755496 seconds.
  path: Assets/PolygonSciFiWorlds/Textures/Emissive/Materials
  artifactKey: Guid(80690874023ebe848a9c98296cc563ef) Importer(815301076,1909f56bfc062723c751e8b465ee728b)
Start importing Assets/PolygonSciFiWorlds/Textures/Emissive/Materials using Guid(80690874023ebe848a9c98296cc563ef) Importer(815301076,1909f56bfc062723c751e8b465ee728b)  -> (artifact id: 'd965b525262176a3dfc012ca5daf221a') in 0.000657 seconds
Number of updated asset objects reloaded before import = 0
Number of asset objects unloaded after import = 0
========================================================================
Received Import Request.
  Time since last request: 0.094720 seconds.
  path: Assets/PolygonSciFiWorlds/Textures/Emissive/Materials/Emissive_01.mat
  artifactKey: Guid(8a8e5be469e3f6844a27a9fcda7946d6) Importer(815301076,1909f56bfc062723c751e8b465ee728b)
Start importing Assets/PolygonSciFiWorlds/Textures/Emissive/Materials/Emissive_01.mat using Guid(8a8e5be469e3f6844a27a9fcda7946d6) Importer(815301076,1909f56bfc062723c751e8b465ee728b)  -> (artifact id: '907b266a736f35677609a88ea877539f') in 0.049752 seconds
Number of updated asset objects reloaded before import = 0
Number of asset objects unloaded after import = 2
========================================================================
Received Import Request.
  Time since last request: 1061.066043 seconds.
  path: Assets/PolygonSciFiWorlds/Prefabs/FX/FX_Ship_Hover_Dust_01.prefab
  artifactKey: Guid(dd921a27daf6fec4f8950761bc64d260) Importer(815301076,1909f56bfc062723c751e8b465ee728b)
Start importing Assets/PolygonSciFiWorlds/Prefabs/FX/FX_Ship_Hover_Dust_01.prefab using Guid(dd921a27daf6fec4f8950761bc64d260) Importer(815301076,1909f56bfc062723c751e8b465ee728b)  -> (artifact id: '11183fd6710acffadcfa87321dec3a08') in 0.161686 seconds
Number of updated asset objects reloaded before import = 0
Number of asset objects unloaded after import = 17
========================================================================
Received Import Request.
  Time since last request: 0.000060 seconds.
  path: Assets/PolygonSciFiWorlds/Models/Collision/Convex/SM_Veh_DropShip_01_Convex 1.asset
  artifactKey: Guid(7860f2891f762de4aaf10b166f3cadfe) Importer(815301076,1909f56bfc062723c751e8b465ee728b)
Start importing Assets/PolygonSciFiWorlds/Models/Collision/Convex/SM_Veh_DropShip_01_Convex 1.asset using Guid(7860f2891f762de4aaf10b166f3cadfe) Importer(815301076,1909f56bfc062723c751e8b465ee728b)  -> (artifact id: 'b4346cd4009aa32781749f3a799c31d2') in 0.040600 seconds
Number of updated asset objects reloaded before import = 0
Number of asset objects unloaded after import = 2
========================================================================
Received Import Request.
  Time since last request: 0.000030 seconds.
  path: Assets/PolygonSciFiWorlds/Models/Collision/Convex/SM_Veh_DropShip_01_Convex.asset
  artifactKey: Guid(4af2ea08b97fd874fa10b3c77b4af3bb) Importer(815301076,1909f56bfc062723c751e8b465ee728b)
Start importing Assets/PolygonSciFiWorlds/Models/Collision/Convex/SM_Veh_DropShip_01_Convex.asset using Guid(4af2ea08b97fd874fa10b3c77b4af3bb) Importer(815301076,1909f56bfc062723c751e8b465ee728b)  -> (artifact id: '68cbca3c9cd5dd27a8a036d22b446e40') in 0.017606 seconds
Number of updated asset objects reloaded before import = 0
Number of asset objects unloaded after import = 2
========================================================================
Received Import Request.
  Time since last request: 0.000024 seconds.
  path: Assets/PolygonSciFiWorlds/Models/Collision/Convex/SM_Veh_DropShip_01_Convex 3.asset
  artifactKey: Guid(f41bf99aeb479de478e3ab353640cd87) Importer(815301076,1909f56bfc062723c751e8b465ee728b)
Start importing Assets/PolygonSciFiWorlds/Models/Collision/Convex/SM_Veh_DropShip_01_Convex 3.asset using Guid(f41bf99aeb479de478e3ab353640cd87) Importer(815301076,1909f56bfc062723c751e8b465ee728b)  -> (artifact id: '221a182151fd01e348a119ee126db3ec') in 0.031325 seconds
Number of updated asset objects reloaded before import = 0
Number of asset objects unloaded after import = 2
========================================================================
Received Import Request.
  Time since last request: 0.000036 seconds.
  path: Assets/PolygonSciFiWorlds/Models/Collision/Convex/SM_Veh_DropShip_01_Convex 2.asset
  artifactKey: Guid(c1f36a6b57832c049b7e6ce04d44cf37) Importer(815301076,1909f56bfc062723c751e8b465ee728b)
Start importing Assets/PolygonSciFiWorlds/Models/Collision/Convex/SM_Veh_DropShip_01_Convex 2.asset using Guid(c1f36a6b57832c049b7e6ce04d44cf37) Importer(815301076,1909f56bfc062723c751e8b465ee728b)  -> (artifact id: '6dd5d6044cfcc369d0233493c2f91ace') in 0.026098 seconds
Number of updated asset objects reloaded before import = 0
Number of asset objects unloaded after import = 2
========================================================================
Received Import Request.
  Time since last request: 0.000042 seconds.
  path: Assets/PolygonSciFiWorlds/Prefabs/Props/Vehicles/SM_Veh_DropShip_01.prefab
  artifactKey: Guid(8dcccb95f6a5e8f4e9395ea042fe51b3) Importer(815301076,1909f56bfc062723c751e8b465ee728b)
Start importing Assets/PolygonSciFiWorlds/Prefabs/Props/Vehicles/SM_Veh_DropShip_01.prefab using Guid(8dcccb95f6a5e8f4e9395ea042fe51b3) Importer(815301076,1909f56bfc062723c751e8b465ee728b)  -> (artifact id: 'dcf570412a8b0993e0f13537de4680ec') in 0.269417 seconds
Number of updated asset objects reloaded before import = 0
Number of asset objects unloaded after import = 44
========================================================================
Received Import Request.
  Time since last request: 1465.256903 seconds.
  path: Assets/PolygonSciFiWorlds/Models/Materials
  artifactKey: Guid(f315684e5589ffa4fb767ab23f0792ed) Importer(815301076,1909f56bfc062723c751e8b465ee728b)
Start importing Assets/PolygonSciFiWorlds/Models/Materials using Guid(f315684e5589ffa4fb767ab23f0792ed) Importer(815301076,1909f56bfc062723c751e8b465ee728b)  -> (artifact id: 'c2a6d393214f5e3cb95c2151e1669e32') in 0.001476 seconds
Number of updated asset objects reloaded before import = 0
Number of asset objects unloaded after import = 0
========================================================================
Received Import Request.
  Time since last request: 0.031255 seconds.
  path: Assets/PolygonSciFiWorlds/Models/Materials/lambert1.mat
  artifactKey: Guid(e6b912849a9222344a994d252b9676c5) Importer(815301076,1909f56bfc062723c751e8b465ee728b)
Start importing Assets/PolygonSciFiWorlds/Models/Materials/lambert1.mat using Guid(e6b912849a9222344a994d252b9676c5) Importer(815301076,1909f56bfc062723c751e8b465ee728b)  -> (artifact id: 'c81c0985f530859e4173f1e8e2be25be') in 0.049831 seconds
Number of updated asset objects reloaded before import = 0
Number of asset objects unloaded after import = 1
========================================================================
Received Import Request.
  Time since last request: 3.457038 seconds.
  path: Assets/PolygonSciFiWorlds/Models/Collision/Convex
  artifactKey: Guid(b8ff8f1b5387f904ba02dcab0735d62e) Importer(815301076,1909f56bfc062723c751e8b465ee728b)
Start importing Assets/PolygonSciFiWorlds/Models/Collision/Convex using Guid(b8ff8f1b5387f904ba02dcab0735d62e) Importer(815301076,1909f56bfc062723c751e8b465ee728b)  -> (artifact id: '81d41f86faa5a7f81352f896042b0266') in 0.001962 seconds
Number of updated asset objects reloaded before import = 0
Number of asset objects unloaded after import = 0
========================================================================
Received Import Request.
  Time since last request: 0.095179 seconds.
  path: Assets/PolygonSciFiWorlds/Models/Collision/Convex/SM_Bld_Bridge_End_01_Convex.asset
  artifactKey: Guid(57b73c9f99dafb5408d7659459c11779) Importer(815301076,1909f56bfc062723c751e8b465ee728b)
Start importing Assets/PolygonSciFiWorlds/Models/Collision/Convex/SM_Bld_Bridge_End_01_Convex.asset using Guid(57b73c9f99dafb5408d7659459c11779) Importer(815301076,1909f56bfc062723c751e8b465ee728b)  -> (artifact id: 'd00526c56f42ecf6b6cd478d1812d020') in 0.017274 seconds
Number of updated asset objects reloaded before import = 0
Number of asset objects unloaded after import = 2
========================================================================
Received Import Request.
  Time since last request: 0.005440 seconds.
  path: Assets/PolygonSciFiWorlds/Models/Collision/Convex/SM_Bld_Bridge_Rail_Half_01_Convex.asset
  artifactKey: Guid(84f1f5eb5a3265a4d8bdb2ca6794e0fe) Importer(815301076,1909f56bfc062723c751e8b465ee728b)
Start importing Assets/PolygonSciFiWorlds/Models/Collision/Convex/SM_Bld_Bridge_Rail_Half_01_Convex.asset using Guid(84f1f5eb5a3265a4d8bdb2ca6794e0fe) Importer(815301076,1909f56bfc062723c751e8b465ee728b)  -> (artifact id: '413206717a0debf3d62b89eb7dd0ed98') in 0.020633 seconds
Number of updated asset objects reloaded before import = 0
Number of asset objects unloaded after import = 2
========================================================================
Received Import Request.
  Time since last request: 0.000049 seconds.
  path: Assets/PolygonSciFiWorlds/Models/Collision/Convex/SM_Bld_Corp_Containment_02_Convex 1.asset
  artifactKey: Guid(6e44718633ba2c647ac70d510ddb3012) Importer(815301076,1909f56bfc062723c751e8b465ee728b)
Start importing Assets/PolygonSciFiWorlds/Models/Collision/Convex/SM_Bld_Corp_Containment_02_Convex 1.asset using Guid(6e44718633ba2c647ac70d510ddb3012) Importer(815301076,1909f56bfc062723c751e8b465ee728b)  -> (artifact id: '2c28fe5f464be2d02aad3a052158fadd') in 0.035709 seconds
Number of updated asset objects reloaded before import = 0
Number of asset objects unloaded after import = 5
========================================================================
Received Import Request.
  Time since last request: 0.000028 seconds.
  path: Assets/PolygonSciFiWorlds/Models/Collision/Convex/SM_Bld_Door_Double_02_Convex.asset
  artifactKey: Guid(35976dfa5906dfd47931d1d62b76b7a5) Importer(815301076,1909f56bfc062723c751e8b465ee728b)
Start importing Assets/PolygonSciFiWorlds/Models/Collision/Convex/SM_Bld_Door_Double_02_Convex.asset using Guid(35976dfa5906dfd47931d1d62b76b7a5) Importer(815301076,1909f56bfc062723c751e8b465ee728b)  -> (artifact id: 'a7f4728a1f97a2174697387263814cf0') in 0.019846 seconds
Number of updated asset objects reloaded before import = 0
Number of asset objects unloaded after import = 2
========================================================================
Received Import Request.
  Time since last request: 0.000029 seconds.
  path: Assets/PolygonSciFiWorlds/Models/Collision/Convex/SM_Bld_Door_Garage_01_Convex.asset
  artifactKey: Guid(843ecc64e7fa3be498b0edeaad781a52) Importer(815301076,1909f56bfc062723c751e8b465ee728b)
Start importing Assets/PolygonSciFiWorlds/Models/Collision/Convex/SM_Bld_Door_Garage_01_Convex.asset using Guid(843ecc64e7fa3be498b0edeaad781a52) Importer(815301076,1909f56bfc062723c751e8b465ee728b)  -> (artifact id: '2ee2a2341232dee17fd6ec783791b29b') in 0.017731 seconds
Number of updated asset objects reloaded before import = 0
Number of asset objects unloaded after import = 2
========================================================================
Received Import Request.
  Time since last request: 0.000025 seconds.
  path: Assets/PolygonSciFiWorlds/Models/Collision/Convex/SM_Bld_Greeble_01_Convex.asset
  artifactKey: Guid(fd76c8223f2c7f44cb0de8762bcd8c92) Importer(815301076,1909f56bfc062723c751e8b465ee728b)
Start importing Assets/PolygonSciFiWorlds/Models/Collision/Convex/SM_Bld_Greeble_01_Convex.asset using Guid(fd76c8223f2c7f44cb0de8762bcd8c92) Importer(815301076,1909f56bfc062723c751e8b465ee728b)  -> (artifact id: '3e82d8907f3b1baed941a65c260575f6') in 0.017264 seconds
Number of updated asset objects reloaded before import = 0
Number of asset objects unloaded after import = 2
========================================================================
Received Import Request.
  Time since last request: 0.000027 seconds.
  path: Assets/PolygonSciFiWorlds/Models/Collision/Convex/SM_Bld_Door_Double_01_Convex 2.asset
  artifactKey: Guid(ed5f333cce122544dafcaf73ba53b651) Importer(815301076,1909f56bfc062723c751e8b465ee728b)
Start importing Assets/PolygonSciFiWorlds/Models/Collision/Convex/SM_Bld_Door_Double_01_Convex 2.asset using Guid(ed5f333cce122544dafcaf73ba53b651) Importer(815301076,1909f56bfc062723c751e8b465ee728b)  -> (artifact id: '634cd93cd819b563b8f2fa34db6af267') in 0.024690 seconds
Number of updated asset objects reloaded before import = 0
Number of asset objects unloaded after import = 2
========================================================================
Received Import Request.
  Time since last request: 0.000024 seconds.
  path: Assets/PolygonSciFiWorlds/Models/Collision/Convex/SM_Bld_Corp_MobileSite_01_Convex 7.asset
  artifactKey: Guid(f6b9cf5b544b5c048a1ed33dbbff7303) Importer(815301076,1909f56bfc062723c751e8b465ee728b)
Start importing Assets/PolygonSciFiWorlds/Models/Collision/Convex/SM_Bld_Corp_MobileSite_01_Convex 7.asset using Guid(f6b9cf5b544b5c048a1ed33dbbff7303) Importer(815301076,1909f56bfc062723c751e8b465ee728b)  -> (artifact id: '76c246f549a0defbf6ec5b19c4fa5e19') in 0.015503 seconds
Number of updated asset objects reloaded before import = 0
Number of asset objects unloaded after import = 2
========================================================================
Received Import Request.
  Time since last request: 0.000025 seconds.
  path: Assets/PolygonSciFiWorlds/Models/Collision/Convex/SM_Bld_Corp_Containment_02_Convex.asset
  artifactKey: Guid(fa88600800ea73746b667f79dd0a20e5) Importer(815301076,1909f56bfc062723c751e8b465ee728b)
Start importing Assets/PolygonSciFiWorlds/Models/Collision/Convex/SM_Bld_Corp_Containment_02_Convex.asset using Guid(fa88600800ea73746b667f79dd0a20e5) Importer(815301076,1909f56bfc062723c751e8b465ee728b)  -> (artifact id: '7dfa28e361ad5c046b2d3ab645fe7b2b') in 0.026179 seconds
Number of updated asset objects reloaded before import = 0
Number of asset objects unloaded after import = 2
========================================================================
Received Import Request.
  Time since last request: 0.000025 seconds.
  path: Assets/PolygonSciFiWorlds/Models/Collision/Convex/SM_Bld_Core_Observation_Greeble_Pipe_Base_01_Convex 1.asset
  artifactKey: Guid(fa2fc152ab96cc6439279fc9aa4fde09) Importer(815301076,1909f56bfc062723c751e8b465ee728b)
Start importing Assets/PolygonSciFiWorlds/Models/Collision/Convex/SM_Bld_Core_Observation_Greeble_Pipe_Base_01_Convex 1.asset using Guid(fa2fc152ab96cc6439279fc9aa4fde09) Importer(815301076,1909f56bfc062723c751e8b465ee728b)  -> (artifact id: '3afc40e16833030d9e15f7d4321ee868') in 0.017013 seconds
Number of updated asset objects reloaded before import = 0
Number of asset objects unloaded after import = 2
========================================================================
Received Import Request.
  Time since last request: 0.000506 seconds.
  path: Assets/PolygonSciFiWorlds/Models/Collision/Convex/SM_Bld_Greeble_04_Convex.asset
  artifactKey: Guid(d33a1e90f1a98654bbf60401dbd82371) Importer(815301076,1909f56bfc062723c751e8b465ee728b)
Start importing Assets/PolygonSciFiWorlds/Models/Collision/Convex/SM_Bld_Greeble_04_Convex.asset using Guid(d33a1e90f1a98654bbf60401dbd82371) Importer(815301076,1909f56bfc062723c751e8b465ee728b)  -> (artifact id: '86d320971d5695bb1fdc3bbae6b59ad8') in 0.015643 seconds
Number of updated asset objects reloaded before import = 0
Number of asset objects unloaded after import = 2
========================================================================
Received Import Request.
  Time since last request: 0.000041 seconds.
  path: Assets/PolygonSciFiWorlds/Models/Collision/Convex/SM_Bld_Door_Double_01_Convex.asset
  artifactKey: Guid(8f3f1236d01371b44aecb9e97528f54c) Importer(815301076,1909f56bfc062723c751e8b465ee728b)
Start importing Assets/PolygonSciFiWorlds/Models/Collision/Convex/SM_Bld_Door_Double_01_Convex.asset using Guid(8f3f1236d01371b44aecb9e97528f54c) Importer(815301076,1909f56bfc062723c751e8b465ee728b)  -> (artifact id: '0137223ade8e1d27d8f3feafce2150ce') in 0.015374 seconds
Number of updated asset objects reloaded before import = 0
Number of asset objects unloaded after import = 2
========================================================================
Received Import Request.
  Time since last request: 0.000051 seconds.
  path: Assets/PolygonSciFiWorlds/Models/Collision/Convex/SM_Bld_Door_Double_02_Convex 2.asset
  artifactKey: Guid(f0aa2e06f6a99e94b9554f3ed1aa1e32) Importer(815301076,1909f56bfc062723c751e8b465ee728b)
Start importing Assets/PolygonSciFiWorlds/Models/Collision/Convex/SM_Bld_Door_Double_02_Convex 2.asset using Guid(f0aa2e06f6a99e94b9554f3ed1aa1e32) Importer(815301076,1909f56bfc062723c751e8b465ee728b)  -> (artifact id: '7be7ebb71d87e58af65924feeef446ff') in 0.020948 seconds
Number of updated asset objects reloaded before import = 0
Number of asset objects unloaded after import = 2
========================================================================
Received Import Request.
  Time since last request: 0.000024 seconds.
  path: Assets/PolygonSciFiWorlds/Models/Collision/Convex/SM_Bld_Door_Single_01_Convex.asset
  artifactKey: Guid(4f566d38fed87b9409be8adac475f731) Importer(815301076,1909f56bfc062723c751e8b465ee728b)
Start importing Assets/PolygonSciFiWorlds/Models/Collision/Convex/SM_Bld_Door_Single_01_Convex.asset using Guid(4f566d38fed87b9409be8adac475f731) Importer(815301076,1909f56bfc062723c751e8b465ee728b)  -> (artifact id: 'b8acd74aaf239e81a74dcbef982f6e97') in 0.016081 seconds
Number of updated asset objects reloaded before import = 0
Number of asset objects unloaded after import = 2
========================================================================
Received Import Request.
  Time since last request: 0.000041 seconds.
  path: Assets/PolygonSciFiWorlds/Models/Collision/Convex/SM_Bld_Corp_LandingPad_03_Convex.asset
  artifactKey: Guid(26888e6add6d1324fbbc2ea70a201d01) Importer(815301076,1909f56bfc062723c751e8b465ee728b)
Start importing Assets/PolygonSciFiWorlds/Models/Collision/Convex/SM_Bld_Corp_LandingPad_03_Convex.asset using Guid(26888e6add6d1324fbbc2ea70a201d01) Importer(815301076,1909f56bfc062723c751e8b465ee728b)  -> (artifact id: '80d332cbe9fef7b63a6a4f8e2e9f5556') in 0.019334 seconds
Number of updated asset objects reloaded before import = 0
Number of asset objects unloaded after import = 2
========================================================================
Received Import Request.
  Time since last request: 0.000036 seconds.
  path: Assets/PolygonSciFiWorlds/Models/Collision/Convex/SM_Bld_Greeble_03_Convex.asset
  artifactKey: Guid(76e2810b06d72c74ab22b8f28029009a) Importer(815301076,1909f56bfc062723c751e8b465ee728b)
Start importing Assets/PolygonSciFiWorlds/Models/Collision/Convex/SM_Bld_Greeble_03_Convex.asset using Guid(76e2810b06d72c74ab22b8f28029009a) Importer(815301076,1909f56bfc062723c751e8b465ee728b)  -> (artifact id: '724d5eb11c8d0ea89fce760b4d58ece8') in 0.018412 seconds
Number of updated asset objects reloaded before import = 0
Number of asset objects unloaded after import = 2
========================================================================
Received Import Request.
  Time since last request: 0.000027 seconds.
  path: Assets/PolygonSciFiWorlds/Models/Collision/Convex/SM_Bld_Elevator_Hover_Double_01_Convex.asset
  artifactKey: Guid(4faf89320ad44ef4395b62b72de2de7a) Importer(815301076,1909f56bfc062723c751e8b465ee728b)
Start importing Assets/PolygonSciFiWorlds/Models/Collision/Convex/SM_Bld_Elevator_Hover_Double_01_Convex.asset using Guid(4faf89320ad44ef4395b62b72de2de7a) Importer(815301076,1909f56bfc062723c751e8b465ee728b)  -> (artifact id: 'a00254f89f05a5f42725884e187167dc') in 0.017235 seconds
Number of updated asset objects reloaded before import = 0
Number of asset objects unloaded after import = 2
========================================================================
Received Import Request.
  Time since last request: 0.000023 seconds.
  path: Assets/PolygonSciFiWorlds/Models/Collision/Convex/SM_Bld_Bridge_Rail_End_01_Convex.asset
  artifactKey: Guid(7dfae40a06eb2d34a80763549a68203f) Importer(815301076,1909f56bfc062723c751e8b465ee728b)
Start importing Assets/PolygonSciFiWorlds/Models/Collision/Convex/SM_Bld_Bridge_Rail_End_01_Convex.asset using Guid(7dfae40a06eb2d34a80763549a68203f) Importer(815301076,1909f56bfc062723c751e8b465ee728b)  -> (artifact id: '9e22ab5887fa24f427e23bf50bf2f9e4') in 0.016692 seconds
Number of updated asset objects reloaded before import = 0
Number of asset objects unloaded after import = 2
========================================================================
Received Import Request.
  Time since last request: 0.000024 seconds.
  path: Assets/PolygonSciFiWorlds/Models/Collision/Convex/SM_Bld_Door_Double_01_Convex 1.asset
  artifactKey: Guid(81655096ee2bf18478930830cfaf6fd6) Importer(815301076,1909f56bfc062723c751e8b465ee728b)
Start importing Assets/PolygonSciFiWorlds/Models/Collision/Convex/SM_Bld_Door_Double_01_Convex 1.asset using Guid(81655096ee2bf18478930830cfaf6fd6) Importer(815301076,1909f56bfc062723c751e8b465ee728b)  -> (artifact id: 'd1832bee1c6a08b132062f7e15a2e230') in 0.017475 seconds
Number of updated asset objects reloaded before import = 0
Number of asset objects unloaded after import = 2
========================================================================
Received Import Request.
  Time since last request: 0.000031 seconds.
  path: Assets/PolygonSciFiWorlds/Models/Collision/Convex/SM_Bld_Door_Double_04_Convex 1.asset
  artifactKey: Guid(1dad92178b1e74646bf1bb7d0979c063) Importer(815301076,1909f56bfc062723c751e8b465ee728b)
Start importing Assets/PolygonSciFiWorlds/Models/Collision/Convex/SM_Bld_Door_Double_04_Convex 1.asset using Guid(1dad92178b1e74646bf1bb7d0979c063) Importer(815301076,1909f56bfc062723c751e8b465ee728b)  -> (artifact id: '0a9d689c1a6dbd8b70badfb1f0a06e83') in 0.016645 seconds
Number of updated asset objects reloaded before import = 0
Number of asset objects unloaded after import = 2
========================================================================
Received Import Request.
  Time since last request: 0.000073 seconds.
  path: Assets/PolygonSciFiWorlds/Models/Collision/Convex/SM_Bld_Corp_LandingPad_03_Convex 2.asset
  artifactKey: Guid(67c4bd4b630124f478202c841adbcf8d) Importer(815301076,1909f56bfc062723c751e8b465ee728b)
Start importing Assets/PolygonSciFiWorlds/Models/Collision/Convex/SM_Bld_Corp_LandingPad_03_Convex 2.asset using Guid(67c4bd4b630124f478202c841adbcf8d) Importer(815301076,1909f56bfc062723c751e8b465ee728b)  -> (artifact id: '3e9ddb7d0b0090236c0a9e37da45286e') in 0.045414 seconds
Number of updated asset objects reloaded before import = 0
Number of asset objects unloaded after import = 2
========================================================================
Received Import Request.
  Time since last request: 0.000034 seconds.
  path: Assets/PolygonSciFiWorlds/Models/Collision/Convex/SM_Bld_Greeble_06_Convex.asset
  artifactKey: Guid(f09604480d822aa4eb3cc92174148c4b) Importer(815301076,1909f56bfc062723c751e8b465ee728b)
Start importing Assets/PolygonSciFiWorlds/Models/Collision/Convex/SM_Bld_Greeble_06_Convex.asset using Guid(f09604480d822aa4eb3cc92174148c4b) Importer(815301076,1909f56bfc062723c751e8b465ee728b)  -> (artifact id: '7c4f32c48ba66c0b9833e446f300bb34') in 0.014892 seconds
Number of updated asset objects reloaded before import = 0
Number of asset objects unloaded after import = 2
========================================================================
Received Import Request.
  Time since last request: 0.000022 seconds.
  path: Assets/PolygonSciFiWorlds/Models/Collision/Convex/SM_Bld_Column_01_Convex.asset
  artifactKey: Guid(a4b0025d3f4a060488f23a527e898da6) Importer(815301076,1909f56bfc062723c751e8b465ee728b)
Start importing Assets/PolygonSciFiWorlds/Models/Collision/Convex/SM_Bld_Column_01_Convex.asset using Guid(a4b0025d3f4a060488f23a527e898da6) Importer(815301076,1909f56bfc062723c751e8b465ee728b)  -> (artifact id: '72d12b2b0aabc26ceca93d0bf62f52bd') in 0.015094 seconds
Number of updated asset objects reloaded before import = 0
Number of asset objects unloaded after import = 2
========================================================================
Received Import Request.
  Time since last request: 0.000034 seconds.
  path: Assets/PolygonSciFiWorlds/Models/Collision/Convex/SM_Bld_Core_Observation_Greeble_Pipe_Base_01_Convex.asset
  artifactKey: Guid(0ed1790b3fede5a4197143dba888f7b7) Importer(815301076,1909f56bfc062723c751e8b465ee728b)
Start importing Assets/PolygonSciFiWorlds/Models/Collision/Convex/SM_Bld_Core_Observation_Greeble_Pipe_Base_01_Convex.asset using Guid(0ed1790b3fede5a4197143dba888f7b7) Importer(815301076,1909f56bfc062723c751e8b465ee728b)  -> (artifact id: '6fe73f6c216db07eff49e3ef6946d3d9') in 0.015490 seconds
Number of updated asset objects reloaded before import = 0
Number of asset objects unloaded after import = 2
========================================================================
Received Import Request.
  Time since last request: 0.000068 seconds.
  path: Assets/PolygonSciFiWorlds/Models/Collision/Convex/SM_Bld_Greeble_05_Convex.asset
  artifactKey: Guid(2e109a63ca79352419a1f34c33b79451) Importer(815301076,1909f56bfc062723c751e8b465ee728b)
Start importing Assets/PolygonSciFiWorlds/Models/Collision/Convex/SM_Bld_Greeble_05_Convex.asset using Guid(2e109a63ca79352419a1f34c33b79451) Importer(815301076,1909f56bfc062723c751e8b465ee728b)  -> (artifact id: 'dd72dd208b3ff3c4a9d1f32ab9f422cd') in 0.013877 seconds
Number of updated asset objects reloaded before import = 0
Number of asset objects unloaded after import = 2
========================================================================
Received Import Request.
  Time since last request: 0.000021 seconds.
  path: Assets/PolygonSciFiWorlds/Models/Collision/Convex/SM_Bld_Greeble_02_Convex.asset
  artifactKey: Guid(01dc42e4735ccbc4ab221eb43b020136) Importer(815301076,1909f56bfc062723c751e8b465ee728b)
Start importing Assets/PolygonSciFiWorlds/Models/Collision/Convex/SM_Bld_Greeble_02_Convex.asset using Guid(01dc42e4735ccbc4ab221eb43b020136) Importer(815301076,1909f56bfc062723c751e8b465ee728b)  -> (artifact id: 'b1ab684e3dba4a7af29e33da7134f0df') in 0.015108 seconds
Number of updated asset objects reloaded before import = 0
Number of asset objects unloaded after import = 2
========================================================================
Received Import Request.
  Time since last request: 0.000026 seconds.
  path: Assets/PolygonSciFiWorlds/Models/Collision/Convex/SM_Bld_Door_Garage_02_Convex.asset
  artifactKey: Guid(f76e291eddc5b45408668621d92e2adf) Importer(815301076,1909f56bfc062723c751e8b465ee728b)
Start importing Assets/PolygonSciFiWorlds/Models/Collision/Convex/SM_Bld_Door_Garage_02_Convex.asset using Guid(f76e291eddc5b45408668621d92e2adf) Importer(815301076,1909f56bfc062723c751e8b465ee728b)  -> (artifact id: '99999b3d9da1e251b35e131d59a823cb') in 0.026833 seconds
Number of updated asset objects reloaded before import = 0
Number of asset objects unloaded after import = 2
========================================================================
Received Import Request.
  Time since last request: 0.000022 seconds.
  path: Assets/PolygonSciFiWorlds/Models/Collision/Convex/SM_Bld_Elevator_Hover_Single_01_Convex.asset
  artifactKey: Guid(97013a1c6a9c68c48bd4628e0e9acdae) Importer(815301076,1909f56bfc062723c751e8b465ee728b)
Start importing Assets/PolygonSciFiWorlds/Models/Collision/Convex/SM_Bld_Elevator_Hover_Single_01_Convex.asset using Guid(97013a1c6a9c68c48bd4628e0e9acdae) Importer(815301076,1909f56bfc062723c751e8b465ee728b)  -> (artifact id: '22c446facc2be16c7cea5cdaf6a5137b') in 0.016945 seconds
Number of updated asset objects reloaded before import = 0
Number of asset objects unloaded after import = 2
========================================================================
Received Import Request.
  Time since last request: 0.000021 seconds.
  path: Assets/PolygonSciFiWorlds/Models/Collision/Convex/SM_Bld_Corp_MobileSite_01_Convex 3.asset
  artifactKey: Guid(98f40c17130986246bc9eb049a860e78) Importer(815301076,1909f56bfc062723c751e8b465ee728b)
Start importing Assets/PolygonSciFiWorlds/Models/Collision/Convex/SM_Bld_Corp_MobileSite_01_Convex 3.asset using Guid(98f40c17130986246bc9eb049a860e78) Importer(815301076,1909f56bfc062723c751e8b465ee728b)  -> (artifact id: '7e026826419be47c37e647ef1ceead77') in 0.026051 seconds
Number of updated asset objects reloaded before import = 0
Number of asset objects unloaded after import = 2
========================================================================
Received Import Request.
  Time since last request: 0.000020 seconds.
  path: Assets/PolygonSciFiWorlds/Models/Collision/Convex/SM_Bld_Door_Single_04_Convex 1.asset
  artifactKey: Guid(025c71b84f7f05240b1ed3c234b917bf) Importer(815301076,1909f56bfc062723c751e8b465ee728b)
Start importing Assets/PolygonSciFiWorlds/Models/Collision/Convex/SM_Bld_Door_Single_04_Convex 1.asset using Guid(025c71b84f7f05240b1ed3c234b917bf) Importer(815301076,1909f56bfc062723c751e8b465ee728b)  -> (artifact id: 'b699775bbf7602e63389dd56605c7c76') in 0.015355 seconds
Number of updated asset objects reloaded before import = 0
Number of asset objects unloaded after import = 2
========================================================================
Received Import Request.
  Time since last request: 0.000021 seconds.
  path: Assets/PolygonSciFiWorlds/Models/Collision/Convex/SM_Bld_Door_Double_03_Convex.asset
  artifactKey: Guid(0dd0d87eeb5e2c3428396c0c1295d928) Importer(815301076,1909f56bfc062723c751e8b465ee728b)
Start importing Assets/PolygonSciFiWorlds/Models/Collision/Convex/SM_Bld_Door_Double_03_Convex.asset using Guid(0dd0d87eeb5e2c3428396c0c1295d928) Importer(815301076,1909f56bfc062723c751e8b465ee728b)  -> (artifact id: 'e6f14ead4d153bb4a340f46a0b91281e') in 0.027281 seconds
Number of updated asset objects reloaded before import = 0
Number of asset objects unloaded after import = 2
========================================================================
Received Import Request.
  Time since last request: 0.000026 seconds.
  path: Assets/PolygonSciFiWorlds/Models/Collision/Convex/SM_Bld_Corp_LandingPad_03_Convex 1.asset
  artifactKey: Guid(ab623dcb231be6a4b9b03f6a27ea0f49) Importer(815301076,1909f56bfc062723c751e8b465ee728b)
Start importing Assets/PolygonSciFiWorlds/Models/Collision/Convex/SM_Bld_Corp_LandingPad_03_Convex 1.asset using Guid(ab623dcb231be6a4b9b03f6a27ea0f49) Importer(815301076,1909f56bfc062723c751e8b465ee728b)  -> (artifact id: 'de07d44ca47e22c0ea3d8a44ea69a3e7') in 0.016634 seconds
Number of updated asset objects reloaded before import = 0
Number of asset objects unloaded after import = 2
========================================================================
Received Import Request.
  Time since last request: 0.000043 seconds.
  path: Assets/PolygonSciFiWorlds/Models/Collision/Convex/SM_Bld_Core_Observation_Greeble_02_Convex.asset
  artifactKey: Guid(e9ebe4c8c730b044291908ec730034db) Importer(815301076,1909f56bfc062723c751e8b465ee728b)
Start importing Assets/PolygonSciFiWorlds/Models/Collision/Convex/SM_Bld_Core_Observation_Greeble_02_Convex.asset using Guid(e9ebe4c8c730b044291908ec730034db) Importer(815301076,1909f56bfc062723c751e8b465ee728b)  -> (artifact id: 'd59e89a3cb2a5f83d020a38c5224fb81') in 0.022666 seconds
Number of updated asset objects reloaded before import = 0
Number of asset objects unloaded after import = 2
========================================================================
Received Import Request.
  Time since last request: 0.000024 seconds.
  path: Assets/PolygonSciFiWorlds/Models/Collision/Convex/SM_Bld_Core_Antenna_Greeble_02_Convex.asset
  artifactKey: Guid(9be5de69da0921d49a119e89c217e6bf) Importer(815301076,1909f56bfc062723c751e8b465ee728b)
Start importing Assets/PolygonSciFiWorlds/Models/Collision/Convex/SM_Bld_Core_Antenna_Greeble_02_Convex.asset using Guid(9be5de69da0921d49a119e89c217e6bf) Importer(815301076,1909f56bfc062723c751e8b465ee728b)  -> (artifact id: '59fd9a4b87ad53530eb037cd83a6c320') in 0.016996 seconds
Number of updated asset objects reloaded before import = 0
Number of asset objects unloaded after import = 2
========================================================================
Received Import Request.
  Time since last request: 0.000066 seconds.
  path: Assets/PolygonSciFiWorlds/Models/Collision/Convex/SM_Bld_Corp_MobileSite_01_Convex 2.asset
  artifactKey: Guid(b44fd554f8a656a49a83f76d3dff63f7) Importer(815301076,1909f56bfc062723c751e8b465ee728b)
Start importing Assets/PolygonSciFiWorlds/Models/Collision/Convex/SM_Bld_Corp_MobileSite_01_Convex 2.asset using Guid(b44fd554f8a656a49a83f76d3dff63f7) Importer(815301076,1909f56bfc062723c751e8b465ee728b)  -> (artifact id: 'c54dc843dd3cd8caa77cbfc131a83484') in 0.018359 seconds
Number of updated asset objects reloaded before import = 0
Number of asset objects unloaded after import = 2
========================================================================
Received Import Request.
  Time since last request: 0.000051 seconds.
  path: Assets/PolygonSciFiWorlds/Models/Collision/Convex/SM_Bld_Corp_MobileSite_01_Convex 6.asset
  artifactKey: Guid(8fd8e326dec1b0e46af236798f605118) Importer(815301076,1909f56bfc062723c751e8b465ee728b)
Start importing Assets/PolygonSciFiWorlds/Models/Collision/Convex/SM_Bld_Corp_MobileSite_01_Convex 6.asset using Guid(8fd8e326dec1b0e46af236798f605118) Importer(815301076,1909f56bfc062723c751e8b465ee728b)  -> (artifact id: 'cd56f454613b21bb91589611dbfae1e1') in 0.019659 seconds
Number of updated asset objects reloaded before import = 0
Number of asset objects unloaded after import = 2
========================================================================
Received Import Request.
  Time since last request: 0.000022 seconds.
  path: Assets/PolygonSciFiWorlds/Models/Collision/Convex/SM_Bld_Door_Single_02_Convex.asset
  artifactKey: Guid(07f0ea7b914e28a468ed5cd784d57b46) Importer(815301076,1909f56bfc062723c751e8b465ee728b)
Start importing Assets/PolygonSciFiWorlds/Models/Collision/Convex/SM_Bld_Door_Single_02_Convex.asset using Guid(07f0ea7b914e28a468ed5cd784d57b46) Importer(815301076,1909f56bfc062723c751e8b465ee728b)  -> (artifact id: '703cfa897e01599763942b3a58b8e713') in 0.017083 seconds
Number of updated asset objects reloaded before import = 0
Number of asset objects unloaded after import = 2
========================================================================
Received Import Request.
  Time since last request: 0.000024 seconds.
  path: Assets/PolygonSciFiWorlds/Models/Collision/Convex/SM_Bld_Crate_Building_Strut_01_Convex.asset
  artifactKey: Guid(0f9b3d29f5f97884ea378adb8bb530a5) Importer(815301076,1909f56bfc062723c751e8b465ee728b)
Start importing Assets/PolygonSciFiWorlds/Models/Collision/Convex/SM_Bld_Crate_Building_Strut_01_Convex.asset using Guid(0f9b3d29f5f97884ea378adb8bb530a5) Importer(815301076,1909f56bfc062723c751e8b465ee728b)  -> (artifact id: '410aecb95b5e1468e329d54315b73dea') in 0.045968 seconds
Number of updated asset objects reloaded before import = 0
Number of asset objects unloaded after import = 2
========================================================================
Received Import Request.
  Time since last request: 0.000024 seconds.
  path: Assets/PolygonSciFiWorlds/Models/Collision/Convex/SM_Bld_Door_Single_03_Convex.asset
  artifactKey: Guid(383a7c2e09195574fad3f7ec5626d8ac) Importer(815301076,1909f56bfc062723c751e8b465ee728b)
Start importing Assets/PolygonSciFiWorlds/Models/Collision/Convex/SM_Bld_Door_Single_03_Convex.asset using Guid(383a7c2e09195574fad3f7ec5626d8ac) Importer(815301076,1909f56bfc062723c751e8b465ee728b)  -> (artifact id: '7778e85d338dbcfcaa33fbb3f9f221c4') in 0.018103 seconds
Number of updated asset objects reloaded before import = 0
Number of asset objects unloaded after import = 2
========================================================================
Received Import Request.
  Time since last request: 0.000033 seconds.
  path: Assets/PolygonSciFiWorlds/Models/Collision/Convex/SM_Bld_Door_Double_05_Convex.asset
  artifactKey: Guid(845caff5eb0e27f49b9df5dbd8518f1c) Importer(815301076,1909f56bfc062723c751e8b465ee728b)
Start importing Assets/PolygonSciFiWorlds/Models/Collision/Convex/SM_Bld_Door_Double_05_Convex.asset using Guid(845caff5eb0e27f49b9df5dbd8518f1c) Importer(815301076,1909f56bfc062723c751e8b465ee728b)  -> (artifact id: '5619eeb12b7c924142dd520b87e53528') in 0.025159 seconds
Number of updated asset objects reloaded before import = 0
Number of asset objects unloaded after import = 2
========================================================================
Received Import Request.
  Time since last request: 0.541848 seconds.
  path: Assets/PolygonSciFiWorlds/Models/Collision/Custom
  artifactKey: Guid(5d68169ecaf4060498127d4ba972b328) Importer(815301076,1909f56bfc062723c751e8b465ee728b)
Start importing Assets/PolygonSciFiWorlds/Models/Collision/Custom using Guid(5d68169ecaf4060498127d4ba972b328) Importer(815301076,1909f56bfc062723c751e8b465ee728b)  -> (artifact id: 'e8b005c3f18f35bb832ec03b15efc5b4') in 0.000764 seconds
Number of updated asset objects reloaded before import = 0
Number of asset objects unloaded after import = 0
========================================================================
Received Import Request.
  Time since last request: 0.122790 seconds.
  path: Assets/PolygonSciFiWorlds/Models/Collision/Custom/SM_Bld_Bridge_Mining_Laser_01_Collision.fbx
  artifactKey: Guid(7a2ba4d12ce9f2d4ab0032963ff59d94) Importer(815301076,1909f56bfc062723c751e8b465ee728b)
Start importing Assets/PolygonSciFiWorlds/Models/Collision/Custom/SM_Bld_Bridge_Mining_Laser_01_Collision.fbx using Guid(7a2ba4d12ce9f2d4ab0032963ff59d94) Importer(815301076,1909f56bfc062723c751e8b465ee728b)  -> (artifact id: 'a4d3fca216359e504d2a2395f499b9e6') in 0.037592 seconds
Number of updated asset objects reloaded before import = 0
Number of asset objects unloaded after import = 7
========================================================================
Received Import Request.
  Time since last request: 0.000043 seconds.
  path: Assets/PolygonSciFiWorlds/Models/Collision/Custom/SM_Bld_Corp_Wall_03_Collision.fbx
  artifactKey: Guid(e6f982450abdd544d97a221356daf05b) Importer(815301076,1909f56bfc062723c751e8b465ee728b)
Start importing Assets/PolygonSciFiWorlds/Models/Collision/Custom/SM_Bld_Corp_Wall_03_Collision.fbx using Guid(e6f982450abdd544d97a221356daf05b) Importer(815301076,1909f56bfc062723c751e8b465ee728b)  -> (artifact id: '9bcdde7d49fec4ca1867082b8bdbe3b7') in 0.032030 seconds
Number of updated asset objects reloaded before import = 0
Number of asset objects unloaded after import = 7
========================================================================
Received Import Request.
  Time since last request: 0.047460 seconds.
  path: Assets/PolygonSciFiWorlds/Models/Collision/Custom/SM_Bld_Crate_Building_01_Collision.fbx
  artifactKey: Guid(d2bf1bf126f4d0f4d88d527740c9f6d2) Importer(815301076,1909f56bfc062723c751e8b465ee728b)
Start importing Assets/PolygonSciFiWorlds/Models/Collision/Custom/SM_Bld_Crate_Building_01_Collision.fbx using Guid(d2bf1bf126f4d0f4d88d527740c9f6d2) Importer(815301076,1909f56bfc062723c751e8b465ee728b)  -> (artifact id: 'bf6cc4694953a36dbf58f38401747e12') in 0.020885 seconds
Number of updated asset objects reloaded before import = 0
Number of asset objects unloaded after import = 7
========================================================================
Received Import Request.
  Time since last request: 0.000030 seconds.
  path: Assets/PolygonSciFiWorlds/Models/Collision/Custom/SM_Bld_Corp_LandingPad_02_Collision.fbx
  artifactKey: Guid(3cc4b107b1520d540843a8d1d9b8491f) Importer(815301076,1909f56bfc062723c751e8b465ee728b)
Start importing Assets/PolygonSciFiWorlds/Models/Collision/Custom/SM_Bld_Corp_LandingPad_02_Collision.fbx using Guid(3cc4b107b1520d540843a8d1d9b8491f) Importer(815301076,1909f56bfc062723c751e8b465ee728b)  -> (artifact id: '6e202b9320c26279ceef4b8c1d025e08') in 0.020942 seconds
Number of updated asset objects reloaded before import = 0
Number of asset objects unloaded after import = 7
========================================================================
Received Import Request.
  Time since last request: 0.000022 seconds.
  path: Assets/PolygonSciFiWorlds/Models/Collision/Custom/SM_Bld_Pod_Corridor_Round_Ramp_01_Collision.fbx
  artifactKey: Guid(870a5a56ab943f44dbbee9a512d2afa1) Importer(815301076,1909f56bfc062723c751e8b465ee728b)
Start importing Assets/PolygonSciFiWorlds/Models/Collision/Custom/SM_Bld_Pod_Corridor_Round_Ramp_01_Collision.fbx using Guid(870a5a56ab943f44dbbee9a512d2afa1) Importer(815301076,1909f56bfc062723c751e8b465ee728b)  -> (artifact id: 'a802e29aaf13331ef522c2167a9df4ef') in 0.020196 seconds
Number of updated asset objects reloaded before import = 0
Number of asset objects unloaded after import = 7
========================================================================
Received Import Request.
  Time since last request: 0.000029 seconds.
  path: Assets/PolygonSciFiWorlds/Models/Collision/Custom/SM_Bld_Pod_Corridor_Round_04_Collision.fbx
  artifactKey: Guid(9162dbd4a0d57f043b96f7060547bd2b) Importer(815301076,1909f56bfc062723c751e8b465ee728b)
Start importing Assets/PolygonSciFiWorlds/Models/Collision/Custom/SM_Bld_Pod_Corridor_Round_04_Collision.fbx using Guid(9162dbd4a0d57f043b96f7060547bd2b) Importer(815301076,1909f56bfc062723c751e8b465ee728b)  -> (artifact id: '616ff95f87e26b3b025e346d62df2f60') in 0.020570 seconds
Number of updated asset objects reloaded before import = 0
Number of asset objects unloaded after import = 7
========================================================================
Received Import Request.
  Time since last request: 0.000041 seconds.
  path: Assets/PolygonSciFiWorlds/Models/Collision/Custom/SM_Bld_Pod_Corridor_Round_End_02_Collision.fbx
  artifactKey: Guid(6df68e5dd0c4dd843be62c3cfd3d798a) Importer(815301076,1909f56bfc062723c751e8b465ee728b)
Start importing Assets/PolygonSciFiWorlds/Models/Collision/Custom/SM_Bld_Pod_Corridor_Round_End_02_Collision.fbx using Guid(6df68e5dd0c4dd843be62c3cfd3d798a) Importer(815301076,1909f56bfc062723c751e8b465ee728b)  -> (artifact id: '71eac33c1d5209b6ca06bee011fd5dd3') in 0.022938 seconds
Number of updated asset objects reloaded before import = 0
Number of asset objects unloaded after import = 7
========================================================================
Received Import Request.
  Time since last request: 0.000027 seconds.
  path: Assets/PolygonSciFiWorlds/Models/Collision/Custom/SM_Bld_Corp_Wall_Gate_01_Towers_01_Collision.fbx
  artifactKey: Guid(752e867c106a5544e994c5f55dbef732) Importer(815301076,1909f56bfc062723c751e8b465ee728b)
Start importing Assets/PolygonSciFiWorlds/Models/Collision/Custom/SM_Bld_Corp_Wall_Gate_01_Towers_01_Collision.fbx using Guid(752e867c106a5544e994c5f55dbef732) Importer(815301076,1909f56bfc062723c751e8b465ee728b)  -> (artifact id: '4fb075c88898f5077786009da1f57281') in 0.021702 seconds
Number of updated asset objects reloaded before import = 0
Number of asset objects unloaded after import = 7
========================================================================
Received Import Request.
  Time since last request: 0.000022 seconds.
  path: Assets/PolygonSciFiWorlds/Models/Collision/Custom/SM_Bld_Corp_Wall_01_Half_01_Collision.fbx
  artifactKey: Guid(efac5186bd3cf434094fa720db1c6795) Importer(815301076,1909f56bfc062723c751e8b465ee728b)
Start importing Assets/PolygonSciFiWorlds/Models/Collision/Custom/SM_Bld_Corp_Wall_01_Half_01_Collision.fbx using Guid(efac5186bd3cf434094fa720db1c6795) Importer(815301076,1909f56bfc062723c751e8b465ee728b)  -> (artifact id: 'f1f5bba8bfb0a358cb13101ffcc7840b') in 0.021269 seconds
Number of updated asset objects reloaded before import = 0
Number of asset objects unloaded after import = 7
========================================================================
Received Import Request.
  Time since last request: 0.000046 seconds.
  path: Assets/PolygonSciFiWorlds/Models/Collision/Custom/SM_Bld_Door_Double_01_Collision.fbx
  artifactKey: Guid(6e4f520822150e94f925474ea5f493f8) Importer(815301076,1909f56bfc062723c751e8b465ee728b)
Start importing Assets/PolygonSciFiWorlds/Models/Collision/Custom/SM_Bld_Door_Double_01_Collision.fbx using Guid(6e4f520822150e94f925474ea5f493f8) Importer(815301076,1909f56bfc062723c751e8b465ee728b)  -> (artifact id: 'eaca7c16f9b860041628bf72c513d61a') in 0.020850 seconds
Number of updated asset objects reloaded before import = 0
Number of asset objects unloaded after import = 7
========================================================================
Received Import Request.
  Time since last request: 0.000041 seconds.
  path: Assets/PolygonSciFiWorlds/Models/Collision/Custom/SM_Bld_Pod_Corridor_Square_Connector_01_Collision.fbx
  artifactKey: Guid(764e0ee90fb9447479ab123a29a872ae) Importer(815301076,1909f56bfc062723c751e8b465ee728b)
Start importing Assets/PolygonSciFiWorlds/Models/Collision/Custom/SM_Bld_Pod_Corridor_Square_Connector_01_Collision.fbx using Guid(764e0ee90fb9447479ab123a29a872ae) Importer(815301076,1909f56bfc062723c751e8b465ee728b)  -> (artifact id: '7dd74bd96eab8938d0ae6d703136bfce') in 0.025477 seconds
Number of updated asset objects reloaded before import = 0
Number of asset objects unloaded after import = 7
========================================================================
Received Import Request.
  Time since last request: 0.000039 seconds.
  path: Assets/PolygonSciFiWorlds/Models/Collision/Custom/SM_Bld_Corp_Wall_02_Collision.fbx
  artifactKey: Guid(8c4db42dc05ee4f4782abaf9a3b5c748) Importer(815301076,1909f56bfc062723c751e8b465ee728b)
Start importing Assets/PolygonSciFiWorlds/Models/Collision/Custom/SM_Bld_Corp_Wall_02_Collision.fbx using Guid(8c4db42dc05ee4f4782abaf9a3b5c748) Importer(815301076,1909f56bfc062723c751e8b465ee728b)  -> (artifact id: '2cf85f08422833d83c5c44ef4780071e') in 0.022392 seconds
Number of updated asset objects reloaded before import = 0
Number of asset objects unloaded after import = 7
========================================================================
Received Import Request.
  Time since last request: 0.000077 seconds.
  path: Assets/PolygonSciFiWorlds/Models/Collision/Custom/SM_Bld_Door_Double_04_Collision.fbx
  artifactKey: Guid(bc404f93b5b12b74082bcd302222801c) Importer(815301076,1909f56bfc062723c751e8b465ee728b)
Start importing Assets/PolygonSciFiWorlds/Models/Collision/Custom/SM_Bld_Door_Double_04_Collision.fbx using Guid(bc404f93b5b12b74082bcd302222801c) Importer(815301076,1909f56bfc062723c751e8b465ee728b)  -> (artifact id: '08dfdf24003ff8f9fad62cc875bbedda') in 0.020647 seconds
Number of updated asset objects reloaded before import = 0
Number of asset objects unloaded after import = 7
========================================================================
Received Import Request.
  Time since last request: 0.000032 seconds.
  path: Assets/PolygonSciFiWorlds/Models/Collision/Custom/SM_Bld_LaunchPad_01_Collision.fbx
  artifactKey: Guid(7af4759daba700544b6435044ff1cd7d) Importer(815301076,1909f56bfc062723c751e8b465ee728b)
Start importing Assets/PolygonSciFiWorlds/Models/Collision/Custom/SM_Bld_LaunchPad_01_Collision.fbx using Guid(7af4759daba700544b6435044ff1cd7d) Importer(815301076,1909f56bfc062723c751e8b465ee728b)  -> (artifact id: 'abede89b9d4aa57c9f5da47035acfc8f') in 0.022835 seconds
Number of updated asset objects reloaded before import = 0
Number of asset objects unloaded after import = 7
========================================================================
Received Import Request.
  Time since last request: 0.000024 seconds.
  path: Assets/PolygonSciFiWorlds/Models/Collision/Custom/SM_Bld_Pod_Corridor_Round_04_Platform_01_Collision.fbx
  artifactKey: Guid(fcc8a057ca3047d4281013fcda611d93) Importer(815301076,1909f56bfc062723c751e8b465ee728b)
Start importing Assets/PolygonSciFiWorlds/Models/Collision/Custom/SM_Bld_Pod_Corridor_Round_04_Platform_01_Collision.fbx using Guid(fcc8a057ca3047d4281013fcda611d93) Importer(815301076,1909f56bfc062723c751e8b465ee728b)  -> (artifact id: 'aa3ce7d8fa1071721fe33f32c9b90904') in 0.024424 seconds
Number of updated asset objects reloaded before import = 0
Number of asset objects unloaded after import = 7
========================================================================
Received Import Request.
  Time since last request: 0.000032 seconds.
  path: Assets/PolygonSciFiWorlds/Models/Collision/Custom/SM_Bld_Crate_Building_02_Collision.fbx
  artifactKey: Guid(98fbc60d4d7664a46a3d95c0b4a76f72) Importer(815301076,1909f56bfc062723c751e8b465ee728b)
Start importing Assets/PolygonSciFiWorlds/Models/Collision/Custom/SM_Bld_Crate_Building_02_Collision.fbx using Guid(98fbc60d4d7664a46a3d95c0b4a76f72) Importer(815301076,1909f56bfc062723c751e8b465ee728b)  -> (artifact id: '61a8e31fb6e0aaa54cb79be1f52c21e3') in 0.025068 seconds
Number of updated asset objects reloaded before import = 0
Number of asset objects unloaded after import = 7
========================================================================
Received Import Request.
  Time since last request: 0.000043 seconds.
  path: Assets/PolygonSciFiWorlds/Models/Collision/Custom/SM_Bld_Corp_Wall_01_Ramp_01_Collision.fbx
  artifactKey: Guid(c2c0a58083544d34080d54a1c22becb2) Importer(815301076,1909f56bfc062723c751e8b465ee728b)
Start importing Assets/PolygonSciFiWorlds/Models/Collision/Custom/SM_Bld_Corp_Wall_01_Ramp_01_Collision.fbx using Guid(c2c0a58083544d34080d54a1c22becb2) Importer(815301076,1909f56bfc062723c751e8b465ee728b)  -> (artifact id: 'c6271d308a9d6c9af692ff7aedde4514') in 0.024321 seconds
Number of updated asset objects reloaded before import = 0
Number of asset objects unloaded after import = 7
========================================================================
Received Import Request.
  Time since last request: 0.000024 seconds.
  path: Assets/PolygonSciFiWorlds/Models/Collision/Custom/SM_Bld_Pod_Corridor_Square_05_Collision.fbx
  artifactKey: Guid(7d0341b6abd37ef4c901ce985f52152a) Importer(815301076,1909f56bfc062723c751e8b465ee728b)
Start importing Assets/PolygonSciFiWorlds/Models/Collision/Custom/SM_Bld_Pod_Corridor_Square_05_Collision.fbx using Guid(7d0341b6abd37ef4c901ce985f52152a) Importer(815301076,1909f56bfc062723c751e8b465ee728b)  -> (artifact id: '934516285c4d3411d27112e40f70eb6f') in 0.024571 seconds
Number of updated asset objects reloaded before import = 0
Number of asset objects unloaded after import = 7
========================================================================
Received Import Request.
  Time since last request: 0.000029 seconds.
  path: Assets/PolygonSciFiWorlds/Models/Collision/Custom/SM_Bld_Corp_Platform_01_Collision.fbx
  artifactKey: Guid(94694a6cd3ab24146b5067d2bf237c9e) Importer(815301076,1909f56bfc062723c751e8b465ee728b)
Start importing Assets/PolygonSciFiWorlds/Models/Collision/Custom/SM_Bld_Corp_Platform_01_Collision.fbx using Guid(94694a6cd3ab24146b5067d2bf237c9e) Importer(815301076,1909f56bfc062723c751e8b465ee728b)  -> (artifact id: 'c8babc07156d875a6c34a613c38ac5c0') in 0.024885 seconds
Number of updated asset objects reloaded before import = 0
Number of asset objects unloaded after import = 7
========================================================================
Received Import Request.
  Time since last request: 0.000032 seconds.
  path: Assets/PolygonSciFiWorlds/Models/Collision/Custom/SM_Bld_Pod_Corridor_Round_Support_01_Collision.fbx
  artifactKey: Guid(58a2b463bf1a5644897090ed3d880003) Importer(815301076,1909f56bfc062723c751e8b465ee728b)
Start importing Assets/PolygonSciFiWorlds/Models/Collision/Custom/SM_Bld_Pod_Corridor_Round_Support_01_Collision.fbx using Guid(58a2b463bf1a5644897090ed3d880003) Importer(815301076,1909f56bfc062723c751e8b465ee728b)  -> (artifact id: '3bf75ee1d9096e64dab886bef04229f9') in 0.021615 seconds
Number of updated asset objects reloaded before import = 0
Number of asset objects unloaded after import = 7
========================================================================
Received Import Request.
  Time since last request: 0.000023 seconds.
  path: Assets/PolygonSciFiWorlds/Models/Collision/Custom/SM_Bld_Door_Double_05_Collision.fbx
  artifactKey: Guid(07bb35299feb53e4b8dfed4896cab1e4) Importer(815301076,1909f56bfc062723c751e8b465ee728b)
Start importing Assets/PolygonSciFiWorlds/Models/Collision/Custom/SM_Bld_Door_Double_05_Collision.fbx using Guid(07bb35299feb53e4b8dfed4896cab1e4) Importer(815301076,1909f56bfc062723c751e8b465ee728b)  -> (artifact id: '814dcbeb8e252f7b7b6a928f302d33df') in 0.021840 seconds
Number of updated asset objects reloaded before import = 0
Number of asset objects unloaded after import = 7
========================================================================
Received Import Request.
  Time since last request: 0.000040 seconds.
  path: Assets/PolygonSciFiWorlds/Models/Collision/Custom/SM_Bld_Pod_Air_Lock_01_Collision.fbx
  artifactKey: Guid(e6510c40aa769c64ea058b0a56b2a008) Importer(815301076,1909f56bfc062723c751e8b465ee728b)
Start importing Assets/PolygonSciFiWorlds/Models/Collision/Custom/SM_Bld_Pod_Air_Lock_01_Collision.fbx using Guid(e6510c40aa769c64ea058b0a56b2a008) Importer(815301076,1909f56bfc062723c751e8b465ee728b)  -> (artifact id: '8d809cc45051f84806898a2a0bb35747') in 0.021271 seconds
Number of updated asset objects reloaded before import = 0
Number of asset objects unloaded after import = 7
========================================================================
Received Import Request.
  Time since last request: 0.000036 seconds.
  path: Assets/PolygonSciFiWorlds/Models/Collision/Custom/SM_Bld_Pod_Corridor_Round_Connector_01_Collision.fbx
  artifactKey: Guid(6842561e080c25f46a082994086a23ee) Importer(815301076,1909f56bfc062723c751e8b465ee728b)
Start importing Assets/PolygonSciFiWorlds/Models/Collision/Custom/SM_Bld_Pod_Corridor_Round_Connector_01_Collision.fbx using Guid(6842561e080c25f46a082994086a23ee) Importer(815301076,1909f56bfc062723c751e8b465ee728b)  -> (artifact id: 'e1200a6496beff325fb6f3f61286ffb2') in 0.052623 seconds
Number of updated asset objects reloaded before import = 0
Number of asset objects unloaded after import = 7
========================================================================
Received Import Request.
  Time since last request: 0.000026 seconds.
  path: Assets/PolygonSciFiWorlds/Models/Collision/Custom/SM_Bld_Elevator_Hover_Double_02_Collision.fbx
  artifactKey: Guid(40c8d35bd6c55cc41b176748cad9d441) Importer(815301076,1909f56bfc062723c751e8b465ee728b)
Start importing Assets/PolygonSciFiWorlds/Models/Collision/Custom/SM_Bld_Elevator_Hover_Double_02_Collision.fbx using Guid(40c8d35bd6c55cc41b176748cad9d441) Importer(815301076,1909f56bfc062723c751e8b465ee728b)  -> (artifact id: '80c311ddd7c78e6f9a444b225e446928') in 0.020615 seconds
Number of updated asset objects reloaded before import = 0
Number of asset objects unloaded after import = 7
========================================================================
Received Import Request.
  Time since last request: 0.000030 seconds.
  path: Assets/PolygonSciFiWorlds/Models/Collision/Custom/SM_Bld_Pod_Corridor_Square_03_Collision.fbx
  artifactKey: Guid(1bc21bcc4ac414846a35a46261efcf81) Importer(815301076,1909f56bfc062723c751e8b465ee728b)
Start importing Assets/PolygonSciFiWorlds/Models/Collision/Custom/SM_Bld_Pod_Corridor_Square_03_Collision.fbx using Guid(1bc21bcc4ac414846a35a46261efcf81) Importer(815301076,1909f56bfc062723c751e8b465ee728b)  -> (artifact id: '6e7f2567d5271241defb4662a9e316bb') in 0.021098 seconds
Number of updated asset objects reloaded before import = 0
Number of asset objects unloaded after import = 7
========================================================================
Received Import Request.
  Time since last request: 0.000035 seconds.
  path: Assets/PolygonSciFiWorlds/Models/Collision/Custom/SM_Bld_Door_Double_02_Collision.fbx
  artifactKey: Guid(c8b2e8ec1e57f4843aded6173402b370) Importer(815301076,1909f56bfc062723c751e8b465ee728b)
Start importing Assets/PolygonSciFiWorlds/Models/Collision/Custom/SM_Bld_Door_Double_02_Collision.fbx using Guid(c8b2e8ec1e57f4843aded6173402b370) Importer(815301076,1909f56bfc062723c751e8b465ee728b)  -> (artifact id: '5763f433c11b91781889a59d4b4c9142') in 0.021061 seconds
Number of updated asset objects reloaded before import = 0
Number of asset objects unloaded after import = 7
========================================================================
Received Import Request.
  Time since last request: 0.000033 seconds.
  path: Assets/PolygonSciFiWorlds/Models/Collision/Custom/SM_Bld_Door_Double_03_Collision.fbx
  artifactKey: Guid(a31df9de9ec456244836ad170287b4c1) Importer(815301076,1909f56bfc062723c751e8b465ee728b)
Start importing Assets/PolygonSciFiWorlds/Models/Collision/Custom/SM_Bld_Door_Double_03_Collision.fbx using Guid(a31df9de9ec456244836ad170287b4c1) Importer(815301076,1909f56bfc062723c751e8b465ee728b)  -> (artifact id: '5d85ab68d8123e208220efa22e98d063') in 0.013007 seconds
Number of updated asset objects reloaded before import = 0
Number of asset objects unloaded after import = 7
========================================================================
Received Import Request.
  Time since last request: 0.000024 seconds.
  path: Assets/PolygonSciFiWorlds/Models/Collision/Custom/SM_Bld_Crate_Building_Balcony_01_Collision.fbx
  artifactKey: Guid(20658986ffafb5742ba5c97793a9beb7) Importer(815301076,1909f56bfc062723c751e8b465ee728b)
Start importing Assets/PolygonSciFiWorlds/Models/Collision/Custom/SM_Bld_Crate_Building_Balcony_01_Collision.fbx using Guid(20658986ffafb5742ba5c97793a9beb7) Importer(815301076,1909f56bfc062723c751e8b465ee728b)  -> (artifact id: '70d830083459708c0ffd8d4c4ac0d3f3') in 0.023731 seconds
Number of updated asset objects reloaded before import = 0
Number of asset objects unloaded after import = 7
========================================================================
Received Import Request.
  Time since last request: 0.000029 seconds.
  path: Assets/PolygonSciFiWorlds/Models/Collision/Custom/SM_Bld_Corp_Barracks_01_Collision.fbx
  artifactKey: Guid(ccc86b8e80931eb478225441318e1936) Importer(815301076,1909f56bfc062723c751e8b465ee728b)
Start importing Assets/PolygonSciFiWorlds/Models/Collision/Custom/SM_Bld_Corp_Barracks_01_Collision.fbx using Guid(ccc86b8e80931eb478225441318e1936) Importer(815301076,1909f56bfc062723c751e8b465ee728b)  -> (artifact id: '9cf544d8a3817f15eea9a335b494bcda') in 0.026443 seconds
Number of updated asset objects reloaded before import = 0
Number of asset objects unloaded after import = 7
========================================================================
Received Import Request.
  Time since last request: 0.000031 seconds.
  path: Assets/PolygonSciFiWorlds/Models/Collision/Custom/SM_Bld_Door_Garage_01_Collision.fbx
  artifactKey: Guid(86c97deb6e5cd3843820561e57f54618) Importer(815301076,1909f56bfc062723c751e8b465ee728b)
Start importing Assets/PolygonSciFiWorlds/Models/Collision/Custom/SM_Bld_Door_Garage_01_Collision.fbx using Guid(86c97deb6e5cd3843820561e57f54618) Importer(815301076,1909f56bfc062723c751e8b465ee728b)  -> (artifact id: 'c17b57b84d7ac2344dd74d09da1faea8') in 0.026314 seconds
Number of updated asset objects reloaded before import = 0
Number of asset objects unloaded after import = 7
========================================================================
Received Import Request.
  Time since last request: 0.000031 seconds.
  path: Assets/PolygonSciFiWorlds/Models/Collision/Custom/SM_Bld_Corp_MobileSite_01_Collision.fbx
  artifactKey: Guid(ee6fe77a54b2eae4ba21b1529e56210a) Importer(815301076,1909f56bfc062723c751e8b465ee728b)
Start importing Assets/PolygonSciFiWorlds/Models/Collision/Custom/SM_Bld_Corp_MobileSite_01_Collision.fbx using Guid(ee6fe77a54b2eae4ba21b1529e56210a) Importer(815301076,1909f56bfc062723c751e8b465ee728b)  -> (artifact id: '5de8bb95dcce6a3a09bd062a8ef6c47e') in 0.027477 seconds
Number of updated asset objects reloaded before import = 0
Number of asset objects unloaded after import = 7
========================================================================
Received Import Request.
  Time since last request: 0.000030 seconds.
  path: Assets/PolygonSciFiWorlds/Models/Collision/Custom/SM_Bld_LaunchPad_02_Collision.fbx
  artifactKey: Guid(91827364d300aee4bad0031e1e96c63a) Importer(815301076,1909f56bfc062723c751e8b465ee728b)
Start importing Assets/PolygonSciFiWorlds/Models/Collision/Custom/SM_Bld_LaunchPad_02_Collision.fbx using Guid(91827364d300aee4bad0031e1e96c63a) Importer(815301076,1909f56bfc062723c751e8b465ee728b)  -> (artifact id: '6087a686487ad0dc519dc43488b611ed') in 0.074626 seconds
Number of updated asset objects reloaded before import = 0
Number of asset objects unloaded after import = 7
========================================================================
Received Import Request.
  Time since last request: 0.000032 seconds.
  path: Assets/PolygonSciFiWorlds/Models/Collision/Custom/SM_Bld_Door_Single_03_Collision.fbx
  artifactKey: Guid(e1780dd5455229c41ad6fd58c1d8ca92) Importer(815301076,1909f56bfc062723c751e8b465ee728b)
Start importing Assets/PolygonSciFiWorlds/Models/Collision/Custom/SM_Bld_Door_Single_03_Collision.fbx using Guid(e1780dd5455229c41ad6fd58c1d8ca92) Importer(815301076,1909f56bfc062723c751e8b465ee728b)  -> (artifact id: '26cc34185015148f9976a0332ec14add') in 0.026290 seconds
Number of updated asset objects reloaded before import = 0
Number of asset objects unloaded after import = 7
========================================================================
Received Import Request.
  Time since last request: 0.000050 seconds.
  path: Assets/PolygonSciFiWorlds/Models/Collision/Custom/SM_Bld_Pod_Air_Lock_02_Collision.fbx
  artifactKey: Guid(5b1e8c08eef1f3f4083fdccc0df2912d) Importer(815301076,1909f56bfc062723c751e8b465ee728b)
Start importing Assets/PolygonSciFiWorlds/Models/Collision/Custom/SM_Bld_Pod_Air_Lock_02_Collision.fbx using Guid(5b1e8c08eef1f3f4083fdccc0df2912d) Importer(815301076,1909f56bfc062723c751e8b465ee728b)  -> (artifact id: 'f455ad7f605e0f0db8c39307cf34cd9a') in 0.026446 seconds
Number of updated asset objects reloaded before import = 0
Number of asset objects unloaded after import = 7
========================================================================
Received Import Request.
  Time since last request: 0.000029 seconds.
  path: Assets/PolygonSciFiWorlds/Models/Collision/Custom/SM_Bld_Corp_Wall_Tower_Corner_01_Collision.fbx
  artifactKey: Guid(23a65a2da0233944f9bb59df2e5a2d46) Importer(815301076,1909f56bfc062723c751e8b465ee728b)
Start importing Assets/PolygonSciFiWorlds/Models/Collision/Custom/SM_Bld_Corp_Wall_Tower_Corner_01_Collision.fbx using Guid(23a65a2da0233944f9bb59df2e5a2d46) Importer(815301076,1909f56bfc062723c751e8b465ee728b)  -> (artifact id: 'b77b3b1d2a5081fd5880314d270c36ab') in 0.027295 seconds
Number of updated asset objects reloaded before import = 0
Number of asset objects unloaded after import = 7
========================================================================
Received Import Request.
  Time since last request: 0.000028 seconds.
  path: Assets/PolygonSciFiWorlds/Models/Collision/Custom/SM_Bld_Pod_Corridor_Round_03_Collision.fbx
  artifactKey: Guid(7eaaea427266b034aab1bdc7b77c639c) Importer(815301076,1909f56bfc062723c751e8b465ee728b)
Start importing Assets/PolygonSciFiWorlds/Models/Collision/Custom/SM_Bld_Pod_Corridor_Round_03_Collision.fbx using Guid(7eaaea427266b034aab1bdc7b77c639c) Importer(815301076,1909f56bfc062723c751e8b465ee728b)  -> (artifact id: 'a2b6848faf69d70f5d22d68b05ee94b1') in 0.027315 seconds
Number of updated asset objects reloaded before import = 0
Number of asset objects unloaded after import = 7
========================================================================
Received Import Request.
  Time since last request: 0.000027 seconds.
  path: Assets/PolygonSciFiWorlds/Models/Collision/Custom/SM_Bld_Door_Single_05_Collision.fbx
  artifactKey: Guid(833509ad9b0d9e943885257470d33b68) Importer(815301076,1909f56bfc062723c751e8b465ee728b)
Start importing Assets/PolygonSciFiWorlds/Models/Collision/Custom/SM_Bld_Door_Single_05_Collision.fbx using Guid(833509ad9b0d9e943885257470d33b68) Importer(815301076,1909f56bfc062723c751e8b465ee728b)  -> (artifact id: '3194d50e8d96593826581bbf10f0514c') in 0.019422 seconds
Number of updated asset objects reloaded before import = 0
Number of asset objects unloaded after import = 7
========================================================================
Received Import Request.
  Time since last request: 0.000030 seconds.
  path: Assets/PolygonSciFiWorlds/Models/Collision/Custom/SM_Bld_Corp_Comms_01_Collision.fbx
  artifactKey: Guid(50e45177310e07846b3f11fe88aa2993) Importer(815301076,1909f56bfc062723c751e8b465ee728b)
Start importing Assets/PolygonSciFiWorlds/Models/Collision/Custom/SM_Bld_Corp_Comms_01_Collision.fbx using Guid(50e45177310e07846b3f11fe88aa2993) Importer(815301076,1909f56bfc062723c751e8b465ee728b)  -> (artifact id: '2edb8e72c09a1d5aaf3e8aeafa18d14e') in 0.026171 seconds
Number of updated asset objects reloaded before import = 0
Number of asset objects unloaded after import = 7
========================================================================
Received Import Request.
  Time since last request: 0.000026 seconds.
  path: Assets/PolygonSciFiWorlds/Models/Collision/Custom/SM_Bld_Corp_Wall_Gate_01_Towers_01_Collision1.fbx
  artifactKey: Guid(d37048a2bd1fa2840be4d0d6e6c6ac24) Importer(815301076,1909f56bfc062723c751e8b465ee728b)
Start importing Assets/PolygonSciFiWorlds/Models/Collision/Custom/SM_Bld_Corp_Wall_Gate_01_Towers_01_Collision1.fbx using Guid(d37048a2bd1fa2840be4d0d6e6c6ac24) Importer(815301076,1909f56bfc062723c751e8b465ee728b)  -> (artifact id: '06c1f5a7fe054ca4faf16544bb5f7bc2') in 0.020688 seconds
Number of updated asset objects reloaded before import = 0
Number of asset objects unloaded after import = 7
========================================================================
Received Import Request.
  Time since last request: 0.000033 seconds.
  path: Assets/PolygonSciFiWorlds/Models/Collision/Custom/SM_Bld_Corp_Wall_01_Half_02_Collision.fbx
  artifactKey: Guid(88bdba0a424a3644684819085af2b185) Importer(815301076,1909f56bfc062723c751e8b465ee728b)
Start importing Assets/PolygonSciFiWorlds/Models/Collision/Custom/SM_Bld_Corp_Wall_01_Half_02_Collision.fbx using Guid(88bdba0a424a3644684819085af2b185) Importer(815301076,1909f56bfc062723c751e8b465ee728b)  -> (artifact id: '425967a7e190168e22d00d0a42165bc6') in 0.025676 seconds
Number of updated asset objects reloaded before import = 0
Number of asset objects unloaded after import = 7
========================================================================
Received Import Request.
  Time since last request: 0.000033 seconds.
  path: Assets/PolygonSciFiWorlds/Models/Collision/Custom/SM_Bld_Corp_Wall_Tower_01_Top_01_Collision.fbx
  artifactKey: Guid(d69508d64c1628d4994bd78f7d664fc8) Importer(815301076,1909f56bfc062723c751e8b465ee728b)
Start importing Assets/PolygonSciFiWorlds/Models/Collision/Custom/SM_Bld_Corp_Wall_Tower_01_Top_01_Collision.fbx using Guid(d69508d64c1628d4994bd78f7d664fc8) Importer(815301076,1909f56bfc062723c751e8b465ee728b)  -> (artifact id: 'b3606b7fb0b93b20f36c34e9c1a74e97') in 0.025433 seconds
Number of updated asset objects reloaded before import = 0
Number of asset objects unloaded after import = 7
========================================================================
Received Import Request.
  Time since last request: 0.000035 seconds.
  path: Assets/PolygonSciFiWorlds/Models/Collision/Custom/SM_Bld_Elevator_Double_01_Collision.fbx
  artifactKey: Guid(148b9c0de9f8d6b48bce02b1ec5b814c) Importer(815301076,1909f56bfc062723c751e8b465ee728b)
Start importing Assets/PolygonSciFiWorlds/Models/Collision/Custom/SM_Bld_Elevator_Double_01_Collision.fbx using Guid(148b9c0de9f8d6b48bce02b1ec5b814c) Importer(815301076,1909f56bfc062723c751e8b465ee728b)  -> (artifact id: 'c96ed359f4aa73fc758e047381634c79') in 0.023438 seconds
Number of updated asset objects reloaded before import = 0
Number of asset objects unloaded after import = 7
========================================================================
Received Import Request.
  Time since last request: 0.000039 seconds.
  path: Assets/PolygonSciFiWorlds/Models/Collision/Custom/SM_Bld_Door_Single_01_Collision.fbx
  artifactKey: Guid(cd6596217b30da844b2dedda8fc6ec84) Importer(815301076,1909f56bfc062723c751e8b465ee728b)
Start importing Assets/PolygonSciFiWorlds/Models/Collision/Custom/SM_Bld_Door_Single_01_Collision.fbx using Guid(cd6596217b30da844b2dedda8fc6ec84) Importer(815301076,1909f56bfc062723c751e8b465ee728b)  -> (artifact id: '4adcc1770e14bf06f10e3e029412ca5c') in 0.017227 seconds
Number of updated asset objects reloaded before import = 0
Number of asset objects unloaded after import = 7
========================================================================
Received Import Request.
  Time since last request: 0.000024 seconds.
  path: Assets/PolygonSciFiWorlds/Models/Collision/Custom/SM_Bld_Pod_Base_02_Collision.fbx
  artifactKey: Guid(f153d9bdae9abf04fa910e390144074b) Importer(815301076,1909f56bfc062723c751e8b465ee728b)
Start importing Assets/PolygonSciFiWorlds/Models/Collision/Custom/SM_Bld_Pod_Base_02_Collision.fbx using Guid(f153d9bdae9abf04fa910e390144074b) Importer(815301076,1909f56bfc062723c751e8b465ee728b)  -> (artifact id: 'f958b0a4dc3da682337f593d6fd37e2a') in 0.026562 seconds
Number of updated asset objects reloaded before import = 0
Number of asset objects unloaded after import = 7
========================================================================
Received Import Request.
  Time since last request: 0.000027 seconds.
  path: Assets/PolygonSciFiWorlds/Models/Collision/Custom/SM_Bld_Pod_Corridor_Round_02_Collision.fbx
  artifactKey: Guid(d9e56d39b0dbb5d4587b4d8d37d65f6b) Importer(815301076,1909f56bfc062723c751e8b465ee728b)
Start importing Assets/PolygonSciFiWorlds/Models/Collision/Custom/SM_Bld_Pod_Corridor_Round_02_Collision.fbx using Guid(d9e56d39b0dbb5d4587b4d8d37d65f6b) Importer(815301076,1909f56bfc062723c751e8b465ee728b)  -> (artifact id: 'a0d86a3a6538323b24c9cc0fb391898f') in 0.015470 seconds
Number of updated asset objects reloaded before import = 0
Number of asset objects unloaded after import = 7
