Using pre-set license
Built from '2022.3/staging' branch; Version is '2022.3.21f1 (bf09ca542b87) revision 12519882'; Using compiler version '192829333'; Build Type 'Release'
OS: 'Windows 11  (10.0.22631) 64bit Core' Language: 'en' Physical Memory: 16190 MB
BatchMode: 1, IsHumanControllingUs: 0, StartBugReporterOnCrash: 0, Is64bit: 1, IsPro: 1

COMMAND LINE ARGUMENTS:
C:\Program Files\Unity\Hub\Editor\2022.3.21f1\Editor\Unity.exe
-adb2
-batchMode
-noUpm
-name
AssetImportWorker3
-projectPath
C:/Users/KALAN/Desktop/GameDev Project/GameDev-Project/GameDevProject
-logFile
Logs/AssetImportWorker3.log
-srvPort
55200
Successfully changed project path to: C:/Users/KALAN/Desktop/GameDev Project/GameDev-Project/GameDevProject
C:/Users/KALAN/Desktop/GameDev Project/GameDev-Project/GameDevProject
[UnityMemory] Configuration Parameters - Can be set up in boot.config
    "memorysetup-bucket-allocator-granularity=16"
    "memorysetup-bucket-allocator-bucket-count=8"
    "memorysetup-bucket-allocator-block-size=33554432"
    "memorysetup-bucket-allocator-block-count=8"
    "memorysetup-main-allocator-block-size=16777216"
    "memorysetup-thread-allocator-block-size=16777216"
    "memorysetup-gfx-main-allocator-block-size=16777216"
    "memorysetup-gfx-thread-allocator-block-size=16777216"
    "memorysetup-cache-allocator-block-size=4194304"
    "memorysetup-typetree-allocator-block-size=2097152"
    "memorysetup-profiler-bucket-allocator-granularity=16"
    "memorysetup-profiler-bucket-allocator-bucket-count=8"
    "memorysetup-profiler-bucket-allocator-block-size=33554432"
    "memorysetup-profiler-bucket-allocator-block-count=8"
    "memorysetup-profiler-allocator-block-size=16777216"
    "memorysetup-profiler-editor-allocator-block-size=1048576"
    "memorysetup-temp-allocator-size-main=16777216"
    "memorysetup-job-temp-allocator-block-size=2097152"
    "memorysetup-job-temp-allocator-block-size-background=1048576"
    "memorysetup-job-temp-allocator-reduction-small-platforms=262144"
    "memorysetup-allocator-temp-initial-block-size-main=262144"
    "memorysetup-allocator-temp-initial-block-size-worker=262144"
    "memorysetup-temp-allocator-size-background-worker=32768"
    "memorysetup-temp-allocator-size-job-worker=262144"
    "memorysetup-temp-allocator-size-preload-manager=33554432"
    "memorysetup-temp-allocator-size-nav-mesh-worker=65536"
    "memorysetup-temp-allocator-size-audio-worker=65536"
    "memorysetup-temp-allocator-size-cloud-worker=32768"
    "memorysetup-temp-allocator-size-gi-baking-worker=262144"
    "memorysetup-temp-allocator-size-gfx=262144"
Player connection [15144] Host "[IP] 100.64.4.203 [Port] 0 [Flags] 2 [Guid] 770375462 [EditorId] 770375462 [Version] 1048832 [Id] WindowsEditor(7,DESKTOP-VNOATM0) [Debug] 1 [PackageName] WindowsEditor [ProjectName] Editor" joined multi-casting on [225.0.0.222:54997]...

Player connection [15144] Host "[IP] 100.64.4.203 [Port] 0 [Flags] 2 [Guid] 770375462 [EditorId] 770375462 [Version] 1048832 [Id] WindowsEditor(7,DESKTOP-VNOATM0) [Debug] 1 [PackageName] WindowsEditor [ProjectName] Editor" joined alternative multi-casting on [225.0.0.222:34997]...

[Physics::Module] Initialized MultithreadedJobDispatcher with 11 workers.
Refreshing native plugins compatible for Editor in 40.85 ms, found 3 plugins.
Preloading 0 native plugins for Editor in 0.00 ms.
Initialize engine version: 2022.3.21f1 (bf09ca542b87)
[Subsystems] Discovering subsystems at path C:/Program Files/Unity/Hub/Editor/2022.3.21f1/Editor/Data/Resources/UnitySubsystems
[Subsystems] Discovering subsystems at path C:/Users/KALAN/Desktop/GameDev Project/GameDev-Project/GameDevProject/Assets
GfxDevice: creating device client; threaded=0; jobified=0
Direct3D:
    Version:  Direct3D 11.0 [level 11.1]
    Renderer: NVIDIA GeForce GTX 1050 Ti (ID=0x1c82)
    Vendor:   NVIDIA
    VRAM:     4017 MB
    Driver:   31.0.15.3118
Initialize mono
Mono path[0] = 'C:/Program Files/Unity/Hub/Editor/2022.3.21f1/Editor/Data/Managed'
Mono path[1] = 'C:/Program Files/Unity/Hub/Editor/2022.3.21f1/Editor/Data/MonoBleedingEdge/lib/mono/unityjit-win32'
Mono config path = 'C:/Program Files/Unity/Hub/Editor/2022.3.21f1/Editor/Data/MonoBleedingEdge/etc'
Using monoOptions --debugger-agent=transport=dt_socket,embedding=1,server=y,suspend=n,address=127.0.0.1:56904
Begin MonoManager ReloadAssembly
Registering precompiled unity dll's ...
Register platform support module: C:/Program Files/Unity/Hub/Editor/2022.3.21f1/Editor/Data/PlaybackEngines/WindowsStandaloneSupport/UnityEditor.WindowsStandalone.Extensions.dll
Registered in 0.021627 seconds.
- Loaded All Assemblies, in  0.557 seconds
Native extension for WindowsStandalone target not found
Mono: successfully reloaded assembly
- Finished resetting the current domain, in  0.321 seconds
Domain Reload Profiling: 873ms
	BeginReloadAssembly (201ms)
		ExecutionOrderSort (0ms)
		DisableScriptedObjects (0ms)
		BackupInstance (0ms)
		ReleaseScriptingObjects (0ms)
		CreateAndSetChildDomain (1ms)
	RebuildCommonClasses (47ms)
	RebuildNativeTypeToScriptingClass (12ms)
	initialDomainReloadingComplete (96ms)
	LoadAllAssembliesAndSetupDomain (195ms)
		LoadAssemblies (196ms)
		RebuildTransferFunctionScriptingTraits (0ms)
		AnalyzeDomain (191ms)
			TypeCache.Refresh (190ms)
				TypeCache.ScanAssembly (168ms)
			ScanForSourceGeneratedMonoScriptInfo (0ms)
			ResolveRequiredComponents (1ms)
	FinalizeReload (321ms)
		ReleaseScriptCaches (0ms)
		RebuildScriptCaches (0ms)
		SetupLoadedEditorAssemblies (248ms)
			LogAssemblyErrors (0ms)
			InitializePlatformSupportModulesInManaged (14ms)
			SetLoadedEditorAssemblies (9ms)
			RefreshPlugins (0ms)
			BeforeProcessingInitializeOnLoad (2ms)
			ProcessInitializeOnLoadAttributes (164ms)
			ProcessInitializeOnLoadMethodAttributes (58ms)
			AfterProcessingInitializeOnLoad (0ms)
			EditorAssembliesLoaded (0ms)
		ExecutionOrderSort2 (0ms)
		AwakeInstancesAfterBackupRestoration (0ms)
========================================================================
Worker process is ready to serve import requests
Begin MonoManager ReloadAssembly
Symbol file LoadedFromMemory is not a mono symbol file
- Loaded All Assemblies, in  1.068 seconds
Refreshing native plugins compatible for Editor in 20.79 ms, found 3 plugins.
Native extension for WindowsStandalone target not found
Package Manager log level set to [2]
[Package Manager] Server::EnsureServerProcessIsRunning -- launch failed, reason: Unity was launched with the -noUpm command-line argument
[Package Manager] UpmClient::Send -- Unable to send message (not connected to UPM process).
[Package Manager] Cannot connect to Unity Package Manager local server
Mono: successfully reloaded assembly
- Finished resetting the current domain, in  0.937 seconds
Domain Reload Profiling: 1995ms
	BeginReloadAssembly (199ms)
		ExecutionOrderSort (0ms)
		DisableScriptedObjects (6ms)
		BackupInstance (0ms)
		ReleaseScriptingObjects (0ms)
		CreateAndSetChildDomain (22ms)
	RebuildCommonClasses (37ms)
	RebuildNativeTypeToScriptingClass (12ms)
	initialDomainReloadingComplete (57ms)
	LoadAllAssembliesAndSetupDomain (752ms)
		LoadAssemblies (598ms)
		RebuildTransferFunctionScriptingTraits (0ms)
		AnalyzeDomain (278ms)
			TypeCache.Refresh (238ms)
				TypeCache.ScanAssembly (213ms)
			ScanForSourceGeneratedMonoScriptInfo (33ms)
			ResolveRequiredComponents (5ms)
	FinalizeReload (938ms)
		ReleaseScriptCaches (0ms)
		RebuildScriptCaches (0ms)
		SetupLoadedEditorAssemblies (768ms)
			LogAssemblyErrors (0ms)
			InitializePlatformSupportModulesInManaged (10ms)
			SetLoadedEditorAssemblies (4ms)
			RefreshPlugins (0ms)
			BeforeProcessingInitializeOnLoad (104ms)
			ProcessInitializeOnLoadAttributes (418ms)
			ProcessInitializeOnLoadMethodAttributes (211ms)
			AfterProcessingInitializeOnLoad (21ms)
			EditorAssembliesLoaded (0ms)
		ExecutionOrderSort2 (0ms)
		AwakeInstancesAfterBackupRestoration (9ms)
Launched and connected shader compiler UnityShaderCompiler.exe after 0.09 seconds
Refreshing native plugins compatible for Editor in 21.19 ms, found 3 plugins.
Preloading 0 native plugins for Editor in 0.00 ms.
Unloading 4253 Unused Serialized files (Serialized files now loaded: 0)
Unloading 72 unused Assets / (73.9 KB). Loaded Objects now: 4690.
Memory consumption went from 151.8 MB to 151.7 MB.
Total: 7.946500 ms (FindLiveObjects: 0.313700 ms CreateObjectMapping: 0.267700 ms MarkObjects: 7.229100 ms  DeleteObjects: 0.135100 ms)

AssetImportParameters requested are different than current active one (requested -> active):
  custom:container-demuxer-ogg: 62fdf1f143b41e24485cea50d1cbac27 -> 
  custom:video-decoder-ogg-theora: a1e56fd34408186e4bbccfd4996cb3dc -> 
  custom:framework-win-MediaFoundation: 216162199b28c13a410421893ffa2e32 -> 
  custom:CustomObjectIndexerAttribute: 9a22284fe3817be447336de3de66b15e -> 
  custom:container-demuxer-webm: 4f35f7cbe854078d1ac9338744f61a02 -> 
  custom:container-muxer-webm: aa71ff27fc2769a1b78a27578f13a17b -> 
  custom:video-decoder-webm-vp8: 9c59270c3fd7afecdb556c50c9e8de78 -> 
  custom:SearchIndexIgnoredProperties: e643bd26f0fe6173181afceb89e7c659 -> 
  custom:AudioImporter_EditorPlatform: d09bf68614088b80899f8185d706f6e7 -> 
  custom:video-encoder-webm-vp8: eb34c28f22e8b96e1ab97ce403110664 -> 
  custom:audio-decoder-ogg-vorbis: bf7c407c2cedff20999df2af8eb42d56 -> 
  custom:audio-encoder-webm-vorbis: bf7c407c2cedff20999df2af8eb42d56 -> 
========================================================================
Received Import Request.
  Time since last request: 511528.328165 seconds.
  path: Assets/PolygonSciFiWorlds/Textures/Alts/Materials/PolygonScifiWorlds_Texture_04_A.mat
  artifactKey: Guid(1acbc72a410eb734489ebbb85c5195df) Importer(815301076,1909f56bfc062723c751e8b465ee728b)
Start importing Assets/PolygonSciFiWorlds/Textures/Alts/Materials/PolygonScifiWorlds_Texture_04_A.mat using Guid(1acbc72a410eb734489ebbb85c5195df) Importer(815301076,1909f56bfc062723c751e8b465ee728b)  -> (artifact id: 'cf10fca9a8af70e32836d784a8f299e9') in 0.207442 seconds
Number of updated asset objects reloaded before import = 0
Number of asset objects unloaded after import = 2
========================================================================
Received Import Request.
  Time since last request: 479.713497 seconds.
  path: Assets/PolygonSciFiWorlds/Textures/FX/Circle_Tex_Dark.png
  artifactKey: Guid(ce0f11e8fecec8e4498a79caba0a2e5e) Importer(815301076,1909f56bfc062723c751e8b465ee728b)
Start importing Assets/PolygonSciFiWorlds/Textures/FX/Circle_Tex_Dark.png using Guid(ce0f11e8fecec8e4498a79caba0a2e5e) Importer(815301076,1909f56bfc062723c751e8b465ee728b)  -> (artifact id: 'dd90bea6866f9f96a73bc7e9b3a6f865') in 0.098786 seconds
Number of updated asset objects reloaded before import = 0
Number of asset objects unloaded after import = 2
========================================================================
Received Import Request.
  Time since last request: 0.000026 seconds.
  path: Assets/PolygonSciFiWorlds/Textures/FX/Plain_White.png
  artifactKey: Guid(85391693e75fc8d4391a37a03aeb9d66) Importer(815301076,1909f56bfc062723c751e8b465ee728b)
Start importing Assets/PolygonSciFiWorlds/Textures/FX/Plain_White.png using Guid(85391693e75fc8d4391a37a03aeb9d66) Importer(815301076,1909f56bfc062723c751e8b465ee728b)  -> (artifact id: 'd3b6918b8a4699caa22cee3caf234737') in 0.014935 seconds
Number of updated asset objects reloaded before import = 0
Number of asset objects unloaded after import = 2
========================================================================
Received Import Request.
  Time since last request: 0.000020 seconds.
  path: Assets/PolygonSciFiWorlds/Textures/FX/Noise.png
  artifactKey: Guid(706593aa220b9384fa66709bddd1ea07) Importer(815301076,1909f56bfc062723c751e8b465ee728b)
Start importing Assets/PolygonSciFiWorlds/Textures/FX/Noise.png using Guid(706593aa220b9384fa66709bddd1ea07) Importer(815301076,1909f56bfc062723c751e8b465ee728b)  -> (artifact id: '742cd3923ae185b42f09ae9387b1aa6c') in 0.020592 seconds
Number of updated asset objects reloaded before import = 0
Number of asset objects unloaded after import = 2
========================================================================
Received Import Request.
  Time since last request: 0.000021 seconds.
  path: Assets/PolygonSciFiWorlds/Textures/FX/HoloLines_02.png
  artifactKey: Guid(e1a9333e10e8c594b89b3dfdbffd4ad9) Importer(815301076,1909f56bfc062723c751e8b465ee728b)
Start importing Assets/PolygonSciFiWorlds/Textures/FX/HoloLines_02.png using Guid(e1a9333e10e8c594b89b3dfdbffd4ad9) Importer(815301076,1909f56bfc062723c751e8b465ee728b)  -> (artifact id: '0518b8b65c4a75d9970eea4623e20b70') in 0.017164 seconds
Number of updated asset objects reloaded before import = 0
Number of asset objects unloaded after import = 2
========================================================================
Received Import Request.
  Time since last request: 0.000029 seconds.
  path: Assets/PolygonSciFiWorlds/Textures/FX/HoloLines_04.png
  artifactKey: Guid(b4339731db6161348af9bfd5d86a3ab0) Importer(815301076,1909f56bfc062723c751e8b465ee728b)
Start importing Assets/PolygonSciFiWorlds/Textures/FX/HoloLines_04.png using Guid(b4339731db6161348af9bfd5d86a3ab0) Importer(815301076,1909f56bfc062723c751e8b465ee728b)  -> (artifact id: '211a3b6e5fb635112c8d6f3539ec9126') in 0.015228 seconds
Number of updated asset objects reloaded before import = 0
Number of asset objects unloaded after import = 2
========================================================================
Received Import Request.
  Time since last request: 411.721947 seconds.
  path: Assets/PolygonSciFiWorlds/Materials/Environment/PolygonSciFiWorlds_Env_Triplanar_Corp.mat
  artifactKey: Guid(b6d898ce7e9b12246a4cd720eedbdac4) Importer(815301076,1909f56bfc062723c751e8b465ee728b)
Start importing Assets/PolygonSciFiWorlds/Materials/Environment/PolygonSciFiWorlds_Env_Triplanar_Corp.mat using Guid(b6d898ce7e9b12246a4cd720eedbdac4) Importer(815301076,1909f56bfc062723c751e8b465ee728b)  -> (artifact id: 'f31f90c760cce00c669820f96635f431') in 0.671390 seconds
Number of updated asset objects reloaded before import = 0
Number of asset objects unloaded after import = 15
========================================================================
Received Import Request.
  Time since last request: 0.000029 seconds.
  path: Assets/PolygonSciFiWorlds/Materials/Environment/PolygonSciFiWorlds_Env_Triplanar_Exp.mat
  artifactKey: Guid(55ce8a3b5a66efc4195e34019198cfba) Importer(815301076,1909f56bfc062723c751e8b465ee728b)
Start importing Assets/PolygonSciFiWorlds/Materials/Environment/PolygonSciFiWorlds_Env_Triplanar_Exp.mat using Guid(55ce8a3b5a66efc4195e34019198cfba) Importer(815301076,1909f56bfc062723c751e8b465ee728b)  -> (artifact id: 'daf5de7537ddfb4eba132f435f77b5b5') in 0.105705 seconds
Number of updated asset objects reloaded before import = 0
Number of asset objects unloaded after import = 14
========================================================================
Received Import Request.
  Time since last request: 0.000060 seconds.
  path: Assets/PolygonSciFiWorlds/Materials/Environment/PolygonSciFiWorlds_Env_Triplanar_Scav.mat
  artifactKey: Guid(6308c87608bdebf4a908dd89b0a27287) Importer(815301076,1909f56bfc062723c751e8b465ee728b)
Start importing Assets/PolygonSciFiWorlds/Materials/Environment/PolygonSciFiWorlds_Env_Triplanar_Scav.mat using Guid(6308c87608bdebf4a908dd89b0a27287) Importer(815301076,1909f56bfc062723c751e8b465ee728b)  -> (artifact id: '7bbe1802eea30d673d76968a49ec265f') in 0.109756 seconds
Number of updated asset objects reloaded before import = 0
Number of asset objects unloaded after import = 14
========================================================================
Received Import Request.
  Time since last request: 0.000035 seconds.
  path: Assets/PolygonSciFiWorlds/Materials/Environment/PolygonSciFiWorlds_Env_Triplanar_Grass.mat
  artifactKey: Guid(76839d293e7661f449a4680d623fb328) Importer(815301076,1909f56bfc062723c751e8b465ee728b)
Start importing Assets/PolygonSciFiWorlds/Materials/Environment/PolygonSciFiWorlds_Env_Triplanar_Grass.mat using Guid(76839d293e7661f449a4680d623fb328) Importer(815301076,1909f56bfc062723c751e8b465ee728b)  -> (artifact id: '0579e9f65d6f03b9d779fa7117157bc3') in 0.103488 seconds
Number of updated asset objects reloaded before import = 0
Number of asset objects unloaded after import = 15
========================================================================
Received Import Request.
  Time since last request: 1.527471 seconds.
  path: Assets/PolygonSciFiWorlds/Materials/Alts/PolygonScifiWorlds_Mat_01_A.mat
  artifactKey: Guid(04e71246c75bcad4bb526ab1430652ce) Importer(815301076,1909f56bfc062723c751e8b465ee728b)
Start importing Assets/PolygonSciFiWorlds/Materials/Alts/PolygonScifiWorlds_Mat_01_A.mat using Guid(04e71246c75bcad4bb526ab1430652ce) Importer(815301076,1909f56bfc062723c751e8b465ee728b)  -> (artifact id: '837f7379b23318457a3d0ab18a96c526') in 0.386692 seconds
Number of updated asset objects reloaded before import = 0
Number of asset objects unloaded after import = 4
========================================================================
Received Import Request.
  Time since last request: 0.000030 seconds.
  path: Assets/PolygonSciFiWorlds/Materials/Alts/PolygonScifiWorlds_Mat_02_A.mat
  artifactKey: Guid(a513f125a1a39d94ab8670fd0646eba0) Importer(815301076,1909f56bfc062723c751e8b465ee728b)
Start importing Assets/PolygonSciFiWorlds/Materials/Alts/PolygonScifiWorlds_Mat_02_A.mat using Guid(a513f125a1a39d94ab8670fd0646eba0) Importer(815301076,1909f56bfc062723c751e8b465ee728b)  -> (artifact id: '61825801a3a52674ddde1d5a6565139c') in 0.203897 seconds
Number of updated asset objects reloaded before import = 0
Number of asset objects unloaded after import = 4
========================================================================
Received Import Request.
  Time since last request: 0.000028 seconds.
  path: Assets/PolygonSciFiWorlds/Materials/Alts/PolygonScifiWorlds_Mat_04_C.mat
  artifactKey: Guid(e94c6df55c23461438121ac71f432855) Importer(815301076,1909f56bfc062723c751e8b465ee728b)
Start importing Assets/PolygonSciFiWorlds/Materials/Alts/PolygonScifiWorlds_Mat_04_C.mat using Guid(e94c6df55c23461438121ac71f432855) Importer(815301076,1909f56bfc062723c751e8b465ee728b)  -> (artifact id: 'bee1ae7ff50e512f8844990ff7845870') in 0.055557 seconds
Number of updated asset objects reloaded before import = 0
Number of asset objects unloaded after import = 4
========================================================================
Received Import Request.
  Time since last request: 0.000024 seconds.
  path: Assets/PolygonSciFiWorlds/Materials/Alts/PolygonScifiWorlds_Mat_03_C.mat
  artifactKey: Guid(1c9f93ad4f2d506419154ed414311926) Importer(815301076,1909f56bfc062723c751e8b465ee728b)
Start importing Assets/PolygonSciFiWorlds/Materials/Alts/PolygonScifiWorlds_Mat_03_C.mat using Guid(1c9f93ad4f2d506419154ed414311926) Importer(815301076,1909f56bfc062723c751e8b465ee728b)  -> (artifact id: '55dbfc65fc0c03a532cab688b3779c11') in 0.053378 seconds
Number of updated asset objects reloaded before import = 0
Number of asset objects unloaded after import = 4
========================================================================
Received Import Request.
  Time since last request: 0.000022 seconds.
  path: Assets/PolygonSciFiWorlds/Materials/Alts/PolygonScifiWorlds_Mat_04_A.mat
  artifactKey: Guid(de6d6ab781ef19743bbdf1511c21c170) Importer(815301076,1909f56bfc062723c751e8b465ee728b)
Start importing Assets/PolygonSciFiWorlds/Materials/Alts/PolygonScifiWorlds_Mat_04_A.mat using Guid(de6d6ab781ef19743bbdf1511c21c170) Importer(815301076,1909f56bfc062723c751e8b465ee728b)  -> (artifact id: '6308b308d4eae1eb5db2f6630274f047') in 0.063997 seconds
Number of updated asset objects reloaded before import = 0
Number of asset objects unloaded after import = 4
========================================================================
Received Import Request.
  Time since last request: 0.000021 seconds.
  path: Assets/PolygonSciFiWorlds/Materials/Alts/PolygonScifiWorlds_Mat_03_A.mat
  artifactKey: Guid(b62af2e3315b8064a99e673c7ff7bae4) Importer(815301076,1909f56bfc062723c751e8b465ee728b)
Start importing Assets/PolygonSciFiWorlds/Materials/Alts/PolygonScifiWorlds_Mat_03_A.mat using Guid(b62af2e3315b8064a99e673c7ff7bae4) Importer(815301076,1909f56bfc062723c751e8b465ee728b)  -> (artifact id: 'd984442c693093a00d195182b3442000') in 0.062878 seconds
Number of updated asset objects reloaded before import = 0
Number of asset objects unloaded after import = 4
========================================================================
Received Import Request.
  Time since last request: 0.000024 seconds.
  path: Assets/PolygonSciFiWorlds/Materials/Alts/PolygonScifiWorlds_Mat_03_B.mat
  artifactKey: Guid(d90dbc8fca21d5347bbe6442049fc7b1) Importer(815301076,1909f56bfc062723c751e8b465ee728b)
Start importing Assets/PolygonSciFiWorlds/Materials/Alts/PolygonScifiWorlds_Mat_03_B.mat using Guid(d90dbc8fca21d5347bbe6442049fc7b1) Importer(815301076,1909f56bfc062723c751e8b465ee728b)  -> (artifact id: 'd22c6250aa763728a173d097d9217ea1') in 0.066837 seconds
Number of updated asset objects reloaded before import = 0
Number of asset objects unloaded after import = 4
========================================================================
Received Import Request.
  Time since last request: 0.000032 seconds.
  path: Assets/PolygonSciFiWorlds/Materials/Alts/PolygonScifiWorlds_Mat_01_C.mat
  artifactKey: Guid(392a167932f104748904ba15009c0b9c) Importer(815301076,1909f56bfc062723c751e8b465ee728b)
Start importing Assets/PolygonSciFiWorlds/Materials/Alts/PolygonScifiWorlds_Mat_01_C.mat using Guid(392a167932f104748904ba15009c0b9c) Importer(815301076,1909f56bfc062723c751e8b465ee728b)  -> (artifact id: '7ff1e7d068b7fc728ea6625d49fd64e1') in 0.055969 seconds
Number of updated asset objects reloaded before import = 0
Number of asset objects unloaded after import = 4
========================================================================
Received Import Request.
  Time since last request: 0.058468 seconds.
  path: Assets/PolygonSciFiWorlds/Materials/FX/FX_Additive.mat
  artifactKey: Guid(e745ab8d859d17441ac06702807cdb44) Importer(815301076,1909f56bfc062723c751e8b465ee728b)
Start importing Assets/PolygonSciFiWorlds/Materials/FX/FX_Additive.mat using Guid(e745ab8d859d17441ac06702807cdb44) Importer(815301076,1909f56bfc062723c751e8b465ee728b)  -> (artifact id: '1fd4afbb1f6a71c3109304a71e974187') in 0.062517 seconds
Number of updated asset objects reloaded before import = 0
Number of asset objects unloaded after import = 1
========================================================================
Received Import Request.
  Time since last request: 0.000021 seconds.
  path: Assets/PolygonSciFiWorlds/Materials/FX/FX_Sprite.mat
  artifactKey: Guid(35243ab5160e3ca40a26459ba3d6aeea) Importer(815301076,1909f56bfc062723c751e8b465ee728b)
Start importing Assets/PolygonSciFiWorlds/Materials/FX/FX_Sprite.mat using Guid(35243ab5160e3ca40a26459ba3d6aeea) Importer(815301076,1909f56bfc062723c751e8b465ee728b)  -> (artifact id: '5d6ff4908770e8995b6bb6064a7a92c4') in 0.049937 seconds
Number of updated asset objects reloaded before import = 0
Number of asset objects unloaded after import = 2
========================================================================
Received Import Request.
  Time since last request: 0.000026 seconds.
  path: Assets/PolygonSciFiWorlds/Materials/FX/FX_Circle_Dark.mat
  artifactKey: Guid(6731077e258297b4087219fe8a106d23) Importer(815301076,1909f56bfc062723c751e8b465ee728b)
Start importing Assets/PolygonSciFiWorlds/Materials/FX/FX_Circle_Dark.mat using Guid(6731077e258297b4087219fe8a106d23) Importer(815301076,1909f56bfc062723c751e8b465ee728b)  -> (artifact id: 'b4c77cd143b0b0a9f33247945e6426ee') in 0.373038 seconds
Number of updated asset objects reloaded before import = 0
Number of asset objects unloaded after import = 2
========================================================================
Received Import Request.
  Time since last request: 0.000024 seconds.
  path: Assets/PolygonSciFiWorlds/Materials/FX/FX_Hologram_Sign_Mat.mat
  artifactKey: Guid(8431fcffbb1d5714baa450498f2c1384) Importer(815301076,1909f56bfc062723c751e8b465ee728b)
Start importing Assets/PolygonSciFiWorlds/Materials/FX/FX_Hologram_Sign_Mat.mat using Guid(8431fcffbb1d5714baa450498f2c1384) Importer(815301076,1909f56bfc062723c751e8b465ee728b)  -> (artifact id: '0995d309ad037117aeca07023aef52e1') in 0.319522 seconds
Number of updated asset objects reloaded before import = 0
Number of asset objects unloaded after import = 5
========================================================================
Received Import Request.
  Time since last request: 1087.415999 seconds.
  path: Assets/PolygonSciFiWorlds/Prefabs/FX/FX_Ships_Flying_01.prefab
  artifactKey: Guid(111fa6d5ebb72664c9bfca8c1e7be5b1) Importer(815301076,1909f56bfc062723c751e8b465ee728b)
Start importing Assets/PolygonSciFiWorlds/Prefabs/FX/FX_Ships_Flying_01.prefab using Guid(111fa6d5ebb72664c9bfca8c1e7be5b1) Importer(815301076,1909f56bfc062723c751e8b465ee728b)  -> (artifact id: 'e1c04414456e1f1d31ed3d08844f48c4') in 0.152210 seconds
Number of updated asset objects reloaded before import = 0
Number of asset objects unloaded after import = 13
========================================================================
Received Import Request.
  Time since last request: 0.000029 seconds.
  path: Assets/PolygonSciFiWorlds/Models/Collision/Custom/SM_Veh_DropShip_01_Collision.fbx
  artifactKey: Guid(a0f0f24442774e8449837a2023ea0b69) Importer(815301076,1909f56bfc062723c751e8b465ee728b)
Start importing Assets/PolygonSciFiWorlds/Models/Collision/Custom/SM_Veh_DropShip_01_Collision.fbx using Guid(a0f0f24442774e8449837a2023ea0b69) Importer(815301076,1909f56bfc062723c751e8b465ee728b)  -> (artifact id: 'e44b5e635187bb902ad2092d86e25f44') in 0.043297 seconds
Number of updated asset objects reloaded before import = 0
Number of asset objects unloaded after import = 7
========================================================================
Received Import Request.
  Time since last request: 0.000027 seconds.
  path: Assets/PolygonSciFiWorlds/Prefabs/Props/SM_Prop_Tether_Wire_Ship_01.prefab
  artifactKey: Guid(959caafa0e3371b45a454cb570eff184) Importer(815301076,1909f56bfc062723c751e8b465ee728b)
Start importing Assets/PolygonSciFiWorlds/Prefabs/Props/SM_Prop_Tether_Wire_Ship_01.prefab using Guid(959caafa0e3371b45a454cb570eff184) Importer(815301076,1909f56bfc062723c751e8b465ee728b)  -> (artifact id: '3183717245c87fe6c86bf4dce0f95bda') in 0.165664 seconds
Number of updated asset objects reloaded before import = 0
Number of asset objects unloaded after import = 11
========================================================================
Received Import Request.
  Time since last request: 0.000027 seconds.
  path: Assets/PolygonSciFiWorlds/Prefabs/FX/FX_Ships_Flying_02.prefab
  artifactKey: Guid(8f56ae14b8f4a354fb70cda8eb08d80d) Importer(815301076,1909f56bfc062723c751e8b465ee728b)
Start importing Assets/PolygonSciFiWorlds/Prefabs/FX/FX_Ships_Flying_02.prefab using Guid(8f56ae14b8f4a354fb70cda8eb08d80d) Importer(815301076,1909f56bfc062723c751e8b465ee728b)  -> (artifact id: '9f0ae2244246310a9d952ffaa9ca026d') in 0.024946 seconds
Number of updated asset objects reloaded before import = 0
Number of asset objects unloaded after import = 13
Editor requested this worker to shutdown with reason: Scaling down because of idle timeout
TcpMessagingSession - receive error: operation aborted. errorcode: 995, details: The I/O operation has been aborted because of either a thread exit or an application request.
AssetImportWorker is now disconnected from the server
Process exiting
Exiting without the bug reporter. Application will terminate with return code 0