Using pre-set license
Built from '2022.3/staging' branch; Version is '2022.3.21f1 (bf09ca542b87) revision 12519882'; Using compiler version '192829333'; Build Type 'Release'
OS: 'Windows 11  (10.0.22631) 64bit Professional' Language: 'en' Physical Memory: 32678 MB
BatchMode: 1, IsHumanControllingUs: 0, StartBugReporterOnCrash: 0, Is64bit: 1, IsPro: 1

COMMAND LINE ARGUMENTS:
C:\Program Files\Unity\Hub\Editor\2022.3.21f1\Editor\Unity.exe
-adb2
-batchMode
-noUpm
-name
AssetImportWorker3
-projectPath
C:/Users/Luke/Downloads/GameDev-Project/GameDevProject
-logFile
Logs/AssetImportWorker3.log
-srvPort
59640
Successfully changed project path to: C:/Users/Luke/Downloads/GameDev-Project/GameDevProject
C:/Users/Luke/Downloads/GameDev-Project/GameDevProject
[UnityMemory] Configuration Parameters - Can be set up in boot.config
    "memorysetup-bucket-allocator-granularity=16"
    "memorysetup-bucket-allocator-bucket-count=8"
    "memorysetup-bucket-allocator-block-size=33554432"
    "memorysetup-bucket-allocator-block-count=8"
    "memorysetup-main-allocator-block-size=16777216"
    "memorysetup-thread-allocator-block-size=16777216"
    "memorysetup-gfx-main-allocator-block-size=16777216"
    "memorysetup-gfx-thread-allocator-block-size=16777216"
    "memorysetup-cache-allocator-block-size=4194304"
    "memorysetup-typetree-allocator-block-size=2097152"
    "memorysetup-profiler-bucket-allocator-granularity=16"
    "memorysetup-profiler-bucket-allocator-bucket-count=8"
    "memorysetup-profiler-bucket-allocator-block-size=33554432"
    "memorysetup-profiler-bucket-allocator-block-count=8"
    "memorysetup-profiler-allocator-block-size=16777216"
    "memorysetup-profiler-editor-allocator-block-size=1048576"
    "memorysetup-temp-allocator-size-main=16777216"
    "memorysetup-job-temp-allocator-block-size=2097152"
    "memorysetup-job-temp-allocator-block-size-background=1048576"
    "memorysetup-job-temp-allocator-reduction-small-platforms=262144"
    "memorysetup-allocator-temp-initial-block-size-main=262144"
    "memorysetup-allocator-temp-initial-block-size-worker=262144"
    "memorysetup-temp-allocator-size-background-worker=32768"
    "memorysetup-temp-allocator-size-job-worker=262144"
    "memorysetup-temp-allocator-size-preload-manager=33554432"
    "memorysetup-temp-allocator-size-nav-mesh-worker=65536"
    "memorysetup-temp-allocator-size-audio-worker=65536"
    "memorysetup-temp-allocator-size-cloud-worker=32768"
    "memorysetup-temp-allocator-size-gi-baking-worker=262144"
    "memorysetup-temp-allocator-size-gfx=262144"
Player connection [16248] Host "[IP] 100.64.10.232 [Port] 0 [Flags] 2 [Guid] 2790830038 [EditorId] 2790830038 [Version] 1048832 [Id] WindowsEditor(7,DESKTOP-V4V1O5N) [Debug] 1 [PackageName] WindowsEditor [ProjectName] Editor" joined multi-casting on [225.0.0.222:54997]...

Player connection [16248] Host "[IP] 100.64.10.232 [Port] 0 [Flags] 2 [Guid] 2790830038 [EditorId] 2790830038 [Version] 1048832 [Id] WindowsEditor(7,DESKTOP-V4V1O5N) [Debug] 1 [PackageName] WindowsEditor [ProjectName] Editor" joined alternative multi-casting on [225.0.0.222:34997]...

[Physics::Module] Initialized MultithreadedJobDispatcher with 11 workers.
Refreshing native plugins compatible for Editor in 18.69 ms, found 3 plugins.
Preloading 0 native plugins for Editor in 0.00 ms.
Initialize engine version: 2022.3.21f1 (bf09ca542b87)
[Subsystems] Discovering subsystems at path C:/Program Files/Unity/Hub/Editor/2022.3.21f1/Editor/Data/Resources/UnitySubsystems
[Subsystems] Discovering subsystems at path C:/Users/Luke/Downloads/GameDev-Project/GameDevProject/Assets
GfxDevice: creating device client; threaded=0; jobified=0
Direct3D:
    Version:  Direct3D 11.0 [level 11.1]
    Renderer: NVIDIA GeForce RTX 3070 Ti (ID=0x2482)
    Vendor:   NVIDIA
    VRAM:     8017 MB
    Driver:   31.0.15.5212
Initialize mono
Mono path[0] = 'C:/Program Files/Unity/Hub/Editor/2022.3.21f1/Editor/Data/Managed'
Mono path[1] = 'C:/Program Files/Unity/Hub/Editor/2022.3.21f1/Editor/Data/MonoBleedingEdge/lib/mono/unityjit-win32'
Mono config path = 'C:/Program Files/Unity/Hub/Editor/2022.3.21f1/Editor/Data/MonoBleedingEdge/etc'
Using monoOptions --debugger-agent=transport=dt_socket,embedding=1,server=y,suspend=n,address=127.0.0.1:56260
Begin MonoManager ReloadAssembly
Registering precompiled unity dll's ...
Register platform support module: C:/Program Files/Unity/Hub/Editor/2022.3.21f1/Editor/Data/PlaybackEngines/WindowsStandaloneSupport/UnityEditor.WindowsStandalone.Extensions.dll
Registered in 0.007599 seconds.
- Loaded All Assemblies, in  0.334 seconds
Native extension for WindowsStandalone target not found
Mono: successfully reloaded assembly
- Finished resetting the current domain, in  0.264 seconds
Domain Reload Profiling: 597ms
	BeginReloadAssembly (109ms)
		ExecutionOrderSort (0ms)
		DisableScriptedObjects (0ms)
		BackupInstance (0ms)
		ReleaseScriptingObjects (0ms)
		CreateAndSetChildDomain (1ms)
	RebuildCommonClasses (30ms)
	RebuildNativeTypeToScriptingClass (10ms)
	initialDomainReloadingComplete (58ms)
	LoadAllAssembliesAndSetupDomain (125ms)
		LoadAssemblies (106ms)
		RebuildTransferFunctionScriptingTraits (0ms)
		AnalyzeDomain (124ms)
			TypeCache.Refresh (122ms)
				TypeCache.ScanAssembly (109ms)
			ScanForSourceGeneratedMonoScriptInfo (0ms)
			ResolveRequiredComponents (0ms)
	FinalizeReload (265ms)
		ReleaseScriptCaches (0ms)
		RebuildScriptCaches (0ms)
		SetupLoadedEditorAssemblies (206ms)
			LogAssemblyErrors (0ms)
			InitializePlatformSupportModulesInManaged (7ms)
			SetLoadedEditorAssemblies (7ms)
			RefreshPlugins (0ms)
			BeforeProcessingInitializeOnLoad (2ms)
			ProcessInitializeOnLoadAttributes (140ms)
			ProcessInitializeOnLoadMethodAttributes (49ms)
			AfterProcessingInitializeOnLoad (0ms)
			EditorAssembliesLoaded (0ms)
		ExecutionOrderSort2 (0ms)
		AwakeInstancesAfterBackupRestoration (0ms)
========================================================================
Worker process is ready to serve import requests
Begin MonoManager ReloadAssembly
Symbol file LoadedFromMemory is not a mono symbol file
- Loaded All Assemblies, in  0.724 seconds
Refreshing native plugins compatible for Editor in 10.63 ms, found 3 plugins.
Native extension for WindowsStandalone target not found
Package Manager log level set to [2]
[Package Manager] Server::EnsureServerProcessIsRunning -- launch failed, reason: Unity was launched with the -noUpm command-line argument
[Package Manager] UpmClient::Send -- Unable to send message (not connected to UPM process).
[Package Manager] Cannot connect to Unity Package Manager local server
Mono: successfully reloaded assembly
- Finished resetting the current domain, in  0.855 seconds
Domain Reload Profiling: 1573ms
	BeginReloadAssembly (147ms)
		ExecutionOrderSort (0ms)
		DisableScriptedObjects (4ms)
		BackupInstance (0ms)
		ReleaseScriptingObjects (0ms)
		CreateAndSetChildDomain (21ms)
	RebuildCommonClasses (31ms)
	RebuildNativeTypeToScriptingClass (9ms)
	initialDomainReloadingComplete (46ms)
	LoadAllAssembliesAndSetupDomain (484ms)
		LoadAssemblies (347ms)
		RebuildTransferFunctionScriptingTraits (0ms)
		AnalyzeDomain (222ms)
			TypeCache.Refresh (192ms)
				TypeCache.ScanAssembly (172ms)
			ScanForSourceGeneratedMonoScriptInfo (26ms)
			ResolveRequiredComponents (3ms)
	FinalizeReload (856ms)
		ReleaseScriptCaches (0ms)
		RebuildScriptCaches (0ms)
		SetupLoadedEditorAssemblies (705ms)
			LogAssemblyErrors (0ms)
			InitializePlatformSupportModulesInManaged (6ms)
			SetLoadedEditorAssemblies (4ms)
			RefreshPlugins (0ms)
			BeforeProcessingInitializeOnLoad (79ms)
			ProcessInitializeOnLoadAttributes (456ms)
			ProcessInitializeOnLoadMethodAttributes (150ms)
			AfterProcessingInitializeOnLoad (8ms)
			EditorAssembliesLoaded (0ms)
		ExecutionOrderSort2 (0ms)
		AwakeInstancesAfterBackupRestoration (6ms)
Launched and connected shader compiler UnityShaderCompiler.exe after 0.04 seconds
Refreshing native plugins compatible for Editor in 11.63 ms, found 3 plugins.
Preloading 0 native plugins for Editor in 0.00 ms.
Unloading 4253 Unused Serialized files (Serialized files now loaded: 0)
Unloading 72 unused Assets / (73.5 KB). Loaded Objects now: 4691.
Memory consumption went from 152.0 MB to 151.9 MB.
Total: 7.482400 ms (FindLiveObjects: 0.236500 ms CreateObjectMapping: 0.198100 ms MarkObjects: 6.897100 ms  DeleteObjects: 0.150100 ms)

AssetImportParameters requested are different than current active one (requested -> active):
  custom:container-demuxer-ogg: 62fdf1f143b41e24485cea50d1cbac27 -> 
  custom:video-decoder-ogg-theora: a1e56fd34408186e4bbccfd4996cb3dc -> 
  custom:framework-win-MediaFoundation: 216162199b28c13a410421893ffa2e32 -> 
  custom:CustomObjectIndexerAttribute: 9a22284fe3817be447336de3de66b15e -> 
  custom:container-demuxer-webm: 4f35f7cbe854078d1ac9338744f61a02 -> 
  custom:container-muxer-webm: aa71ff27fc2769a1b78a27578f13a17b -> 
  custom:video-decoder-webm-vp8: 9c59270c3fd7afecdb556c50c9e8de78 -> 
  custom:SearchIndexIgnoredProperties: e643bd26f0fe6173181afceb89e7c659 -> 
  custom:AudioImporter_EditorPlatform: d09bf68614088b80899f8185d706f6e7 -> 
  custom:video-encoder-webm-vp8: eb34c28f22e8b96e1ab97ce403110664 -> 
  custom:audio-decoder-ogg-vorbis: bf7c407c2cedff20999df2af8eb42d56 -> 
  custom:audio-encoder-webm-vorbis: bf7c407c2cedff20999df2af8eb42d56 -> 
========================================================================
Received Import Request.
  Time since last request: 564243.456844 seconds.
  path: Assets/PolygonSciFiWorlds/Models/Characters.fbx
  artifactKey: Guid(e274402e4c839934c817fc0664347c81) Importer(815301076,1909f56bfc062723c751e8b465ee728b)
Start importing Assets/PolygonSciFiWorlds/Models/Characters.fbx using Guid(e274402e4c839934c817fc0664347c81) Importer(815301076,1909f56bfc062723c751e8b465ee728b)  -> (artifact id: '7d24cca1e252d368491cd58e211dc7fa') in 0.517497 seconds
Number of updated asset objects reloaded before import = 0
Number of asset objects unloaded after import = 166
========================================================================
Received Import Request.
  Time since last request: 0.000020 seconds.
  path: Assets/PolygonSciFiWorlds/Models/SM_Bld_Core_Vent_01.fbx
  artifactKey: Guid(e0b399d34ef4d56449c5e44fd0fe8aa0) Importer(815301076,1909f56bfc062723c751e8b465ee728b)
Start importing Assets/PolygonSciFiWorlds/Models/SM_Bld_Core_Vent_01.fbx using Guid(e0b399d34ef4d56449c5e44fd0fe8aa0) Importer(815301076,1909f56bfc062723c751e8b465ee728b)  -> (artifact id: 'f81d0c92be8bdd0aa0fb65b9ab79026d') in 0.020823 seconds
Number of updated asset objects reloaded before import = 0
Number of asset objects unloaded after import = 7
========================================================================
Received Import Request.
  Time since last request: 0.000051 seconds.
  path: Assets/PolygonSciFiWorlds/Models/SM_Bld_Corp_Wall_Tower_Corner_01.fbx
  artifactKey: Guid(7a2c07eb48d10b54fb03a1b06358eaaf) Importer(815301076,1909f56bfc062723c751e8b465ee728b)
Start importing Assets/PolygonSciFiWorlds/Models/SM_Bld_Corp_Wall_Tower_Corner_01.fbx using Guid(7a2c07eb48d10b54fb03a1b06358eaaf) Importer(815301076,1909f56bfc062723c751e8b465ee728b)  -> (artifact id: '4bac487110373732a326463d91f617db') in 0.051329 seconds
Number of updated asset objects reloaded before import = 0
Number of asset objects unloaded after import = 27
========================================================================
Received Import Request.
  Time since last request: 0.000017 seconds.
  path: Assets/PolygonSciFiWorlds/Models/SM_Bld_Crate_Building_Pillar_01.fbx
  artifactKey: Guid(a10673b55c9ba4d479cd4d7f41f90378) Importer(815301076,1909f56bfc062723c751e8b465ee728b)
Start importing Assets/PolygonSciFiWorlds/Models/SM_Bld_Crate_Building_Pillar_01.fbx using Guid(a10673b55c9ba4d479cd4d7f41f90378) Importer(815301076,1909f56bfc062723c751e8b465ee728b)  -> (artifact id: '08900581a4fe818027b084c45dfec704') in 0.020997 seconds
Number of updated asset objects reloaded before import = 0
Number of asset objects unloaded after import = 7
========================================================================
Received Import Request.
  Time since last request: 0.000018 seconds.
  path: Assets/PolygonSciFiWorlds/Models/SM_Bld_Corp_Platform_01.fbx
  artifactKey: Guid(3ea79825a1c74ed4584dca43d02c5ad0) Importer(815301076,1909f56bfc062723c751e8b465ee728b)
Start importing Assets/PolygonSciFiWorlds/Models/SM_Bld_Corp_Platform_01.fbx using Guid(3ea79825a1c74ed4584dca43d02c5ad0) Importer(815301076,1909f56bfc062723c751e8b465ee728b)  -> (artifact id: 'e3597349e969fa79542cc7b3fc132dca') in 0.089960 seconds
Number of updated asset objects reloaded before import = 0
Number of asset objects unloaded after import = 47
========================================================================
Received Import Request.
  Time since last request: 0.000017 seconds.
  path: Assets/PolygonSciFiWorlds/Models/SM_Bld_Light_09.fbx
  artifactKey: Guid(16eb14ba085769748b6a8f05441d5b67) Importer(815301076,1909f56bfc062723c751e8b465ee728b)
Start importing Assets/PolygonSciFiWorlds/Models/SM_Bld_Light_09.fbx using Guid(16eb14ba085769748b6a8f05441d5b67) Importer(815301076,1909f56bfc062723c751e8b465ee728b)  -> (artifact id: 'c254e590db14b5927698ad1be7c88800') in 0.017271 seconds
Number of updated asset objects reloaded before import = 0
Number of asset objects unloaded after import = 7
========================================================================
Received Import Request.
  Time since last request: 0.000015 seconds.
  path: Assets/PolygonSciFiWorlds/Models/SM_Bld_Corp_Wall_Gate_01.fbx
  artifactKey: Guid(068202f4057d7cc4582f5ef530dba539) Importer(815301076,1909f56bfc062723c751e8b465ee728b)
Start importing Assets/PolygonSciFiWorlds/Models/SM_Bld_Corp_Wall_Gate_01.fbx using Guid(068202f4057d7cc4582f5ef530dba539) Importer(815301076,1909f56bfc062723c751e8b465ee728b)  -> (artifact id: 'd046a192cb070cac7bdcbcf27869666b') in 0.047237 seconds
Number of updated asset objects reloaded before import = 0
Number of asset objects unloaded after import = 37
========================================================================
Received Import Request.
  Time since last request: 0.000017 seconds.
  path: Assets/PolygonSciFiWorlds/Models/SM_Bld_Corp_Wall_02.fbx
  artifactKey: Guid(75396eb51ec2b6144b000f186044cce6) Importer(815301076,1909f56bfc062723c751e8b465ee728b)
Start importing Assets/PolygonSciFiWorlds/Models/SM_Bld_Corp_Wall_02.fbx using Guid(75396eb51ec2b6144b000f186044cce6) Importer(815301076,1909f56bfc062723c751e8b465ee728b)  -> (artifact id: '5fd1789c95d094c7ff4d7414a036b8ac') in 0.016715 seconds
Number of updated asset objects reloaded before import = 0
Number of asset objects unloaded after import = 7
========================================================================
Received Import Request.
  Time since last request: 0.000025 seconds.
  path: Assets/PolygonSciFiWorlds/Models/SM_Bld_Corp_Generator_01.fbx
  artifactKey: Guid(1ff15ecbd988c974a8ab049a4b3fd7a9) Importer(815301076,1909f56bfc062723c751e8b465ee728b)
Start importing Assets/PolygonSciFiWorlds/Models/SM_Bld_Corp_Generator_01.fbx using Guid(1ff15ecbd988c974a8ab049a4b3fd7a9) Importer(815301076,1909f56bfc062723c751e8b465ee728b)  -> (artifact id: '7d422e5b795757c03cd5c6b4bdd315d6') in 0.037043 seconds
Number of updated asset objects reloaded before import = 0
Number of asset objects unloaded after import = 17
========================================================================
Received Import Request.
  Time since last request: 0.000013 seconds.
  path: Assets/PolygonSciFiWorlds/Models/SM_Bld_Crate_Building_01.fbx
  artifactKey: Guid(119e69f468efa9e4fa28fbcdd502cd80) Importer(815301076,1909f56bfc062723c751e8b465ee728b)
Start importing Assets/PolygonSciFiWorlds/Models/SM_Bld_Crate_Building_01.fbx using Guid(119e69f468efa9e4fa28fbcdd502cd80) Importer(815301076,1909f56bfc062723c751e8b465ee728b)  -> (artifact id: '443ab54fd20bfc827113467e6fe2546d') in 0.033560 seconds
Number of updated asset objects reloaded before import = 0
Number of asset objects unloaded after import = 12
========================================================================
Received Import Request.
  Time since last request: 0.000016 seconds.
  path: Assets/PolygonSciFiWorlds/Models/SM_Bld_Bridge_Rail_Half_01.fbx
  artifactKey: Guid(fa5d77676e1444347b0c721912636583) Importer(815301076,1909f56bfc062723c751e8b465ee728b)
Start importing Assets/PolygonSciFiWorlds/Models/SM_Bld_Bridge_Rail_Half_01.fbx using Guid(fa5d77676e1444347b0c721912636583) Importer(815301076,1909f56bfc062723c751e8b465ee728b)  -> (artifact id: '189f4040c6f0a7357a3116e738afd031') in 0.018781 seconds
Number of updated asset objects reloaded before import = 0
Number of asset objects unloaded after import = 7
========================================================================
Received Import Request.
  Time since last request: 0.000013 seconds.
  path: Assets/PolygonSciFiWorlds/Models/SM_Bld_Greeble_07.fbx
  artifactKey: Guid(b1b006d2060093447a1d78389d567c64) Importer(815301076,1909f56bfc062723c751e8b465ee728b)
Start importing Assets/PolygonSciFiWorlds/Models/SM_Bld_Greeble_07.fbx using Guid(b1b006d2060093447a1d78389d567c64) Importer(815301076,1909f56bfc062723c751e8b465ee728b)  -> (artifact id: 'fe50f276fb7f93ff10ee1882c3743424') in 0.024426 seconds
Number of updated asset objects reloaded before import = 0
Number of asset objects unloaded after import = 7
========================================================================
Received Import Request.
  Time since last request: 0.000126 seconds.
  path: Assets/PolygonSciFiWorlds/Models/SM_Bld_Light_06.fbx
  artifactKey: Guid(07b36e2eee04f31468c7b6262469043a) Importer(815301076,1909f56bfc062723c751e8b465ee728b)
Start importing Assets/PolygonSciFiWorlds/Models/SM_Bld_Light_06.fbx using Guid(07b36e2eee04f31468c7b6262469043a) Importer(815301076,1909f56bfc062723c751e8b465ee728b)  -> (artifact id: '67c368461ba20481b31f26237fee3460') in 0.028592 seconds
Number of updated asset objects reloaded before import = 0
Number of asset objects unloaded after import = 7
========================================================================
Received Import Request.
  Time since last request: 0.000017 seconds.
  path: Assets/PolygonSciFiWorlds/Models/SM_Bld_Crate_Building_Frame_01.fbx
  artifactKey: Guid(9b540a0bfcb5f4b4c83f8e3a2871cb06) Importer(815301076,1909f56bfc062723c751e8b465ee728b)
Start importing Assets/PolygonSciFiWorlds/Models/SM_Bld_Crate_Building_Frame_01.fbx using Guid(9b540a0bfcb5f4b4c83f8e3a2871cb06) Importer(815301076,1909f56bfc062723c751e8b465ee728b)  -> (artifact id: 'ce29a1811f7b1ce20aa9eaad6dc91dd0') in 0.022476 seconds
Number of updated asset objects reloaded before import = 0
Number of asset objects unloaded after import = 7
========================================================================
Received Import Request.
  Time since last request: 0.000016 seconds.
  path: Assets/PolygonSciFiWorlds/Models/SM_Bld_Crate_Building_Balcony_02.fbx
  artifactKey: Guid(5b8cba1ceb2a4074880cca69842035c1) Importer(815301076,1909f56bfc062723c751e8b465ee728b)
Start importing Assets/PolygonSciFiWorlds/Models/SM_Bld_Crate_Building_Balcony_02.fbx using Guid(5b8cba1ceb2a4074880cca69842035c1) Importer(815301076,1909f56bfc062723c751e8b465ee728b)  -> (artifact id: '0a74ea42caed9538e43c80b316a11899') in 0.025818 seconds
Number of updated asset objects reloaded before import = 0
Number of asset objects unloaded after import = 7
========================================================================
Received Import Request.
  Time since last request: 0.000018 seconds.
  path: Assets/PolygonSciFiWorlds/Models/SM_Bld_Door_Garage_02.fbx
  artifactKey: Guid(a5028b0737b36e34486125d6a3140d81) Importer(815301076,1909f56bfc062723c751e8b465ee728b)
Start importing Assets/PolygonSciFiWorlds/Models/SM_Bld_Door_Garage_02.fbx using Guid(a5028b0737b36e34486125d6a3140d81) Importer(815301076,1909f56bfc062723c751e8b465ee728b)  -> (artifact id: '04b0fbebb28f065c0cce33e11c883dc6') in 0.032034 seconds
Number of updated asset objects reloaded before import = 0
Number of asset objects unloaded after import = 12
========================================================================
Received Import Request.
  Time since last request: 0.000020 seconds.
  path: Assets/PolygonSciFiWorlds/Models/SM_Bld_Crate_Building_Balcony_01.fbx
  artifactKey: Guid(7e78736677217ef4692eb5a10af6a8d2) Importer(815301076,1909f56bfc062723c751e8b465ee728b)
Start importing Assets/PolygonSciFiWorlds/Models/SM_Bld_Crate_Building_Balcony_01.fbx using Guid(7e78736677217ef4692eb5a10af6a8d2) Importer(815301076,1909f56bfc062723c751e8b465ee728b)  -> (artifact id: '3f35b0799e6c9df2a51539ee82ffabed') in 0.036441 seconds
Number of updated asset objects reloaded before import = 0
Number of asset objects unloaded after import = 12
========================================================================
Received Import Request.
  Time since last request: 0.000166 seconds.
  path: Assets/PolygonSciFiWorlds/Models/SM_Bld_Elevator_Double_01.fbx
  artifactKey: Guid(017ea086236efa74e8b4f1b69e8c35c5) Importer(815301076,1909f56bfc062723c751e8b465ee728b)
Start importing Assets/PolygonSciFiWorlds/Models/SM_Bld_Elevator_Double_01.fbx using Guid(017ea086236efa74e8b4f1b69e8c35c5) Importer(815301076,1909f56bfc062723c751e8b465ee728b)  -> (artifact id: '3211a55b6614d87be26626569ae8bb49') in 0.021182 seconds
Number of updated asset objects reloaded before import = 0
Number of asset objects unloaded after import = 7
========================================================================
Received Import Request.
  Time since last request: 0.000017 seconds.
  path: Assets/PolygonSciFiWorlds/Models/SM_Bld_LaunchPad_02.fbx
  artifactKey: Guid(901ada15e6fe08a409d1900e1b264d1d) Importer(815301076,1909f56bfc062723c751e8b465ee728b)
Start importing Assets/PolygonSciFiWorlds/Models/SM_Bld_LaunchPad_02.fbx using Guid(901ada15e6fe08a409d1900e1b264d1d) Importer(815301076,1909f56bfc062723c751e8b465ee728b)  -> (artifact id: '9d979bfd990894abe884ea88921dd81b') in 0.031472 seconds
Number of updated asset objects reloaded before import = 0
Number of asset objects unloaded after import = 12
========================================================================
Received Import Request.
  Time since last request: 0.000039 seconds.
  path: Assets/PolygonSciFiWorlds/Models/SM_Bld_Billboard_07.fbx
  artifactKey: Guid(c4e54959c8d0fcc4d8e7191da32f7090) Importer(815301076,1909f56bfc062723c751e8b465ee728b)
Start importing Assets/PolygonSciFiWorlds/Models/SM_Bld_Billboard_07.fbx using Guid(c4e54959c8d0fcc4d8e7191da32f7090) Importer(815301076,1909f56bfc062723c751e8b465ee728b)  -> (artifact id: '7dbc68f7d55dfbf47c38550b562393f6') in 0.027058 seconds
Number of updated asset objects reloaded before import = 0
Number of asset objects unloaded after import = 12
========================================================================
Received Import Request.
  Time since last request: 0.000017 seconds.
  path: Assets/PolygonSciFiWorlds/Models/SM_Bld_Core_Vent_Tunnel_01.fbx
  artifactKey: Guid(9efc8292a01f9fc449751df8e2d0edc7) Importer(815301076,1909f56bfc062723c751e8b465ee728b)
Start importing Assets/PolygonSciFiWorlds/Models/SM_Bld_Core_Vent_Tunnel_01.fbx using Guid(9efc8292a01f9fc449751df8e2d0edc7) Importer(815301076,1909f56bfc062723c751e8b465ee728b)  -> (artifact id: 'f9070df966db838c4d4546882e62a276') in 0.017323 seconds
Number of updated asset objects reloaded before import = 0
Number of asset objects unloaded after import = 7
========================================================================
Received Import Request.
  Time since last request: 0.000017 seconds.
  path: Assets/PolygonSciFiWorlds/Models/SM_Bld_Platform_Barrier_Long_01.fbx
  artifactKey: Guid(4954600d0ecb97445bf2004c4f6432ee) Importer(815301076,1909f56bfc062723c751e8b465ee728b)
Start importing Assets/PolygonSciFiWorlds/Models/SM_Bld_Platform_Barrier_Long_01.fbx using Guid(4954600d0ecb97445bf2004c4f6432ee) Importer(815301076,1909f56bfc062723c751e8b465ee728b)  -> (artifact id: '5ac37a3282f64d72d3923a2624b5669a') in 0.018292 seconds
Number of updated asset objects reloaded before import = 0
Number of asset objects unloaded after import = 7
========================================================================
Received Import Request.
  Time since last request: 0.000016 seconds.
  path: Assets/PolygonSciFiWorlds/Models/SM_Bld_Greeble_21.fbx
  artifactKey: Guid(f1e7108b903b88544a4c327aefc88fac) Importer(815301076,1909f56bfc062723c751e8b465ee728b)
Start importing Assets/PolygonSciFiWorlds/Models/SM_Bld_Greeble_21.fbx using Guid(f1e7108b903b88544a4c327aefc88fac) Importer(815301076,1909f56bfc062723c751e8b465ee728b)  -> (artifact id: 'a32caa1caf38a011f5a5fd7be669a4ae') in 0.017221 seconds
Number of updated asset objects reloaded before import = 0
Number of asset objects unloaded after import = 7
========================================================================
Received Import Request.
  Time since last request: 0.000020 seconds.
  path: Assets/PolygonSciFiWorlds/Models/SM_Bld_Greeble_13.fbx
  artifactKey: Guid(6e17e5274d7f588438e6c39fdb39fa10) Importer(815301076,1909f56bfc062723c751e8b465ee728b)
Start importing Assets/PolygonSciFiWorlds/Models/SM_Bld_Greeble_13.fbx using Guid(6e17e5274d7f588438e6c39fdb39fa10) Importer(815301076,1909f56bfc062723c751e8b465ee728b)  -> (artifact id: '279a98f2963320baf5d982843440f283') in 0.021280 seconds
Number of updated asset objects reloaded before import = 0
Number of asset objects unloaded after import = 7
========================================================================
Received Import Request.
  Time since last request: 0.000016 seconds.
  path: Assets/PolygonSciFiWorlds/Models/SM_Bld_Light_10.fbx
  artifactKey: Guid(42e8013a854ce9c499f7e59390902bd2) Importer(815301076,1909f56bfc062723c751e8b465ee728b)
Start importing Assets/PolygonSciFiWorlds/Models/SM_Bld_Light_10.fbx using Guid(42e8013a854ce9c499f7e59390902bd2) Importer(815301076,1909f56bfc062723c751e8b465ee728b)  -> (artifact id: '754a4514c216b5b0afb7cf07b0d0fabd') in 0.017360 seconds
Number of updated asset objects reloaded before import = 0
Number of asset objects unloaded after import = 7
========================================================================
Received Import Request.
  Time since last request: 0.000018 seconds.
  path: Assets/PolygonSciFiWorlds/Models/SM_Bld_Corp_Wall_Tower_01.fbx
  artifactKey: Guid(8e6e841629ba3b14cae8d4c050b47e43) Importer(815301076,1909f56bfc062723c751e8b465ee728b)
Start importing Assets/PolygonSciFiWorlds/Models/SM_Bld_Corp_Wall_Tower_01.fbx using Guid(8e6e841629ba3b14cae8d4c050b47e43) Importer(815301076,1909f56bfc062723c751e8b465ee728b)  -> (artifact id: 'bfe4d1583390868e246e6d48dab106d0') in 0.038487 seconds
Number of updated asset objects reloaded before import = 0
Number of asset objects unloaded after import = 22
========================================================================
Received Import Request.
  Time since last request: 0.000055 seconds.
  path: Assets/PolygonSciFiWorlds/Models/SM_Bld_Bridge_End_01.fbx
  artifactKey: Guid(c656e9f0a6f3e314b8ded02cdd0544a6) Importer(815301076,1909f56bfc062723c751e8b465ee728b)
Start importing Assets/PolygonSciFiWorlds/Models/SM_Bld_Bridge_End_01.fbx using Guid(c656e9f0a6f3e314b8ded02cdd0544a6) Importer(815301076,1909f56bfc062723c751e8b465ee728b)  -> (artifact id: 'a54ce89b2dc69e76affedf3156b8797a') in 0.021015 seconds
Number of updated asset objects reloaded before import = 0
Number of asset objects unloaded after import = 7
========================================================================
Received Import Request.
  Time since last request: 0.000017 seconds.
  path: Assets/PolygonSciFiWorlds/Models/SM_Bld_Greeble_16.fbx
  artifactKey: Guid(b9db200d778987f498e6e4fef2ed0796) Importer(815301076,1909f56bfc062723c751e8b465ee728b)
Start importing Assets/PolygonSciFiWorlds/Models/SM_Bld_Greeble_16.fbx using Guid(b9db200d778987f498e6e4fef2ed0796) Importer(815301076,1909f56bfc062723c751e8b465ee728b)  -> (artifact id: 'fd6ec1b5e2b36d39b69ed20622e8e8bf') in 0.019686 seconds
Number of updated asset objects reloaded before import = 0
Number of asset objects unloaded after import = 7
========================================================================
Received Import Request.
  Time since last request: 0.000016 seconds.
  path: Assets/PolygonSciFiWorlds/Models/SM_Bld_Corp_MobileSite_01.fbx
  artifactKey: Guid(2b0829b13aa4f1e44b04dbc5b89f6033) Importer(815301076,1909f56bfc062723c751e8b465ee728b)
Start importing Assets/PolygonSciFiWorlds/Models/SM_Bld_Corp_MobileSite_01.fbx using Guid(2b0829b13aa4f1e44b04dbc5b89f6033) Importer(815301076,1909f56bfc062723c751e8b465ee728b)  -> (artifact id: '4c65ce8aa60e44ff6e9c95b1b1cf2755') in 0.085143 seconds
Number of updated asset objects reloaded before import = 0
Number of asset objects unloaded after import = 62
========================================================================
Received Import Request.
  Time since last request: 0.000015 seconds.
  path: Assets/PolygonSciFiWorlds/Models/SM_Bld_Light_07.fbx
  artifactKey: Guid(1937599677815c4488c89d338592633e) Importer(815301076,1909f56bfc062723c751e8b465ee728b)
Start importing Assets/PolygonSciFiWorlds/Models/SM_Bld_Light_07.fbx using Guid(1937599677815c4488c89d338592633e) Importer(815301076,1909f56bfc062723c751e8b465ee728b)  -> (artifact id: 'ead1e8c4202275d07d574547adb94d3c') in 0.016370 seconds
Number of updated asset objects reloaded before import = 0
Number of asset objects unloaded after import = 7
========================================================================
Received Import Request.
  Time since last request: 0.000014 seconds.
  path: Assets/PolygonSciFiWorlds/Models/SM_Bld_Greeble_12.fbx
  artifactKey: Guid(291751e02c3dd254a9ff47fdf1883961) Importer(815301076,1909f56bfc062723c751e8b465ee728b)
Start importing Assets/PolygonSciFiWorlds/Models/SM_Bld_Greeble_12.fbx using Guid(291751e02c3dd254a9ff47fdf1883961) Importer(815301076,1909f56bfc062723c751e8b465ee728b)  -> (artifact id: '3d9a72edc475f5347a74c0c1a4197b1b') in 0.020750 seconds
Number of updated asset objects reloaded before import = 0
Number of asset objects unloaded after import = 7
========================================================================
Received Import Request.
  Time since last request: 0.000016 seconds.
  path: Assets/PolygonSciFiWorlds/Models/SM_Bld_Light_04.fbx
  artifactKey: Guid(6cc584b957d5a1641962eeeff7856353) Importer(815301076,1909f56bfc062723c751e8b465ee728b)
Start importing Assets/PolygonSciFiWorlds/Models/SM_Bld_Light_04.fbx using Guid(6cc584b957d5a1641962eeeff7856353) Importer(815301076,1909f56bfc062723c751e8b465ee728b)  -> (artifact id: '7da77133378c23fb6c3124954e8b43eb') in 0.020232 seconds
Number of updated asset objects reloaded before import = 0
Number of asset objects unloaded after import = 7
========================================================================
Received Import Request.
  Time since last request: 0.000017 seconds.
  path: Assets/PolygonSciFiWorlds/Models/SM_Bld_Core_Antenna_Greeble_02.fbx
  artifactKey: Guid(ac16585c54eb1f142823a8c63b5d1d04) Importer(815301076,1909f56bfc062723c751e8b465ee728b)
Start importing Assets/PolygonSciFiWorlds/Models/SM_Bld_Core_Antenna_Greeble_02.fbx using Guid(ac16585c54eb1f142823a8c63b5d1d04) Importer(815301076,1909f56bfc062723c751e8b465ee728b)  -> (artifact id: 'e8f7cb2bc6f77c21513c237df97ad4bb') in 0.017254 seconds
Number of updated asset objects reloaded before import = 0
Number of asset objects unloaded after import = 7
========================================================================
Received Import Request.
  Time since last request: 0.000016 seconds.
  path: Assets/PolygonSciFiWorlds/Models/FX_Cube_Spawn.fbx
  artifactKey: Guid(f1ec2b3b0b0ad9b409a43e31a1c7d32a) Importer(815301076,1909f56bfc062723c751e8b465ee728b)
Start importing Assets/PolygonSciFiWorlds/Models/FX_Cube_Spawn.fbx using Guid(f1ec2b3b0b0ad9b409a43e31a1c7d32a) Importer(815301076,1909f56bfc062723c751e8b465ee728b)  -> (artifact id: '5bc7bd4baee655c10a20a6eea6189477') in 0.014635 seconds
Number of updated asset objects reloaded before import = 0
Number of asset objects unloaded after import = 7
========================================================================
Received Import Request.
  Time since last request: 0.000018 seconds.
  path: Assets/PolygonSciFiWorlds/Models/SM_Bld_Corp_LandingPad_03.fbx
  artifactKey: Guid(04daa28bc2e797842bc171b25bd3bf51) Importer(815301076,1909f56bfc062723c751e8b465ee728b)
Start importing Assets/PolygonSciFiWorlds/Models/SM_Bld_Corp_LandingPad_03.fbx using Guid(04daa28bc2e797842bc171b25bd3bf51) Importer(815301076,1909f56bfc062723c751e8b465ee728b)  -> (artifact id: '33eb16e86f33dd8c8d82edb5149dafb3') in 0.039788 seconds
Number of updated asset objects reloaded before import = 0
Number of asset objects unloaded after import = 22
========================================================================
Received Import Request.
  Time since last request: 0.000025 seconds.
  path: Assets/PolygonSciFiWorlds/Models/SM_Bld_Light_02.fbx
  artifactKey: Guid(eb85ed6cf9d232d45945422b0316adcd) Importer(815301076,1909f56bfc062723c751e8b465ee728b)
Start importing Assets/PolygonSciFiWorlds/Models/SM_Bld_Light_02.fbx using Guid(eb85ed6cf9d232d45945422b0316adcd) Importer(815301076,1909f56bfc062723c751e8b465ee728b)  -> (artifact id: '6d9bf04958f4653e6d63fae9f6509866') in 0.015385 seconds
Number of updated asset objects reloaded before import = 0
Number of asset objects unloaded after import = 7
Editor requested this worker to shutdown with reason: Scaling down because of idle timeout
TcpMessagingSession - receive error: operation aborted. errorcode: 995, details: The I/O operation has been aborted because of either a thread exit or an application request.
AssetImportWorker is now disconnected from the server
Process exiting
Exiting without the bug reporter. Application will terminate with return code 0